Iteration	Posterior	Likelihood	Prior	alpha_morpho	br_len_lambda	rates_morpho[1]	rates_morpho[2]	rates_morpho[3]	rates_morpho[4]	tree_length
0	-1033.511	-1063.919	30.40794	4556.438	28.35736	0.981232	0.995128	1.00475	1.01889	3.661053
10	-1031.677	-1063.429	31.7528	10074.94	22.6802	0.987365	0.996737	1.00321	1.01269	3.612805
20	-1015.767	-1053.703	37.93582	43130.32	25.78407	0.993886	0.99843	1.00156	1.00613	3.396555
30	-1020.819	-1050.544	29.72497	28504.48	27.82207	0.992481	0.998067	1.00191	1.00754	3.693445
40	-1019.115	-1054.38	35.26509	43036.42	28.38046	0.993879	0.998428	1.00156	1.00613	3.48955
50	-1020.759	-1051.134	30.37421	55483.94	25.04768	0.994609	0.998617	1.00137	1.0054	3.691969
60	-1005.587	-1045.822	40.23555	35116.18	26.22326	0.993225	0.998259	1.00172	1.00679	3.311097
70	-1005.828	-1042.639	36.81133	8387.224	26.93114	0.986155	0.996421	1.00351	1.01391	3.441894
80	-1012.015	-1041.707	29.69198	11980.46	24.95254	0.988411	0.99701	1.00294	1.01164	3.719356
90	-993.1685	-1027.863	34.69408	11044.46	23.65592	0.987931	0.996885	1.00306	1.01212	3.50392
100	-996.2847	-1033.357	37.07262	14186.78	30.79731	0.989348	0.997254	1.00271	1.01069	3.398725
110	-1005.85	-1032.221	26.37056	53905.59	27.34991	0.994531	0.998596	1.00139	1.00548	3.822603
120	-999.8513	-1035.14	35.2891	20651.62	27.2247	0.991169	0.997727	1.00225	1.00886	3.497165
130	-990.7191	-1032.347	41.62793	48114.71	27.43319	0.994211	0.998514	1.00147	1.0058	3.264978
140	-978.643	-1029.495	50.85189	37018.06	37.79994	0.993401	0.998305	1.00168	1.00661	2.893263
150	-969.7791	-1035.245	65.46597	15872.53	31.97427	0.989929	0.997405	1.00256	1.01011	2.492027
160	-972.2398	-1035.714	63.47373	85596.51	34.38804	0.995659	0.998887	1.00111	1.00435	2.566289
170	-981.1223	-1022.519	41.39646	55257.75	31.70318	0.994598	0.998614	1.00138	1.00541	3.24821
180	-997.4285	-1037.681	40.25223	46026.82	25.44784	0.994081	0.99848	1.00151	1.00593	3.303016
190	-993.7868	-1028.165	34.37831	70642.5	25.03387	0.995222	0.998774	1.00122	1.00479	3.532031
200	-981.9059	-1031.136	49.23058	62041.37	31.41058	0.994901	0.998692	1.0013	1.00511	3.002287
210	-1019.381	-1046.14	26.75918	5279.207	27.44521	0.98256	0.995478	1.00441	1.01755	3.806769
220	-988.4547	-1039.175	50.72008	8736.526	33.61561	0.986434	0.996494	1.00344	1.01363	2.943695
230	-988.1409	-1043.413	55.27217	78303.79	32.94252	0.995461	0.998836	1.00116	1.00455	2.810188
240	-976.844	-1032.515	55.67119	35454.06	35.6291	0.993257	0.998268	1.00172	1.00676	2.785448
250	-984.4511	-1040.058	55.60681	78708.78	31.71915	0.995473	0.998839	1.00115	1.00453	2.800008
260	-977.383	-1038.658	61.27527	58756.48	36.16759	0.994761	0.998656	1.00133	1.00525	2.626282
270	-989.6427	-1041.474	51.83086	65195.79	30.55794	0.995026	0.998724	1.00127	1.00498	2.919187
280	-980.5849	-1032.593	52.00775	31292.23	32.60282	0.992824	0.998156	1.00183	1.00719	2.91084
290	-982.5684	-1045.789	63.22057	80113.75	29.96975	0.995513	0.998849	1.00114	1.00449	2.537458
300	-985.2185	-1044.988	59.76987	61340.21	31.87442	0.994872	0.998684	1.00131	1.00514	2.669646
310	-974.8089	-1037.406	62.59701	40083.98	45.62795	0.993658	0.998371	1.00161	1.00636	2.505287
320	-977.6119	-1029.974	52.36227	10460.12	29.02898	0.987599	0.996798	1.00315	1.01246	2.893651
330	-977.8468	-1024.249	46.40213	62892.87	28.38073	0.994936	0.998701	1.00129	1.00507	3.097131
340	-974.2033	-1029.911	55.70797	34585.77	35.73185	0.993173	0.998246	1.00174	1.00684	2.783651
350	-989.9676	-1038.594	48.6259	18689.6	30.53739	0.990718	0.99761	1.00236	1.00931	3.024102
360	-1006.723	-1034.814	28.0907	80359.43	24.13829	0.99552	0.998851	1.00114	1.00449	3.784585
370	-1007.46	-1036.937	29.47658	71348.32	23.23778	0.995245	0.998781	1.00121	1.00476	3.720651
380	-989.531	-1040.05	50.51941	11276.68	29.01334	0.988056	0.996917	1.00303	1.012	2.957035
390	-996.7246	-1034.034	37.30944	85235.69	28.82381	0.99565	0.998885	1.00111	1.00436	3.414038
400	-982.8211	-1037.251	54.42952	25916.68	35.81579	0.992115	0.997972	1.00201	1.00791	2.818708
410	-989.8752	-1026.533	36.6576	69113.55	28.77854	0.995169	0.998761	1.00123	1.00484	3.437076
420	-987.1359	-1027.624	40.48826	42721.73	29.70986	0.993857	0.998423	1.00156	1.00616	3.298112
430	-997.6404	-1038.043	40.4023	21677.62	32.10467	0.99138	0.997782	1.00219	1.00865	3.274076
440	-988.3673	-1037.513	49.14525	51042.03	30.52128	0.994379	0.998557	1.00143	1.00563	3.00711
450	-983.7825	-1025.029	41.24676	53630.06	26.40547	0.994517	0.998593	1.0014	1.00549	3.27401
460	-986.8176	-1029.371	42.55355	39798.52	27.09066	0.993636	0.998365	1.00162	1.00638	3.229632
470	-990.4578	-1030.432	39.97388	43711.13	25.9778	0.993927	0.998441	1.00155	1.00609	3.31923
480	-996.288	-1035.572	39.28416	29851.27	29.35089	0.992653	0.998111	1.00187	1.00737	3.341745
490	-1002.329	-1029.323	26.99359	17476.41	25.02298	0.990401	0.997528	1.00244	1.00963	3.827086
500	-976.6421	-1029.178	52.53564	48743.81	28.52314	0.994249	0.998524	1.00146	1.00576	2.882655
510	-996.0874	-1039.92	43.83281	63644.68	28.49192	0.994966	0.998709	1.00128	1.00504	3.187753
520	-993.1455	-1051.84	58.69416	50012.08	31.0312	0.994322	0.998543	1.00145	1.00569	2.698482
530	-979.8241	-1047.667	67.8427	63701.84	34.53248	0.994968	0.998709	1.00128	1.00504	2.439974
540	-984.3323	-1030.914	46.58142	78777.33	31.45354	0.995475	0.99884	1.00115	1.00453	3.086352
550	-1018.307	-1041.358	23.05142	25720.34	22.37239	0.992085	0.997965	1.00201	1.00794	3.994951
560	-990.576	-1020.285	29.70872	99463.75	25.06333	0.995972	0.998968	1.00103	1.00403	3.718508
570	-986.2808	-1026.651	40.3706	95934.94	30.17792	0.995899	0.998949	1.00105	1.00411	3.297999
580	-977.9688	-1032.786	54.81675	74266.1	32.25888	0.99534	0.998805	1.00119	1.00467	2.825041
590	-996.3213	-1035.037	38.71607	42921.67	24.58437	0.993871	0.998426	1.00156	1.00614	3.352334
600	-993.1525	-1026.078	32.92581	11082.81	25.76384	0.987952	0.99689	1.00306	1.0121	3.590882
610	-984.6321	-1026.969	42.33637	31807.9	28.50091	0.992882	0.998171	1.00181	1.00714	3.240264
620	-988.2515	-1033.756	45.50451	43217.11	27.22383	0.993892	0.998432	1.00156	1.00612	3.121931
630	-974.7315	-1023.763	49.03145	55730.55	32.54779	0.994621	0.99862	1.00137	1.00539	3.002509
640	-984.5936	-1046.754	62.16071	25414.52	34.81263	0.992038	0.997952	1.00203	1.00798	2.604459
650	-980.6599	-1039.573	58.91283	60689.22	36.70325	0.994845	0.998677	1.00131	1.00516	2.688254
660	-974.25	-1031.096	56.84621	58480.43	30.30133	0.994749	0.998653	1.00134	1.00526	2.753091
670	-967.0099	-1020.048	53.03807	34595.63	30.96549	0.993174	0.998246	1.00174	1.00684	2.880651
680	-985.1496	-1038.134	52.98409	20145.69	33.53735	0.991059	0.997698	1.00227	1.00897	2.876782
690	-994.7049	-1030.349	35.64362	20924.06	27.99918	0.991226	0.997742	1.00223	1.0088	3.479415
700	-995.897	-1038.836	42.93884	71791.11	29.13967	0.99526	0.998784	1.00121	1.00475	3.217956
710	-1008.582	-1045.648	37.06541	59282.42	27.83431	0.994784	0.998662	1.00133	1.00523	3.429547
720	-992.055	-1037.927	45.87236	99263.14	25.70888	0.995968	0.998967	1.00103	1.00404	3.087347
730	-993.3153	-1031.49	38.17502	92073.06	24.39322	0.995814	0.998927	1.00107	1.00419	3.371312
740	-991.4693	-1038.453	46.98332	90894.79	27.72325	0.995787	0.99892	1.00107	1.00422	3.072352
750	-988.6687	-1031.58	42.91083	46341.47	26.58001	0.994101	0.998486	1.0015	1.00591	3.212634
760	-1003.829	-1040.056	36.22699	26459.15	23.99409	0.992196	0.997993	1.00199	1.00783	3.445213
770	-983.4475	-1031.218	47.77096	57694.22	31.60886	0.994713	0.998643	1.00135	1.0053	3.047687
780	-1008.908	-1048.394	39.48532	33925.62	25.94071	0.993107	0.998229	1.00175	1.00691	3.337752
790	-980.4629	-1041.608	61.14469	68995.03	32.40982	0.995165	0.99876	1.00123	1.00484	2.629676
800	-987.0487	-1034.34	47.29132	20898.22	32.90726	0.991221	0.997741	1.00223	1.00881	3.052782
810	-984.3226	-1036.291	51.96825	28210.25	31.55164	0.992442	0.998057	1.00192	1.00758	2.914978
820	-994.9849	-1034.686	39.7011	12630.83	32.25482	0.988713	0.997089	1.00287	1.01133	3.293675
830	-1021.368	-1046.518	25.14997	54937.26	27.11123	0.994582	0.99861	1.00138	1.00543	3.871678
840	-980.3543	-1021.186	40.83179	62523.07	26.51066	0.994921	0.998697	1.00129	1.00509	3.290425
850	-987.7387	-1036.228	48.48971	13776.33	31.7454	0.989191	0.997213	1.00275	1.01085	3.024248
860	-1002.389	-1038.878	36.48943	91330.35	31.8355	0.995797	0.998923	1.00107	1.00421	3.400705
870	-986.4391	-1032.409	45.97012	13877.67	32.38588	0.989231	0.997223	1.00274	1.01081	3.09811
880	-992.8622	-1025.641	32.77898	86246.6	26.12824	0.995675	0.998891	1.0011	1.00433	3.595773
890	-983.9268	-1028.29	44.36308	708.1738	32.27564	0.952647	0.9874	1.01179	1.04816	3.148918
900	-987.7133	-1030.702	42.98826	99329.72	26.9666	0.99597	0.998967	1.00103	1.00404	3.21278
910	-989.2764	-1031.883	42.60625	65802.58	30.22814	0.995049	0.99873	1.00126	1.00496	3.223564
920	-984.6098	-1026.252	41.64218	30346.58	23.69885	0.992713	0.998127	1.00185	1.00731	3.211448
930	-996.7619	-1044.041	47.27947	39294.7	27.78419	0.993595	0.998355	1.00163	1.00642	3.062181
940	-977.4465	-1032.823	55.37623	51007.12	31.8035	0.994377	0.998557	1.00143	1.00563	2.807401
950	-999.8116	-1036.842	37.03007	23769.02	25.64355	0.991767	0.997882	1.00209	1.00826	3.430912
960	-976.4163	-1028.862	52.44622	87645.91	37.19606	0.99571	0.9989	1.00109	1.0043	2.858622
970	-997.6385	-1039.216	41.5775	99311.44	30.06157	0.995969	0.998967	1.00103	1.00404	3.258926
980	-983.3798	-1025.313	41.93315	63027.88	24.01774	0.994941	0.998702	1.00129	1.00507	3.208021
990	-989.9713	-1032.371	42.39957	43479.33	22.00989	0.993911	0.998436	1.00155	1.0061	3.112982
1000	-996.2611	-1037.857	41.59541	30852.72	28.49845	0.992773	0.998142	1.00184	1.00725	3.266267
1010	-984.0548	-1031.669	47.6146	23754.38	36.88944	0.991765	0.997881	1.00209	1.00826	2.993255
1020	-988.3672	-1030.199	41.83141	21703.29	30.56816	0.991385	0.997783	1.00219	1.00864	3.246325
1030	-979.239	-1029.685	50.44625	18798.28	31.62717	0.990744	0.997617	1.00235	1.00929	2.962995
1040	-986.9304	-1030.041	43.1107	79094.54	34.7659	0.995484	0.998842	1.00115	1.00452	3.152432
1050	-984.5711	-1032.298	47.72639	9077.003	25.20923	0.98669	0.996561	1.00338	1.01337	3.003438
1060	-994.315	-1036.439	42.12426	18581.57	27.73526	0.990691	0.997603	1.00237	1.00934	3.247644
1070	-995.6759	-1030.524	34.84791	81016.78	26.4806	0.995538	0.998856	1.00114	1.00447	3.516204
1080	-1014.051	-1035.261	21.20985	25541.34	21.38791	0.992058	0.997957	1.00202	1.00796	4.070051
1090	-993.9742	-1036.682	42.70781	92638.55	30.77501	0.995827	0.99893	1.00106	1.00418	3.21594
1100	-1011.097	-1041.585	30.48885	39921.77	27.26974	0.993645	0.998368	1.00162	1.00637	3.672967
1110	-984.1589	-1024.143	39.98432	36774.88	25.17663	0.993379	0.998299	1.00169	1.00664	3.310111
1120	-991.0232	-1026.222	35.19901	70319.47	26.62868	0.995211	0.998772	1.00122	1.0048	3.502667
1130	-997.0973	-1024.201	27.10403	22938.53	20.32511	0.99162	0.997844	1.00213	1.00841	3.760093
1140	-1019.799	-1049.172	29.37259	43944.76	20.33298	0.993943	0.998445	1.00154	1.00607	3.648836
1150	-1003.693	-1035.404	31.71094	45673.39	28.34122	0.994059	0.998475	1.00151	1.00595	3.615328
1160	-997.3194	-1035.647	38.32728	31047.61	30.12081	0.992795	0.998148	1.00183	1.00722	3.366369
1170	-979.3938	-1020.622	41.22853	54266.44	30.9926	0.994549	0.998601	1.00139	1.00546	3.261739
1180	-973.6788	-1018.717	45.03823	92773.75	26.1672	0.99583	0.998931	1.00106	1.00418	3.127148
1190	-995.3878	-1029.7	34.3127	97739.23	30.7577	0.995937	0.998959	1.00104	1.00407	3.489032
1200	-994.2635	-1027.26	32.9967	96723.49	27.79299	0.995916	0.998953	1.00104	1.00409	3.576152
1210	-989.8057	-1035.596	45.79061	7193.471	27.78286	0.985053	0.996132	1.00379	1.01503	3.115759
1220	-998.7476	-1032.857	34.10932	99144.57	27.93862	0.995966	0.998966	1.00103	1.00404	3.534789
1230	-1003.528	-1039.224	35.69559	9926.55	28.98293	0.987271	0.996713	1.00323	1.01279	3.468304
1240	-996.3562	-1033.831	37.47476	80907.76	29.9169	0.995535	0.998855	1.00114	1.00447	3.397149
1250	-981.6034	-1020.997	39.39404	17016.41	30.23733	0.990273	0.997494	1.00247	1.00976	3.329732
1260	-1003.271	-1034.982	31.71086	87250.58	22.13977	0.9957	0.998898	1.0011	1.00431	3.602107
1270	-976.253	-1019.399	43.14615	77570.04	28.67353	0.99544	0.998831	1.00116	1.00457	3.211738
1280	-995.2709	-1022.586	27.31494	65784.79	30.52935	0.995048	0.99873	1.00126	1.00496	3.722162
1290	-980.0259	-1027.893	47.86714	77750.28	27.9995	0.995445	0.998832	1.00116	1.00456	3.04285
1300	-1020.561	-1049.412	28.85021	74527.72	22.61449	0.995348	0.998807	1.00119	1.00466	3.739789
1310	-979.6492	-1030.281	50.63204	50195.4	28.74552	0.994332	0.998545	1.00144	1.00568	2.951236
1320	-996.4995	-1029.665	33.1655	39306.99	26.70381	0.993596	0.998355	1.00163	1.00642	3.578634
1330	-1008.22	-1038.056	29.83532	33814.8	26.07387	0.993096	0.998226	1.00176	1.00692	3.708835
1340	-997.8978	-1048.108	50.20974	41210.39	33.28303	0.993745	0.998394	1.00159	1.00627	2.961464
1350	-980.8289	-1039.407	58.57772	24685.55	31.00552	0.991921	0.997922	1.00205	1.0081	2.702049
1360	-985.6135	-1028.987	43.37394	6309.33	27.62584	0.984043	0.995867	1.00404	1.01605	3.202184
1370	-999.1885	-1037.121	37.93249	1520.609	25.92663	0.967594	0.991487	1.00814	1.03278	3.397536
1380	-996.433	-1038.106	41.67348	64776.26	29.38243	0.99501	0.99872	1.00127	1.005	3.260171
1390	-975.1421	-1016.223	41.08061	41849.23	25.21473	0.993793	0.998406	1.00158	1.00622	3.267146
1400	-977.8715	-1028.094	50.22289	95886.13	30.72121	0.995898	0.998949	1.00105	1.00411	2.971776
1410	-959.2012	-1014.328	55.12665	50325.26	34.96835	0.99434	0.998547	1.00144	1.00567	2.805506
1420	-993.7852	-1032.83	39.04474	69595.56	27.4499	0.995186	0.998765	1.00123	1.00482	3.359125
1430	-974.4531	-1020.204	45.75059	70270.92	29.67064	0.995209	0.998771	1.00122	1.0048	3.121059
1440	-992.3024	-1028.906	36.60382	98602.13	25.33106	0.995955	0.998963	1.00103	1.00405	3.445581
1450	-985.7066	-1041.273	55.56667	48402.3	34.24789	0.994228	0.998518	1.00147	1.00578	2.796919
1460	-982.047	-1036.816	54.76901	13382.7	36.28289	0.989034	0.997172	1.00279	1.01101	2.80513
1470	-995.8994	-1045.644	49.7451	6056.098	33.21694	0.983714	0.995781	1.00412	1.01638	2.975938
1480	-997.2626	-1033.715	36.45216	38533.01	25.43352	0.993532	0.998339	1.00165	1.00648	3.452253
1490	-1001.568	-1034.486	32.91794	81973.92	24.89331	0.995564	0.998863	1.00113	1.00444	3.589829
1500	-999.6058	-1036.845	37.23872	79682.73	26.40637	0.995501	0.998846	1.00115	1.00451	3.4258
1510	-1003.446	-1035.354	31.9076	81505.62	26.71536	0.995551	0.998859	1.00113	1.00446	3.625656
1520	-994.3714	-1023.614	29.24274	72027.63	26.61238	0.995268	0.998786	1.00121	1.00474	3.726518
1530	-1008.212	-1038.427	30.21575	12013.14	24.43108	0.988427	0.997014	1.00294	1.01162	3.69772
1540	-993.5342	-1032.815	39.28088	92324.4	25.10811	0.99582	0.998928	1.00107	1.00419	3.337178
1550	-980.8067	-1036.204	55.39722	45772.89	32.6466	0.994065	0.998476	1.00151	1.00595	2.806832
1560	-988.6	-1030.756	42.15635	87657.37	22.82345	0.99571	0.9989	1.00109	1.0043	3.159805
1570	-969.2437	-1026.132	56.8885	68789.42	29.26535	0.995158	0.998758	1.00123	1.00485	2.740881
1580	-974.8387	-1030.985	56.14594	52509.07	32.15679	0.994458	0.998578	1.00141	1.00555	2.783748
1590	-975.142	-1028.141	52.99874	22168.28	33.76274	0.991476	0.997807	1.00217	1.00855	2.875052
1600	-980.9457	-1025.665	44.71965	85907.17	28.39458	0.995667	0.998889	1.0011	1.00434	3.156443
1610	-979.326	-1036.189	56.86283	33339.28	30.86478	0.993047	0.998213	1.00177	1.00697	2.756545
1620	-992.1467	-1040.94	48.79368	44795.36	26.98905	0.994001	0.99846	1.00153	1.00601	2.997829
1630	-988.5618	-1031.367	42.8055	71747.94	26.21822	0.995259	0.998784	1.00121	1.00475	3.213039
1640	-990.6256	-1039.005	48.37929	20432.69	31.5639	0.991122	0.997715	1.00226	1.00891	3.028666
1650	-990.9606	-1026.598	35.63696	73946.78	26.04095	0.99533	0.998802	1.00119	1.00468	3.486282
1660	-985.5855	-1027.354	41.76848	48068.74	26.97349	0.994208	0.998513	1.00147	1.0058	3.258048
1670	-993.7063	-1031.669	37.96236	43065.28	24.13731	0.993881	0.998429	1.00156	1.00613	3.375604
1680	-993.6391	-1035.021	41.38212	14943.78	28.03317	0.989621	0.997325	1.00264	1.01042	3.274447
1690	-968.4909	-1023.904	55.4134	19974.33	36.72129	0.991021	0.997689	1.00228	1.00901	2.78343
1700	-976.148	-1023.61	47.46155	46648.68	30.25553	0.994121	0.998491	1.0015	1.00589	3.062892
1710	-982.4833	-1026.797	44.31326	12078.61	32.57397	0.988458	0.997022	1.00293	1.01159	3.147175
1720	-993.8636	-1029.395	35.5317	55673.03	32.79419	0.994618	0.998619	1.00137	1.00539	3.412405
1730	-999.0233	-1035.711	36.68727	91241.81	26.49548	0.995795	0.998922	1.00107	1.00421	3.446752
1740	-1006.431	-1034.989	28.55855	89482.76	26.63219	0.995754	0.998911	1.00108	1.00425	3.751998
1750	-985.2741	-1029.382	44.10763	95829.89	32.20633	0.995897	0.998948	1.00105	1.00411	3.157582
1760	-985.9336	-1032.204	46.27054	38825.77	30.94621	0.993556	0.998345	1.00164	1.00646	3.099305
1770	-981.2234	-1028.695	47.47156	94709.36	31.24096	0.995873	0.998942	1.00105	1.00413	3.059166
1780	-986.2896	-1026.587	40.2971	46030.6	29.16739	0.994082	0.998481	1.00151	1.00593	3.308442
1790	-1016.471	-1051.143	34.67187	40815.32	22.27724	0.993715	0.998386	1.0016	1.0063	3.472681
1800	-1002.296	-1035.151	32.8556	85587.78	25.14318	0.995658	0.998887	1.00111	1.00435	3.593177
1810	-977.7713	-1021.243	43.47191	47681.32	30.49269	0.994185	0.998507	1.00148	1.00583	3.193192
1820	-991.8071	-1025.692	33.88522	43767.68	38.70916	0.993931	0.998442	1.00155	1.00608	3.31848
1830	-985.4527	-1027.073	41.62047	38152.42	32.65954	0.9935	0.99833	1.00165	1.00652	3.228647
1840	-995.8882	-1032.698	36.80935	93555.01	25.79553	0.995847	0.998935	1.00106	1.00416	3.440297
1850	-999.811	-1033.037	33.22596	33013.11	27.11066	0.993013	0.998204	1.00178	1.007	3.573799
1860	-979.1775	-1029.852	50.67418	88580.24	37.82367	0.995732	0.998906	1.00109	1.00427	2.89763
1870	-980.4702	-1033.312	52.84214	15695.81	33.96832	0.989872	0.99739	1.00257	1.01016	2.878387
1880	-997.9975	-1030.525	32.52781	80930.99	21.56826	0.995535	0.998855	1.00114	1.00447	3.547359
1890	-985.5449	-1025.661	40.11621	94962.03	26.5116	0.995878	0.998943	1.00105	1.00413	3.317423
1900	-995.9728	-1031.621	35.64848	26082.08	26.83109	0.99214	0.997979	1.002	1.00788	3.485358
1910	-992.8206	-1043.313	50.49262	56091.19	29.26467	0.994638	0.998624	1.00137	1.00537	2.959426
1920	-1012.436	-1052.179	39.74353	847.1544	28.86841	0.956672	0.988511	1.01081	1.044	3.329333
1930	-988.656	-1037.847	49.19139	56758.32	31.1699	0.99467	0.998632	1.00136	1.00534	3.004334
1940	-1005.255	-1047.613	42.35782	50758.51	24.90078	0.994364	0.998553	1.00144	1.00565	3.210761
1950	-989.482	-1034.982	45.5001	34969.09	30.38593	0.993211	0.998256	1.00173	1.00681	3.12717
1960	-977.708	-1032.975	55.26699	75304.68	35.33123	0.995372	0.998813	1.00118	1.00464	2.799008
1970	-1016.306	-1040.968	24.66189	61111.43	30.33987	0.994863	0.998682	1.00131	1.00515	3.814197
1980	-1018.762	-1054.223	35.46115	34147.02	36.36644	0.99313	0.998235	1.00175	1.00689	3.335286
1990	-997.5354	-1041.682	44.14634	79345.85	25.38188	0.995491	0.998844	1.00115	1.00452	3.14878
2000	-998.0364	-1035.424	37.38752	23166.87	27.55095	0.991661	0.997855	1.00212	1.00836	3.41916
2010	-985.541	-1026.083	40.54183	45353.41	23.38174	0.994038	0.998469	1.00152	1.00597	3.24889
2020	-1006.121	-1034.293	28.17167	94271.98	30.04612	0.995863	0.99894	1.00105	1.00414	3.70522
2030	-990.3785	-1031.984	41.60584	51936.98	25.71301	0.994428	0.99857	1.00142	1.00558	3.253353
2040	-999.5745	-1035.72	36.14574	18921.66	25.68914	0.990775	0.997625	1.00235	1.00926	3.4656
2050	-993.6888	-1046.752	53.06328	82912.81	32.81297	0.995589	0.998869	1.00112	1.00442	2.877742
2060	-984.0879	-1031.007	46.91871	86101.21	27.20226	0.995671	0.99889	1.0011	1.00434	3.069751
2070	-992.4898	-1032.358	39.8677	99835.18	27.50159	0.99598	0.99897	1.00102	1.00403	3.329148
2080	-995.2797	-1038.541	43.26141	29131.38	23.6238	0.992562	0.998088	1.00189	1.00746	3.14072
2090	-990.5333	-1037.686	47.15239	9153.373	32.93758	0.986745	0.996575	1.00336	1.01332	3.056718
2100	-1002.771	-1051.354	48.58308	49036.97	29.0802	0.994266	0.998528	1.00146	1.00575	3.02404
2110	-1020.72	-1046.13	25.40925	26194.93	22.34	0.992157	0.997983	1.002	1.00786	3.889199
2120	-994.5341	-1039.423	44.88843	87654.41	26.38408	0.99571	0.9989	1.00109	1.0043	3.135821
2130	-979.3553	-1028.5	49.14452	30365.15	27.99957	0.992715	0.998127	1.00185	1.0073	2.997229
2140	-1001.419	-1040.497	39.07817	92241.79	29.51325	0.995818	0.998928	1.00107	1.00419	3.347371
2150	-1014.9	-1051.045	36.14502	72786.26	22.04577	0.995292	0.998793	1.0012	1.00472	3.398464
2160	-993.0051	-1031.746	38.74049	6277.782	22.37671	0.984003	0.995857	1.00405	1.01609	3.293844
2170	-985.0321	-1025.79	40.7578	70438.5	32.42865	0.995215	0.998773	1.00122	1.00479	3.258439
2180	-995.4715	-1028.338	32.86636	78006.2	25.53025	0.995453	0.998834	1.00116	1.00455	3.593291
2190	-999.5487	-1032.441	32.89207	78545.44	25.47806	0.995468	0.998838	1.00115	1.00454	3.592261
2200	-1001.951	-1032.972	31.02133	91692.78	28.56847	0.995805	0.998925	1.00107	1.0042	3.636234
2210	-997.7039	-1030.131	32.42725	88491.58	25.68641	0.99573	0.998905	1.00109	1.00428	3.610353
2220	-980.2237	-1024.46	44.23576	63193.61	34.14367	0.994948	0.998704	1.00129	1.00506	3.129268
2230	-997.3191	-1048.255	50.93591	1115.889	32.90907	0.962209	0.990027	1.00946	1.0383	2.942018
2240	-999.8809	-1030.398	30.51688	38008.66	24.31481	0.993488	0.998327	1.00166	1.00653	3.684943
2250	-1011.767	-1038.621	26.85469	80185.94	25.17376	0.995515	0.99885	1.00114	1.00449	3.831632
2260	-973.3509	-1018.268	44.91661	70309.53	27.03982	0.99521	0.998772	1.00122	1.0048	3.14195
2270	-992.8127	-1036.17	43.35775	96741.24	30.97165	0.995916	0.998953	1.00104	1.00409	3.193216
2280	-990.8166	-1033.773	42.95621	91144.52	32.0857	0.995793	0.998921	1.00107	1.00421	3.194747
2290	-1001.56	-1035.876	34.31625	90471.26	24.55484	0.995777	0.998917	1.00108	1.00423	3.531042
2300	-991.2991	-1034.227	42.92837	98424.94	29.84912	0.995951	0.998962	1.00103	1.00405	3.21524
2310	-1002.681	-1037.107	34.42572	29544.58	26.74369	0.992615	0.998102	1.00188	1.0074	3.53129
2320	-1011.177	-1037.628	26.45011	89759.23	22.93725	0.99576	0.998913	1.00108	1.00425	3.848918
2330	-994.2409	-1031.161	36.92043	55439.96	26.67491	0.994607	0.998616	1.00137	1.0054	3.438024
2340	-999.3161	-1043.602	44.2861	15373.87	33.78143	0.989767	0.997363	1.0026	1.01027	3.132852
2350	-1006.887	-1033.896	27.00906	10571.52	20.68818	0.987664	0.996815	1.00313	1.01239	3.7782
2360	-999.4928	-1036.043	36.55035	64163.35	27.92725	0.994986	0.998714	1.00128	1.00502	3.447489
2370	-979.1924	-1017.876	38.68378	95339.77	26.76485	0.995886	0.998946	1.00105	1.00412	3.372115
2380	-997.1318	-1025.171	28.03922	26730.01	26.41252	0.992236	0.998004	1.00198	1.00779	3.774111
2390	-1002.083	-1033.483	31.39986	46352.66	28.14303	0.994102	0.998486	1.0015	1.00591	3.629063
2400	-981.8407	-1023.056	41.21481	18862.97	29.32109	0.99076	0.997621	1.00235	1.00927	3.276139
2410	-998.3299	-1037.953	39.62263	45126.65	31.10026	0.994023	0.998465	1.00152	1.00599	3.312207
2420	-999.5422	-1034.324	34.78221	33706.09	27.53297	0.993085	0.998223	1.00176	1.00693	3.513848
2430	-1008.784	-1041.667	32.8825	12655.5	29.04915	0.988724	0.997091	1.00286	1.01132	3.564402
2440	-998.7722	-1030.817	32.04436	72131.87	26.45598	0.995271	0.998787	1.0012	1.00474	3.622222
2450	-1001.829	-1039.695	37.86582	44900.12	25.75081	0.994008	0.998461	1.00153	1.00601	3.399056
2460	-977.6711	-1026.787	49.11541	49626.02	25.82532	0.9943	0.998537	1.00145	1.00571	2.963921
2470	-1001.451	-1046.849	45.39802	51300.15	30.62666	0.994394	0.998561	1.00143	1.00562	3.129344
2480	-982.329	-1035.36	53.0308	39116.67	29.88748	0.99358	0.998351	1.00163	1.00643	2.87701
2490	-984.2139	-1029.289	45.07478	69712.47	31.70763	0.99519	0.998766	1.00123	1.00482	3.132148
2500	-1001.429	-1042.134	40.70536	39029.19	23.66426	0.993573	0.998349	1.00164	1.00644	3.250036
2510	-986.8175	-1032.321	45.50348	24060.41	23.9355	0.991817	0.997895	1.00208	1.00821	3.056666
2520	-1007.421	-1047.064	39.64292	32262.73	29.95406	0.992932	0.998184	1.0018	1.00709	3.324323
2530	-990.2592	-1031.078	40.8184	50330.43	26.97334	0.99434	0.998547	1.00144	1.00567	3.29327
2540	-991.8337	-1028.625	36.7916	83974.94	23.62508	0.995617	0.998876	1.00112	1.00439	3.414615
2550	-1002.707	-1035.998	33.2904	76883.93	23.23892	0.99542	0.998825	1.00117	1.00459	3.55655
2560	-1002.489	-1032.74	30.25164	86986.69	24.29569	0.995694	0.998896	1.0011	1.00431	3.695777
2570	-1003.96	-1040.367	36.40659	15265	26.80336	0.989731	0.997354	1.00261	1.01031	3.457145
2580	-994.1362	-1024.666	30.5294	58503.64	25.9565	0.99475	0.998653	1.00134	1.00526	3.68291
2590	-992.8752	-1024.851	31.97607	56101.3	26.44945	0.994639	0.998624	1.00137	1.00537	3.624842
2600	-998.5301	-1038.589	40.05889	96400.83	23.98945	0.995909	0.998951	1.00104	1.0041	3.285403
2610	-998.2712	-1034.489	36.21772	28898.77	29.69016	0.992533	0.99808	1.0019	1.00749	3.442103
2620	-1000.065	-1037.401	37.33581	51341.56	25.64435	0.994396	0.998562	1.00143	1.00562	3.418995
2630	-992.7336	-1033.616	40.88232	43953.2	32.12039	0.993944	0.998445	1.00154	1.00607	3.25891
2640	-999.0573	-1043.169	44.11134	987.6235	27.55714	0.959848	0.989382	1.01004	1.04073	3.175142
2650	-998.5466	-1037.891	39.34459	60952.73	27.43061	0.994856	0.99868	1.00131	1.00515	3.348211
2660	-1000.388	-1031.49	31.10222	47460.04	27.5685	0.994171	0.998504	1.00148	1.00584	3.647085
2670	-986.9733	-1031.229	44.25613	7373.422	32.24931	0.985236	0.99618	1.00374	1.01484	3.152514
2680	-998.0772	-1040.85	42.77296	16556.6	29.04988	0.990139	0.99746	1.00251	1.0099	3.223926
2690	-999.3785	-1039.538	40.1591	99056.38	25.14694	0.995964	0.998966	1.00103	1.00404	3.302754
2700	-1009.447	-1041.872	32.42545	57733.39	27.36283	0.994715	0.998644	1.00135	1.0053	3.601097
2710	-1010.517	-1037.95	27.43224	55619.08	22.20215	0.994615	0.998618	1.00137	1.00539	3.796429
2720	-1008.373	-1036.914	28.54094	34658.01	21.27441	0.99318	0.998248	1.00174	1.00684	3.723976
2730	-1024.035	-1037.693	13.65815	23629.48	31.08831	0.991743	0.997876	1.0021	1.00828	4.147543
2740	-993.9066	-1030.287	36.38078	95794.58	28.57637	0.995896	0.998948	1.00105	1.00411	3.448564
2750	-1002.654	-1037.881	35.22708	54194.25	29.20734	0.994545	0.9986	1.00139	1.00547	3.481776
2760	-990.7276	-1026.186	35.45866	44781.16	21.55485	0.994	0.998459	1.00153	1.00601	3.41092
2770	-980.6464	-1027.337	46.69033	3515.23	31.27035	0.978643	0.994443	1.00539	1.02152	3.084003
2780	-970.3409	-1032.444	62.10355	80897.65	33.6699	0.995535	0.998855	1.00114	1.00447	2.605185
2790	-980.8101	-1029.46	48.64963	89122.23	24.37913	0.995745	0.998909	1.00108	1.00426	2.941423
2800	-987.3761	-1032.429	45.05331	43609.13	30.57469	0.99392	0.998439	1.00155	1.00609	3.140889
2810	-970.5241	-1026.858	56.33362	37751.16	34.47003	0.993465	0.998321	1.00166	1.00655	2.77355
2820	-993.7339	-1034.466	40.732	3970.845	29.22483	0.979901	0.994776	1.00508	1.02024	3.293195
2830	-991.0672	-1031.798	40.73049	37266.43	28.8856	0.993423	0.998311	1.00167	1.00659	3.295064
2840	-1002.348	-1044.217	41.86896	93521.31	26.37295	0.995847	0.998935	1.00106	1.00416	3.250169
2850	-1016.975	-1046.745	29.77033	26762.19	23.79128	0.992241	0.998005	1.00197	1.00778	3.713066
2860	-1012.751	-1037.311	24.55984	60963.82	23.20461	0.994857	0.99868	1.00131	1.00515	3.932171
2870	-997.4317	-1033.661	36.22981	24351.54	26.37093	0.991866	0.997908	1.00207	1.00816	3.463991
2880	-991.1706	-1033.418	42.2475	17749.69	29.1966	0.990475	0.997547	1.00242	1.00956	3.241455
2890	-999.6008	-1025.026	25.42498	6462.187	23.20629	0.984232	0.995917	1.00399	1.01586	3.894894
2900	-979.7486	-1024.571	44.82234	32122.08	26.19221	0.992917	0.99818	1.0018	1.0071	3.135751
2910	-976.0618	-1021.612	45.55027	22819.04	29.46309	0.991598	0.997838	1.00214	1.00843	3.128143
2920	-979.6337	-1029.529	49.89513	37086.53	29.55425	0.993407	0.998306	1.00168	1.00661	2.981003
2930	-999.0757	-1039.102	40.02595	56809.54	25.46111	0.994672	0.998633	1.00136	1.00534	3.312063
2940	-1008.693	-1043.734	35.04146	21989.79	25.89587	0.991441	0.997798	1.00218	1.00858	3.509003
2950	-964.162	-1023.403	59.24094	59258.19	32.1005	0.994783	0.998661	1.00133	1.00523	2.68727
2960	-971.8675	-1022.753	50.88527	72218.64	29.5818	0.995274	0.998788	1.0012	1.00473	2.947625
2970	-995.7957	-1038.723	42.92692	57213.14	31.01705	0.994691	0.998638	1.00135	1.00532	3.206719
2980	-998.7623	-1054.157	55.39501	42160.15	32.47263	0.993816	0.998412	1.00157	1.0062	2.807049
2990	-991.9378	-1041.53	49.59177	70526.03	35.78864	0.995218	0.998773	1.00122	1.00479	2.954118
3000	-983.697	-1034.374	50.6771	75426.64	36.11261	0.995376	0.998814	1.00118	1.00463	2.919974
3010	-990.347	-1032.172	41.82447	19248.16	23.28317	0.990853	0.997645	1.00233	1.00918	3.190803
3020	-995.8068	-1037.738	41.93133	54400.89	26.77819	0.994555	0.998603	1.00139	1.00546	3.250864
3030	-999.8982	-1038.071	38.17259	77884.47	27.59977	0.995449	0.998833	1.00116	1.00456	3.390535
3040	-1005.111	-1033.729	28.61817	44121.02	20.18484	0.993955	0.998448	1.00154	1.00606	3.679319
3050	-985.2257	-1028.271	43.04523	10846.27	27.74502	0.987821	0.996856	1.00309	1.01223	3.214467
3060	-995.7663	-1026.681	30.91509	32212.88	30.22014	0.992927	0.998182	1.0018	1.00709	3.610487
3070	-984.7029	-1028.643	43.93992	1247.546	29.34957	0.964245	0.99058	1.00896	1.03621	3.183125
3080	-995.4676	-1034.588	39.12003	62083.88	25.33148	0.994903	0.998692	1.0013	1.00511	3.346253
3090	-985.3779	-1025.749	40.37076	26080.91	27.06339	0.99214	0.997979	1.002	1.00788	3.310133
3100	-1002.083	-1036.593	34.51	45674.21	27.21804	0.994059	0.998475	1.00151	1.00595	3.525822
3110	-994.5581	-1031.891	37.33269	82902.18	26.65493	0.995589	0.998869	1.00112	1.00442	3.422558
3120	-968.5886	-1023.75	55.1616	14271.94	36.51718	0.98938	0.997262	1.0027	1.01066	2.792196
3130	-982.0109	-1028.701	46.69027	88888.94	30.39931	0.99574	0.998908	1.00109	1.00427	3.087959
3140	-987.6742	-1030.962	43.28825	89721.66	25.71033	0.99576	0.998913	1.00108	1.00425	3.187882
3150	-999.5814	-1037.433	37.85125	12667.5	23.01127	0.988729	0.997093	1.00286	1.01132	3.354016
3160	-980.5177	-1030.007	49.48969	99052.75	29.3072	0.995964	0.998966	1.00103	1.00404	2.993869
3170	-975.4254	-1025.329	49.90335	94698.64	33.62656	0.995872	0.998942	1.00105	1.00413	2.967899
3180	-983.8868	-1027.416	43.52886	25928.27	27.13778	0.992117	0.997973	1.00201	1.0079	3.19395
3190	-992.7029	-1037.545	44.84178	37176	29.87475	0.993415	0.998308	1.00168	1.0066	3.151049
3200	-986.3822	-1031.644	45.2618	12973.8	23.51837	0.988863	0.997128	1.00283	1.01118	3.052192
3210	-976.5096	-1032.464	55.95454	5154.095	31.35971	0.98235	0.995422	1.00447	1.01776	2.788054
3220	-1005.862	-1040.754	34.89123	95932	34.32318	0.995899	0.998949	1.00105	1.00411	3.398927
3230	-985.527	-1046.632	61.10478	40385.92	34.29893	0.993682	0.998377	1.00161	1.00633	2.635205
3240	-989.9858	-1026.732	36.74614	78232.96	27.11787	0.995459	0.998836	1.00116	1.00455	3.443936
3250	-995.2386	-1032.296	37.05757	40769.81	24.13071	0.993712	0.998385	1.0016	1.0063	3.412978
3260	-993.6083	-1031.416	37.80783	81857.14	32.46847	0.995561	0.998862	1.00113	1.00445	3.34872
3270	-976.0479	-1020.408	44.3599	50454.94	27.6302	0.994347	0.998549	1.00144	1.00566	3.166517
3280	-983.499	-1029.557	46.05756	45802.67	30.03635	0.994067	0.998477	1.00151	1.00595	3.109965
3290	-985.6215	-1038.332	52.71064	51580.58	27.02504	0.994409	0.998565	1.00142	1.0056	2.853415
3300	-988.0048	-1034.324	46.31872	77623.03	31.84412	0.995441	0.998831	1.00116	1.00457	3.091886
3310	-997.9284	-1043.815	45.88664	70662.44	32.22931	0.995222	0.998775	1.00122	1.00479	3.102136
3320	-989.4471	-1034.026	44.57921	51161.14	30.44243	0.994386	0.998559	1.00143	1.00563	3.157164
3330	-982.3334	-1034.492	52.15819	18956.5	40.20453	0.990783	0.997627	1.00234	1.00925	2.824561
3340	-981.8487	-1030.916	49.06779	14576.04	33.24285	0.989491	0.997291	1.00267	1.01055	2.996112
3350	-981.623	-1034.177	52.55368	22775.11	31.60965	0.99159	0.997836	1.00214	1.00844	2.896377
3360	-975.2185	-1030.043	54.82459	8067.636	27.29052	0.985884	0.99635	1.00358	1.01419	2.780997
3370	-999.5491	-1034.174	34.62473	26134.02	24.77156	0.992148	0.997981	1.002	1.00787	3.520356
3380	-995.3726	-1039.866	44.49368	34298.56	27.67401	0.993145	0.998239	1.00174	1.00687	3.161906
3390	-983.9574	-1027.087	43.1295	33045.75	33.55377	0.993016	0.998205	1.00178	1.007	3.170387
3400	-982.641	-1030.54	47.89859	7234.191	29.26713	0.985095	0.996143	1.00378	1.01498	3.048072
3410	-976.68	-1033.164	56.48435	83969.6	33.34077	0.995617	0.998876	1.00112	1.00439	2.772835
3420	-991.5589	-1031.718	40.159	14732.82	28.52225	0.989547	0.997306	1.00266	1.01049	3.316574
3430	-1004.646	-1035.151	30.50478	45568.44	22.8891	0.994052	0.998473	1.00151	1.00596	3.671386
3440	-994.7611	-1039.835	45.0743	43400.01	26.93517	0.993905	0.998435	1.00155	1.00611	3.135116
3450	-1001.948	-1033.751	31.80319	53867.19	20.88345	0.994529	0.998596	1.00139	1.00548	3.555072
3460	-1010.073	-1039.829	29.75554	61844.28	21.90693	0.994893	0.99869	1.0013	1.00512	3.684961
3470	-991.7959	-1038.117	46.32073	13289.27	24.92703	0.988995	0.997162	1.00279	1.01105	3.052289
3480	-999.8732	-1047.43	47.55694	11654.17	34.30989	0.98825	0.996968	1.00298	1.0118	3.03007
3490	-1007.546	-1040.485	32.93873	20550.56	24.36977	0.991147	0.997721	1.00225	1.00888	3.585789
3500	-1004.838	-1037.462	32.62404	12249.31	22.82036	0.988539	0.997043	1.00291	1.01151	3.577396
3510	-1009.991	-1043.227	33.23531	86875.79	25.91913	0.995691	0.998895	1.0011	1.00432	3.578718
3520	-996.717	-1044.06	47.34279	96627.66	28.83297	0.995914	0.998953	1.00104	1.00409	3.065977
3530	-980.1847	-1028.478	48.29382	90688.79	29.30264	0.995782	0.998919	1.00107	1.00422	3.034662
3540	-990.3062	-1036.311	46.00513	34291	34.74548	0.993144	0.998238	1.00174	1.00687	3.069458
3550	-982.4259	-1031.202	48.77615	68150.69	38.839	0.995135	0.998752	1.00124	1.00487	2.931679
3560	-980.8721	-1027.22	46.34777	83786.85	31.11574	0.995612	0.998875	1.00112	1.00439	3.095878
3570	-994.8661	-1031.083	36.21676	62361.85	24.7911	0.994915	0.998695	1.0013	1.00509	3.456291
3580	-1000.455	-1039.317	38.8618	4939.939	33.07186	0.981973	0.995323	1.00456	1.01814	3.306112
3590	-975.6361	-1020.987	45.35098	55927.3	29.89639	0.99463	0.998622	1.00137	1.00538	3.133941
3600	-978.6901	-1020.973	42.28316	36925.44	27.74166	0.993393	0.998303	1.00168	1.00662	3.241927
3610	-976.4028	-1024.66	48.25749	381.5924	30.14393	0.9357	0.982639	1.01586	1.0658	3.036676
3620	-980.4512	-1036.783	56.33198	1165.285	35.58703	0.963013	0.990246	1.00926	1.03748	2.767188
3630	-984.1599	-1037.022	52.8625	55644.24	37.63638	0.994617	0.998619	1.00137	1.00539	2.842108
3640	-979.8565	-1037.751	57.89455	9883.966	37.15095	0.987244	0.996706	1.00324	1.01281	2.712513
3650	-967.5856	-1029.733	62.1477	35950.08	30.07325	0.993304	0.99828	1.0017	1.00671	2.574832
3660	-986.3497	-1032.407	46.05712	84896.85	31.90352	0.995641	0.998882	1.00111	1.00437	3.099623
3670	-984.8602	-1032.206	47.34588	66623.36	28.97254	0.99508	0.998738	1.00125	1.00493	3.066305
3680	-993.1805	-1038.322	45.14133	42460.58	26.03265	0.993838	0.998418	1.00157	1.00618	3.121175
3690	-1000.076	-1040.622	40.54644	28861.4	29.00116	0.992528	0.998079	1.0019	1.00749	3.300838
3700	-1034.58	-1060.806	26.22609	1006.742	26.75471	0.960228	0.989486	1.00995	1.04034	3.837721
3710	-987.3608	-1028.693	41.33203	30191.76	26.11887	0.992694	0.998122	1.00186	1.00732	3.268336
3720	-981.6627	-1027.081	45.41844	7812.292	28.49687	0.985656	0.99629	1.00364	1.01442	3.132114
3730	-980.8182	-1032.171	51.35258	73254.59	28.18502	0.995308	0.998797	1.0012	1.0047	2.92057
3740	-978.8674	-1032.423	53.5555	31451.22	32.09042	0.992842	0.99816	1.00182	1.00718	2.864397
3750	-977.5	-1029.656	52.15633	92716.55	29.89911	0.995829	0.998931	1.00106	1.00418	2.906322
3760	-980.3255	-1032.251	51.92537	450.0064	41.41822	0.940732	0.984067	1.01466	1.06054	2.811206
3770	-982.4708	-1050.098	67.62683	80846.51	33.80794	0.995533	0.998855	1.00114	1.00447	2.442097
3780	-961.5823	-1032.697	71.11496	11289.21	37.72614	0.988062	0.996919	1.00303	1.01199	2.35718
3790	-988.2194	-1030.075	41.85572	84262.56	29.68304	0.995625	0.998878	1.00112	1.00438	3.252253
3800	-991.61	-1032.004	40.39409	21313.7	28.30157	0.991307	0.997763	1.00221	1.00872	3.309067
3810	-976.7096	-1032.302	55.59201	51468.17	30.85669	0.994403	0.998563	1.00143	1.00561	2.797681
3820	-981.9599	-1037.286	55.32582	40331.45	38.36294	0.993678	0.998376	1.00161	1.00634	2.768628
3830	-992.5388	-1039.617	47.07855	90457.17	28.66724	0.995777	0.998917	1.00108	1.00423	3.074571
3840	-1018.306	-1046.788	28.48149	92758.64	24.57278	0.99583	0.998931	1.00106	1.00418	3.768649
3850	-1010.478	-1042.886	32.40806	69345.33	24.4986	0.995177	0.998763	1.00123	1.00483	3.608418
3860	-996.041	-1035.551	39.51004	91469.69	36.34232	0.9958	0.998923	1.00107	1.00421	3.224452
3870	-986.6751	-1031.068	44.39313	5933.543	29.38752	0.983547	0.995737	1.00417	1.01655	3.167599
3880	-979.9893	-1020.297	40.30747	65974.21	27.58764	0.995056	0.998732	1.00126	1.00495	3.313183
3890	-992.5939	-1038.861	46.26718	42515.74	28.06237	0.993842	0.998419	1.00157	1.00617	3.100352
3900	-990.7541	-1033.275	42.52084	51725.74	26.89964	0.994417	0.998567	1.00142	1.00559	3.229687
3910	-974.8588	-1029.29	54.43086	36094	29.90124	0.993317	0.998283	1.0017	1.0067	2.830264
3920	-970.1572	-1022.987	52.82993	57890.63	31.04531	0.994722	0.998646	1.00134	1.00529	2.887478
3930	-973.5729	-1028.214	54.64151	13868.55	31.12729	0.989227	0.997223	1.00274	1.01081	2.829366
3940	-995.3351	-1044.535	49.19957	97870.87	28.34632	0.99594	0.998959	1.00103	1.00407	2.998294
3950	-989.2114	-1031.116	41.90453	18054.98	32.08501	0.990556	0.997568	1.0024	1.00948	3.227532
3960	-976.8973	-1021.767	44.86988	70275.99	26.37735	0.995209	0.998771	1.00122	1.0048	3.136438
3970	-999.5353	-1034.675	35.1402	89600.06	27.41182	0.995757	0.998912	1.00108	1.00425	3.501597
3980	-998.9134	-1031.64	32.72609	40976.31	26.5238	0.993728	0.998389	1.0016	1.00629	3.596109
3990	-984.2865	-1023.58	39.29332	86851.94	29.42825	0.99569	0.998895	1.0011	1.00432	3.3408
4000	-992.854	-1034.186	41.33236	89216.2	22.71256	0.995748	0.99891	1.00108	1.00426	3.191688
4010	-993.4014	-1031.342	37.94029	31270.28	23.6161	0.992821	0.998155	1.00183	1.0072	3.365788
4020	-1001.398	-1029.149	27.75183	46238.95	20.03954	0.994095	0.998484	1.0015	1.00592	3.715709
4030	-995.9854	-1045.663	49.67757	74493.32	28.00787	0.995347	0.998807	1.00119	1.00466	2.978276
4040	-983.8281	-1031.304	47.47577	49934.82	28.70644	0.994317	0.998541	1.00145	1.00569	3.060879
4050	-989.5838	-1036.1	46.51613	61771.39	32.51023	0.99489	0.998689	1.0013	1.00512	3.080134
4060	-1010.429	-1055.256	44.82717	69522.07	27.41409	0.995183	0.998765	1.00123	1.00482	3.148227
4070	-993.0905	-1034.59	41.49995	28285.76	26.29288	0.992452	0.99806	1.00192	1.00757	3.263492
4080	-996.558	-1034.909	38.35087	19917.39	22.82705	0.991008	0.997685	1.00229	1.00902	3.326655
4090	-1004.983	-1040.819	35.83587	81367.82	29.12402	0.995547	0.998858	1.00113	1.00446	3.461891
4100	-983.463	-1034.529	51.06586	54048.96	34.72112	0.994538	0.998598	1.00139	1.00547	2.924039
4110	-982.5336	-1029.802	47.26829	20803.09	35.95176	0.991201	0.997735	1.00224	1.00883	3.016705
4120	-975.0818	-1031.702	56.62018	33055.37	31.38754	0.993017	0.998206	1.00178	1.007	2.766939
4130	-985.3654	-1036.682	51.31663	98275.83	26.63363	0.995948	0.998961	1.00103	1.00406	2.897495
4140	-1000.839	-1037.301	36.46227	89134.52	27.74416	0.995746	0.998909	1.00108	1.00426	3.451738
4150	-998.7664	-1030.778	32.0119	18314.13	26.50239	0.990623	0.997585	1.00238	1.00941	3.623168
4160	-999.6615	-1038.487	38.82597	29242.19	23.77053	0.992577	0.998092	1.00189	1.00744	3.33196
4170	-989.9868	-1021.003	31.01592	39931.21	26.8598	0.993646	0.998368	1.00162	1.00637	3.657753
4180	-971.76	-1025.074	53.31396	97280	36.66159	0.995928	0.998956	1.00104	1.00408	2.841249
4190	-1003.083	-1033.231	30.14852	89495.5	22.92485	0.995754	0.998912	1.00108	1.00425	3.687492
4200	-1005.17	-1046.707	41.53669	29282.19	31.6423	0.992582	0.998093	1.00189	1.00744	3.24452
4210	-996.7914	-1039.161	42.36949	66343.39	26.15789	0.995069	0.998735	1.00126	1.00494	3.229036
4220	-983.1622	-1036.658	53.49536	7012.269	31.96425	0.984862	0.996082	1.00384	1.01522	2.86642
4230	-979.319	-1035.243	55.92402	90758.78	32.08	0.995784	0.998919	1.00107	1.00422	2.790579
4240	-978.4785	-1038.49	60.0118	2949.005	34.03934	0.976691	0.993925	1.00588	1.0235	2.667287
4250	-983.9327	-1027.9	43.96757	50539.25	39.34866	0.994352	0.99855	1.00144	1.00566	3.045459
4260	-992.8177	-1028.561	35.74359	56641.31	23.70737	0.994664	0.998631	1.00136	1.00535	3.460502
4270	-977.5086	-1021.718	44.20915	83361.36	40.02232	0.995601	0.998872	1.00112	1.00441	3.025937
4280	-968.3057	-1022.11	53.80407	76054.89	36.71343	0.995395	0.998819	1.00117	1.00461	2.827339
4290	-992.1945	-1037.129	44.93444	14521.6	26.50573	0.989472	0.997286	1.00267	1.01057	3.135611
4300	-997.5881	-1038.864	41.27565	58046.34	30.46778	0.994729	0.998648	1.00134	1.00528	3.265449
4310	-1013.12	-1045.54	32.41997	54892.59	21.93722	0.99458	0.998609	1.00138	1.00543	3.564249
4320	-1011.72	-1043.664	31.94426	63281.93	21.22036	0.994952	0.998705	1.00129	1.00506	3.561962
4330	-995.7203	-1032.804	37.08369	56789.17	27.12938	0.994671	0.998633	1.00136	1.00534	3.431465
4340	-984.5042	-1026.798	42.29381	37627.21	29.91066	0.993455	0.998319	1.00167	1.00656	3.236108
4350	-987.3268	-1028.986	41.65901	32415.26	31.79674	0.992949	0.998188	1.00179	1.00707	3.238796
4360	-1004.006	-1036.477	32.47072	54827.15	22.08858	0.994577	0.998608	1.00138	1.00543	3.566353
4370	-986.7202	-1032.226	45.50552	13891.31	31.69333	0.989236	0.997225	1.00273	1.01081	3.118679
4380	-988.1749	-1029.475	41.30001	62624.89	32.53171	0.994925	0.998698	1.00129	1.00508	3.240277
4390	-1005.683	-1037.543	31.85986	84672.01	25.2622	0.995635	0.998881	1.00111	1.00437	3.632855
4400	-974.6599	-1024.143	49.48353	66057.69	32.79753	0.995059	0.998732	1.00126	1.00495	2.986946
4410	-1010.787	-1043.107	32.32007	99491.29	23.26748	0.995973	0.998968	1.00103	1.00403	3.598763
4420	-999.364	-1029.445	30.08101	26821.25	21.61065	0.992249	0.998007	1.00197	1.00777	3.662044
4430	-987.4996	-1023.867	36.3675	34286.29	22.77433	0.993144	0.998238	1.00175	1.00687	3.412059
4440	-987.7639	-1028.358	40.59411	26247.64	31.73744	0.992165	0.997985	1.00199	1.00786	3.273069
4450	-975.7454	-1024.41	48.66469	2115.67	27.11654	0.972502	0.992807	1.00692	1.02777	3.004409
4460	-987.9394	-1031.126	43.18619	50558.06	28.10251	0.994353	0.99855	1.00144	1.00566	3.210206
4470	-999.5642	-1038.103	38.5385	58158.03	28.54446	0.994734	0.998649	1.00134	1.00528	3.373254
4480	-987.104	-1028.781	41.67751	56596.95	28.89755	0.994662	0.99863	1.00136	1.00535	3.262235
4490	-991.7748	-1026.455	34.67968	57087.4	26.76757	0.994685	0.998636	1.00135	1.00532	3.521708
4500	-994.2272	-1028.708	34.48097	37718.88	29.65364	0.993463	0.998321	1.00166	1.00655	3.50113
4510	-994.1314	-1036.519	42.38717	68531.16	23.43762	0.995149	0.998756	1.00124	1.00486	3.171813
4520	-989.1251	-1023.816	34.69077	11081.51	29.83025	0.987951	0.99689	1.00306	1.0121	3.491494
4530	-983.7082	-1031.543	47.83519	22938.71	27.53524	0.99162	0.997844	1.00213	1.00841	3.039786
4540	-988.0438	-1037.606	49.5623	74805.73	33.73824	0.995356	0.998809	1.00118	1.00465	2.977054
4550	-994.2547	-1042.338	48.08331	4573.773	28.79312	0.981268	0.995137	1.00474	1.01886	3.04012
4560	-996.772	-1032.08	35.30793	57166.76	28.98221	0.994689	0.998637	1.00135	1.00532	3.481688
4570	-969.4723	-1026.263	56.79107	39182.8	34.09634	0.993586	0.998353	1.00163	1.00643	2.761713
4580	-973.7523	-1029.416	55.66412	72607.31	34.99198	0.995287	0.998791	1.0012	1.00472	2.789989
4590	-967.263	-1023.223	55.96018	45544.22	33.12219	0.99405	0.998472	1.00152	1.00596	2.789017
4600	-976.9205	-1028.421	51.50052	46169.88	31.01459	0.994091	0.998483	1.0015	1.00592	2.930304
4610	-1001.813	-1032.069	30.25625	85356.85	29.82859	0.995653	0.998885	1.00111	1.00435	3.640185
4620	-987.3509	-1034.288	46.93671	48981.52	28.31943	0.994262	0.998527	1.00146	1.00575	3.077985
4630	-986.4718	-1027.537	41.0649	95754.07	24.4905	0.995895	0.998948	1.00105	1.00411	3.25489
4640	-999.0809	-1040.049	40.96773	30312.33	27.43071	0.992709	0.998126	1.00186	1.00731	3.289039
4650	-1005.967	-1037.646	31.67848	78485.3	25.17083	0.995466	0.998837	1.00116	1.00454	3.640011
4660	-998.215	-1045.898	47.68338	49959.16	29.96853	0.994319	0.998542	1.00145	1.00569	3.055888
4670	-995.314	-1034.445	39.1307	35757.04	22.8766	0.993286	0.998275	1.00171	1.00673	3.294122
4680	-976.1529	-1036.184	60.03153	10515.58	33.42064	0.987632	0.996807	1.00314	1.01242	2.666538
4690	-981.3573	-1026.711	45.3539	14834.28	28.87618	0.989583	0.997315	1.00265	1.01046	3.134997
4700	-989.0618	-1027.879	38.81701	15022.44	27.86346	0.989648	0.997332	1.00263	1.01039	3.36653
4710	-989.9018	-1026.832	36.92997	2488.416	29.56126	0.974635	0.993377	1.00639	1.02559	3.419613
4720	-982.7332	-1022.241	39.5079	56232.28	22.87939	0.994645	0.998626	1.00136	1.00537	3.277726
4730	-1002.71	-1030.932	28.22256	24439.2	19.38033	0.991881	0.997912	1.00207	1.00814	3.657197
4740	-995.4935	-1034.282	38.78814	39401.05	24.97944	0.993604	0.998357	1.00163	1.00641	3.355173
4750	-978.0563	-1025.482	47.42533	75825.45	34.63421	0.995388	0.998817	1.00118	1.00462	3.029973
4760	-996.4023	-1028.16	31.7575	26853.42	26.36697	0.992254	0.998008	1.00197	1.00777	3.633607
4770	-994.7409	-1035.54	40.79959	51596.35	27.81093	0.99441	0.998565	1.00142	1.0056	3.295397
4780	-977.2536	-1021.28	44.02665	89128.37	29.24091	0.995746	0.998909	1.00108	1.00426	3.180426
4790	-992.8517	-1031.539	38.68748	81509.58	29.31813	0.995551	0.998859	1.00113	1.00446	3.36236
4800	-998.5454	-1033.788	35.24253	84779.9	24.58112	0.995638	0.998882	1.00111	1.00437	3.493592
4810	-987.2329	-1036.647	49.41365	9318.464	35.10339	0.986863	0.996606	1.00333	1.0132	2.967342
4820	-1001.187	-1046.99	45.80267	53420.99	29.56525	0.994506	0.99859	1.0014	1.0055	3.119462
4830	-998.2082	-1041.651	43.44263	20038.09	29.70092	0.991035	0.997692	1.00228	1.00899	3.198711
4840	-986.903	-1037.664	50.76095	98968.49	34.53392	0.995962	0.998965	1.00103	1.00404	2.934618
4850	-997.4215	-1043.928	46.50599	79282.61	30.55752	0.995489	0.998843	1.00115	1.00452	3.093444
4860	-1008.009	-1036.402	28.39246	35770.98	27.72743	0.993287	0.998275	1.00171	1.00673	3.742872
4870	-1004.86	-1042.448	37.5879	92132	28.45101	0.995815	0.998927	1.00107	1.00419	3.407223
4880	-992.9916	-1032.107	39.11552	5287.991	32.89285	0.982575	0.995481	1.00441	1.01753	3.301474
4890	-983.4457	-1029.176	45.7306	14692.49	30.26843	0.989533	0.997302	1.00266	1.01051	3.120054
4900	-982.8788	-1037.41	54.53076	98566.08	29.03164	0.995954	0.998963	1.00103	1.00405	2.81898
4910	-979.8639	-1029.489	49.62526	67700.16	32.59395	0.995119	0.998748	1.00124	1.00489	2.983973
4920	-986.0774	-1031.341	45.26359	8646.406	35.51017	0.986363	0.996476	1.00346	1.0137	3.079401
4930	-1002.552	-1037.439	34.88617	40738.47	26.12231	0.993709	0.998384	1.0016	1.0063	3.515125
4940	-988.9605	-1034.372	45.41164	48459.6	35.18118	0.994232	0.998519	1.00147	1.00578	3.080196
4950	-985.8001	-1035.421	49.62059	62316.98	29.6453	0.994913	0.998695	1.0013	1.0051	2.990559
4960	-981.4897	-1028.633	47.14328	76129.14	31.32754	0.995397	0.99882	1.00117	1.00461	3.069207
4970	-983.5833	-1025.816	42.23227	52437.88	29.98919	0.994455	0.998577	1.00141	1.00556	3.237643
4980	-999.0335	-1033.892	34.85835	49837.26	30.25764	0.994312	0.99854	1.00145	1.0057	3.479418
4990	-1005.666	-1052.284	46.61777	82856.48	29.02671	0.995588	0.998869	1.00112	1.00442	3.091535
5000	-996.821	-1025.043	28.2215	78275.43	25.73082	0.99546	0.998836	1.00116	1.00455	3.77374
5010	-987.8106	-1032.181	44.3709	24985.62	25.04425	0.99197	0.997935	1.00204	1.00805	3.133093
5020	-979.2609	-1028.64	49.37875	68339.2	32.892	0.995142	0.998754	1.00124	1.00487	2.98946
5030	-991.9807	-1042.015	50.03396	50637.5	27.3652	0.994357	0.998552	1.00144	1.00565	2.957611
5040	-984.2678	-1037.436	53.16869	85810.48	33.87104	0.995664	0.998888	1.0011	1.00434	2.869374
5050	-1005.404	-1045.517	40.1129	9875.137	33.97761	0.987238	0.996704	1.00324	1.01282	3.252962
5060	-972.5125	-1023.75	51.23761	4552.864	28.39442	0.981225	0.995126	1.00475	1.0189	2.926892
5070	-965.9587	-1022.325	56.36642	3838.558	37.21081	0.979559	0.994686	1.00517	1.02059	2.753092
5080	-970.7239	-1028.119	57.39517	30966.01	32.13672	0.992786	0.998146	1.00184	1.00723	2.744855
5090	-991.1799	-1050.989	59.8094	7289.808	33.96946	0.985152	0.996158	1.00376	1.01493	2.673276
5100	-975.2332	-1035.299	60.06536	81868.01	31.18733	0.995561	0.998862	1.00113	1.00445	2.655615
5110	-977.1522	-1030.337	53.18471	57887.4	35.5543	0.994722	0.998646	1.00134	1.00529	2.85593
5120	-997.5209	-1036.914	39.39274	37219.19	23.84283	0.993419	0.998309	1.00168	1.0066	3.309834
5130	-986.411	-1030.787	44.37592	73107.24	25.99075	0.995303	0.998795	1.0012	1.00471	3.149967
5140	-988.5202	-1025.909	37.38912	20505.62	29.06898	0.991137	0.997719	1.00225	1.00889	3.409079
5150	-994.8959	-1033.061	38.16531	65316.35	26.70184	0.995031	0.998725	1.00127	1.00498	3.391399
5160	-996.502	-1030.254	33.75187	22775.38	21.37067	0.99159	0.997836	1.00214	1.00844	3.482956
5170	-993.4716	-1026.519	33.04756	52046.76	21.56796	0.994434	0.998571	1.00142	1.00558	3.52325
5180	-996.3814	-1027.817	31.43528	53709.58	26.43539	0.994521	0.998594	1.0014	1.00549	3.645383
5190	-983.9014	-1022.273	38.37128	30268.2	23.8162	0.992703	0.998124	1.00186	1.00732	3.352097
5200	-983.3379	-1023.31	39.97167	40547.28	27.69914	0.993695	0.998381	1.00161	1.00632	3.325289
5210	-990.1248	-1025.4	35.27545	1547.201	24.46479	0.967872	0.991562	1.00807	1.0325	3.491001
5220	-994.9109	-1028.445	33.53449	92490.61	31.74561	0.995824	0.998929	1.00106	1.00418	3.495343
5230	-987.3193	-1036.889	49.56971	56512.78	30.81606	0.994658	0.998629	1.00136	1.00535	2.992913
5240	-985.4993	-1035.05	49.55064	53243.3	32.44724	0.994497	0.998588	1.0014	1.00551	2.987182
5250	-985.002	-1031.503	46.50074	1769.965	23.33371	0.96995	0.992122	1.00755	1.03037	2.992064
5260	-985.3943	-1024.148	38.75387	94422.28	27.22877	0.995866	0.99894	1.00105	1.00414	3.369898
5270	-983.0449	-1025.919	42.8742	57814.75	31.05611	0.994719	0.998645	1.00135	1.00529	3.208063
5280	-1004.472	-1044.283	39.81079	83790.82	26.62141	0.995612	0.998875	1.00112	1.00439	3.329447
5290	-997.5582	-1030.376	32.81795	91480.77	28.85614	0.995801	0.998923	1.00107	1.00421	3.569409
5300	-997.077	-1031.542	34.46502	94106.09	27.69552	0.995859	0.998939	1.00106	1.00415	3.52412
5310	-1009.053	-1042.308	33.25507	50199.52	27.74011	0.994332	0.998545	1.00144	1.00568	3.567377
5320	-996.9366	-1030.08	33.14324	28416.16	21.11794	0.99247	0.998064	1.00192	1.00755	3.501208
5330	-1010.988	-1035.53	24.54223	47857.02	22.26824	0.994196	0.99851	1.00148	1.00582	3.927297
5340	-1021.493	-1043.108	21.61504	78334.9	23.32325	0.995462	0.998836	1.00116	1.00455	4.058622
5350	-998.232	-1034.127	35.8952	60459.83	28.36698	0.994835	0.998675	1.00132	1.00517	3.467465
5360	-1019.007	-1042.293	23.28628	56127.17	23.67284	0.99464	0.998625	1.00137	1.00537	3.986097
5370	-994.1241	-1027.416	33.29173	22271.4	22.53462	0.991495	0.997812	1.00216	1.00853	3.541426
5380	-985.2317	-1019.939	34.70778	81466.81	28.72769	0.99555	0.998859	1.00113	1.00446	3.505414
5390	-987.9681	-1026.654	38.68636	54485.41	23.96685	0.99456	0.998604	1.00139	1.00545	3.342143
5400	-973.2088	-1022.407	49.19789	38804.79	27.46375	0.993555	0.998345	1.00164	1.00646	2.98942
5410	-999.8811	-1032.913	33.03158	43075.89	24.6579	0.993882	0.998429	1.00156	1.00613	3.584024
5420	-989.0437	-1035.882	46.83853	56498.1	26.12856	0.994657	0.998629	1.00136	1.00535	3.05768
5430	-980.3741	-1023.175	42.8005	12049.2	25.95331	0.988444	0.997019	1.00293	1.0116	3.210114
5440	-970.5134	-1028.373	57.8598	78104.42	32.78791	0.995455	0.998835	1.00116	1.00455	2.731545
5450	-1009.299	-1041.526	32.22714	91286.22	29.7389	0.995796	0.998922	1.00107	1.00421	3.575671
5460	-1007.612	-1042.635	35.02265	94844.75	25.15676	0.995876	0.998943	1.00105	1.00413	3.507069
5470	-990.5405	-1027.947	37.40636	20699.72	25.56583	0.991179	0.99773	1.00224	1.00885	3.415715
5480	-970.9096	-1022.393	51.48319	29391.59	26.04032	0.992595	0.998097	1.00188	1.00742	2.877754
5490	-985.9687	-1031.949	45.9808	60467.84	26.64399	0.994836	0.998675	1.00132	1.00517	3.09797
5500	-1000.291	-1044.464	44.17321	15176.91	23.26461	0.989701	0.997346	1.00262	1.01034	3.089225
5510	-986.6722	-1033.738	47.06591	25073.53	31.17742	0.991984	0.997938	1.00204	1.00804	3.072485
5520	-989.6131	-1038.471	48.85768	69540.41	29.26619	0.995184	0.998765	1.00123	1.00482	3.015298
5530	-984.1948	-1031.69	47.49477	46754.83	28.62319	0.994128	0.998492	1.0015	1.00588	3.059857
5540	-990.677	-1034.228	43.55138	97794.58	25.60874	0.995938	0.998959	1.00104	1.00407	3.176051
5550	-987.5131	-1032.53	45.01691	54603.14	28.30053	0.994566	0.998605	1.00138	1.00544	3.145722
5560	-997.2588	-1028.99	31.73076	14345.02	22.51797	0.989407	0.997269	1.00269	1.01063	3.610329
5570	-1006.063	-1039.991	33.92851	68741.23	24.77191	0.995156	0.998758	1.00123	1.00485	3.548464
5580	-1001.589	-1036.832	35.24294	9849.612	30.06529	0.987221	0.9967	1.00324	1.01284	3.46959
5590	-1002.537	-1039.163	36.62568	38758.43	33.8634	0.993551	0.998344	1.00164	1.00646	3.357942
5600	-973.5832	-1031.942	58.35828	81470.47	38.5307	0.99555	0.998859	1.00113	1.00446	2.687986
5610	-995.2773	-1034.679	39.40177	60134.34	30.18247	0.994821	0.998671	1.00132	1.00519	3.330055
5620	-999.6883	-1037.901	38.21269	92332.97	27.49957	0.99582	0.998928	1.00107	1.00419	3.389331
5630	-978.776	-1031.505	52.72932	17867.1	32.2248	0.990507	0.997555	1.00241	1.00953	2.889835
5640	-981.8394	-1037.916	56.0764	30064.04	32.09114	0.992679	0.998118	1.00186	1.00734	2.785842
5650	-993.1332	-1036.186	43.05237	4656.245	34.01962	0.981434	0.995181	1.0047	1.01869	3.165816
5660	-989.3858	-1028.65	39.26388	45326.71	28.59174	0.994036	0.998469	1.00152	1.00598	3.34759
5670	-989.8261	-1027.311	37.485	62316.2	24.85445	0.994913	0.998695	1.0013	1.0051	3.405905
5680	-984.1461	-1028.846	44.70011	46713.59	26.21317	0.994125	0.998492	1.0015	1.00589	3.140707
5690	-988.8335	-1035.556	46.72207	8272.469	27.03603	0.986059	0.996396	1.00353	1.01401	3.075136
5700	-995.3437	-1042.529	47.18511	80961.63	36.88747	0.995536	0.998855	1.00114	1.00447	3.004928
5710	-979.5218	-1038.969	59.44674	99328.54	35.2702	0.99597	0.998967	1.00103	1.00404	2.680936
5720	-971.9796	-1028.941	56.96165	2171.816	36.16388	0.972858	0.992902	1.00683	1.02741	2.745576
5730	-989.2402	-1037.114	47.87338	89045.98	31.68556	0.995744	0.998909	1.00108	1.00426	3.044013
5740	-989.3226	-1031.694	42.37183	16769.86	26.30993	0.990202	0.997476	1.00249	1.00983	3.230499
5750	-982.959	-1024.461	41.50222	61813.41	27.35182	0.994892	0.99869	1.0013	1.00512	3.269347
5760	-978.8889	-1024.965	46.07628	71125.94	28.01043	0.995238	0.998779	1.00121	1.00477	3.106872
5770	-996.8996	-1041.243	44.34304	10105.86	29.73356	0.987384	0.996742	1.0032	1.01267	3.168281
5780	-976.0495	-1028.074	52.02459	3640.342	31.42449	0.979012	0.994541	1.0053	1.02115	2.913324
5790	-997.5257	-1039.526	41.99993	88026.05	30.221	0.995719	0.998902	1.00109	1.00429	3.243678
5800	-992.1507	-1034.106	41.9553	12389.72	26.93618	0.988604	0.99706	1.00289	1.01144	3.250918
5810	-985.7055	-1027.781	42.07538	78560.58	25.74691	0.995469	0.998838	1.00115	1.00454	3.235533
5820	-997.7131	-1043.271	45.55746	14474.33	29.95883	0.989455	0.997282	1.00268	1.01058	3.126855
5830	-1000.653	-1040.564	39.91029	34737.77	27.92917	0.993188	0.99825	1.00173	1.00683	3.327175
5840	-977.9901	-1024.275	46.28474	63378.65	30.49911	0.994955	0.998706	1.00129	1.00505	3.100921
5850	-983.6558	-1025.466	41.81023	55009.43	28.90757	0.994586	0.998611	1.00138	1.00542	3.257607
5860	-1004.531	-1045.475	40.94394	50756.64	31.19273	0.994364	0.998553	1.00144	1.00565	3.268668
5870	-990.3789	-1028.921	38.54231	27645.17	28.76049	0.992365	0.998037	1.00194	1.00766	3.371711
5880	-986.2426	-1021.746	35.50374	591.1572	24.23382	0.948215	0.986168	1.01287	1.05275	3.47879
5890	-990.7768	-1028.582	37.8049	12994.77	23.97556	0.988872	0.99713	1.00283	1.01117	3.379091
5900	-1006.242	-1046.674	40.43204	70166.76	29.52473	0.995205	0.99877	1.00122	1.0048	3.301414
5910	-980.8802	-1036.28	55.39987	22302.96	38.9758	0.991501	0.997813	1.00216	1.00852	2.759493
5920	-981.0923	-1030.446	49.35361	44037.18	30.85865	0.993949	0.998446	1.00154	1.00606	2.999851
5930	-979.2809	-1039.081	59.80041	65050.29	32.13624	0.995021	0.998723	1.00127	1.00499	2.670009
5940	-967.512	-1032.805	65.2927	65636.04	35.43481	0.995043	0.998728	1.00126	1.00497	2.515322
5950	-972.277	-1033.827	61.55024	94319.78	33.74044	0.995864	0.99894	1.00105	1.00414	2.621735
5960	-998.3321	-1031.594	33.26212	30600.46	24.31505	0.992743	0.998135	1.00185	1.00728	3.572041
5970	-989.4285	-1032.111	42.68269	94550.48	26.57922	0.995869	0.998941	1.00105	1.00414	3.22121
5980	-999.478	-1041.072	41.59351	64417.9	30.67715	0.994996	0.998716	1.00127	1.00501	3.25309
5990	-996.5673	-1034.545	37.97795	94117.62	26.15797	0.99586	0.998939	1.00106	1.00415	3.396923
6000	-969.6588	-1026.003	56.34388	15652.24	33.28055	0.989858	0.997387	1.00258	1.01018	2.777166
6010	-984.1846	-1032.163	47.97828	70956.34	27.72522	0.995232	0.998777	1.00121	1.00478	3.036481
6020	-972.8159	-1030.039	57.22259	63680.3	38.93303	0.994967	0.998709	1.00128	1.00504	2.713192
6030	-972.4362	-1023.443	51.00671	118.4697	32.38855	0.885753	0.967808	1.02737	1.11907	2.942579
6040	-994.947	-1036.085	41.13759	89121.48	26.80947	0.995745	0.998909	1.00108	1.00426	3.280669
6050	-987.5169	-1039.98	52.46355	42581.12	33.01031	0.993847	0.99842	1.00157	1.00617	2.89513
6060	-1000.284	-1036.381	36.09685	83385.18	28.00897	0.995602	0.998872	1.00112	1.00441	3.463158
6070	-1007.222	-1044.206	36.98322	38627.6	26.03299	0.99354	0.998341	1.00164	1.00647	3.434556
6080	-971.7374	-1024.593	52.85593	52688.77	34.85371	0.994468	0.99858	1.00141	1.00554	2.871402
6090	-998.796	-1039.859	41.06275	702.5841	29.2679	0.95246	0.987348	1.01184	1.04835	3.281635
6100	-1003.234	-1041.879	38.64568	23587.2	24.55258	0.991736	0.997874	1.0021	1.00829	3.354689
6110	-999.0365	-1044.009	44.97212	11389.44	29.11021	0.988115	0.996933	1.00302	1.01194	3.148197
6120	-981.5587	-1026.845	45.2864	85066.38	31.01709	0.995645	0.998883	1.00111	1.00436	3.130649
6130	-989.3001	-1029.378	40.07798	62760.8	24.62126	0.994931	0.9987	1.00129	1.00508	3.297605
6140	-992.9149	-1039.405	46.49023	63668.23	26.64362	0.994967	0.998709	1.00128	1.00504	3.078845
6150	-996.5609	-1037.008	40.44729	8864.214	33.15139	0.986532	0.996519	1.00342	1.01353	3.256903
6160	-965.4944	-1017.638	52.14377	46778.1	31.74228	0.994129	0.998493	1.00149	1.00588	2.909148
6170	-980.7046	-1022.362	41.65756	6843.868	29.26368	0.984677	0.996034	1.00388	1.01541	3.261333
6180	-982.3258	-1027.525	45.19939	6682.332	33.08312	0.984494	0.995986	1.00393	1.01559	3.114351
6190	-1002.718	-1034.167	31.44862	50448.08	29.65045	0.994346	0.998549	1.00144	1.00566	3.603446
6200	-988.3789	-1029.468	41.08944	75892.47	24.30083	0.99539	0.998818	1.00117	1.00462	3.249812
6210	-992.5587	-1039.76	47.20152	91776.2	29.69633	0.995807	0.998925	1.00107	1.0042	3.072154
6220	-990.2842	-1027.984	37.69999	85529.03	28.61925	0.995657	0.998887	1.00111	1.00435	3.402084
6230	-998.6258	-1030.588	31.96264	17250.59	23.80682	0.990339	0.997512	1.00246	1.00969	3.621084
6240	-982.5293	-1041.221	58.69153	21619.49	44.91195	0.991368	0.997779	1.00219	1.00866	2.601214
6250	-988.5342	-1038.77	50.23591	59140.96	27.46305	0.994778	0.99866	1.00133	1.00523	2.951614
6260	-995.6473	-1030.801	35.15336	76186.9	35.78124	0.995399	0.99882	1.00117	1.00461	3.357729
6270	-993.0228	-1034.426	41.40356	46213.52	26.04717	0.994093	0.998484	1.0015	1.00592	3.2649
6280	-979.5303	-1029.778	50.24799	46221.22	28.43436	0.994094	0.998484	1.0015	1.00592	2.962099
6290	-991.862	-1025.815	33.9526	41884.89	23.97988	0.993796	0.998407	1.00158	1.00622	3.539822
6300	-1018.271	-1037.276	19.00509	26768.56	20.94907	0.992242	0.998005	1.00197	1.00778	4.168751
6310	-1005.891	-1025.611	19.71965	21710.11	25.08257	0.991386	0.997783	1.00219	1.00864	4.116717
6320	-1002.233	-1037.545	35.31109	52062.72	23.92785	0.994435	0.998572	1.00142	1.00558	3.482374
6330	-1003.837	-1041.175	37.33829	81155.2	31.44343	0.995542	0.998857	1.00114	1.00447	3.380378
6340	-1008.835	-1037.381	28.54604	85421.89	26.69335	0.995654	0.998886	1.00111	1.00435	3.751748
6350	-1002.858	-1034.108	31.25012	95806.49	21.77671	0.995896	0.998948	1.00105	1.00411	3.613004
6360	-992.062	-1034.057	41.99448	58398.97	25.87341	0.994745	0.998652	1.00134	1.00526	3.240237
6370	-994.5463	-1031.63	37.08412	54345.26	24.40406	0.994553	0.998602	1.00139	1.00546	3.416193
6380	-1010.33	-1037.424	27.09315	55635.78	31.55235	0.994616	0.998618	1.00137	1.00539	3.703352
6390	-1006.864	-1036.499	29.63451	45517.26	23.34271	0.994048	0.998472	1.00152	1.00596	3.714984
6400	-1016.57	-1036.075	19.50421	94401.97	19.04042	0.995866	0.99894	1.00105	1.00414	4.093798
6410	-1015.199	-1033.433	18.23414	53791.73	20.75999	0.994525	0.998595	1.00139	1.00549	4.203314
6420	-1012.547	-1040.414	27.86763	58964.84	24.63538	0.99477	0.998658	1.00133	1.00524	3.7935
6430	-1012.315	-1038.512	26.1975	40639.07	21.79167	0.993702	0.998382	1.0016	1.00631	3.845303
6440	-992.2361	-1035.762	43.52555	99267.02	30.4543	0.995968	0.998967	1.00103	1.00404	3.191695
6450	-983.676	-1036.175	52.4986	89010.57	34.69445	0.995743	0.998909	1.00108	1.00426	2.882996
6460	-984.9568	-1027.662	42.70482	70800.67	32.77066	0.995227	0.998776	1.00122	1.00478	3.193986
6470	-969.8465	-1021.393	51.54688	25649.64	31.78977	0.992074	0.997962	1.00202	1.00795	2.927841
6480	-983.8254	-1024.13	40.30435	5415.553	28.74423	0.98278	0.995536	1.00436	1.01733	3.310522
6490	-988.727	-1030.024	41.29711	34544.35	25.59034	0.993169	0.998245	1.00174	1.00685	3.263844
6500	-984.2199	-1027.464	43.24432	13863.75	31.02591	0.989225	0.997222	1.00274	1.01082	3.19641
6510	-978.6568	-1029.868	51.21139	21312.72	29.17722	0.991307	0.997763	1.00221	1.00872	2.934311
6520	-982.3181	-1031.668	49.34944	30912.79	30.33842	0.99278	0.998144	1.00184	1.00724	3.000497
6530	-980.3461	-1036.91	56.56386	67609.06	27.37823	0.995116	0.998747	1.00124	1.00489	2.719288
6540	-983.8016	-1026.599	42.79728	53854.47	29.95952	0.994528	0.998596	1.00139	1.00548	3.218984
6550	-979.7847	-1034.832	55.04689	15395.72	33.53909	0.989774	0.997365	1.0026	1.01026	2.815268
6560	-981.9769	-1026.035	44.0584	24331.79	26.24483	0.991863	0.997907	1.00207	1.00816	3.165589
6570	-992.9438	-1033.417	40.47342	89142.24	26.13172	0.995746	0.998909	1.00108	1.00426	3.301313
6580	-992.6473	-1028.344	35.69686	65342.03	21.0436	0.995032	0.998726	1.00127	1.00498	3.376679
6590	-1003.59	-1037.315	33.72423	62905.6	25.65809	0.994937	0.998701	1.00129	1.00507	3.559839
6600	-991.4745	-1029.415	37.9404	18055.34	29.1629	0.990556	0.997568	1.0024	1.00948	3.389281
6610	-994.206	-1031.561	37.35545	99929.03	27.41286	0.995982	0.99897	1.00102	1.00402	3.420781
6620	-1004.562	-1035.829	31.26723	7740.411	24.45975	0.985589	0.996273	1.00365	1.01448	3.654814
6630	-998.2641	-1030.781	32.51702	26176.22	24.27478	0.992154	0.997982	1.002	1.00787	3.602369
6640	-994.8759	-1033.544	38.66816	67249.93	31.25277	0.995103	0.998744	1.00125	1.00491	3.340791
6650	-1001.375	-1042.569	41.19398	67845.8	32.67201	0.995124	0.998749	1.00124	1.00488	3.241526
6660	-1013.49	-1048.093	34.603	66149.71	28.55908	0.995062	0.998733	1.00126	1.00495	3.510966
6670	-999.0485	-1037.59	38.5419	96066.71	23.21988	0.995902	0.99895	1.00104	1.0041	3.330043
6680	-1019.097	-1044.763	25.66612	37613.75	24.813	0.993454	0.998318	1.00167	1.00656	3.881722
6690	-1010.668	-1031.995	21.32677	26612.41	28.27149	0.992219	0.997999	1.00198	1.0078	3.983588
6700	-1000.222	-1032.947	32.72501	95945.91	30.96681	0.995899	0.998949	1.00105	1.00411	3.536615
6710	-990.1109	-1037.396	47.28491	78809.99	33.75394	0.995476	0.99884	1.00115	1.00453	3.044384
6720	-992.7195	-1037.7	44.98045	88908.49	28.35182	0.99574	0.998908	1.00109	1.00427	3.147151
6730	-985.8598	-1030.195	44.33515	86277.73	34.41149	0.995676	0.998891	1.0011	1.00433	3.122494
6740	-1003.131	-1040.232	37.10102	37253.95	27.17182	0.993422	0.99831	1.00167	1.00659	3.430736
6750	-995.0553	-1028.028	32.97296	71288.86	24.3922	0.995243	0.99878	1.00121	1.00476	3.584563
6760	-989.0298	-1030.861	41.83139	87239.76	26.99026	0.9957	0.998898	1.0011	1.00431	3.255802
6770	-999.8731	-1037.432	37.55931	95523.07	24.67774	0.99589	0.998947	1.00105	1.00412	3.400669
6780	-975.6558	-1022.993	47.3369	12919.72	31.55866	0.988839	0.997122	1.00283	1.0112	3.061722
6790	-975.2151	-1024.456	49.24121	82976.39	34.92965	0.995591	0.998869	1.00112	1.00442	2.974255
6800	-982.062	-1040.456	58.39397	21142.2	35.78836	0.991272	0.997754	1.00222	1.00876	2.708171
6810	-969.487	-1033.681	64.19442	7254.416	30.98054	0.985116	0.996149	1.00377	1.01496	2.520567
6820	-974.3569	-1026.924	52.56677	3904.142	31.45617	0.979731	0.994731	1.00512	1.02042	2.896059
6830	-993.9383	-1028.903	34.96487	96255.8	27.02976	0.995906	0.998951	1.00104	1.0041	3.510036
6840	-977.7744	-1031.2	53.42526	4908.313	33.16094	0.981915	0.995308	1.00458	1.0182	2.865387
6850	-1000.547	-1033.139	32.59253	62991.99	22.60327	0.99494	0.998702	1.00129	1.00507	3.57405
6860	-1014.383	-1049.843	35.4597	67187.4	31.60411	0.9951	0.998743	1.00125	1.00491	3.43726
6870	-990.3437	-1039.399	49.05557	28611.42	33.73369	0.992495	0.998071	1.00191	1.00752	2.992116
6880	-1015.024	-1048.906	33.88232	2066.26	24.46693	0.972177	0.99272	1.007	1.0281	3.547964
6890	-996.0766	-1028.858	32.78107	795.0853	29.42802	0.955287	0.988129	1.01115	1.04543	3.562096
6900	-991.5766	-1028.054	36.47734	79929	28.57768	0.995508	0.998848	1.00114	1.0045	3.445173
6910	-988.2505	-1030.888	42.63777	39838.57	31.08545	0.993639	0.998366	1.00162	1.00638	3.215399
6920	-981.8338	-1048.565	66.73088	71844.64	41.05827	0.995262	0.998785	1.00121	1.00475	2.456385
6930	-991.696	-1045.081	53.38472	10328.4	36.86618	0.98752	0.996778	1.00317	1.01253	2.837095
6940	-993.1049	-1038.539	45.434	31112.78	26.10202	0.992803	0.99815	1.00183	1.00722	3.111026
6950	-989.6524	-1039.318	49.66595	51946.99	29.93556	0.994429	0.99857	1.00142	1.00558	2.989679
6960	-983.8813	-1031.407	47.52558	73853.21	29.89341	0.995327	0.998801	1.00119	1.00468	3.061205
6970	-1010.808	-1046.137	35.32815	92273.86	24.13226	0.995819	0.998928	1.00107	1.00419	3.484668
6980	-991.0093	-1031.685	40.67526	72665.06	27.97206	0.995289	0.998792	1.0012	1.00472	3.299741
6990	-965.3757	-1017.581	52.20506	16900.07	32.59753	0.990239	0.997486	1.00248	1.00979	2.904809
7000	-968.8367	-1024.127	55.29013	25594.12	32.59396	0.992066	0.997959	1.00202	1.00796	2.810171
7010	-984.3093	-1037.416	53.10695	91114.03	30.44482	0.995792	0.998921	1.00107	1.00421	2.877046
7020	-980.0127	-1040.173	60.16069	45754.31	35.70367	0.994064	0.998476	1.00151	1.00595	2.659149
7030	-977.4649	-1028.456	50.99137	92028.56	32.08368	0.995813	0.998927	1.00107	1.00419	2.944326
7040	-1002.526	-1039.741	37.21483	2571.932	27.03508	0.975048	0.993488	1.00629	1.02517	3.426788
7050	-1000.361	-1039.289	38.92854	23793.44	25.79491	0.991772	0.997883	1.00209	1.00825	3.358139
7060	-987.0468	-1023.999	36.95224	71963.23	27.53026	0.995266	0.998786	1.00121	1.00474	3.435043
7070	-990.2291	-1029.477	39.24792	27805.02	25.75553	0.992387	0.998043	1.00194	1.00763	3.345424
7080	-1005.433	-1039.914	34.48092	81061.95	24.58374	0.995539	0.998856	1.00114	1.00447	3.524599
7090	-1005.212	-1031.047	25.83459	95445.42	21.4169	0.995889	0.998946	1.00105	1.00412	3.854467
7100	-1009.336	-1033.902	24.56596	85409.44	22.01455	0.995654	0.998886	1.00111	1.00435	3.923296
7110	-1007.768	-1033.764	25.99677	71708.16	23.42218	0.995257	0.998784	1.00121	1.00475	3.871087
7120	-1006.587	-1032.529	25.94153	81099.52	28.18836	0.99554	0.998856	1.00114	1.00447	3.822081
7130	-990.0704	-1023.078	33.00807	70698.38	30.34527	0.995224	0.998775	1.00122	1.00478	3.539011
7140	-990.6086	-1023.523	32.91397	78895.3	24.76816	0.995478	0.998841	1.00115	1.00453	3.5894
7150	-1024.716	-1048.428	23.71242	66617.92	27.06407	0.99508	0.998738	1.00125	1.00493	3.92565
7160	-992.5432	-1032.78	40.23633	52587.58	24.84451	0.994463	0.998579	1.00141	1.00555	3.295044
7170	-997.7991	-1043.595	45.79585	19997.23	31.36036	0.991026	0.99769	1.00228	1.009	3.11199
7180	-983.4119	-1023.749	40.33757	50092.31	30.3733	0.994326	0.998544	1.00144	1.00569	3.297195
7190	-983.0141	-1029.935	46.92093	27048	27.17092	0.992282	0.998015	1.00196	1.00774	3.069325
7200	-1012.95	-1037.616	24.66604	77128.25	29.22814	0.995427	0.998827	1.00117	1.00458	3.84285
7210	-995.967	-1041.524	45.55714	56872.18	25.39941	0.994675	0.998634	1.00136	1.00534	3.09356
7220	-1012.054	-1038.47	26.41668	8983.347	26.13748	0.986621	0.996543	1.00339	1.01344	3.83916
7230	-987.5237	-1023.477	35.95297	69128.91	23.78273	0.99517	0.998761	1.00123	1.00484	3.453043
7240	-992.3374	-1032.009	39.67142	22846.59	29.43177	0.991603	0.99784	1.00214	1.00842	3.327924
7250	-989.6296	-1038.514	48.88428	61840.3	30.95472	0.994893	0.99869	1.0013	1.00512	3.014822
7260	-1027.179	-1059.399	32.22004	16013.72	31.02866	0.989973	0.997417	1.00255	1.01006	3.551679
7270	-984.1796	-1036.077	51.89717	1602.742	29.83151	0.96843	0.991713	1.00793	1.03193	2.914689
7280	-1003.655	-1048.307	44.6519	66253.26	31.82846	0.995066	0.998734	1.00126	1.00494	3.144375
7290	-971.7664	-1031.792	60.02571	4170.688	34.6018	0.980387	0.994904	1.00496	1.01975	2.66622
7300	-987.7732	-1037.013	49.23981	86595.16	26.00336	0.995684	0.998893	1.0011	1.00432	2.963103
7310	-972.1931	-1026.996	54.80308	47419.87	31.51415	0.994169	0.998503	1.00148	1.00584	2.825069
7320	-1010.173	-1042.697	32.52391	11001.89	36.53909	0.987908	0.996879	1.00307	1.01214	3.411541
7330	-980.6024	-1033.274	52.67189	2205.457	31.96795	0.973065	0.992958	1.00678	1.02719	2.892175
7340	-1006.273	-1047.993	41.7207	79109.6	32.65748	0.995484	0.998842	1.00115	1.00452	3.225607
7350	-979.1645	-1026.141	46.97678	50730.82	25.57323	0.994362	0.998553	1.00144	1.00565	3.041531
7360	-979.7451	-1021.998	42.2525	81138.48	22.56912	0.995541	0.998857	1.00114	1.00447	3.145245
7370	-987.6096	-1027.267	39.65715	78390.92	27.76419	0.995464	0.998837	1.00116	1.00454	3.336553
7380	-994.035	-1032.494	38.45925	50973.47	23.50191	0.994376	0.998556	1.00143	1.00564	3.341026
7390	-1000.821	-1035.426	34.60525	6882.877	25.52412	0.98472	0.996045	1.00387	1.01536	3.525162
7400	-1026.791	-1055.925	29.13424	87718.9	27.54931	0.995712	0.998901	1.00109	1.0043	3.718748
7410	-1006.673	-1044.432	37.7586	87919.44	25.8135	0.995716	0.998902	1.00109	1.00429	3.403606
7420	-997.1483	-1034.844	37.69582	65513.48	29.16148	0.995038	0.998727	1.00126	1.00497	3.397681
7430	-997.018	-1033.626	36.6076	10802.37	25.9689	0.987797	0.99685	1.0031	1.01226	3.448783
7440	-987.8807	-1039.925	52.04394	39594.09	28.20846	0.993619	0.998361	1.00162	1.0064	2.896327
7450	-988.4987	-1046.212	57.71299	67314.79	38.02838	0.995105	0.998744	1.00125	1.0049	2.70963
7460	-991.4644	-1037.18	45.7158	63372.76	29.00106	0.994955	0.998706	1.00129	1.00505	3.122591
7470	-987.4595	-1026.01	38.55069	3525.075	28.22348	0.978673	0.994451	1.00539	1.02149	3.374594
7480	-1002.553	-1036.69	34.1367	70863.73	24.01301	0.995229	0.998776	1.00122	1.00478	3.532573
7490	-991.4952	-1038.049	46.55404	42417.85	36.04815	0.993835	0.998417	1.00157	1.00618	3.035122
7500	-994.6184	-1026.133	31.51463	22180.63	24.53582	0.991478	0.997807	1.00217	1.00855	3.645056
7510	-992.5943	-1030.576	37.98159	88081.78	27.10297	0.99572	0.998903	1.00109	1.00429	3.398389
7520	-977.5116	-1029.424	51.91255	34019.5	31.79706	0.993117	0.998231	1.00175	1.0069	2.916324
7530	-1000.493	-1042.688	42.19453	8823.902	30.96919	0.986501	0.996511	1.00342	1.01356	3.230797
7540	-991.2832	-1036.927	45.6434	22030.77	31.69314	0.991449	0.9978	1.00217	1.00858	3.114331
7550	-984.264	-1041.522	57.25779	89649.9	30.99234	0.995758	0.998912	1.00108	1.00425	2.744541
7560	-1005.424	-1038.007	32.58315	14904.42	22.8948	0.989607	0.997322	1.00264	1.01043	3.580698
7570	-998.2038	-1043.804	45.59983	70005.06	31.80609	0.9952	0.998769	1.00122	1.00481	3.11478
7580	-1015.633	-1039.225	23.59179	92965.78	25.56707	0.995834	0.998932	1.00106	1.00417	3.95605
7590	-989.7613	-1023.59	33.82909	39866.82	22.12278	0.993641	0.998367	1.00162	1.00637	3.505912
7600	-995.0889	-1038.063	42.9738	53953.3	23.68804	0.994533	0.998597	1.00139	1.00548	3.154922
7610	-993.3918	-1033.553	40.161	46359.68	24.45692	0.994103	0.998486	1.0015	1.00591	3.291151
7620	-989.3908	-1032.788	43.39763	48292.77	30.14815	0.994222	0.998517	1.00147	1.00579	3.197873
7630	-995.2478	-1031.998	36.75018	38251.16	26.78375	0.993508	0.998333	1.00165	1.00651	3.444344
7640	-976.5235	-1026.619	50.09536	83024.5	28.71062	0.995592	0.99887	1.00112	1.00441	2.969655
7650	-1009.061	-1037.438	28.37707	49800.79	33.74864	0.99431	0.998539	1.00145	1.0057	3.604697
7660	-994.3441	-1025.751	31.40653	54813.37	24.17037	0.994576	0.998608	1.00138	1.00543	3.64744
7670	-991.9102	-1034.496	42.58582	15933.21	30.29482	0.989948	0.99741	1.00255	1.01009	3.223758
7680	-969.5333	-1024.348	54.81472	83400.32	26.87132	0.995602	0.998872	1.00112	1.0044	2.771989
7690	-986.6791	-1033.545	46.86595	31976.03	28.37295	0.992901	0.998175	1.00181	1.00712	3.080751
7700	-985.8054	-1030.768	44.96288	43137.89	34.20773	0.993887	0.99843	1.00156	1.00613	3.107093
7710	-990.9274	-1040.874	49.9464	3126.59	34.11734	0.97736	0.994103	1.00571	1.02282	2.962262
7720	-993.1593	-1037.01	43.85092	28009.13	29.77552	0.992415	0.99805	1.00193	1.00761	3.184656
7730	-982.2656	-1028.209	45.9435	88946.02	28.68818	0.995741	0.998908	1.00109	1.00427	3.114214
7740	-1005.618	-1049.219	43.60094	20078.1	26.36652	0.991044	0.997695	1.00228	1.00898	3.184425
7750	-979.5322	-1024.13	44.59815	26485.81	26.60656	0.9922	0.997994	1.00198	1.00782	3.149451
7760	-959.6979	-1024.512	64.81375	13321.7	31.55723	0.989009	0.997166	1.00279	1.01103	2.507916
7770	-973.2007	-1042.558	69.35723	34260.71	38.24846	0.993141	0.998238	1.00175	1.00688	2.403086
7780	-980.2659	-1043.589	63.32355	24972.44	40.13159	0.991968	0.997934	1.00204	1.00806	2.547451
7790	-984.8639	-1026.388	41.52458	1392.741	24.06427	0.966148	0.991096	1.00849	1.03426	3.226211
7800	-1006.166	-1034.766	28.60044	40386.13	25.16133	0.993682	0.998377	1.00161	1.00633	3.762337
7810	-1010.178	-1044.543	34.3643	82809.93	24.44557	0.995586	0.998868	1.00112	1.00442	3.528057
7820	-1022.523	-1047.888	25.36469	29755.66	24.13382	0.992641	0.998108	1.00187	1.00738	3.897532
7830	-1002.022	-1037.368	35.34619	9730.223	27.64336	0.987143	0.996679	1.00326	1.01292	3.492656
7840	-1003.523	-1050.017	46.49439	38001.85	31.26712	0.993487	0.998327	1.00166	1.00653	3.090288
7850	-986.4845	-1042.64	56.15525	48692.56	29.38397	0.994246	0.998523	1.00147	1.00577	2.767317
7860	-985.826	-1034.025	48.19849	56862.73	29.12465	0.994675	0.998633	1.00136	1.00534	3.037411
7870	-985.0929	-1031.347	46.25366	62942.06	26.46574	0.994938	0.998701	1.00129	1.00507	3.08527
7880	-990.0204	-1035.972	45.95166	58916.26	32.23734	0.994768	0.998658	1.00133	1.00524	3.100046
7890	-979.1768	-1022.824	43.64709	12188.83	24.31411	0.98851	0.997036	1.00292	1.01154	3.144916
7900	-981.2051	-1028.237	47.03174	3626.087	34.40066	0.978971	0.99453	1.00531	1.02119	3.044264
7910	-983.307	-1039.294	55.98729	47901.71	29.85297	0.994198	0.998511	1.00148	1.00581	2.777778
7920	-988.1735	-1045.273	57.09969	26144.91	30.58737	0.99215	0.997981	1.002	1.00787	2.746984
7930	-993.0287	-1036.17	43.14138	50424.62	30.86118	0.994345	0.998549	1.00144	1.00567	3.201142
7940	-1000.646	-1044.14	43.49447	52094.49	35.32496	0.994436	0.998572	1.00142	1.00557	3.132317
7950	-976.2037	-1021.781	45.57766	716.9863	31.3824	0.952936	0.98748	1.01172	1.04786	3.118788
7960	-1000.826	-1030.87	30.0436	4397.981	23.64908	0.980898	0.99504	1.00483	1.01923	3.700451
7970	-978.4517	-1024.518	46.06662	77630.4	27.56521	0.995442	0.998831	1.00116	1.00457	3.104251
7980	-988.7171	-1040.032	51.31528	86218.55	30.13342	0.995674	0.998891	1.0011	1.00433	2.935207
7990	-992.4977	-1036.16	43.66181	33027.91	28.6696	0.993014	0.998205	1.00178	1.007	3.193756
8000	-995.2266	-1039.071	43.84397	42818.3	25.32891	0.993864	0.998424	1.00156	1.00615	3.15972
8010	-987.6693	-1026.636	38.96653	79895.41	30.00519	0.995507	0.998848	1.00115	1.0045	3.346374
8020	-972.2605	-1033.025	60.76483	9154.519	35.38681	0.986746	0.996576	1.00336	1.01332	2.643243
8030	-978.6155	-1026.274	47.65854	86083.24	30.80016	0.995671	0.99889	1.0011	1.00434	3.054986
8040	-995.7365	-1038.969	43.23239	85084.63	30.31721	0.995646	0.998884	1.00111	1.00436	3.202267
8050	-975.3254	-1026.189	50.86394	48357.46	37.94257	0.994226	0.998518	1.00147	1.00579	2.890946
8060	-968.9375	-1018.095	49.1572	42463.25	30.56765	0.993838	0.998418	1.00157	1.00618	3.006672
8070	-988.9128	-1033.971	45.05813	83619.48	29.71123	0.995608	0.998874	1.00112	1.0044	3.144292
8080	-994.0249	-1031.022	36.99725	10310.91	28.33043	0.98751	0.996775	1.00317	1.01255	3.428883
8090	-1011.227	-1043.02	31.79313	98454.26	22.54418	0.995952	0.998962	1.00103	1.00405	3.608138
8100	-983.5039	-1026.117	42.61269	34665.88	30.66193	0.993181	0.998248	1.00174	1.00684	3.219995
8110	-987.8771	-1025.657	37.78025	3994.774	25.3396	0.979961	0.994792	1.00506	1.02018	3.399216
8120	-1000.779	-1032.887	32.10759	7035.774	29.16721	0.984887	0.996089	1.00383	1.01519	3.589221
8130	-993.4384	-1037.149	43.711	8114.674	28.60789	0.985925	0.996361	1.00357	1.01415	3.192051
8140	-982.1296	-1023.836	41.7064	39174.68	28.19704	0.993585	0.998352	1.00163	1.00643	3.262806
8150	-1003.26	-1038.857	35.59731	98591.74	33.71969	0.995955	0.998963	1.00103	1.00405	3.391369
8160	-996.9736	-1032.451	35.47791	92626.34	24.97113	0.995827	0.99893	1.00106	1.00418	3.487626
8170	-990.9989	-1036.974	45.97548	80926.25	29.1418	0.995535	0.998855	1.00114	1.00447	3.113748
8180	-984.0654	-1027.214	43.14825	91716.64	31.8666	0.995806	0.998925	1.00107	1.0042	3.191204
8190	-987.9214	-1039.611	51.68931	33398.6	29.02069	0.993053	0.998215	1.00177	1.00696	2.916769
8200	-979.107	-1032.091	52.98352	25894.67	31.33164	0.992112	0.997971	1.00201	1.00791	2.882783
8210	-969.7876	-1027.489	57.70139	33997.44	32.22388	0.993115	0.998231	1.00175	1.0069	2.73554
8220	-966.8129	-1024.372	57.5593	73337.98	33.79309	0.99531	0.998797	1.00119	1.0047	2.739914
8230	-993.3321	-1039.076	45.74393	48100.45	26.87361	0.99421	0.998514	1.00147	1.0058	3.109579
8240	-989.9612	-1036.504	46.5433	8062.384	35.62991	0.985879	0.996349	1.00358	1.01419	3.041628
8250	-977.7389	-1027.609	49.87036	18733.46	32.05497	0.990728	0.997613	1.00236	1.0093	2.979405
8260	-990.4521	-1034.079	43.62711	25583.86	26.05215	0.992064	0.997959	1.00202	1.00796	3.1796
8270	-998.717	-1033.236	34.51917	98638.38	26.65968	0.995956	0.998963	1.00103	1.00405	3.528095
8280	-975.3535	-1017.592	42.23875	3266.856	38.83854	0.977849	0.994233	1.00559	1.02233	3.100009
8290	-979.8459	-1033.026	53.17972	3072.328	29.43507	0.977162	0.99405	1.00576	1.02302	2.868979
8300	-996.4419	-1039.591	43.14927	53726.6	27.07883	0.994521	0.998594	1.0014	1.00549	3.207566
8310	-992.9968	-1029.521	36.52422	33471.13	23.1595	0.993061	0.998217	1.00177	1.00696	3.415462
8320	-993.745	-1034.099	40.35429	39419.97	27.66467	0.993605	0.998358	1.00163	1.00641	3.311485
8330	-992.6505	-1027.429	34.77827	96518.76	23.69848	0.995912	0.998952	1.00104	1.00409	3.501073
8340	-988.8918	-1034.141	45.2489	16784.89	29.70175	0.990206	0.997477	1.00249	1.00983	3.137894
8350	-1016.651	-1046.193	29.5423	17778.37	26.5954	0.990483	0.997549	1.00242	1.00955	3.715434
8360	-973.7365	-1023.224	49.48785	41027.64	33.67755	0.993732	0.99839	1.0016	1.00628	2.979804
8370	-995.1267	-1042.219	47.09241	40633.22	29.38816	0.993701	0.998382	1.0016	1.00631	3.075749
8380	-996.9308	-1045.463	48.53256	77993.5	25.98327	0.995452	0.998834	1.00116	1.00456	2.989883
8390	-1006.883	-1038.408	31.52419	25367.71	26.14848	0.992031	0.99795	1.00203	1.00799	3.643694
8400	-996.4016	-1035.899	39.49696	45441.81	29.82966	0.994043	0.998471	1.00152	1.00597	3.330381
8410	-994.4525	-1041.697	47.24415	53916.16	30.34931	0.994531	0.998596	1.00139	1.00548	3.069864
8420	-977.9284	-1021.723	43.79467	14111.06	27.99116	0.98932	0.997247	1.00271	1.01072	3.188275
8430	-990.814	-1041.586	50.77204	80698.25	31.46796	0.995529	0.998854	1.00114	1.00448	2.953088
8440	-1007.94	-1044.595	36.65476	34570.3	24.77993	0.993172	0.998246	1.00174	1.00684	3.438499
8450	-995.2635	-1033.683	38.41927	34737.08	29.20083	0.993188	0.99825	1.00173	1.00683	3.372538
8460	-971.0491	-1021.922	50.87316	58998.59	26.73328	0.994772	0.998659	1.00133	1.00524	2.916088
8470	-1006.974	-1040.67	33.69624	18819.09	28.27476	0.990749	0.997618	1.00235	1.00928	3.546027
8480	-986.2019	-1030.966	44.76441	52259.34	24.61204	0.994445	0.998574	1.00141	1.00557	3.107027
8490	-1001.067	-1047.234	46.16715	64419.61	29.87079	0.994996	0.998716	1.00127	1.00501	3.106693
8500	-982.1559	-1028.099	45.9434	15747.21	28.99665	0.989889	0.997395	1.00257	1.01015	3.114738
8510	-994.5579	-1035.313	40.75524	10958.34	27.11299	0.987884	0.996873	1.00308	1.01217	3.296082
8520	-982.7505	-1033.796	51.04575	97845.97	31.21943	0.995939	0.998959	1.00103	1.00407	2.944786
8530	-976.4941	-1029.107	52.61312	75611.12	38.61898	0.995381	0.998816	1.00118	1.00463	2.835897
8540	-961.7209	-1015.898	54.17713	87903.27	36.82056	0.995716	0.998902	1.00109	1.00429	2.816075
8550	-976.7393	-1021.079	44.33938	24173.98	31.69646	0.991836	0.9979	1.00208	1.00819	3.155445
8560	-991.8913	-1031.562	39.67082	2433.74	27.1656	0.974353	0.993302	1.00646	1.02588	3.336152
8570	-988.8108	-1031.432	42.62107	8038.387	28.86381	0.985858	0.996343	1.00359	1.01421	3.229666
8580	-996.6824	-1032.174	35.49205	1746.923	26.91055	0.969754	0.992069	1.0076	1.03057	3.490948
8590	-982.2253	-1020.622	38.39639	67523.73	26.45774	0.995113	0.998746	1.00125	1.0049	3.38213
8600	-975.0867	-1028.07	52.9835	74303.6	31.25944	0.995341	0.998805	1.00119	1.00467	2.882745
8610	-977.567	-1028.601	51.03407	37854.03	30.13025	0.993474	0.998324	1.00166	1.00654	2.944532
8620	-978.224	-1030.828	52.60356	18758.3	29.14458	0.990735	0.997614	1.00236	1.0093	2.886328
8630	-1005.744	-1040.573	34.82894	66914.13	26.93791	0.99509	0.998741	1.00125	1.00492	3.515475
8640	-995.0969	-1031.584	36.48721	56623.24	26.45709	0.994663	0.998631	1.00136	1.00535	3.454289
8650	-1008.679	-1034.305	25.62674	63521.83	25.97455	0.994961	0.998707	1.00128	1.00505	3.871557
8660	-986.1659	-1018.856	32.69015	63521.83	18.6209	0.994961	0.998707	1.00128	1.00505	3.366351
8670	-1014.767	-1039.316	24.54957	16198.13	25.53716	0.99003	0.997431	1.00253	1.01	3.918966
8680	-1005.981	-1031.05	25.069	96864.15	21.04382	0.995919	0.998954	1.00104	1.00409	3.881725
8690	-992.6676	-1028.17	35.50239	49157.14	28.61803	0.994273	0.99853	1.00146	1.00574	3.478884
8700	-996.3795	-1039.92	43.54026	96607.49	28.12826	0.995913	0.998952	1.00104	1.00409	3.197655
8710	-990.6816	-1028.271	37.58977	90881.83	29.21905	0.995787	0.99892	1.00107	1.00422	3.40077
8720	-981.5951	-1024.631	43.03629	9912.095	29.87214	0.987262	0.99671	1.00323	1.0128	3.211499
8730	-985.8454	-1030.25	44.40417	80865.67	28.95826	0.995534	0.998855	1.00114	1.00447	3.167848
8740	-974.6376	-1030.012	55.37427	71921.66	32.11949	0.995264	0.998785	1.00121	1.00474	2.807733
8750	-996.0931	-1042.626	46.53283	20928.1	32.37111	0.991227	0.997742	1.00223	1.0088	3.080864
8760	-994.298	-1038.022	43.72356	54662.66	34.36152	0.994569	0.998606	1.00138	1.00544	3.141021
8770	-989.5119	-1033.657	44.14562	68789.08	32.41785	0.995158	0.998758	1.00123	1.00485	3.15409
8780	-965.8589	-1033.394	67.53487	30958.42	42.67311	0.992785	0.998146	1.00184	1.00723	2.42471
8790	-976.8754	-1033.372	56.49643	1794.441	40.01335	0.970155	0.992177	1.0075	1.03016	2.719037
8800	-996.2437	-1039.147	42.90347	97883.64	26.24634	0.99594	0.998959	1.00103	1.00407	3.209612
8810	-997.5328	-1036.809	39.27601	72263.4	32.67772	0.995275	0.998788	1.0012	1.00473	3.300136
8820	-967.4337	-1025.975	58.54174	28753.71	28.47315	0.992514	0.998075	1.0019	1.00751	2.671152
8830	-980.3811	-1029.525	49.14388	73322.05	31.71531	0.99531	0.998797	1.0012	1.0047	3.00378
8840	-1004.994	-1038.936	33.9416	29032.41	27.78864	0.99255	0.998085	1.0019	1.00747	3.542193
8850	-985.8718	-1022.35	36.47832	39002.28	27.95616	0.993571	0.998349	1.00164	1.00644	3.449884
8860	-981.1918	-1024.786	43.59469	78668.21	26.62454	0.995472	0.998839	1.00115	1.00454	3.18734
8870	-981.9691	-1027.706	45.73719	28261.09	27.79163	0.992449	0.998059	1.00192	1.00757	3.117737
8880	-978.879	-1027.491	48.61184	22551.51	27.76796	0.991548	0.997825	1.00215	1.00848	3.014064
8890	-973.7561	-1028.798	55.04191	48655.57	35.79521	0.994243	0.998522	1.00147	1.00577	2.801778
8900	-995.2331	-1049.461	54.22839	79438.38	37.31737	0.995494	0.998844	1.00115	1.00451	2.809385
8910	-987.2786	-1032.887	45.60876	8997.893	29.29029	0.986632	0.996546	1.00339	1.01343	3.1263
8920	-986.7086	-1020.542	33.8332	79844.66	22.90482	0.995505	0.998847	1.00115	1.0045	3.526321
8930	-996.1266	-1030.885	34.75886	6113.322	28.27267	0.98379	0.995801	1.00411	1.0163	3.508466
8940	-1009.025	-1044.67	35.64523	82777.72	26.56161	0.995585	0.998868	1.00112	1.00442	3.486007
8950	-986.8305	-1025.206	38.37558	46097.45	24.7103	0.994086	0.998482	1.00151	1.00593	3.368066
8960	-994.6531	-1027.847	33.19375	16670.23	25.16235	0.990172	0.997468	1.0025	1.00986	3.579786
8970	-985.9207	-1028.398	42.47689	38711.14	26.82736	0.993547	0.998343	1.00164	1.00647	3.230836
8980	-979.5825	-1030.049	50.4666	39023.7	31.24957	0.993573	0.998349	1.00164	1.00644	2.963281
8990	-1002.443	-1033.735	31.29188	85128.88	28.65661	0.995647	0.998884	1.00111	1.00436	3.625421
9000	-997.7189	-1027.625	29.90568	24124.05	25.01371	0.991828	0.997898	1.00208	1.0082	3.710722
9010	-998.6168	-1040.582	41.96497	7588.543	26.51248	0.985446	0.996235	1.00369	1.01463	3.247696
9020	-981.1633	-1032.499	51.33555	3150.219	33.15189	0.977445	0.994125	1.00569	1.02274	2.928459
9030	-1003.371	-1037.093	33.72222	59707.79	24.06452	0.994803	0.998667	1.00132	1.00521	3.550444
9040	-993.3607	-1034.858	41.497	91388.89	28.67931	0.995798	0.998923	1.00107	1.00421	3.269236
9050	-1004.095	-1038.358	34.26291	28622.82	30.5651	0.992497	0.998071	1.00191	1.00752	3.493972
9060	-1009.338	-1042.947	33.60883	21689.31	22.87072	0.991382	0.997782	1.00219	1.00864	3.535368
9070	-998.6604	-1038.269	39.6088	3770.833	30.81504	0.979377	0.994637	1.00521	1.02077	3.316163
9080	-993.1327	-1031.85	38.71768	20802.18	29.52883	0.991201	0.997735	1.00224	1.00883	3.359441
9090	-978.0207	-1025.919	47.89857	1080.684	32.15441	0.961603	0.989861	1.00961	1.03893	3.040239
9100	-973.3744	-1028.732	55.35786	90027.03	31.78609	0.995767	0.998915	1.00108	1.00424	2.807956
9110	-958.1436	-1017.785	59.64158	39157.15	34.19096	0.993584	0.998352	1.00163	1.00643	2.678009
9120	-971.7848	-1025.018	53.23299	68509.44	32.95482	0.995148	0.998755	1.00124	1.00486	2.872041
9130	-1007.402	-1037.432	30.02989	80479.8	22.80279	0.995523	0.998852	1.00114	1.00448	3.690794
9140	-995.9015	-1024.1	28.19855	66682.11	20.60705	0.995082	0.998738	1.00125	1.00493	3.717644
9150	-1015.12	-1038.455	23.3347	67839.6	22.50641	0.995124	0.998749	1.00124	1.00488	3.983125
9160	-1008.243	-1034.586	26.34315	95210.2	20.87715	0.995884	0.998945	1.00105	1.00412	3.816335
9170	-1004.258	-1028.418	24.15964	79962.52	28.59331	0.995508	0.998848	1.00114	1.0045	3.875825
9180	-1012.792	-1044.443	31.65093	18202.36	29.22065	0.990594	0.997578	1.00239	1.00944	3.603996
9190	-990.8011	-1035.854	45.05313	17088.33	30.92322	0.990293	0.9975	1.00247	1.00974	3.138795
9200	-976.3149	-1023.545	47.23052	59236.05	28.08069	0.994782	0.998661	1.00133	1.00523	3.066147
9210	-991.9027	-1028.457	36.55448	2185.652	29.46333	0.972943	0.992925	1.00681	1.02732	3.433464
9220	-977.3247	-1033.222	55.89716	64403.29	28.76628	0.994996	0.998716	1.00127	1.00501	2.768365
9230	-995.0453	-1032.336	37.2906	19829.74	26.08536	0.990988	0.99768	1.00229	1.00904	3.422949
9240	-985.2827	-1028.64	43.35745	65164.22	27.37018	0.995025	0.998724	1.00127	1.00498	3.201615
9250	-992.1303	-1026.526	34.39581	82745.08	29.56674	0.995585	0.998868	1.00113	1.00442	3.50526
9260	-985.0699	-1021.222	36.15201	35299.48	24.49176	0.993243	0.998264	1.00172	1.00677	3.45551
9270	-1004.472	-1040.196	35.7245	83302.23	25.19748	0.995599	0.998872	1.00112	1.00441	3.479451
9280	-994.806	-1028.856	34.05022	21497.78	23.46306	0.991344	0.997772	1.0022	1.00868	3.527964
9290	-997.3235	-1032.218	34.89431	2202.932	25.19505	0.973049	0.992954	1.00679	1.02721	3.512385
9300	-1019.29	-1046.827	27.53616	22168.13	22.83673	0.991476	0.997807	1.00217	1.00855	3.800527
9310	-983.6183	-1027.143	43.52474	39594.68	28.91316	0.993619	0.998361	1.00162	1.0064	3.198289
9320	-997.4361	-1045.485	48.04856	248.6834	39.47145	0.920585	0.978279	1.01942	1.08171	2.939628
9330	-977.5243	-1027.219	49.69508	40730.46	34.16689	0.993709	0.998384	1.0016	1.00631	2.969152
9340	-1001.62	-1035.9	34.28004	27941.34	24.34913	0.992406	0.998048	1.00193	1.00761	3.530536
9350	-1007.265	-1039.559	32.29447	17161.7	21.58703	0.990314	0.997505	1.00246	1.00972	3.558819
9360	-984.9267	-1029.679	44.75182	28615.68	28.48334	0.992496	0.998071	1.00191	1.00752	3.155483
9370	-980.8432	-1024.772	43.92903	28040.26	32.79529	0.992419	0.998051	1.00193	1.0076	3.15633
9380	-970.961	-1022.902	51.94125	60666.27	30.81364	0.994844	0.998677	1.00131	1.00517	2.915952
9390	-961.4635	-1023.902	62.43816	41227.01	35.33732	0.993747	0.998394	1.00159	1.00627	2.59603
9400	-998.2236	-1040.926	42.70272	26773.71	28.02765	0.992242	0.998005	1.00197	1.00778	3.227332
9410	-990.7864	-1039.04	48.25328	5699.998	35.34847	0.983214	0.99565	1.00425	1.01689	2.997301
9420	-982.5314	-1028.942	46.41022	36183.16	25.70235	0.993326	0.998285	1.0017	1.00669	3.066296
9430	-989.5028	-1034.494	44.99172	20139.88	28.20299	0.991057	0.997698	1.00227	1.00897	3.146312
9440	-986.2592	-1027.466	41.20666	69761.71	27.43064	0.995192	0.998767	1.00123	1.00482	3.280328
9450	-968.2762	-1026.383	58.10683	82365.44	30.33029	0.995574	0.998865	1.00113	1.00443	2.711764
9460	-986.7508	-1030.266	43.51545	41252.5	29.71398	0.993749	0.998395	1.00159	1.00627	3.196202
9470	-1013.369	-1040.743	27.3738	11859.34	23.24796	0.988352	0.996995	1.00296	1.0117	3.811212
9480	-996.8443	-1032.038	35.19422	60616.09	22.77202	0.994842	0.998677	1.00131	1.00517	3.463516
9490	-965.3281	-1029.191	63.86311	15700.33	43.46239	0.989874	0.997391	1.00257	1.01016	2.502429
9500	-984.8988	-1027.855	42.95636	18437.1	28.60617	0.990654	0.997593	1.00238	1.00938	3.218431
9510	-997.6708	-1036.816	39.14502	3839.699	29.09363	0.979562	0.994686	1.00516	1.02059	3.348494
9520	-996.2349	-1037.656	41.42141	86329.15	27.94431	0.995677	0.998892	1.0011	1.00433	3.273069
9530	-987.1915	-1041.484	54.29251	26302.95	34.3262	0.992173	0.997987	1.00199	1.00785	2.833656
9540	-968.8566	-1021.477	52.62046	9172.77	31.08125	0.986759	0.996579	1.00336	1.0133	2.894258
9550	-980.9799	-1031.225	50.24467	73828.23	29.43504	0.995326	0.998801	1.00119	1.00468	2.968692
9560	-985.9658	-1033.138	47.17204	7768.2	32.57677	0.985615	0.99628	1.00365	1.01446	3.059388
9570	-1006.514	-1045.7	39.18609	65312.43	31.46408	0.995031	0.998725	1.00127	1.00498	3.321325
9580	-1002.818	-1030.127	27.30983	52130.01	23.96856	0.994438	0.998573	1.00142	1.00557	3.816823
9590	-1005.121	-1032.66	27.53953	16413.68	24.29739	0.990096	0.997448	1.00252	1.00994	3.807405
9600	-981.2551	-1030.06	48.80497	60884.91	28.75532	0.994853	0.99868	1.00131	1.00516	3.01485
9610	-993.5129	-1038.812	45.29943	95268.52	25.79077	0.995885	0.998945	1.00105	1.00412	3.111084
9620	-993.6684	-1037.851	44.18261	8616.78	28.26573	0.98634	0.996469	1.00346	1.01373	3.175136
9630	-997.6193	-1041.544	43.92509	82841.2	27.85679	0.995587	0.998869	1.00112	1.00442	3.183181
9640	-1001.738	-1042.51	40.77145	38176.56	26.60598	0.993502	0.998331	1.00165	1.00651	3.293273
9650	-985.6965	-1024.994	39.29793	66923.47	27.74147	0.995091	0.998741	1.00125	1.00492	3.349536
9660	-991.0078	-1028.254	37.24649	70780.02	28.95049	0.995226	0.998776	1.00122	1.00478	3.415092
9670	-992.3946	-1037.868	45.47374	69767.73	27.88495	0.995192	0.998767	1.00123	1.00482	3.127742
9680	-1016.06	-1039.941	23.88121	18246.5	26.43468	0.990606	0.997581	1.00239	1.00943	3.931151
9690	-1018.8	-1044.165	25.36458	39079.3	24.23254	0.993577	0.99835	1.00164	1.00644	3.897184
9700	-1010.653	-1036.84	26.18736	29634.92	20.4457	0.992626	0.998104	1.00188	1.00739	3.809635
9710	-1011.11	-1037.172	26.06145	57151.8	22.36524	0.994688	0.998637	1.00135	1.00532	3.860321
9720	-1002.098	-1033.986	31.88731	45114.77	27.79277	0.994022	0.998465	1.00152	1.00599	3.61607
9730	-1007.936	-1043.759	35.82248	56474.59	27.59585	0.994656	0.998629	1.00136	1.00535	3.475708
9740	-977.7648	-1031.804	54.03943	92994.13	31.52997	0.995835	0.998932	1.00106	1.00417	2.849315
9750	-978.4771	-1033.021	54.5439	16384.96	26.38261	0.990087	0.997446	1.00252	1.00995	2.769824
9760	-1013.633	-1043.992	30.35883	76911.95	25.5584	0.99542	0.998826	1.00117	1.00459	3.691405
9770	-994.4834	-1046.634	52.15049	64168.44	29.30546	0.994987	0.998714	1.00128	1.00502	2.903066
9780	-1006.378	-1044.873	38.49587	71372.58	32.32044	0.995246	0.998781	1.00121	1.00476	3.329971
9790	-995.5303	-1033.052	37.52132	69612.22	31.23681	0.995186	0.998765	1.00123	1.00482	3.377729
9800	-997.2244	-1033.914	36.68934	17352.33	27.98428	0.990367	0.997519	1.00245	1.00967	3.442161
9810	-987.8023	-1028.703	40.90032	74321.57	37.99552	0.995341	0.998805	1.00119	1.00467	3.15243
9820	-989.0796	-1027.92	38.84067	78639.07	26.98389	0.995471	0.998839	1.00115	1.00454	3.366603
9830	-987.071	-1032.633	45.56235	87816.97	24.79911	0.995714	0.998901	1.00109	1.00429	3.079522
9840	-982.6271	-1026.741	44.11408	86636.6	27.79018	0.995685	0.998894	1.0011	1.00432	3.176134
9850	-992.6359	-1032.795	40.15942	57247.96	27.44212	0.994692	0.998638	1.00135	1.00532	3.318513
9860	-991.754	-1034.884	43.12996	46890.62	30.08097	0.994136	0.998495	1.00149	1.00588	3.207166
9870	-993.0079	-1035.646	42.63836	92164.89	31.13146	0.995816	0.998927	1.00107	1.00419	3.214941
9880	-992.9707	-1034.543	41.57265	80445.92	31.02742	0.995522	0.998852	1.00114	1.00449	3.250274
9890	-1001.185	-1033.376	32.1916	3499.221	22.25631	0.978594	0.99443	1.00541	1.02157	3.583479
9900	-1003.693	-1044.798	41.10434	17106.31	31.8343	0.990298	0.997501	1.00247	1.00974	3.255759
9910	-991.9263	-1039.571	47.64494	17328.19	29.86658	0.99036	0.997517	1.00245	1.00967	3.057222
9920	-1001.114	-1036.803	35.68876	55753.18	25.0929	0.994622	0.99862	1.00137	1.00539	3.480133
9930	-1001.001	-1038.142	37.14024	14660.51	26.51218	0.989522	0.997299	1.00266	1.01052	3.429675
9940	-990.707	-1034.758	44.05064	86934.5	26.26528	0.995692	0.998896	1.0011	1.00431	3.16614
9950	-975.4607	-1020.9	45.43886	81839.83	33.77095	0.99556	0.998862	1.00113	1.00445	3.09886
9960	-984.7707	-1035.262	50.49147	71153.17	33.907	0.995239	0.998779	1.00121	1.00477	2.948112
9970	-987.8995	-1024.444	36.54474	53564.48	27.37824	0.994513	0.998592	1.0014	1.0055	3.450493
9980	-997.1983	-1033.869	36.67114	13089.59	28.69507	0.988912	0.99714	1.00282	1.01113	3.437365
9990	-993.3949	-1034.579	41.18442	69336.18	26.87806	0.995177	0.998763	1.00123	1.00483	3.279265
10000	-987.1508	-1028.595	41.44414	52952.84	29.59476	0.994482	0.998584	1.00141	1.00553	3.266695
