Iteration	Posterior	Likelihood	Prior	alpha_morpho	br_len_lambda	rates_morpho[1]	rates_morpho[2]	rates_morpho[3]	rates_morpho[4]	tree_length
0	-974.0024	-1032.934	58.93124	20772.7	36.75604	0.991194	0.997734	1.00224	1.00883	2.687398
10	-968.2088	-1034.586	66.37735	62934.38	35.42258	0.994938	0.998701	1.00129	1.00507	2.484693
20	-956.9837	-1022.769	65.78497	71802.4	34.25947	0.99526	0.998784	1.00121	1.00475	2.498602
30	-955.4517	-1013.14	57.6878	40401.43	42.09408	0.993683	0.998378	1.00161	1.00633	2.663263
40	-984.7047	-1032.978	48.27319	29065.77	31.85567	0.992554	0.998086	1.00189	1.00747	3.030443
50	-982.6566	-1036.114	53.45732	57971.59	35.17013	0.994726	0.998647	1.00134	1.00528	2.851596
60	-981.5502	-1030.154	48.6037	62176.34	27.61502	0.994907	0.998693	1.0013	1.0051	3.01276
70	-992.0908	-1037.243	45.15216	28995.34	28.1791	0.992545	0.998084	1.0019	1.00747	3.140539
80	-994.1433	-1031.413	37.26935	76876.64	22.78904	0.995419	0.998825	1.00117	1.00459	3.372902
90	-981.9154	-1031.293	49.37763	21348.36	29.02948	0.991314	0.997765	1.00221	1.00871	2.996469
100	-984.393	-1027.419	43.02648	11282.66	30.80503	0.988059	0.996918	1.00303	1.01199	3.205337
110	-992.3254	-1035.003	42.6774	5588.734	24.91858	0.983049	0.995606	1.00429	1.01705	3.198281
120	-993.4956	-1035.453	41.9572	32081.65	27.14824	0.992912	0.998178	1.0018	1.00711	3.251911
130	-990.7791	-1034.23	43.45093	88800.25	29.37363	0.995738	0.998907	1.00109	1.00427	3.199707
140	-1000.734	-1038.323	37.58849	93962.1	28.18936	0.995856	0.998938	1.00106	1.00415	3.408892
150	-998.0974	-1039.972	41.87485	59293.77	28.14996	0.994785	0.998662	1.00133	1.00522	3.256855
160	-1000.922	-1038.236	37.31359	52804.59	22.14789	0.994474	0.998582	1.00141	1.00554	3.34935
170	-1001.398	-1037.34	35.94188	84566.73	25.87328	0.995632	0.99888	1.00111	1.00437	3.474168
180	-1012.518	-1031.198	18.67985	95205	19.56864	0.995883	0.998945	1.00105	1.00412	4.155663
190	-993.5979	-1027.973	34.37529	73391.55	27.47385	0.995312	0.998798	1.00119	1.0047	3.529062
200	-986.1051	-1020.265	34.15959	29944.46	27.79359	0.992664	0.998114	1.00187	1.00736	3.534305
210	-993.0685	-1036.541	43.47213	99482.28	30.64216	0.995973	0.998968	1.00103	1.00403	3.192112
220	-975.6466	-1021.404	45.75779	51241.68	31.48288	0.99439	0.99856	1.00143	1.00562	3.112324
230	-985.5222	-1032.309	46.78644	37015.72	25.57576	0.993401	0.998305	1.00168	1.00661	3.049027
240	-998.8467	-1037.383	38.53642	54196.4	34.23268	0.994545	0.9986	1.00139	1.00547	3.294477
250	-1004.682	-1039.807	35.12486	59277.11	23.22961	0.994784	0.998662	1.00133	1.00523	3.477412
260	-991.1739	-1028.229	37.05484	75739.51	24.36864	0.995385	0.998817	1.00118	1.00462	3.416869
270	-989.6956	-1029.58	39.88408	97912.96	23.29471	0.995941	0.99896	1.00103	1.00407	3.274484
280	-986.7585	-1029.908	43.14995	69952.4	28.05952	0.995198	0.998768	1.00122	1.00481	3.21143
290	-996.9303	-1029.884	32.95404	79533.84	26.39093	0.995496	0.998845	1.00115	1.00451	3.588126
300	-975.6562	-1023.441	47.78503	75429.49	26.4882	0.995376	0.998814	1.00118	1.00463	3.027778
310	-994.3603	-1038.27	43.90947	49296.49	32.36677	0.994281	0.998532	1.00146	1.00573	3.161954
320	-995.1953	-1028.877	33.68151	42282.02	25.68693	0.993825	0.998414	1.00157	1.00619	3.561524
330	-993.5337	-1045.014	51.48014	6984.389	30.90333	0.984832	0.996074	1.00384	1.01525	2.930953
340	-993.6356	-1028.42	34.78445	11019.57	25.66364	0.987917	0.996881	1.00307	1.01213	3.518532
350	-1007.352	-1040.929	33.57716	2680.711	23.21366	0.975557	0.993623	1.00616	1.02466	3.543741
360	-984.5084	-1025.425	40.91619	364.8955	28.84484	0.934264	0.98223	1.0162	1.0673	3.288816
370	-961.5249	-1010.767	49.24176	387.6422	29.50146	0.936198	0.982781	1.01574	1.06528	3.002964
380	-997.7291	-1028.02	30.2909	2791.374	24.0215	0.976045	0.993753	1.00604	1.02416	3.692779
390	-980.7698	-1024.31	43.54032	3464.171	34.38655	0.978487	0.994402	1.00543	1.02168	3.145972
400	-1004.444	-1035.14	30.69523	3527.003	22.92765	0.978679	0.994453	1.00539	1.02148	3.663689
410	-994.4179	-1028.294	33.87565	95393.56	24.17713	0.995888	0.998946	1.00105	1.00412	3.54536
420	-988.926	-1029.23	40.30383	96208.77	28.36754	0.995905	0.99895	1.00104	1.0041	3.312049
430	-979.9368	-1021.741	41.80422	21151.27	32.69595	0.991274	0.997754	1.00222	1.00875	3.222514
440	-980.3132	-1025.452	45.13931	9974.213	27.86917	0.987301	0.996721	1.00322	1.01276	3.139656
450	-970.669	-1029.835	59.16593	99105.19	36.73322	0.995965	0.998966	1.00103	1.00404	2.681163
460	-982.3044	-1027.233	44.92871	42168.01	28.57175	0.993817	0.998412	1.00157	1.0062	3.149431
470	-1004.266	-1048.519	44.25268	12440.69	26.10081	0.988627	0.997066	1.00289	1.01142	3.156267
480	-969.0365	-1029.463	60.42604	58305.87	39.96234	0.994741	0.998651	1.00134	1.00527	2.621334
490	-978.1689	-1024.168	45.99925	52105.03	30.04819	0.994437	0.998572	1.00142	1.00557	3.111873
500	-985.8155	-1024.913	39.09776	22740.74	28.95008	0.991584	0.997835	1.00214	1.00844	3.351149
510	-1006.032	-1034.401	28.36848	11420.39	30.11149	0.988131	0.996937	1.00301	1.01192	3.697207
520	-985.1402	-1035.06	49.92011	81436.55	34.30197	0.995549	0.998859	1.00113	1.00446	2.96127
530	-979.7022	-1025.993	46.29092	97945.44	28.84492	0.995941	0.99896	1.00103	1.00406	3.102484
540	-963.8486	-1024.357	60.50818	42319.36	33.94692	0.993828	0.998415	1.00157	1.00619	2.652702
550	-985.7203	-1033.029	47.30907	86075.47	29.01589	0.995671	0.99889	1.0011	1.00434	3.067692
560	-986.2411	-1027.153	40.91234	80879.64	35.27545	0.995534	0.998855	1.00114	1.00447	3.206336
570	-982.5214	-1031.995	49.47342	39230.85	31.57671	0.99359	0.998354	1.00163	1.00642	2.993953
580	-998.6475	-1038.489	39.84164	8334.25	25.42506	0.986111	0.996409	1.00352	1.01396	3.318886
590	-994.1425	-1033.588	39.44547	89443.47	28.3886	0.995753	0.998911	1.00108	1.00425	3.342216
600	-992.9369	-1033.388	40.45143	18056.78	26.88169	0.990557	0.997568	1.0024	1.00948	3.30655
610	-986.7174	-1030.956	44.23846	80741.79	34.50905	0.99553	0.998854	1.00114	1.00448	3.12386
620	-998.0865	-1032.353	34.26625	2007.34	27.75566	0.971773	0.992612	1.0071	1.02851	3.530793
630	-991.5316	-1032.219	40.68784	26217.16	29.06415	0.992161	0.997984	1.00199	1.00786	3.295626
640	-980.9655	-1030.705	49.73996	88702.48	31.76471	0.995735	0.998907	1.00109	1.00427	2.984785
650	-980.4822	-1048.593	68.11114	72673.59	34.95669	0.995289	0.998792	1.0012	1.00472	2.434138
660	-1001.022	-1045.663	44.64122	97733.54	28.63132	0.995937	0.998959	1.00104	1.00407	3.159559
670	-998.4437	-1036.315	37.87159	58788.75	27.39335	0.994762	0.998656	1.00133	1.00525	3.401997
680	-993.0644	-1040.679	47.61415	88076.1	27.80314	0.99572	0.998903	1.00109	1.00429	3.050299
690	-1004.48	-1042.881	38.40106	26138.13	37.01981	0.992149	0.997981	1.002	1.00787	3.240134
700	-978.2124	-1036.208	57.99607	20908.5	32.12952	0.991223	0.997741	1.00223	1.0088	2.726136
710	-983.5689	-1032.619	49.05061	78411.31	34.94478	0.995464	0.998837	1.00116	1.00454	2.979537
720	-1002.722	-1032.655	29.93326	6459.703	19.52668	0.984229	0.995916	1.004	1.01586	3.578051
730	-1001.962	-1039.378	37.41577	62136.63	25.23941	0.994905	0.998693	1.0013	1.0051	3.412719
740	-1002.249	-1039.465	37.2161	53787.76	25.89582	0.994525	0.998595	1.00139	1.00549	3.425027
750	-988.4267	-1031.275	42.84877	83604.3	23.7648	0.995607	0.998874	1.00112	1.0044	3.162552
760	-997.6448	-1029.713	32.06832	42009.04	24.43619	0.993805	0.998409	1.00158	1.00621	3.621923
770	-1001.653	-1037.875	36.22162	25284.75	29.78045	0.992018	0.997947	1.00203	1.00801	3.44082
780	-1009.183	-1041.714	32.53145	42208.04	25.366	0.99382	0.998413	1.00157	1.00619	3.606375
790	-983.0223	-1022.016	38.9933	19315.34	25.53006	0.990869	0.997649	1.00232	1.00916	3.353302
800	-1001.366	-1038.114	36.74769	97230.42	23.70994	0.995927	0.998956	1.00104	1.00408	3.418199
810	-974.793	-1025.732	50.93854	40765.45	31.76381	0.993711	0.998385	1.0016	1.0063	2.947055
820	-986.964	-1031.264	44.30021	41626.07	29.281	0.993777	0.998402	1.00158	1.00624	3.170994
830	-976.0085	-1024.041	48.03259	52124.88	29.0066	0.994438	0.998572	1.00142	1.00557	3.042724
840	-996.6911	-1041.431	44.74036	26811.04	36.577	0.992248	0.998007	1.00197	1.00777	3.076555
850	-985.0379	-1029.338	44.29979	59721.93	27.84497	0.994803	0.998667	1.00132	1.00521	3.169683
860	-968.4096	-1012.946	44.53664	7225.466	26.67651	0.985086	0.996141	1.00378	1.01499	3.152521
870	-985.3692	-1019.199	33.82996	9619.381	24.31154	0.98707	0.99666	1.00328	1.01299	3.548653
880	-998.5697	-1033.209	34.63888	16801.13	23.50074	0.990211	0.997478	1.00249	1.00982	3.503561
890	-986.795	-1034.603	47.80789	6015.41	30.38409	0.983659	0.995767	1.00414	1.01644	3.051224
900	-982.5526	-1034.548	51.99574	99100.33	33.34903	0.995965	0.998966	1.00103	1.00404	2.907415
910	-986.5064	-1022.745	36.23908	5497.342	31.45078	0.982909	0.995569	1.00433	1.0172	3.415212
920	-973.8699	-1019.902	46.03246	77735.84	27.10397	0.995445	0.998832	1.00116	1.00456	3.101352
930	-989.0304	-1027.415	38.38468	85393.02	29.67519	0.995654	0.998886	1.00111	1.00435	3.369269
940	-988.5622	-1029.445	40.88302	21367.73	24.80174	0.991318	0.997766	1.00221	1.00871	3.268258
950	-997.6938	-1048.261	50.56751	28069.55	31.97796	0.992423	0.998052	1.00193	1.0076	2.957964
960	-997.3013	-1039.418	42.11656	46249.38	28.3017	0.994096	0.998484	1.0015	1.00592	3.248205
970	-988.1149	-1035.399	47.28423	95972.26	28.48134	0.9959	0.998949	1.00105	1.00411	3.066565
980	-995.6991	-1040.478	44.7789	2695.341	26.36889	0.975624	0.993641	1.00615	1.02459	3.139778
990	-981.5527	-1025.47	43.91691	48988.3	33.66542	0.994263	0.998527	1.00146	1.00575	3.145392
1000	-992.879	-1030.932	38.05321	92930.31	24.0431	0.995833	0.998932	1.00106	1.00417	3.370058
1010	-983.8833	-1028.06	44.17707	66243.35	27.58864	0.995066	0.998734	1.00126	1.00494	3.172922
1020	-991.8488	-1042.236	50.38732	57734.51	29.98462	0.994715	0.998644	1.00135	1.0053	2.9657
1030	-978.5167	-1027.33	48.81294	66902.1	32.20371	0.99509	0.998741	1.00125	1.00492	3.011499
1040	-989.8744	-1031.026	41.15205	87534.08	24.74834	0.995707	0.998899	1.00109	1.0043	3.256423
1050	-975.2562	-1018.285	43.02911	86396.58	29.11763	0.995679	0.998892	1.0011	1.00433	3.214923
1060	-975.2806	-1036.417	61.13647	32813.51	34.3858	0.992992	0.998199	1.00178	1.00703	2.634257
1070	-984.5479	-1032.252	47.70379	70917.01	34.49612	0.995231	0.998777	1.00122	1.00478	3.023596
1080	-988.7556	-1036.931	48.17551	64841.55	30.68869	0.995013	0.998721	1.00127	1.005	3.038504
1090	-986.4301	-1042.494	56.06428	20495.69	31.21384	0.991135	0.997718	1.00225	1.00889	2.784013
1100	-990.0233	-1033.82	43.79681	30426.71	34.52004	0.992722	0.998129	1.00185	1.0073	3.136491
1110	-994.2743	-1034.745	40.47112	11791.62	27.39338	0.988319	0.996986	1.00297	1.01173	3.3071
1120	-992.5941	-1038.617	46.02261	36186.05	29.8379	0.993326	0.998285	1.0017	1.00669	3.111601
1130	-995.6036	-1028.236	32.63278	38577.1	21.20554	0.993536	0.99834	1.00165	1.00648	3.528927
1140	-983.045	-1027.475	44.43016	3663.327	31.79905	0.979078	0.994558	1.00529	1.02108	3.151622
1150	-1010.007	-1036.347	26.33983	14371.88	29.13486	0.989417	0.997272	1.00269	1.01062	3.787701
1160	-999.3092	-1032.027	32.71808	79238.3	28.38739	0.995488	0.998843	1.00115	1.00452	3.579206
1170	-997.6263	-1040.046	42.42012	54142.16	27.29713	0.994543	0.998599	1.00139	1.00547	3.235559
1180	-992.1183	-1022.048	29.92939	81942.49	26.86757	0.995563	0.998862	1.00113	1.00444	3.698122
1190	-980.7003	-1018.845	38.14508	27066.46	25.7332	0.992284	0.998016	1.00196	1.00774	3.388088
1200	-1004.804	-1040.729	35.9258	75545.16	25.8315	0.995379	0.998815	1.00118	1.00463	3.474665
1210	-982.4346	-1030.597	48.16254	28438.69	29.26387	0.992473	0.998065	1.00192	1.00755	3.039045
1220	-993.3242	-1039.339	46.0147	43239.74	30.3642	0.993894	0.998432	1.00155	1.00612	3.110318
1230	-997.1157	-1035.861	38.74539	9338.8	36.46513	0.986877	0.99661	1.00333	1.01318	3.242862
1240	-986.7575	-1020.074	33.31658	36986.07	25.79489	0.993398	0.998304	1.00168	1.00662	3.575699
1250	-993.4185	-1023.88	30.46197	46777.11	28.41709	0.994129	0.998493	1.00149	1.00588	3.658218
1260	-971.1494	-1020.524	49.37446	91501.3	27.52614	0.995801	0.998924	1.00107	1.00421	2.983772
1270	-982.2376	-1032.027	49.78964	15177.78	32.2856	0.989701	0.997346	1.00262	1.01034	2.980732
1280	-1001.82	-1040.776	38.9562	9874.053	29.63768	0.987237	0.996704	1.00324	1.01282	3.350363
1290	-975.235	-1023.661	48.42641	55253.21	32.15622	0.994598	0.998614	1.00138	1.00541	3.023811
1300	-1003.579	-1045.607	42.0282	2385.269	28.88527	0.974095	0.993233	1.00653	1.02614	3.250139
1310	-984.4149	-1031.543	47.12779	24002.25	28.08869	0.991807	0.997893	1.00208	1.00822	3.069858
1320	-971.4397	-1026.354	54.91401	90837.64	33.80683	0.995786	0.99892	1.00107	1.00422	2.818133
1330	-997.5677	-1029.66	32.09274	85145.26	25.94653	0.995647	0.998884	1.00111	1.00436	3.622714
1340	-983.7069	-1026.12	42.41264	94372.48	34.96991	0.995865	0.99894	1.00105	1.00414	3.169065
1350	-986.2067	-1031.572	45.36526	99593.76	28.28557	0.995975	0.998968	1.00103	1.00403	3.133363
1360	-988.8319	-1032.299	43.46753	3442.796	31.41889	0.97842	0.994384	1.00545	1.02175	3.185683
1370	-992.444	-1037.124	44.67978	75910.7	27.13826	0.99539	0.998818	1.00117	1.00462	3.151543
1380	-984.8879	-1035.831	50.94358	69495.57	32.73042	0.995182	0.998764	1.00123	1.00483	2.942801
1390	-989.7506	-1034.031	44.28043	76241.74	25.383	0.9954	0.99882	1.00117	1.00461	3.143518
1400	-989.191	-1033.779	44.58783	64420.71	27.08812	0.994996	0.998716	1.00127	1.00501	3.15452
1410	-995.3473	-1026.645	31.29776	25069.31	24.82044	0.991983	0.997938	1.00204	1.00804	3.654775
1420	-978.0624	-1029.242	51.17945	10892.36	27.70194	0.987847	0.996863	1.00308	1.01221	2.920702
1430	-1001.112	-1041.039	39.92729	60846.25	29.34117	0.994852	0.998679	1.00131	1.00516	3.319905
1440	-975.0819	-1024.36	49.27787	63061.35	31.87128	0.994943	0.998703	1.00129	1.00507	2.998828
1450	-978.3709	-1026.992	48.6208	23973.16	29.92373	0.991802	0.997891	1.00208	1.00822	3.024586
1460	-986.4068	-1032.371	45.96442	55934.78	31.23288	0.994631	0.998622	1.00137	1.00538	3.107461
1470	-985.7014	-1040.844	55.14283	88261.49	29.90993	0.995725	0.998904	1.00109	1.00428	2.806522
1480	-989.2579	-1031.865	42.60719	73995.94	32.62385	0.995331	0.998803	1.00119	1.00468	3.198902
1490	-985.086	-1034.659	49.57338	92284.89	28.05978	0.995819	0.998928	1.00107	1.00419	2.982511
1500	-995.2988	-1029.145	33.84589	14350.21	26.39119	0.989409	0.99727	1.00269	1.01063	3.554331
1510	-994.373	-1028.311	33.93846	67335.46	28.14903	0.995106	0.998745	1.00125	1.0049	3.538797
1520	-981.989	-1023.152	41.16339	50315.94	31.75062	0.994339	0.998547	1.00144	1.00567	3.254966
1530	-998.8252	-1036.74	37.91472	99653.95	28.43751	0.995976	0.998969	1.00103	1.00403	3.395824
1540	-982.6059	-1032.308	49.70209	27901.49	30.51184	0.992401	0.998046	1.00193	1.00762	2.988869
1550	-980.3579	-1033.519	53.16106	21223.25	28.1466	0.991288	0.997758	1.00222	1.00874	2.855877
1560	-975.1878	-1029.295	54.10727	9069.665	36.01648	0.986685	0.996559	1.00338	1.01338	2.825884
1570	-974.5676	-1022.533	47.96519	21479.46	32.36763	0.99134	0.997771	1.0022	1.00869	3.036642
1580	-979.0974	-1027.63	48.53243	93008.23	30.57131	0.995835	0.998932	1.00106	1.00417	3.027104
1590	-988.7363	-1039.505	50.76911	33228.81	32.71475	0.993036	0.99821	1.00177	1.00698	2.94822
1600	-1003.027	-1039.995	36.96771	55736.42	28.26152	0.994621	0.99862	1.00137	1.00539	3.430418
1610	-981.0592	-1021.669	40.6098	62152.29	28.04222	0.994906	0.998693	1.0013	1.0051	3.301984
1620	-993.9363	-1024.378	30.44193	21212.8	25.0291	0.991286	0.997757	1.00222	1.00874	3.689276
1630	-1017.179	-1050.086	32.90734	88642.77	25.99596	0.995734	0.998906	1.00109	1.00427	3.591211
1640	-1006.665	-1039.884	33.21953	51347.4	23.58082	0.994396	0.998562	1.00143	1.00562	3.565168
1650	-1004.723	-1031.44	26.71746	89853.28	29.15447	0.995763	0.998914	1.00108	1.00424	3.774305
1660	-1006.897	-1042.765	35.86773	55015.65	26.28078	0.994586	0.998611	1.00138	1.00542	3.477697
1670	-1004.318	-1037.359	33.04063	66120.54	23.20207	0.995061	0.998733	1.00126	1.00495	3.566647
1680	-987.9332	-1029.257	41.32412	84298.98	27.0061	0.995625	0.998878	1.00111	1.00438	3.274666
1690	-989.5757	-1025.534	35.95779	64991.69	24.19493	0.995018	0.998722	1.00127	1.00499	3.459498
1700	-1001.438	-1032.792	31.3539	37785.55	23.66636	0.993468	0.998322	1.00166	1.00655	3.645231
1710	-994.9907	-1038.339	43.34865	33297.83	29.59475	0.993043	0.998212	1.00177	1.00697	3.202343
1720	-991.6429	-1025.873	34.23013	23973.8	24.76546	0.991803	0.997891	1.00208	1.00822	3.536241
1730	-995.2745	-1027.988	32.71302	33316.5	25.20957	0.993045	0.998213	1.00177	1.00697	3.59899
1740	-981.9764	-1027.519	45.54247	64177.53	25.96225	0.994987	0.998714	1.00128	1.00502	3.104613
1750	-989.1751	-1038.83	49.65459	2650.012	32.25344	0.975417	0.993586	1.0062	1.0248	2.985094
1760	-1009.94	-1044.627	34.68663	40867.32	27.50937	0.993719	0.998387	1.0016	1.00629	3.517485
1770	-999.7781	-1036.813	37.03484	52129.86	28.73672	0.994438	0.998573	1.00142	1.00557	3.424332
1780	-980.2847	-1027.561	47.27639	9845.838	27.06935	0.987219	0.996699	1.00324	1.01284	3.05504
1790	-984.591	-1033.5	48.90926	4097.762	36.11128	0.980214	0.994859	1.005	1.01993	2.968945
1800	-1012.389	-1033.034	20.64546	25796.36	23.50007	0.992097	0.997968	1.00201	1.00793	4.099012
1810	-1000.383	-1029.887	29.5038	82140.45	19.737	0.995568	0.998864	1.00113	1.00444	3.612202
1820	-993.8198	-1025.597	31.77726	42265.92	25.75177	0.993824	0.998414	1.00157	1.00619	3.635495
1830	-1002.095	-1030.876	28.78128	88669.04	22.14742	0.995735	0.998906	1.00109	1.00427	3.734584
1840	-1005.868	-1045.482	39.61439	43761.02	28.08765	0.99393	0.998441	1.00155	1.00608	3.33735
1850	-1009.38	-1048.637	39.25681	10972.8	27.28755	0.987892	0.996875	1.00307	1.01216	3.351443
1860	-993.7221	-1041.857	48.13476	20336.25	29.53024	0.991101	0.997709	1.00226	1.00893	3.040532
1870	-995.4906	-1035.708	40.21765	79144.94	36.60692	0.995485	0.998842	1.00115	1.00452	3.199592
1880	-1004.39	-1031.184	26.79398	1780.479	25.30654	0.970039	0.992146	1.00753	1.03028	3.833042
1890	-995.5478	-1039.544	43.99666	41282.96	29.12943	0.993751	0.998395	1.00159	1.00626	3.181673
1900	-998.0126	-1040.25	42.23707	49591.99	22.0774	0.994298	0.998536	1.00145	1.00571	3.123667
1910	-980.9645	-1028.989	48.0245	93013.56	29.82862	0.995835	0.998932	1.00106	1.00417	3.044506
1920	-1000.473	-1038.049	37.57633	21414.98	28.07056	0.991327	0.997768	1.00221	1.0087	3.410005
1930	-987.4542	-1034.215	46.76115	13002.31	31.90354	0.988875	0.997131	1.00283	1.01117	3.077555
1940	-997.9994	-1039.714	41.71497	12158.56	31.86911	0.988496	0.997032	1.00292	1.01155	3.23615
1950	-1001.447	-1035.601	34.15388	11358.18	30.40534	0.988098	0.996929	1.00302	1.01195	3.500249
1960	-989.6969	-1029.688	39.99133	932.1497	31.60472	0.958679	0.989062	1.01033	1.04193	3.293865
1970	-997.9702	-1036.939	38.96901	39876.2	25.03274	0.993642	0.998367	1.00162	1.00637	3.348637
1980	-990.7703	-1038.552	47.78176	66146.31	31.32102	0.995062	0.998733	1.00126	1.00495	3.048858
1990	-986.8501	-1035.235	48.38469	11705.76	35.40289	0.988276	0.996975	1.00298	1.01177	2.992889
2000	-973.0949	-1025.017	51.92235	18819.27	24.91369	0.99075	0.997618	1.00235	1.00928	2.827105
2010	-992.0091	-1024.999	32.99015	21708.98	27.71902	0.991386	0.997783	1.00219	1.00864	3.577139
2020	-999.9796	-1035.585	35.60587	89665.37	25.18652	0.995758	0.998913	1.00108	1.00425	3.484086
2030	-1012.845	-1042.339	29.49381	65939	24.348	0.995054	0.998731	1.00126	1.00495	3.7271
2040	-979.9996	-1029.096	49.09648	80696.04	33.10129	0.995529	0.998854	1.00114	1.00448	2.996408
2050	-994.2498	-1028.271	34.02067	68391.26	30.70503	0.995144	0.998754	1.00124	1.00486	3.499456
2060	-988.0159	-1039.722	51.70608	33963.51	32.3102	0.993111	0.99823	1.00175	1.00691	2.921283
2070	-1001.777	-1040.865	39.08813	34184.46	23.50673	0.993133	0.998236	1.00175	1.00688	3.314394
2080	-984.0888	-1029.94	45.85115	27708.05	33.09764	0.992374	0.998039	1.00194	1.00765	3.094491
2090	-973.5214	-1030.929	57.4072	22175.13	31.85208	0.991477	0.997807	1.00217	1.00855	2.7437
2100	-984.5219	-1035.439	50.91742	52754.32	35.93689	0.994471	0.998581	1.00141	1.00554	2.915376
2110	-970.6301	-1027.42	56.79031	90123.03	29.23535	0.995769	0.998915	1.00108	1.00424	2.743855
2120	-991.5135	-1030.331	38.818	97840.39	33.12467	0.995939	0.998959	1.00104	1.00407	3.306517
2130	-983.4996	-1025.106	41.60679	14366.35	24.53399	0.989415	0.997271	1.00269	1.01062	3.233693
2140	-980.6628	-1027.392	46.72891	45761.7	33.92454	0.994064	0.998476	1.00151	1.00595	3.058873
2150	-967.9937	-1026.558	58.56434	84573.23	33.26204	0.995633	0.99888	1.00111	1.00437	2.710444
2160	-981.4017	-1031.332	49.93059	92307.99	27.68657	0.995819	0.998928	1.00107	1.00419	2.965597
2170	-972.8286	-1028.255	55.42643	90370.35	31.79299	0.995775	0.998917	1.00108	1.00423	2.805808
2180	-984.7865	-1032.451	47.66482	63726.34	35.17198	0.994969	0.998709	1.00128	1.00504	3.016271
2190	-1016.978	-1044.503	27.52555	52704.9	24.54196	0.994469	0.99858	1.00141	1.00554	3.807624
2200	-1016.921	-1042.685	25.76397	47992.75	25.09676	0.994204	0.998512	1.00148	1.00581	3.875622
2210	-1001.872	-1030.392	28.52055	26651.78	26.80307	0.992225	0.998001	1.00198	1.0078	3.751367
2220	-993.8687	-1033.55	39.68126	86510.95	28.6823	0.995682	0.998893	1.0011	1.00432	3.332532
2230	-997.8122	-1031.088	33.276	80206.42	19.43397	0.995515	0.99885	1.00114	1.00449	3.400315
2240	-986.5807	-1023.083	36.50188	24517.26	22.82822	0.991894	0.997915	1.00206	1.00813	3.407688
2250	-1007.329	-1033.117	25.78798	8273.985	26.81258	0.986061	0.996396	1.00353	1.01401	3.853163
2260	-994.4845	-1036.056	41.57158	50823.86	29.06325	0.994367	0.998554	1.00143	1.00564	3.265224
2270	-1016.062	-1040.904	24.84206	67135.27	19.7428	0.995099	0.998743	1.00125	1.00491	3.848649
2280	-999.7386	-1026.488	26.74955	89158.06	24.56723	0.995746	0.998909	1.00108	1.00426	3.839152
2290	-985.9003	-1031.973	46.07273	13770.53	29.99648	0.989189	0.997213	1.00275	1.01085	3.109563
2300	-979.9007	-1025.075	45.17393	73394.72	31.27733	0.995312	0.998798	1.00119	1.0047	3.132444
2310	-999.5996	-1036.321	36.72181	78462.31	30.64401	0.995466	0.998837	1.00116	1.00454	3.41238
2320	-996.3571	-1035.413	39.05625	8957.93	23.67099	0.986602	0.996538	1.0034	1.01346	3.319888
2330	-974.8625	-1019.624	44.7616	19912.49	22.16893	0.991007	0.997685	1.00229	1.00902	3.01417
2340	-976.8394	-1024.7	47.86029	65006.26	26.76418	0.995019	0.998722	1.00127	1.00499	3.029248
2350	-986.9023	-1028.846	41.94413	40467.82	30.90994	0.993688	0.998379	1.00161	1.00633	3.239464
2360	-992.2995	-1032.006	39.70689	20498.55	26.43793	0.991136	0.997718	1.00225	1.00889	3.332497
2370	-1007.227	-1051.247	44.02041	90802.9	29.53126	0.995785	0.998919	1.00107	1.00422	3.179856
2380	-991.6061	-1035.106	43.4998	6702.242	25.81718	0.984516	0.995992	1.00392	1.01557	3.181249
2390	-975.0191	-1030.222	55.20286	88797.26	31.18463	0.995738	0.998907	1.00109	1.00427	2.811519
2400	-976.2894	-1030.018	53.72866	74003.01	33.58334	0.995331	0.998803	1.00119	1.00468	2.854356
2410	-982.7026	-1033.504	50.8013	9228.718	31.66191	0.9868	0.99659	1.00335	1.01326	2.951674
2420	-963.0362	-1017.407	54.37104	39820.53	36.93779	0.993637	0.998366	1.00162	1.00638	2.8096
2430	-959.3447	-1021.137	61.79216	36422.3	41.67535	0.993348	0.998291	1.00169	1.00667	2.570278
2440	-979.6876	-1027.972	48.28458	69768.17	31.20809	0.995192	0.998767	1.00123	1.00482	3.033275
2450	-1007.039	-1046.034	38.99506	13964.72	24.99717	0.989264	0.997232	1.00273	1.01078	3.347127
2460	-987.6525	-1030.411	42.7581	65929.85	26.9182	0.995054	0.998731	1.00126	1.00495	3.220993
2470	-994.3618	-1039.28	44.91861	31546.49	29.64461	0.992852	0.998163	1.00182	1.00717	3.149169
2480	-979.1359	-1020.894	41.75797	27644.85	27.16302	0.992365	0.998037	1.00194	1.00766	3.259311
2490	-990.1765	-1033.635	43.45802	2552.118	34.06364	0.974952	0.993462	1.00631	1.02527	3.15324
2500	-971.1482	-1021.035	49.88651	9864.224	27.80585	0.987231	0.996702	1.00324	1.01283	2.9686
2510	-984.501	-1026.751	42.25012	43285.77	25.09472	0.993897	0.998433	1.00155	1.00612	3.218682
2520	-978.9484	-1022.453	43.50475	35721.53	31.07694	0.993283	0.998274	1.00171	1.00673	3.187582
2530	-981.2981	-1023.034	41.73546	20480.9	27.78602	0.991132	0.997717	1.00225	1.0089	3.261721
2540	-995.8941	-1032.713	36.81929	60188.39	27.13515	0.994824	0.998672	1.00132	1.00519	3.441197
2550	-978.3454	-1020.7	42.35429	19059.5	24.78325	0.990808	0.997633	1.00234	1.00922	3.208561
2560	-986.6236	-1030.739	44.11522	18039.28	27.44923	0.990552	0.997567	1.0024	1.00948	3.174404
2570	-973.892	-1028.496	54.60353	74921.1	34.03807	0.99536	0.99881	1.00118	1.00465	2.826177
2580	-990.6478	-1029.324	38.67653	6525.766	30.94405	0.984309	0.995937	1.00398	1.01578	3.344727
2590	-991.7307	-1025.694	33.9636	97184.88	23.21643	0.995926	0.998956	1.00104	1.00408	3.527148
2600	-982.7328	-1024.805	42.07248	67954.95	27.50737	0.995128	0.99875	1.00124	1.00488	3.248995
2610	-1002.191	-1034.251	32.06002	64409.31	27.391	0.994996	0.998716	1.00127	1.00501	3.614173
2620	-1009.514	-1045.815	36.30157	57907.3	28.13411	0.994723	0.998646	1.00134	1.00529	3.454958
2630	-974.8939	-1030.524	55.62992	45616.39	31.92227	0.994055	0.998474	1.00151	1.00596	2.799592
2640	-990.237	-1026.194	35.95702	21923.41	26.02221	0.991428	0.997794	1.00218	1.0086	3.473954
2650	-1002.46	-1037.49	35.02979	30795.77	24.41951	0.992766	0.998141	1.00184	1.00725	3.500546
2660	-999.0891	-1035.942	36.8533	85376.91	27.68907	0.995653	0.998886	1.00111	1.00435	3.437919
2670	-983.4516	-1024.175	40.72379	7030.405	24.73539	0.984881	0.996087	1.00383	1.0152	3.273494
2680	-987.7841	-1029.199	41.41501	55911.22	30.72549	0.994629	0.998622	1.00137	1.00538	3.258437
2690	-997.1168	-1035.157	38.04036	69543.64	25.02175	0.995184	0.998765	1.00123	1.00482	3.385607
2700	-967.5869	-1025.719	58.13246	72370.92	36.24954	0.995279	0.998789	1.0012	1.00473	2.712648
2710	-973.9709	-1026.051	52.08031	77982.66	27.92406	0.995452	0.998834	1.00116	1.00456	2.89136
2720	-985.8424	-1025.665	39.82236	58615.71	25.51634	0.994755	0.998654	1.00134	1.00526	3.320678
2730	-976.6452	-1029.71	53.0643	73730.47	31.04805	0.995323	0.9988	1.00119	1.00469	2.879933
2740	-983.7745	-1034.691	50.9166	12777.9	30.68196	0.988778	0.997106	1.00285	1.01127	2.949182
2750	-975.6281	-1030.562	54.93369	73865.49	30.24758	0.995327	0.998802	1.00119	1.00468	2.815874
2760	-987.4381	-1031.347	43.90838	70796.85	35.52697	0.995227	0.998776	1.00122	1.00478	3.117287
2770	-994.0972	-1038.728	44.631	71690.93	29.24407	0.995257	0.998783	1.00121	1.00475	3.159753
2780	-1004.024	-1051.481	47.45756	83465.31	33.25683	0.995604	0.998873	1.00112	1.0044	3.044413
2790	-999.8695	-1036.751	36.88134	29758.78	31.21451	0.992641	0.998108	1.00187	1.00738	3.398568
2800	-975.1919	-1031.848	56.65598	45009.25	33.20852	0.994015	0.998463	1.00152	1.006	2.767897
2810	-989.0916	-1034.979	45.88711	53030.52	27.95181	0.994486	0.998585	1.0014	1.00553	3.113304
2820	-993.4245	-1031.452	38.0274	57081.43	24.26252	0.994685	0.998636	1.00135	1.00533	3.375156
2830	-1004.237	-1040.467	36.23008	33845.27	32.18822	0.993099	0.998227	1.00176	1.00692	3.40251
2840	-987.5015	-1040.14	52.63812	27041.77	33.22709	0.992281	0.998015	1.00196	1.00774	2.888791
2850	-977.4147	-1031.854	54.43933	25357.7	28.51536	0.992029	0.99795	1.00203	1.00799	2.815808
2860	-982.9613	-1034.791	51.82998	41764.22	29.96635	0.993787	0.998405	1.00158	1.00623	2.917514
2870	-981.8937	-1030.331	48.43694	25615.92	29.57405	0.992069	0.99796	1.00202	1.00795	3.030376
2880	-991.83	-1037.872	46.04212	15845.16	26.69728	0.98992	0.997403	1.00256	1.01012	3.09635
2890	-994.7109	-1029.305	34.59437	95636.11	23.48728	0.995893	0.998947	1.00105	1.00411	3.505213
2900	-1000.168	-1039.533	39.36473	47603.52	26.68318	0.99418	0.998506	1.00148	1.00583	3.346419
2910	-984.3914	-1032.782	48.39042	90850.55	26.40419	0.995786	0.99892	1.00107	1.00422	3.00345
2920	-981.9941	-1028.952	46.95749	25456.48	31.25916	0.992044	0.997954	1.00202	1.00798	3.075521
2930	-989.0082	-1030.585	41.57717	84678.96	29.81139	0.995635	0.998881	1.00111	1.00437	3.260772
2940	-977.8425	-1026.79	48.94766	81351.65	33.86484	0.995547	0.998858	1.00113	1.00446	2.994055
2950	-995.4366	-1032.812	37.37506	50640.69	26.21785	0.994357	0.998552	1.00144	1.00565	3.420163
2960	-975.7018	-1021.293	45.59107	48215.45	29.79563	0.994217	0.998516	1.00147	1.00579	3.126167
2970	-979.7407	-1027.793	48.05259	75191.03	27.48616	0.995368	0.998812	1.00118	1.00464	3.031366
2980	-987.2017	-1026.314	39.11278	68622.51	26.98519	0.995152	0.998756	1.00124	1.00486	3.356521
2990	-996.4762	-1035.859	39.38295	6843.431	24.81722	0.984677	0.996034	1.00388	1.01541	3.328978
3000	-995.8588	-1031.565	35.70603	55796.01	28.34178	0.994624	0.99862	1.00137	1.00539	3.474359
3010	-999.8766	-1035.841	35.96419	67838.04	28.79848	0.995124	0.998749	1.00124	1.00488	3.460968
3020	-971.912	-1021.776	49.86365	96237.96	29.84093	0.995906	0.99895	1.00104	1.0041	2.982877
3030	-980.1263	-1029.526	49.40002	64728.66	32.59428	0.995008	0.998719	1.00127	1.005	2.990881
3040	-988.7361	-1031.784	43.04828	99404.22	26.84259	0.995971	0.998967	1.00103	1.00403	3.209654
3050	-990.8058	-1027.216	36.41035	92818.15	19.27091	0.995831	0.998931	1.00106	1.00418	3.22572
3060	-987.0493	-1021.96	34.91045	10127.58	25.43789	0.987398	0.996746	1.0032	1.01266	3.512888
3070	-990.637	-1040.624	49.98658	862.308	33.65912	0.957051	0.988615	1.01072	1.04361	2.965151
3080	-1003.305	-1037.674	34.36891	853.5632	28.16168	0.956834	0.988555	1.01078	1.04384	3.52338
3090	-1005.616	-1040.949	35.33212	4649.45	27.79039	0.98142	0.995177	1.0047	1.0187	3.492142
3100	-991.4295	-1030.557	39.12736	72845.38	26.22351	0.995294	0.998793	1.0012	1.00471	3.353358
3110	-1005.856	-1041.79	35.93433	62708.58	26.12846	0.994929	0.998699	1.00129	1.00508	3.475009
3120	-985.1098	-1025.12	40.01037	80910.6	29.47932	0.995535	0.998855	1.00114	1.00447	3.316047
3130	-991.5981	-1035.642	44.04379	9467.068	26.83042	0.986966	0.996633	1.00331	1.01309	3.172457
3140	-981.5952	-1019.687	38.09202	71323.62	29.99664	0.995244	0.99878	1.00121	1.00476	3.375616
3150	-991.6213	-1031.206	39.58517	92721.11	26.77052	0.995829	0.998931	1.00106	1.00418	3.338455
3160	-982.8655	-1038.219	55.35362	47480.2	33.72924	0.994173	0.998504	1.00148	1.00584	2.805434
3170	-995.7392	-1039.639	43.89967	34070.96	32.35862	0.993122	0.998233	1.00175	1.00689	3.162348
3180	-969.0547	-1029.389	60.33431	85117.59	28.3683	0.995647	0.998884	1.00111	1.00436	2.60596
3190	-978.2976	-1023.996	45.6981	62687.04	34.26717	0.994928	0.998699	1.00129	1.00508	3.084816
3200	-1001.713	-1036.162	34.44919	2218.94	23.78758	0.973146	0.99298	1.00676	1.02711	3.516347
3210	-994.3778	-1029.79	35.41184	78274.32	25.48343	0.99546	0.998836	1.00116	1.00455	3.493386
3220	-984.3534	-1027.303	42.94947	12401.78	28.916	0.988609	0.997062	1.00289	1.01144	3.218179
3230	-990.0391	-1033.933	43.89358	37618.85	29.0373	0.993454	0.998319	1.00167	1.00656	3.18537
3240	-1013.384	-1043.446	30.06212	25802.95	27.56797	0.992098	0.997968	1.00201	1.00792	3.68482
3250	-990.2331	-1029.463	39.22952	27024.42	26.5025	0.992278	0.998014	1.00196	1.00774	3.350831
3260	-995.2465	-1033.101	37.85429	20650.88	32.50931	0.991169	0.997727	1.00225	1.00886	3.346584
3270	-991.3463	-1035.342	43.99571	13608.78	27.08191	0.989125	0.997196	1.00276	1.01092	3.176332
3280	-997.4746	-1039.304	41.82944	70399.02	29.2502	0.995213	0.998772	1.00122	1.00479	3.255524
3290	-1013.15	-1038.813	25.6627	25689.87	26.35447	0.992081	0.997963	1.00201	1.00794	3.864942
3300	-1004.651	-1032.476	27.82456	11221.83	27.91884	0.988026	0.99691	1.00304	1.01202	3.760083
3310	-976.9575	-1032.389	55.431	68033.78	29.60241	0.995131	0.998751	1.00124	1.00488	2.794156
3320	-985.6208	-1031.043	45.42173	44158.01	26.39873	0.993958	0.998449	1.00154	1.00606	3.115808
3330	-992.1277	-1034.294	42.16593	11146.68	30.68828	0.987986	0.996899	1.00305	1.01207	3.234332
3340	-993.1831	-1035.059	41.87558	82377.42	29.02789	0.995575	0.998865	1.00113	1.00443	3.254904
3350	-1003.647	-1045.671	42.02392	83239.63	27.90698	0.995598	0.998871	1.00112	1.00441	3.251479
3360	-1003.733	-1031.418	27.68539	34455.79	21.66538	0.993161	0.998243	1.00174	1.00686	3.774186
3370	-1034.904	-1054.897	19.99322	21864.73	21.18367	0.991417	0.997791	1.00218	1.00861	4.124716
3380	-1022.96	-1049.024	26.06346	90452.89	20.05391	0.995777	0.998917	1.00108	1.00423	3.800562
3390	-995.7856	-1030.247	34.4616	68313.52	29.30077	0.995141	0.998754	1.00124	1.00487	3.506734
3400	-987.8856	-1022.253	34.36699	85291.7	24.76233	0.995651	0.998885	1.00111	1.00436	3.530692
3410	-1023.983	-1041.935	17.95119	15827.5	25.34493	0.989915	0.997401	1.00256	1.01012	4.181632
3420	-995.1323	-1026.4	31.26727	89614.67	27.72498	0.995757	0.998912	1.00108	1.00425	3.639221
3430	-999.8148	-1037.169	37.35386	86468.15	25.36743	0.995681	0.998893	1.0011	1.00433	3.416274
3440	-973.8851	-1029.064	55.17871	58543.35	32.2867	0.994751	0.998653	1.00134	1.00526	2.813813
3450	-989.0487	-1039.445	50.39631	75542.58	32.01545	0.995379	0.998815	1.00118	1.00463	2.963164
3460	-992.8879	-1033.842	40.95451	50602.33	30.17784	0.994355	0.998551	1.00144	1.00566	3.278651
3470	-982.6215	-1035.352	52.73019	65241.87	34.26512	0.995028	0.998725	1.00127	1.00498	2.879617
3480	-984.6301	-1029.812	45.18184	79873.4	27.31549	0.995506	0.998848	1.00115	1.0045	3.134533
3490	-987.5614	-1026.244	38.6824	98835.68	28.94016	0.99596	0.998964	1.00103	1.00405	3.36557
3500	-996.1788	-1044.098	47.9197	24987	26.98276	0.99197	0.997935	1.00204	1.00805	3.030127
3510	-1019.833	-1042.6	22.76706	88556.33	22.82853	0.995732	0.998906	1.00109	1.00427	4.009348
3520	-993.7791	-1034.336	40.55705	14027.08	29.46689	0.989288	0.997238	1.00272	1.01075	3.29759
3530	-991.5864	-1032.646	41.05969	84320.28	28.6299	0.995626	0.998879	1.00111	1.00438	3.284655
3540	-1005.059	-1034.121	29.06187	27908.5	23.28313	0.992402	0.998046	1.00193	1.00762	3.738949
3550	-976.439	-1015.234	38.79512	58619.67	28.63175	0.994755	0.998654	1.00134	1.00525	3.363742
3560	-982.8115	-1027.447	44.63507	85498.68	26.93698	0.995656	0.998886	1.00111	1.00435	3.151439
3570	-996.1028	-1031.181	35.07844	69035.37	20.59585	0.995166	0.99876	1.00123	1.00484	3.383172
3580	-1015.333	-1040.521	25.18784	70064.86	26.87503	0.995202	0.998769	1.00122	1.00481	3.874472
3590	-993.3773	-1028.511	35.13391	75780.62	24.43287	0.995386	0.998817	1.00118	1.00462	3.496433
3600	-991.4139	-1033.547	42.13323	54412.55	26.87353	0.994556	0.998603	1.00139	1.00545	3.243937
3610	-991.2198	-1032.445	41.22561	11017.61	26.72993	0.987916	0.996881	1.00307	1.01214	3.27695
3620	-993.5194	-1042.649	49.12994	73652.03	30.08906	0.99532	0.9988	1.00119	1.00469	3.007709
3630	-991.3291	-1032.828	41.49886	27639.71	26.18808	0.992365	0.998037	1.00194	1.00766	3.262601
3640	-997.3168	-1045.896	48.57948	47523.51	31.51916	0.994175	0.998505	1.00148	1.00584	3.022532
3650	-977.4013	-1035.174	57.77315	29084.1	29.08101	0.992556	0.998086	1.00189	1.00746	2.708027
3660	-972.1121	-1024.812	52.70016	23486.56	31.91441	0.991718	0.997869	1.00211	1.00831	2.891382
3670	-991.8392	-1040.375	48.53612	16094.55	42.10033	0.989998	0.997423	1.00254	1.01004	2.880558
3680	-968.8456	-1025.845	56.99938	61971.13	28.3099	0.994899	0.998691	1.0013	1.00511	2.722489
3690	-974.9756	-1032.031	57.05567	45728.29	40.9066	0.994062	0.998476	1.00151	1.00595	2.693978
3700	-991.3971	-1039.824	48.42742	74052.96	28.70845	0.995333	0.998803	1.00119	1.00467	3.027739
3710	-979.1603	-1033.173	54.01225	55022.08	32.61786	0.994586	0.998611	1.00138	1.00542	2.849323
3720	-976.3572	-1037.511	61.1539	87517.83	33.85421	0.995707	0.998899	1.00109	1.0043	2.633605
3730	-983.6757	-1037.364	53.68817	2574.354	27.85727	0.97506	0.993491	1.00629	1.02516	2.832715
3740	-998.5147	-1050.588	52.07342	42934.02	28.98023	0.993872	0.998426	1.00156	1.00614	2.903196
3750	-1016.087	-1053.001	36.91429	99411.85	28.38796	0.995971	0.998967	1.00103	1.00403	3.431383
3760	-992.1676	-1034.96	42.79215	40093.69	28.35119	0.993659	0.998371	1.00161	1.00636	3.224335
3770	-974.3125	-1035.029	60.71687	55033.27	33.42379	0.994587	0.998611	1.00138	1.00542	2.646037
3780	-979.7412	-1030.896	51.15445	81393.32	30.7895	0.995548	0.998859	1.00113	1.00446	2.941481
3790	-995.3609	-1037.203	41.84196	33829.84	30.72578	0.993098	0.998226	1.00176	1.00692	3.244539
3800	-974.9676	-1030.457	55.48907	44393.18	31.97267	0.993974	0.998453	1.00153	1.00604	2.804055
3810	-987.8187	-1030.5	42.68129	13874.15	30.43012	0.989229	0.997223	1.00274	1.01081	3.219603
3820	-971.547	-1025.359	53.81181	54298.26	28.86324	0.99455	0.998601	1.00139	1.00546	2.841952
3830	-979.0154	-1036.912	57.89641	33475.46	37.99739	0.993061	0.998217	1.00177	1.00696	2.705094
3840	-963.1027	-1015.472	52.36966	56750.01	33.3715	0.994669	0.998632	1.00136	1.00534	2.896075
3850	-993.8676	-1036.738	42.87077	87992.78	28.79782	0.995718	0.998902	1.00109	1.00429	3.221145
3860	-976.5156	-1022.748	46.23237	93420.69	26.63723	0.995844	0.998935	1.00106	1.00416	3.088439
3870	-1007.389	-1034.097	26.70862	54578.15	27.68642	0.994564	0.998605	1.00138	1.00545	3.804345
3880	-993.3426	-1029.004	35.66107	43679.74	25.64888	0.993925	0.99844	1.00155	1.00609	3.484318
3890	-997.1109	-1026.759	29.64807	85891.97	25.1574	0.995666	0.998889	1.0011	1.00434	3.720711
3900	-996.5798	-1037.88	41.29984	19491.92	30.07763	0.99091	0.99766	1.00231	1.00912	3.268033
3910	-998.1963	-1043.712	45.51567	64295.35	24.38563	0.994992	0.998715	1.00128	1.00502	3.070162
3920	-992.4439	-1030.695	38.25075	23322.18	24.8161	0.991689	0.997862	1.00211	1.00834	3.374585
3930	-973.2424	-1019.617	46.37449	94642.1	24.58154	0.995871	0.998942	1.00105	1.00413	3.040738
3940	-992.3565	-1031.211	38.85494	30301.58	29.81082	0.992707	0.998125	1.00186	1.00731	3.352093
3950	-988.6794	-1034.113	45.43408	72688.08	27.79122	0.995289	0.998792	1.0012	1.00472	3.128641
3960	-996.2099	-1028.356	32.14591	70643.74	27.07522	0.995222	0.998774	1.00122	1.00479	3.613943
3970	-972.3024	-1024.818	52.51586	32248.68	31.52087	0.992931	0.998183	1.0018	1.00709	2.897643
3980	-997.3383	-1041.612	44.27403	45358.4	25.18957	0.994038	0.998469	1.00152	1.00597	3.13999
3990	-989.0206	-1031.207	42.18677	37923.89	38.55429	0.99348	0.998325	1.00166	1.00653	3.107206
4000	-984.2572	-1029.262	45.00442	49132.66	32.34117	0.994271	0.998529	1.00146	1.00574	3.128386
4010	-988.0468	-1036.036	47.98929	74971.8	29.67325	0.995362	0.99881	1.00118	1.00465	3.04561
4020	-999.5749	-1032.626	33.05085	63524.69	25.36621	0.994961	0.998707	1.00128	1.00505	3.585899
4030	-994.0371	-1038.58	44.54278	92588.3	28.71116	0.995826	0.99893	1.00106	1.00418	3.163054
4040	-988.908	-1047.08	58.17236	1001.926	32.65877	0.960133	0.98946	1.00997	1.04044	2.721845
4050	-994.8411	-1046.713	51.8715	87125.82	31.12473	0.995697	0.998897	1.0011	1.00431	2.918356
4060	-1001.275	-1033.437	32.1629	40362.21	27.32078	0.99368	0.998377	1.00161	1.00633	3.611097
4070	-997.6793	-1033.337	35.65785	10347.77	25.5535	0.987532	0.996781	1.00316	1.01252	3.484054
4080	-989.6066	-1034.306	44.69929	80952.13	27.20398	0.995536	0.998855	1.00114	1.00447	3.151354
4090	-998.5111	-1042.994	44.48295	69796.35	26.33114	0.995193	0.998767	1.00122	1.00482	3.150529
4100	-990.8922	-1038.94	48.04738	48359.89	29.11871	0.994226	0.998518	1.00147	1.00579	3.042581
4110	-993.2538	-1036.621	43.3676	17708.5	27.87706	0.990464	0.997544	1.00242	1.00957	3.203251
4120	-1002.724	-1044.315	41.59107	46203.43	26.20633	0.994093	0.998483	1.0015	1.00592	3.25925
4130	-1006.357	-1041.047	34.69037	93434.78	33.5047	0.995845	0.998935	1.00106	1.00416	3.422965
4140	-1001.58	-1035.74	34.15987	14678.26	24.97099	0.989528	0.997301	1.00266	1.01051	3.540407
4150	-981.3193	-1026.134	44.81498	13368.6	24.95884	0.989028	0.997171	1.00279	1.01101	3.11343
4160	-968.5249	-1023.454	54.92958	71733.08	31.19556	0.995258	0.998784	1.00121	1.00475	2.820314
4170	-1001.217	-1048.999	47.78206	5445.12	26.31458	0.982827	0.995548	1.00435	1.01728	3.024946
4180	-983.4188	-1026.674	43.25548	87753.69	25.49733	0.995712	0.998901	1.00109	1.00429	3.185821
4190	-976.9884	-1020.186	43.19709	63319.65	25.34484	0.994953	0.998705	1.00129	1.00506	3.185538
4200	-978.971	-1023.031	44.06034	61495.9	29.99781	0.994879	0.998686	1.0013	1.00513	3.176645
4210	-972.3991	-1026.063	53.66435	63987.77	26.70996	0.99498	0.998712	1.00128	1.00503	2.811139
4220	-979.6962	-1042.829	63.13259	40879.39	38.48071	0.99372	0.998387	1.0016	1.00629	2.564395
4230	-975.9913	-1027.693	51.70179	22517.56	36.55265	0.991542	0.997824	1.00215	1.00848	2.886521
4240	-978.926	-1028.722	49.79651	38770.08	33.73393	0.993552	0.998344	1.00164	1.00646	2.97015
4250	-985.1783	-1025.14	39.9619	41431.61	29.85025	0.993762	0.998398	1.00159	1.00625	3.314612
4260	-981.2855	-1019.467	38.1816	9589.735	26.2961	0.98705	0.996655	1.00329	1.01301	3.389712
4270	-1028.141	-1056.549	28.40788	76540.15	26.10319	0.995409	0.998823	1.00117	1.0046	3.763306
4280	-988.2427	-1024.542	36.29902	37738.36	28.22254	0.993464	0.998321	1.00166	1.00655	3.454382
4290	-1001.728	-1033.825	32.09652	12226.85	24.91744	0.988528	0.997041	1.00291	1.01152	3.622896
4300	-1004.378	-1040.007	35.62915	4211.736	29.92571	0.980482	0.99493	1.00493	1.01965	3.458717
4310	-1014.172	-1048.187	34.01554	75207.79	27.67254	0.995369	0.998812	1.00118	1.00464	3.540546
4320	-986.7077	-1039.093	52.38568	11802.8	30.43363	0.988324	0.996987	1.00296	1.01172	2.900705
4330	-997.0739	-1039.316	42.24162	89620.49	33.2642	0.995757	0.998912	1.00108	1.00425	3.201144
4340	-1004.251	-1051.625	47.37421	95586.35	30.1022	0.995892	0.998947	1.00105	1.00411	3.066042
4350	-1010.46	-1041.326	30.866	44584.7	22.51608	0.993987	0.998456	1.00153	1.00603	3.648694
4360	-997.6133	-1044.139	46.52619	25095.72	33.2896	0.991988	0.997939	1.00204	1.00804	3.072067
4370	-970.0881	-1018.72	48.63152	52523.98	30.05559	0.994459	0.998578	1.00141	1.00555	3.024273
4380	-986.1492	-1033.279	47.13006	72998.05	30.59653	0.995299	0.998794	1.0012	1.00471	3.072893
4390	-980.2354	-1038.575	58.33936	13437.47	29.89112	0.989056	0.997178	1.00278	1.01099	2.699434
4400	-999.5192	-1034.237	34.71738	577.3682	29.2901	0.947607	0.985998	1.01301	1.05338	3.498145
4410	-982.8468	-1034.842	51.99554	60311.63	32.33542	0.994829	0.998673	1.00132	1.00518	2.912237
4420	-1002.483	-1043.557	41.07424	49346.73	36.34047	0.994284	0.998533	1.00146	1.00573	3.181447
4430	-987.4535	-1042.918	55.46459	49597.88	29.86987	0.994298	0.998536	1.00145	1.00571	2.79543
4440	-980.4209	-1030.428	50.0071	23581.08	28.45241	0.991735	0.997874	1.0021	1.00829	2.970723
4450	-966.1369	-1019.479	53.34185	58085.22	37.15065	0.994731	0.998648	1.00134	1.00528	2.835063
4460	-1007.773	-1041.895	34.12124	10413.73	24.14073	0.987572	0.996791	1.00315	1.01248	3.53478
4470	-1004.322	-1034.304	29.98195	42300.65	23.98865	0.993826	0.998415	1.00157	1.00619	3.705455
4480	-1009.445	-1045.518	36.07283	35648.67	32.81257	0.993276	0.998272	1.00171	1.00674	3.395546
4490	-971.5828	-1021.897	50.31431	5667.098	32.79915	0.983166	0.995637	1.00426	1.01694	2.961605
4500	-1001.631	-1039.772	38.14061	52865.9	27.5361	0.994477	0.998583	1.00141	1.00553	3.391863
4510	-987.1356	-1033.439	46.3029	29756.01	26.35722	0.992641	0.998108	1.00187	1.00738	3.081807
4520	-996.6276	-1033.627	36.99906	78750.03	31.79605	0.995474	0.998839	1.00115	1.00453	3.385362
4530	-983.9774	-1029.128	45.15006	65878.62	28.43931	0.995052	0.998731	1.00126	1.00496	3.141399
4540	-976.0468	-1026.207	50.16063	7819.437	32.59038	0.985662	0.996292	1.00363	1.01441	2.967568
4550	-977.9939	-1032.287	54.29333	47489.36	34.34218	0.994173	0.998504	1.00148	1.00584	2.833535
4560	-993.939	-1036.521	42.58215	32347.9	29.22008	0.992941	0.998186	1.0018	1.00708	3.229905
4570	-986.8632	-1031.653	44.79025	39553.09	28.41845	0.993616	0.99836	1.00163	1.0064	3.154008
4580	-1005.133	-1031.47	26.33737	25184.48	22.96991	0.992002	0.997943	1.00203	1.00802	3.854078
4590	-997.7692	-1026.408	28.63888	84464.37	23.49511	0.99563	0.99888	1.00111	1.00438	3.758832
4600	-991.14	-1024.71	33.56964	41437.09	26.75991	0.993763	0.998398	1.00159	1.00625	3.563217
4610	-989.6691	-1027.062	37.39286	24394.76	25.87582	0.991873	0.99791	1.00207	1.00815	3.418101
4620	-986.4026	-1033.12	46.71713	63428.98	25.54303	0.994957	0.998706	1.00128	1.00505	3.051041
4630	-989.7626	-1029.664	39.90168	60043.83	25.85908	0.994817	0.99867	1.00132	1.00519	3.320996
4640	-986.0892	-1027.032	40.94264	91422.32	26.35417	0.995799	0.998923	1.00107	1.00421	3.285154
4650	-989.1793	-1028.92	39.74036	53712.51	26.4705	0.994521	0.998594	1.0014	1.00549	3.331398
4660	-997.8791	-1038.815	40.93566	62309.51	26.72426	0.994912	0.998695	1.0013	1.0051	3.287768
4670	-992.838	-1032.85	40.01203	50835.23	27.45995	0.994368	0.998554	1.00143	1.00564	3.32389
4680	-1005.516	-1039.165	33.64927	35151.38	27.06242	0.993228	0.99826	1.00172	1.00679	3.5585
4690	-1017.444	-1043.307	25.86334	86459.27	27.25243	0.99568	0.998893	1.0011	1.00433	3.842895
4700	-987.6889	-1030.326	42.63703	86650.68	30.20508	0.995685	0.998894	1.0011	1.00432	3.222708
4710	-983.1685	-1029.306	46.138	63216.93	32.57462	0.994949	0.998704	1.00129	1.00506	3.09115
4720	-994.4192	-1037.969	43.55028	36238.97	32.1341	0.993331	0.998287	1.0017	1.00669	3.175696
4730	-975.1476	-1037.267	62.11917	74737.27	44.58272	0.995354	0.998809	1.00118	1.00465	2.529009
4740	-976.4804	-1033.775	57.29427	2945.689	31.78183	0.976678	0.993921	1.00588	1.02352	2.747022
4750	-997.8319	-1043.382	45.54992	63589.64	29.48874	0.994964	0.998708	1.00128	1.00505	3.128122
4760	-983.0054	-1025.329	42.32371	68452.64	28.31309	0.995146	0.998755	1.00124	1.00486	3.240881
4770	-988.7716	-1033.451	44.67898	67346.77	28.50223	0.995106	0.998745	1.00125	1.0049	3.158071
4780	-992.4264	-1040.211	47.78494	56843.36	28.1032	0.994674	0.998633	1.00136	1.00534	3.046569
4790	-1000.068	-1032.35	32.28137	94756.96	22.67398	0.995874	0.998942	1.00105	1.00413	3.589365
4800	-995.8429	-1033.101	37.25802	36975.55	33.44578	0.993397	0.998304	1.00168	1.00662	3.347473
4810	-977.637	-1027.642	50.00542	52414.75	28.6431	0.994453	0.998576	1.00141	1.00556	2.972294
4820	-990.1452	-1035.694	45.54902	36127.97	29.24312	0.99332	0.998284	1.0017	1.0067	3.128362
4830	-976.7152	-1027.722	51.00673	60554.93	30.30637	0.994839	0.998676	1.00131	1.00517	2.945814
4840	-990.684	-1045.916	55.23168	36250.43	31.28211	0.993332	0.998287	1.0017	1.00668	2.810891
4850	-971.85	-1042.72	70.87019	21994.18	32.49429	0.991442	0.997798	1.00218	1.00858	2.330792
4860	-994.0856	-1035.383	41.29752	4702.79	25.67038	0.981526	0.995205	1.00467	1.0186	3.264829
4870	-1012.251	-1039.535	27.28376	60224.55	24.79533	0.994825	0.998672	1.00132	1.00518	3.816604
4880	-1007.557	-1032.243	24.686	25857.89	26.75313	0.992106	0.99797	1.00201	1.00792	3.895312
4890	-1015.82	-1039.908	24.08826	41079.7	21.88225	0.993736	0.998391	1.00159	1.00628	3.943336
4900	-1003.182	-1039.557	36.37459	26736.21	27.55258	0.992237	0.998004	1.00197	1.00778	3.455917
4910	-1001.194	-1036.708	35.51427	48677.15	25.90697	0.994245	0.998523	1.00147	1.00577	3.490768
4920	-989.4582	-1032.328	42.86962	54179.58	29.54032	0.994544	0.9986	1.00139	1.00547	3.218783
4930	-1015.227	-1036.615	21.38857	8472.985	28.17346	0.986225	0.996439	1.00349	1.01384	3.983993
4940	-985.0702	-1024.349	39.27925	87047.24	29.41502	0.995695	0.998896	1.0011	1.00431	3.341388
4950	-989.8994	-1038.577	48.67785	1383.176	25.66482	0.966032	0.991065	1.00852	1.03438	2.977195
4960	-1003.894	-1040.999	37.10478	862.5498	25.54759	0.957057	0.988617	1.01072	1.04361	3.427391
4970	-982.9236	-1029.59	46.6663	78322.06	33.50945	0.995462	0.998836	1.00116	1.00455	3.065472
4980	-993.5932	-1038.761	45.16749	50458.88	33.75728	0.994347	0.998549	1.00144	1.00566	3.107072
4990	-1003.751	-1036.417	32.66545	87661.81	27.51262	0.99571	0.9989	1.00109	1.0043	3.590926
5000	-987.115	-1024.271	37.1556	5206.06	24.32008	0.982439	0.995446	1.00444	1.01767	3.411993
5010	-993.9558	-1016.675	22.71963	43164.03	20.60069	0.993888	0.998431	1.00156	1.00612	3.983358
5020	-969.5419	-1018.553	49.01156	91698.76	30.23287	0.995806	0.998925	1.00107	1.0042	3.011665
5030	-981.4715	-1021.86	40.38851	67034.73	26.92624	0.995095	0.998742	1.00125	1.00491	3.30905
5040	-990.3206	-1025.499	35.17877	73559.68	23.86361	0.995317	0.998799	1.00119	1.00469	3.486905
5050	-992.8631	-1028.053	35.18952	35763.58	24.95903	0.993287	0.998275	1.00171	1.00673	3.499084
5060	-999.3345	-1036.584	37.24971	97989.27	26.32497	0.995942	0.99896	1.00103	1.00406	3.425218
5070	-997.4178	-1038.396	40.97776	23188.1	30.24752	0.991665	0.997856	1.00212	1.00836	3.277265
5080	-1018.996	-1044.648	25.65183	83163.74	26.49941	0.995596	0.998871	1.00112	1.00441	3.863195
5090	-991.9863	-1032.202	40.21615	90548.6	25.14555	0.995779	0.998918	1.00108	1.00423	3.300465
5100	-1002.608	-1041.229	38.62127	58253.75	28.00995	0.994738	0.99865	1.00134	1.00527	3.373025
5110	-1005.567	-1040.957	35.39073	89326.97	28.98805	0.99575	0.998911	1.00108	1.00426	3.478764
5120	-990.8901	-1036.649	45.75902	28185.21	26.66176	0.992439	0.998056	1.00192	1.00758	3.106516
5130	-1005.488	-1040.048	34.55982	81211.49	24.25853	0.995543	0.998857	1.00114	1.00446	3.518029
5140	-976.7597	-1027.458	50.69834	67729.6	26.79473	0.99512	0.998748	1.00124	1.00489	2.923778
5150	-971.4815	-1031.608	60.12671	90251.12	30.74677	0.995772	0.998916	1.00108	1.00423	2.649654
5160	-997.0986	-1037.59	40.49104	39697.31	27.07845	0.993628	0.998363	1.00162	1.00639	3.305732
5170	-994.6501	-1031.13	36.47983	65996.4	29.54036	0.995056	0.998732	1.00126	1.00495	3.43509
5180	-1000.969	-1030.479	29.51098	28621.1	24.02956	0.992497	0.998071	1.00191	1.00752	3.725285
5190	-966.4346	-1020.005	53.57011	57305.55	31.39171	0.994695	0.998639	1.00135	1.00531	2.864117
5200	-986.0007	-1030.223	44.22257	19552.25	30.61869	0.990924	0.997664	1.00231	1.0091	3.167776
5210	-977.34	-1024.144	46.80382	86253.23	27.47553	0.995675	0.998891	1.0011	1.00433	3.076701
5220	-987.4489	-1035.98	48.53108	2906.197	31.78508	0.976521	0.99388	1.00592	1.02368	3.022734
5230	-972.0281	-1035.585	63.55706	42691.37	38.91124	0.993855	0.998422	1.00156	1.00616	2.550635
5240	-995.6022	-1043.345	47.74229	79117.88	28.53424	0.995485	0.998842	1.00115	1.00452	3.050764
5250	-992.1574	-1036.113	43.95517	61547.89	30.92349	0.994881	0.998687	1.0013	1.00513	3.174299
5260	-971.1848	-1029.004	57.8192	45364.22	31.06354	0.994038	0.998469	1.00152	1.00597	2.726884
5270	-978.5638	-1036.069	57.50558	26737.38	33.45204	0.992237	0.998004	1.00197	1.00778	2.74208
5280	-972.583	-1024.168	51.5854	46477.56	31.5577	0.99411	0.998488	1.0015	1.0059	2.927101
5290	-996.3825	-1036.891	40.50872	32676.16	25.97247	0.992977	0.998195	1.00179	1.00704	3.298593
5300	-976.1699	-1023.485	47.31475	30841.35	30.79883	0.992771	0.998142	1.00184	1.00725	3.066154
5310	-994.2743	-1027.548	33.27396	62958.79	28.07522	0.994939	0.998702	1.00129	1.00507	3.563224
5320	-993.8814	-1034.376	40.49453	79352.87	25.19253	0.995491	0.998844	1.00115	1.00452	3.290074
5330	-979.6091	-1030.62	51.01096	48086.62	31.96023	0.994209	0.998514	1.00147	1.0058	2.944158
5340	-993.4027	-1034.174	40.7711	72641.95	27.78564	0.995288	0.998791	1.0012	1.00472	3.296428
5350	-970.2018	-1033.272	63.07	24071.05	39.87956	0.991819	0.997896	1.00208	1.0082	2.555848
5360	-972.9306	-1025.859	52.92831	46124.09	32.26123	0.994088	0.998482	1.00151	1.00592	2.883575
5370	-995.0575	-1037.937	42.87939	6881.101	31.0016	0.984718	0.996045	1.00387	1.01536	3.208392
5380	-998.276	-1041.377	43.10122	38108.56	27.51306	0.993496	0.998329	1.00166	1.00652	3.21162
5390	-995.9296	-1032.759	36.82896	45684.04	28.08168	0.994059	0.998475	1.00151	1.00595	3.436558
5400	-991.5829	-1037.362	45.77911	9270.199	27.10879	0.986829	0.996597	1.00334	1.01323	3.110747
5410	-983.4303	-1030.359	46.92858	45064.44	29.19078	0.994019	0.998464	1.00152	1.00599	3.081117
5420	-985.049	-1024.475	39.42571	56741.25	31.03671	0.994669	0.998632	1.00136	1.00534	3.319351
5430	-1017.627	-1046.821	29.19405	84538.76	22.89561	0.995632	0.99888	1.00111	1.00438	3.728738
5440	-990.7638	-1027.817	37.0535	85184	31.56978	0.995648	0.998884	1.00111	1.00436	3.387391
5450	-999.0658	-1033.921	34.85485	51895.21	25.53605	0.994426	0.998569	1.00142	1.00559	3.515423
5460	-979.0395	-1024.975	45.93592	10022.53	30.13299	0.987332	0.996729	1.00321	1.01273	3.113727
5470	-972.8843	-1029.322	56.43782	26592.64	30.32311	0.992216	0.997998	1.00198	1.00781	2.766737
5480	-994.798	-1034.387	39.58912	72567.53	32.1815	0.995285	0.998791	1.0012	1.00472	3.298255
5490	-978.6959	-1031.555	52.85889	62094.96	35.8128	0.994904	0.998693	1.0013	1.00511	2.862591
5500	-976.6634	-1027.527	50.86324	92024.97	33.84891	0.995813	0.998927	1.00107	1.00419	2.937618
5510	-983.7285	-1031.01	47.2816	70513.1	28.79363	0.995217	0.998773	1.00122	1.00479	3.067965
5520	-991.519	-1031.37	39.85124	20116.61	30.12879	0.991052	0.997697	1.00227	1.00898	3.315696
5530	-984.0551	-1030.507	46.45239	16750.29	29.88164	0.990196	0.997474	1.00249	1.00984	3.097126
5540	-996.0839	-1033.614	37.53007	68466.77	26.76354	0.995146	0.998755	1.00124	1.00486	3.41522
5550	-996.9748	-1038.844	41.86969	50653.5	32.97129	0.994358	0.998552	1.00144	1.00565	3.216619
5560	-989.4644	-1036.695	47.23094	1338.009	31.36924	0.965467	0.990912	1.00866	1.03496	3.06618
5570	-989.152	-1043.168	54.01609	81655.18	30.98733	0.995555	0.99886	1.00113	1.00445	2.849125
5580	-1004.59	-1048.941	44.3503	88003.9	30.02636	0.995718	0.998902	1.00109	1.00429	3.16685
5590	-1038.017	-1055.544	17.52693	10826.58	24.36308	0.98781	0.996853	1.00309	1.01224	4.218324
5600	-1003.911	-1030.378	26.46719	50390.82	22.14288	0.994343	0.998548	1.00144	1.00567	3.839
5610	-1005.925	-1033.713	27.78763	5719.216	21.94282	0.983242	0.995657	1.00424	1.01686	3.775527
5620	-986.2873	-1027.955	41.66778	95624.08	26.22412	0.995892	0.998947	1.00105	1.00411	3.256488
5630	-996.9547	-1045.26	48.30556	47520.01	33.75848	0.994175	0.998505	1.00148	1.00584	3.0141
5640	-992.2337	-1043.101	50.86694	96589.98	33.91471	0.995913	0.998952	1.00104	1.00409	2.936976
5650	-992.201	-1033.96	41.75924	48809.84	30.02422	0.994252	0.998525	1.00146	1.00576	3.253159
5660	-986.6376	-1035.549	48.91114	83677.46	25.96251	0.995609	0.998874	1.00112	1.0044	2.974865
5670	-997.5469	-1033.341	35.79404	61047.59	32.70683	0.99486	0.998681	1.00131	1.00515	3.406122
5680	-985.0384	-1035.672	50.63361	15337.47	29.6534	0.989755	0.99736	1.0026	1.01028	2.956419
5690	-1003.843	-1038.239	34.396	33558.55	27.78643	0.99307	0.998219	1.00176	1.00695	3.52586
5700	-999.3841	-1028.099	28.71475	76986.18	23.77865	0.995423	0.998826	1.00117	1.00458	3.75737
5710	-992.2461	-1034.78	42.53368	91582.63	30.09307	0.995803	0.998924	1.00107	1.0042	3.226907
5720	-1008.614	-1036.79	28.17681	73118.16	24.78899	0.995303	0.998795	1.0012	1.0047	3.780605
5730	-1007.099	-1037.066	29.96674	68384.6	24.14401	0.995143	0.998754	1.00124	1.00486	3.70689
5740	-995.0584	-1028.468	33.40974	63750.44	26.03117	0.99497	0.99871	1.00128	1.00504	3.571826
5750	-981.7138	-1022.418	40.70433	42589.26	30.21319	0.993847	0.99842	1.00157	1.00617	3.28662
5760	-980.7917	-1022.077	41.28503	80207.66	35.1237	0.995515	0.99885	1.00114	1.00449	3.198537
5770	-998.9936	-1037.517	38.52327	77333.14	25.77905	0.995433	0.998829	1.00116	1.00457	3.373734
5780	-971.5563	-1024.313	52.75623	74490.4	29.35459	0.995347	0.998807	1.00119	1.00466	2.882773
5790	-967.9526	-1023.509	55.55608	97292.67	30.19131	0.995928	0.998956	1.00104	1.00408	2.794898
5800	-963.2754	-1015.244	51.96877	29470.6	34.30564	0.992605	0.998099	1.00188	1.00741	2.901516
5810	-990.9652	-1035.446	44.48046	6092.962	29.80186	0.983763	0.995794	1.00411	1.01633	3.163419
5820	-992.8062	-1034.24	41.43357	44920.05	32.22831	0.994009	0.998462	1.00153	1.006	3.240318
5830	-995.2279	-1024.076	28.84765	55711.52	24.65918	0.99462	0.998619	1.00137	1.00539	3.753702
5840	-975.4367	-1023.958	48.52094	98249.51	30.41303	0.995948	0.998961	1.00103	1.00406	3.027721
5850	-963.9572	-1013.72	49.76331	55422.43	37.29188	0.994606	0.998616	1.00137	1.0054	2.929398
5860	-967.5014	-1023.287	55.78606	92318.44	35.3023	0.99582	0.998928	1.00107	1.00419	2.784512
5870	-983.6907	-1032.775	49.08392	3501.838	33.82406	0.978602	0.994432	1.0054	1.02156	2.990422
5880	-975.8101	-1024.246	48.43635	93910.75	27.12356	0.995855	0.998938	1.00106	1.00415	3.012924
5890	-986.2203	-1035.924	49.70363	93235.16	30.34181	0.99584	0.998934	1.00106	1.00417	2.988823
5900	-1004.034	-1042.971	38.9367	99348.67	33.00195	0.99597	0.998967	1.00103	1.00404	3.30505
5910	-983.435	-1034.92	51.48458	22069.8	31.68885	0.991457	0.997802	1.00217	1.00857	2.930036
5920	-1013.259	-1053.266	40.00753	61537.71	28.34058	0.994881	0.998687	1.0013	1.00513	3.322591
5930	-990.1662	-1044.027	53.86046	99940.32	33.30141	0.995982	0.99897	1.00102	1.00402	2.851701
5940	-987.3719	-1037.508	50.13576	386.5032	26.81845	0.936105	0.982755	1.01577	1.06537	2.945193
5950	-992.5713	-1029.519	36.94819	6355.774	32.23461	0.984101	0.995883	1.00403	1.01599	3.379382
5960	-977.1589	-1026.84	49.68124	10085.98	30.91086	0.987372	0.996739	1.0032	1.01268	2.989151
5970	-993.3955	-1029.908	36.51258	71979.36	26.39982	0.995266	0.998786	1.00121	1.00474	3.453293
5980	-995.8773	-1039.888	44.01065	16986.86	29.56049	0.990264	0.997492	1.00247	1.00977	3.18009
5990	-973.4328	-1022.124	48.6915	99090.8	33.10431	0.995965	0.998966	1.00103	1.00404	3.008618
6000	-983.8841	-1030.149	46.26469	36285.92	32.32888	0.993335	0.998288	1.0017	1.00668	3.089528
6010	-990.2538	-1034.655	44.40094	93373.05	25.27656	0.995843	0.998934	1.00106	1.00416	3.136704
6020	-994.7145	-1035.055	40.34066	84219.81	27.70194	0.995623	0.998878	1.00112	1.00438	3.311967
6030	-997.1777	-1038.29	41.11189	20533.84	26.33615	0.991143	0.99772	1.00225	1.00888	3.278593
6040	-1002.561	-1042.67	40.10917	52355.81	31.13291	0.99445	0.998576	1.00141	1.00556	3.296165
6050	-1003.782	-1032.686	28.90364	30133.59	29.80519	0.992687	0.99812	1.00186	1.00733	3.686027
6060	-989.8911	-1029.926	40.03498	60945.49	26.63778	0.994856	0.99868	1.00131	1.00515	3.321101
6070	-1007.838	-1045.406	37.56834	72600.41	25.65126	0.995286	0.998791	1.0012	1.00472	3.409973
6080	-984.5821	-1030.481	45.89868	60150.27	31.98067	0.994822	0.998671	1.00132	1.00519	3.103943
6090	-987.2055	-1030.733	43.52789	38385.25	34.0583	0.99352	0.998335	1.00165	1.0065	3.151268
6100	-970.3669	-1020.472	50.10498	3796.64	29.13869	0.979447	0.994656	1.00519	1.0207	2.972027
6110	-990.9738	-1030.757	39.78326	87204.29	24.83213	0.995699	0.998897	1.0011	1.00431	3.313085
6120	-1008.011	-1046.213	38.20227	14453.48	26.38798	0.989447	0.99728	1.00268	1.01059	3.389251
6130	-1008.218	-1042.071	33.85322	49679.91	23.15476	0.994303	0.998538	1.00145	1.00571	3.530699
6140	-995.6326	-1040.188	44.55588	3470.389	29.41398	0.978506	0.994407	1.00543	1.02166	3.162004
6150	-967.5177	-1027.004	59.48578	53891.07	32.7164	0.99453	0.998596	1.00139	1.00548	2.68178
6160	-967.9204	-1031.168	63.24771	37181.88	36.91032	0.993416	0.998309	1.00168	1.0066	2.569392
6170	-986.5053	-1030.605	44.10001	75508.41	31.5154	0.995378	0.998815	1.00118	1.00463	3.164685
6180	-980.4574	-1026.926	46.46875	80462.2	31.67716	0.995522	0.998852	1.00114	1.00448	3.088403
6190	-987.6023	-1029.086	41.48402	70876.15	31.96324	0.995229	0.998776	1.00122	1.00478	3.242207
6200	-976.6385	-1020.977	44.33852	71689.03	36.94423	0.995257	0.998783	1.00121	1.00475	3.081092
6210	-983.4532	-1031.97	48.51673	20395.49	32.74217	0.991114	0.997713	1.00226	1.00891	3.016857
6220	-989.3956	-1032.086	42.69013	85340.89	30.83931	0.995652	0.998885	1.00111	1.00435	3.215956
6230	-987.6577	-1029.675	42.01699	66897.32	28.72172	0.99509	0.99874	1.00125	1.00492	3.250999
6240	-977.4209	-1027.488	50.06675	37999.41	30.43674	0.993487	0.998327	1.00166	1.00653	2.976903
6250	-981.3592	-1027.658	46.29906	98489.5	28.32432	0.995953	0.998963	1.00103	1.00405	3.100523
6260	-1001.739	-1032.596	30.85753	45205.07	25.76301	0.994028	0.998467	1.00152	1.00598	3.671164
6270	-992.589	-1034.572	41.98253	81432.73	24.61187	0.995549	0.998859	1.00113	1.00446	3.220052
6280	-1000.144	-1041.04	40.89571	6902.047	30.74241	0.984742	0.996051	1.00387	1.01534	3.275163
6290	-976.9658	-1033.445	56.47927	61263.7	31.7856	0.994869	0.998684	1.00131	1.00514	2.772675
6300	-1003.772	-1034.626	30.85426	15540.43	20.50721	0.989822	0.997377	1.00259	1.01021	3.584244
6310	-1024.825	-1046.105	21.27937	94939.78	25.8264	0.995878	0.998943	1.00105	1.00413	4.04176
6320	-995.1087	-1035.666	40.55778	3969.677	29.08994	0.979898	0.994775	1.00508	1.02025	3.299956
6330	-980.8574	-1025.002	44.14426	6349.938	33.47523	0.984094	0.995881	1.00403	1.016	3.14119
6340	-1013.267	-1038.164	24.89739	39882.13	24.56881	0.993642	0.998367	1.00162	1.00637	3.914533
6350	-991.3817	-1020.387	29.00542	47235.32	24.45504	0.994158	0.9985	1.00149	1.00585	3.747281
6360	-989.4033	-1021.575	32.17187	64791.65	23.97015	0.995011	0.99872	1.00127	1.005	3.613988
6370	-998.6504	-1030.079	31.42893	83520.19	23.49373	0.995605	0.998873	1.00112	1.0044	3.640065
6380	-992.8295	-1027.319	34.48944	83680.22	24.95543	0.995609	0.998874	1.00112	1.0044	3.527111
6390	-989.9566	-1031.816	41.85913	18626.01	31.57587	0.990702	0.997606	1.00236	1.00933	3.235099
6400	-975.3931	-1031.207	55.81413	61491.84	33.46594	0.994879	0.998686	1.0013	1.00513	2.792604
6410	-984.374	-1035.169	50.79509	15599.63	36.10362	0.989841	0.997382	1.00258	1.0102	2.916814
6420	-979.5618	-1027.622	48.06014	77105.32	31.56075	0.995426	0.998827	1.00117	1.00458	3.038794
6430	-984.4757	-1029.498	45.02234	344.6195	36.29151	0.932382	0.981692	1.01665	1.06928	3.073617
6440	-1008.405	-1043.812	35.4072	81850.75	24.07037	0.995561	0.998862	1.00113	1.00445	3.48051
6450	-994.363	-1034.227	39.86431	50922.38	25.21891	0.994373	0.998556	1.00143	1.00564	3.315439
6460	-977.2269	-1022.64	45.41335	18396.34	31.79482	0.990644	0.997591	1.00238	1.00939	3.120739
6470	-992.0317	-1029.2	37.16812	31493.62	28.41105	0.992847	0.998161	1.00182	1.00717	3.422273
6480	-976.9224	-1020.375	43.45229	9839.136	29.41469	0.987215	0.996698	1.00324	1.01284	3.199521
6490	-976.3684	-1021.129	44.76078	67909.65	34.15903	0.995127	0.99875	1.00124	1.00488	3.113679
6500	-1006.01	-1040.956	34.94544	7268.16	28.1892	0.98513	0.996153	1.00377	1.01495	3.502654
6510	-998.8131	-1040.707	41.89424	21482.24	30.09338	0.991341	0.997772	1.0022	1.00869	3.248153
6520	-976.5746	-1019.315	42.7399	95432.43	23.65279	0.995888	0.998946	1.00105	1.00412	3.163704
6530	-990.8512	-1027.917	37.06547	71030.29	23.80738	0.995235	0.998778	1.00121	1.00477	3.406752
6540	-1001.849	-1032.943	31.09437	77463.06	23.5242	0.995437	0.99883	1.00116	1.00457	3.654657
6550	-989.2655	-1035.808	46.54235	82523.26	29.31209	0.995579	0.998866	1.00113	1.00443	3.094438
6560	-983.9088	-1028.233	44.32383	50296.8	33.05125	0.994338	0.998547	1.00144	1.00567	3.141209
6570	-982.8533	-1025.922	43.06861	10785.18	26.22873	0.987787	0.996847	1.0031	1.01227	3.203123
6580	-987.4369	-1035.125	47.68769	79609.21	30.23593	0.995499	0.998846	1.00115	1.00451	3.055449
6590	-957.4466	-1017.107	59.65996	8847.011	34.01491	0.986519	0.996516	1.00342	1.01355	2.677643
6600	-989.2472	-1035.794	46.54705	2922.341	28.26277	0.976585	0.993897	1.00591	1.02361	3.09147
6610	-966.6432	-1027.653	61.00987	734.5185	35.23486	0.953496	0.987635	1.01159	1.04728	2.636703
6620	-970.9037	-1023.605	52.7017	26219.22	31.41431	0.992161	0.997984	1.00199	1.00786	2.891778
6630	-974.8041	-1023.773	48.9689	64085.45	29.40895	0.994983	0.998713	1.00128	1.00503	3.011958
6640	-962.6364	-1022.051	59.41444	58755.8	34.1321	0.994761	0.998656	1.00133	1.00525	2.68473
6650	-983.6272	-1029.531	45.90413	7722.678	24.70218	0.985573	0.996269	1.00366	1.0145	3.063176
6660	-999.4659	-1036.366	36.89959	56946.75	26.95354	0.994678	0.998634	1.00136	1.00533	3.438585
6670	-1002.803	-1028.578	25.77521	45366.67	24.82024	0.994039	0.998469	1.00152	1.00597	3.877276
6680	-1007.137	-1041.005	33.86786	47300.76	26.94094	0.994162	0.998501	1.00149	1.00585	3.551136
6690	-998.7876	-1037.494	38.70605	53462.11	27.25578	0.994508	0.998591	1.0014	1.0055	3.371644
6700	-996.7126	-1029.231	32.51807	83921.28	29.16778	0.995616	0.998876	1.00112	1.00439	3.575139
6710	-1007.877	-1037.36	29.4824	26250.55	19.80736	0.992166	0.997985	1.00199	1.00786	3.617168
6720	-998.6109	-1047.018	48.40736	75471.72	26.22037	0.995377	0.998814	1.00118	1.00463	2.999417
6730	-990.1263	-1032.746	42.62016	43802.43	29.5248	0.993933	0.998442	1.00154	1.00608	3.227303
6740	-977.2447	-1033.983	56.73826	78545.52	30.79784	0.995468	0.998838	1.00115	1.00454	2.760178
6750	-989.8374	-1031.335	41.49759	96991.53	27.55631	0.995921	0.998955	1.00104	1.00408	3.269989
6760	-984.2501	-1033.735	49.48474	18620.38	32.5117	0.9907	0.997605	1.00236	1.00933	2.988811
6770	-993.7344	-1035.401	41.66661	13709	27.93097	0.989165	0.997206	1.00275	1.01088	3.264291
6780	-997.8192	-1045.378	47.55873	54773.44	28.03713	0.994574	0.998608	1.00138	1.00544	3.054144
6790	-999.0328	-1043.84	44.80686	5043.043	27.65926	0.982158	0.995372	1.00451	1.01796	3.150507
6800	-977.1966	-1025.801	48.60471	13804.35	30.75709	0.989202	0.997216	1.00274	1.01084	3.024369
6810	-968.8866	-1017.188	48.3016	44192.64	24.6672	0.99396	0.998449	1.00154	1.00605	2.965039
6820	-989.0413	-1033.013	43.97186	8416.162	29.43821	0.986179	0.996427	1.0035	1.01389	3.181789
6830	-1008.202	-1047.985	39.78307	87509.42	32.85175	0.995706	0.998899	1.00109	1.0043	3.281843
6840	-1000.07	-1044.522	44.45128	56688.61	32.07696	0.994666	0.998631	1.00136	1.00534	3.148239
6850	-996.5744	-1041.133	44.55873	32338.47	24.96711	0.99294	0.998186	1.0018	1.00708	3.123883
6860	-981.4935	-1035.158	53.66493	7663.224	30.12862	0.985517	0.996254	1.00367	1.01456	2.857207
6870	-993.007	-1040.26	47.25325	53492.19	28.39525	0.994509	0.998591	1.0014	1.0055	3.067219
6880	-971.4973	-1027.243	55.74529	97345.25	31.73306	0.995929	0.998956	1.00104	1.00408	2.795669
6890	-969.315	-1027.829	58.51369	57988.39	31.11254	0.994726	0.998647	1.00134	1.00528	2.704867
6900	-1004.431	-1046.591	42.1598	98682.12	28.92957	0.995957	0.998964	1.00103	1.00405	3.245445
6910	-994.8326	-1042.852	48.01968	14649.91	30.48375	0.989518	0.997298	1.00266	1.01052	3.044067
6920	-995.7597	-1036.84	41.08022	59653.58	27.93174	0.9948	0.998666	1.00132	1.00521	3.285285
6930	-977.2953	-1030.501	53.20546	50595.58	38.0372	0.994355	0.998551	1.00144	1.00566	2.82805
6940	-981.344	-1035.223	53.87865	4420.611	29.29452	0.980947	0.995053	1.00482	1.01918	2.843997
6950	-990.6206	-1033.421	42.80056	63135.87	30.8684	0.994946	0.998703	1.00129	1.00506	3.212122
6960	-1003.433	-1042.58	39.14647	3278.861	25.32189	0.97789	0.994243	1.00558	1.02228	3.345101
6970	-1010.016	-1055.136	45.11946	79650.8	25.81376	0.9955	0.998846	1.00115	1.00451	3.118455
6980	-986.509	-1036.359	49.84978	3495.251	25.26439	0.978582	0.994427	1.00541	1.02158	2.920789
6990	-987.0219	-1038.691	51.66865	60236.49	29.12875	0.994826	0.998672	1.00132	1.00518	2.918292
7000	-976.4448	-1015.521	39.0762	39613.75	25.47993	0.993621	0.998362	1.00162	1.00639	3.349556
7010	-1006.034	-1042.859	36.82576	76325.51	24.86233	0.995403	0.998821	1.00117	1.0046	3.432515
7020	-996.5637	-1032.179	35.61535	59608.72	24.10375	0.994799	0.998665	1.00132	1.00521	3.472354
7030	-987.5387	-1034.368	46.82935	6006.714	24.25329	0.983647	0.995764	1.00414	1.01645	3.012077
7040	-1003.683	-1042.908	39.22473	52197.09	23.21921	0.994442	0.998573	1.00142	1.00557	3.300616
7050	-998.8799	-1033.759	34.87936	2235.956	28.156	0.973248	0.993007	1.00674	1.02701	3.505307
7060	-975.1842	-1021.723	46.53903	42382.47	25.33141	0.993832	0.998416	1.00157	1.00618	3.053375
7070	-984.1371	-1035.959	51.82229	58404.36	32.39214	0.994745	0.998652	1.00134	1.00526	2.917385
7080	-984.9768	-1034.599	49.62251	90537.87	30.32802	0.995779	0.998918	1.00108	1.00423	2.991494
7090	-986.7279	-1028.456	41.72782	74604.24	25.22576	0.99535	0.998808	1.00118	1.00466	3.241655
7100	-972.4473	-1024.491	52.04415	96491.12	28.79944	0.995911	0.998952	1.00104	1.00409	2.902616
7110	-988.3141	-1031.148	42.83418	87838.35	31.65644	0.995714	0.998901	1.00109	1.00429	3.203364
7120	-981.3222	-1031.026	49.70387	77348.27	30.57425	0.995433	0.998829	1.00116	1.00457	2.988784
7130	-998.9424	-1025.958	27.01511	94532.82	27.69107	0.995869	0.998941	1.00105	1.00414	3.793192
7140	-992.2169	-1026.915	34.69761	84232.71	27.39156	0.995624	0.998878	1.00112	1.00438	3.517875
7150	-995.0242	-1033.523	38.49849	47109.25	34.33148	0.99415	0.998498	1.00149	1.00586	3.293669
7160	-993.1478	-1035.773	42.62526	83548.3	24.7076	0.995606	0.998873	1.00112	1.0044	3.196028
7170	-1005.879	-1038.86	32.98109	75616.4	23.23584	0.995381	0.998816	1.00118	1.00463	3.569807
7180	-999.0844	-1033.018	33.93319	27043.31	21.69168	0.992281	0.998015	1.00196	1.00774	3.486765
7190	-998.0434	-1037.774	39.73078	77278.96	27.29425	0.995431	0.998828	1.00116	1.00458	3.334078
7200	-1001.58	-1044.866	43.28628	1631.317	30.09411	0.968706	0.991787	1.00786	1.03164	3.201892
7210	-977.0019	-1031.75	54.74785	12540.29	33.82588	0.988672	0.997078	1.00288	1.01137	2.822961
7220	-996.1823	-1035.826	39.64402	13633.18	28.2943	0.989135	0.997199	1.00276	1.01091	3.335597
7230	-966.694	-1030.435	63.74073	46484.35	33.01154	0.994111	0.998488	1.0015	1.0059	2.553511
7240	-976.804	-1032.147	55.34288	28740.86	33.19668	0.992512	0.998075	1.00191	1.00751	2.807469
7250	-993.9945	-1027.861	33.86649	38218.66	29.02242	0.993506	0.998332	1.00165	1.00651	3.530888
7260	-1009.992	-1041.32	31.32799	67844.36	21.72009	0.995124	0.998749	1.00124	1.00488	3.607732
7270	-982.1467	-1023.852	41.70549	59204.72	28.76319	0.994781	0.998661	1.00133	1.00523	3.261719
7280	-983.6154	-1025.609	41.99389	62804.36	32.72679	0.994932	0.9987	1.00129	1.00508	3.216288
7290	-1013.925	-1039.089	25.16379	62671.33	27.49427	0.994927	0.998699	1.00129	1.00508	3.863947
7300	-999.2858	-1044.47	45.18389	72985.06	29.88569	0.995299	0.998794	1.0012	1.00471	3.139564
7310	-990.201	-1044.067	53.86609	66060.74	27.98227	0.995059	0.998733	1.00126	1.00495	2.828329
7320	-985.1962	-1023.862	38.66545	12036.2	28.94547	0.988438	0.997017	1.00294	1.01161	3.366116
7330	-1005.821	-1040.613	34.79203	37144.06	23.34619	0.993412	0.998308	1.00168	1.0066	3.494104
7340	-1002.792	-1037.316	34.52382	26140.2	25.88854	0.992149	0.997981	1.002	1.00787	3.528987
7350	-1004.038	-1044.491	40.45286	67315.72	28.63105	0.995105	0.998744	1.00125	1.0049	3.305846
7360	-994.4262	-1030.694	36.268	48874.13	29.67996	0.994256	0.998526	1.00146	1.00576	3.440537
7370	-989.5115	-1034.514	45.00283	31759.38	29.08495	0.992876	0.998169	1.00181	1.00714	3.147154
7380	-996.7793	-1037.94	41.16073	83332.79	25.87115	0.9956	0.998872	1.00112	1.00441	3.272437
7390	-983.3638	-1035.851	52.48752	23314.55	30.15225	0.991688	0.997861	1.00211	1.00834	2.896382
7400	-985.4611	-1036.624	51.16329	342.6706	32.38415	0.932193	0.981637	1.0167	1.06947	2.937764
7410	-984.2255	-1036.462	52.23677	3377.568	32.95281	0.978214	0.994329	1.0055	1.02196	2.902281
7420	-990.2754	-1037.082	46.80648	29227.32	27.22705	0.992575	0.998091	1.00189	1.00744	3.074141
7430	-983.1809	-1037.7	54.51961	69592.7	29.40255	0.995186	0.998765	1.00123	1.00482	2.823156
7440	-994.1216	-1044.863	50.7418	80955.29	34.27157	0.995536	0.998855	1.00114	1.00447	2.937588
7450	-978.4101	-1039.398	60.98788	59667.66	31.25165	0.994801	0.998666	1.00132	1.00521	2.626614
7460	-995.7828	-1040.682	44.89889	7286.843	30.97289	0.985149	0.996158	1.00376	1.01493	3.143447
7470	-1050.652	-1067.244	16.5918	95246.53	17.37539	0.995884	0.998945	1.00105	1.00412	4.162016
7480	-1004.925	-1042.107	37.18248	2380.878	30.97218	0.974071	0.993227	1.00653	1.02617	3.392592
7490	-985.2464	-1033.033	47.78621	13542.76	27.57526	0.989099	0.997189	1.00277	1.01094	3.041969
7500	-991.4093	-1034.312	42.90274	64819.65	24.76289	0.995012	0.99872	1.00127	1.005	3.185996
7510	-985.9632	-1028.53	42.56702	93476.17	26.53719	0.995846	0.998935	1.00106	1.00416	3.225203
7520	-1002.611	-1035.602	32.99119	81640.82	22.11555	0.995555	0.99886	1.00113	1.00445	3.543578
7530	-994.4785	-1024.129	29.65009	1147.605	28.59579	0.962731	0.990169	1.00933	1.03777	3.683764
7540	-1006.147	-1029.589	23.44268	85923.55	21.73818	0.995667	0.998889	1.0011	1.00434	3.971018
7550	-990.8278	-1029.271	38.44285	67465.86	26.09875	0.995111	0.998746	1.00125	1.0049	3.378848
7560	-992.9665	-1034.077	41.1107	61872.18	26.15841	0.994894	0.99869	1.0013	1.00511	3.277164
7570	-985.521	-1039.143	53.62156	80499.58	31.71838	0.995523	0.998852	1.00114	1.00448	2.862597
7580	-979.6192	-1037.347	57.72823	37021.53	33.96564	0.993401	0.998305	1.00168	1.00661	2.73455
7590	-997.2693	-1039.036	41.76618	23162.82	27.63162	0.99166	0.997854	1.00212	1.00836	3.260392
7600	-979.0808	-1030.313	51.2323	48261.4	35.32508	0.99422	0.998516	1.00147	1.00579	2.913268
7610	-980.2073	-1024.463	44.25569	91801.97	29.0785	0.995808	0.998925	1.00107	1.0042	3.172851
7620	-983.3451	-1039.343	55.99781	90015.44	31.49313	0.995767	0.998915	1.00108	1.00424	2.787097
7630	-971.6098	-1035.691	64.08081	96492.53	38.44544	0.995911	0.998952	1.00104	1.00409	2.539953
7640	-992.3777	-1043.172	50.79414	76272.42	29.84105	0.995401	0.998821	1.00117	1.00461	2.951696
7650	-999.2947	-1050.2	50.90522	82358.46	31.09092	0.995574	0.998865	1.00113	1.00443	2.949435
7660	-981.7235	-1031.411	49.68775	54732.82	29.59523	0.994572	0.998607	1.00138	1.00544	2.988147
7670	-991.4461	-1035.363	43.9169	45719.55	29.3399	0.994062	0.998475	1.00151	1.00595	3.183935
7680	-983.4211	-1034.55	51.12935	782.2844	32.04305	0.954926	0.98803	1.01124	1.0458	2.940171
7690	-981.7236	-1038.011	56.28768	21110.23	36.03996	0.991265	0.997752	1.00222	1.00876	2.765166
7700	-969.8583	-1031.833	61.97444	96525.61	38.21968	0.995912	0.998952	1.00104	1.00409	2.596303
7710	-983.6724	-1027.078	43.40558	12321.15	28.08897	0.988572	0.997052	1.0029	1.01147	3.202375
7720	-991.9523	-1029.821	37.86862	84649.74	36.62656	0.995635	0.998881	1.00111	1.00437	3.263324
7730	-1011.482	-1047.205	35.72282	66212.71	32.02701	0.995065	0.998734	1.00126	1.00494	3.421275
7740	-995.7152	-1026.795	31.08017	7770.608	21.7849	0.985617	0.99628	1.00365	1.01446	3.621046
7750	-984.6856	-1026.936	42.25085	10111.59	25.33555	0.987388	0.996743	1.0032	1.01267	3.222724
7760	-980.5913	-1027.283	46.69161	94862.99	31.57005	0.995876	0.998943	1.00105	1.00413	3.082094
7770	-999.6042	-1037.216	37.61173	2230.755	24.3291	0.973217	0.992999	1.00675	1.02704	3.393383
7780	-990.2265	-1026.526	36.299	55351.01	26.36017	0.994602	0.998615	1.00137	1.00541	3.46136
7790	-1006.896	-1041.401	34.50519	90469.33	25.71223	0.995777	0.998917	1.00108	1.00423	3.529502
7800	-977.9656	-1024.712	46.74593	22466.23	27.1006	0.991532	0.997821	1.00215	1.00849	3.07499
7810	-986.6792	-1029.797	43.11831	98100.4	28.37076	0.995945	0.998961	1.00103	1.00406	3.212835
7820	-980.5375	-1030.53	49.99266	85805.3	27.69915	0.995664	0.998888	1.00111	1.00434	2.963509
7830	-1006.515	-1046.723	40.20794	57920.09	25.52213	0.994723	0.998646	1.00134	1.00529	3.305634
7840	-997.3013	-1029.302	32.00038	83492.84	28.2864	0.995604	0.998873	1.00112	1.0044	3.60585
7850	-1000.296	-1032.134	31.83798	97220.12	24.46921	0.995926	0.998956	1.00104	1.00408	3.631532
7860	-979.5141	-1026.678	47.16362	81345.47	33.06131	0.995547	0.998858	1.00113	1.00446	3.055191
7870	-984.8651	-1034.493	49.62752	68550.79	27.85996	0.995149	0.998756	1.00124	1.00486	2.978511
7880	-981.5332	-1022.375	40.84142	66547.06	24.53917	0.995077	0.998737	1.00125	1.00493	3.264993
7890	-986.6192	-1027.662	41.04237	60114.1	29.44281	0.99482	0.998671	1.00132	1.00519	3.281273
7900	-980.3323	-1016.212	35.88004	2008.78	30.33042	0.971783	0.992615	1.0071	1.0285	3.444586
7910	-979.524	-1025.873	46.34865	83792.27	29.1799	0.995612	0.998875	1.00112	1.00439	3.100976
7920	-976.8745	-1031.011	54.13698	74120.37	32.02004	0.995335	0.998804	1.00119	1.00467	2.846322
7930	-982.8852	-1018.084	35.19898	75933.97	35.16215	0.995391	0.998818	1.00117	1.00462	3.370924
7940	-985.9332	-1033.615	47.68155	56376.58	29.69273	0.994652	0.998628	1.00136	1.00536	3.055988
7950	-1008.672	-1046.433	37.76179	9962.101	27.20005	0.987294	0.996719	1.00322	1.01276	3.406378
7960	-995.2277	-1029.939	34.71135	29815.76	24.20981	0.992648	0.99811	1.00187	1.00737	3.511197
7970	-989.6794	-1035.719	46.03993	12466.11	31.62076	0.988638	0.997069	1.00288	1.01141	3.102363
7980	-981.7343	-1027.521	45.78633	4852.776	25.98513	0.981813	0.995281	1.0046	1.01831	3.095606
7990	-969.3246	-1019.502	50.17766	18512.98	29.4742	0.990673	0.997598	1.00237	1.00936	2.971131
8000	-976.0194	-1030.038	54.01829	27705.59	28.69791	0.992374	0.998039	1.00194	1.00765	2.832865
8010	-995.9246	-1044.738	48.81339	74880.57	32.79155	0.995359	0.99881	1.00118	1.00465	3.007424
8020	-978.6264	-1031.272	52.64566	92365.06	32.22671	0.995821	0.998929	1.00107	1.00419	2.892426
8030	-995.0802	-1031.391	36.31095	76570.39	30.88648	0.99541	0.998823	1.00117	1.0046	3.422076
8040	-993.8341	-1032.132	38.29803	22269.66	25.63603	0.991495	0.997812	1.00216	1.00853	3.381407
8050	-981.6408	-1027.974	46.33355	58106.06	28.25625	0.994732	0.998648	1.00134	1.00528	3.098994
8060	-983.088	-1026.008	42.92048	7988.932	32.27548	0.985815	0.996332	1.0036	1.01426	3.193616
8070	-992.5726	-1027.105	34.53203	61694.46	26.24649	0.994887	0.998688	1.0013	1.00512	3.528568
8080	-991.0832	-1034.71	43.62631	31762.93	26.18926	0.992877	0.998169	1.00181	1.00714	3.181379
8090	-986.6624	-1030.655	43.99268	35971.34	32.71341	0.993306	0.99828	1.0017	1.00671	3.155373
8100	-987.1866	-1035.636	48.44946	64588.54	29.78517	0.995003	0.998718	1.00127	1.00501	3.030225
8110	-995.0275	-1043.791	48.76389	44315.69	32.21092	0.993968	0.998451	1.00154	1.00604	3.012978
8120	-977.1121	-1021.555	44.44263	14782.8	28.9944	0.989565	0.99731	1.00265	1.01047	3.166497
8130	-985.7349	-1034.531	48.796	96712.68	30.51733	0.995916	0.998953	1.00104	1.00409	3.018558
8140	-981.2534	-1033.733	52.47984	53672.01	31.65007	0.994519	0.998593	1.0014	1.00549	2.898672
8150	-989.6573	-1034.104	44.44652	48444.53	25.1175	0.994231	0.998519	1.00147	1.00578	3.131641
8160	-985.0594	-1026.59	41.5308	18134.41	25.16598	0.990577	0.997573	1.0024	1.00945	3.248514
8170	-980.2926	-1029.59	49.29761	4386.36	32.62213	0.980873	0.995033	1.00484	1.01926	2.993836
8180	-978.3027	-1019.297	40.99426	57594.22	29.59486	0.994708	0.998642	1.00135	1.0053	3.281896
8190	-990.0763	-1022.078	32.00154	82754.91	30.19362	0.995585	0.998868	1.00113	1.00442	3.575031
8200	-993.1048	-1032.953	39.8482	30825.38	23.30583	0.992769	0.998142	1.00184	1.00725	3.276351
8210	-982.2848	-1026.52	44.23518	32511.99	29.04595	0.992959	0.998191	1.00179	1.00706	3.173596
8220	-981.5314	-1028.086	46.55512	97761.19	29.99356	0.995938	0.998959	1.00104	1.00407	3.093487
8230	-991.6206	-1045.656	54.03581	37937.53	34.24654	0.993482	0.998326	1.00166	1.00653	2.841627
8240	-981.3242	-1038.767	57.44319	6973.942	38.87689	0.98482	0.996071	1.00385	1.01526	2.708124
8250	-974.5309	-1034.876	60.34499	92638.02	35.89419	0.995827	0.99893	1.00106	1.00418	2.653221
8260	-972.1585	-1034.42	62.26183	67359.76	36.78816	0.995107	0.998745	1.00125	1.0049	2.596646
8270	-980.5252	-1034.561	54.03563	44640.9	37.61222	0.99399	0.998457	1.00153	1.00602	2.811216
8280	-999.798	-1037.898	38.10023	11969.89	26.09058	0.988406	0.997009	1.00294	1.01164	3.391936
8290	-1005.096	-1052.267	47.17058	26966.99	30.6393	0.99227	0.998012	1.00197	1.00775	3.071424
8300	-999.8665	-1038.983	39.11694	90294.24	30.71085	0.995773	0.998916	1.00108	1.00423	3.33341
8310	-983.078	-1031.327	48.24868	52977.58	26.81298	0.994483	0.998584	1.00141	1.00553	3.015476
8320	-966.2073	-1027.474	61.26637	30896.42	32.41476	0.992778	0.998144	1.00184	1.00724	2.625947
8330	-987.0263	-1035.149	48.12275	54777.96	28.82925	0.994574	0.998608	1.00138	1.00544	3.03891
8340	-970.2155	-1028.588	58.37217	38903.28	28.89804	0.993563	0.998347	1.00164	1.00645	2.684525
8350	-991.3254	-1028.946	37.62035	97996.38	29.50541	0.995942	0.99896	1.00103	1.00406	3.396849
8360	-991.7925	-1026.715	34.92238	50656.52	29.28685	0.994358	0.998552	1.00144	1.00565	3.491188
8370	-1006.269	-1036.667	30.39846	49217.38	29.3577	0.994276	0.998531	1.00146	1.00574	3.64436
8380	-1005.24	-1034.29	29.04951	15006.04	20.45432	0.989643	0.997331	1.00263	1.0104	3.670016
8390	-1009.494	-1043.921	34.42701	98338.99	31.04565	0.99595	0.998962	1.00103	1.00406	3.480248
8400	-1001.5	-1025.269	23.76897	89573.92	21.86552	0.995756	0.998912	1.00108	1.00425	3.957715
8410	-1001.092	-1032.639	31.5469	92980.39	25.02922	0.995835	0.998932	1.00106	1.00417	3.645129
8420	-992.437	-1033.656	41.21876	20110.03	31.76522	0.991051	0.997696	1.00228	1.00898	3.253039
8430	-964.3382	-1030.328	65.98969	86677.34	43.17917	0.995686	0.998894	1.0011	1.00432	2.456217
8440	-975.9121	-1040.934	65.02232	94719.71	32.1535	0.995873	0.998942	1.00105	1.00413	2.507682
8450	-973.0734	-1043.699	70.62546	59818.77	37.99686	0.994808	0.998668	1.00132	1.0052	2.370097
8460	-960.6644	-1032.671	72.00672	6119.781	36.28987	0.983799	0.995803	1.0041	1.01629	2.330065
8470	-977.3502	-1034.602	57.25142	45058.49	29.57061	0.994018	0.998464	1.00152	1.00599	2.732288
8480	-978.8787	-1024.815	45.93658	53433.76	27.41435	0.994506	0.99859	1.0014	1.0055	3.10776
8490	-989.4264	-1027.516	38.08974	15955.6	24.08872	0.989955	0.997412	1.00255	1.01008	3.369414
8500	-976.7714	-1023.794	47.02226	23210.99	33.20577	0.991669	0.997857	1.00212	1.00836	3.058023
8510	-1001.922	-1032.402	30.48085	91557.79	26.79213	0.995802	0.998924	1.00107	1.0042	3.678335
8520	-1001.674	-1035.423	33.74886	90603.53	20.77799	0.99578	0.998918	1.00108	1.00423	3.456855
8530	-978.4424	-1032.315	53.8731	45084.13	28.58883	0.99402	0.998465	1.00152	1.00599	2.836594
8540	-979.2055	-1036.123	56.91766	15549.17	26.0093	0.989825	0.997378	1.00259	1.01021	2.668036
8550	-1015.56	-1047.716	32.1561	26373.05	26.02013	0.992184	0.99799	1.00199	1.00784	3.620025
8560	-995.6235	-1024.173	28.54986	47746.41	28.09218	0.994189	0.998508	1.00148	1.00582	3.731201
8570	-978.6987	-1017.235	38.53649	19256.42	30.80816	0.990855	0.997646	1.00232	1.00917	3.351051
8580	-992.8227	-1026.126	33.3037	58043.34	26.30337	0.994729	0.998647	1.00134	1.00528	3.575187
8590	-979.8974	-1027.004	47.10626	9677.141	32.04631	0.987108	0.99667	1.00327	1.01295	3.065699
8600	-989.0854	-1035.671	46.58549	55923.76	31.02776	0.99463	0.998622	1.00137	1.00538	3.08871
8610	-998.4287	-1034.725	36.29605	88702.54	23.34465	0.995735	0.998907	1.00109	1.00427	3.429647
8620	-991.0964	-1036.559	45.46213	53429.08	26.42419	0.994506	0.99859	1.0014	1.0055	3.114623
8630	-990.2028	-1023.054	32.85072	81940.95	27.5909	0.995563	0.998862	1.00113	1.00444	3.583445
8640	-980.7597	-1020.642	39.88195	23994.49	25.78187	0.991806	0.997892	1.00208	1.00822	3.321056
8650	-1003.913	-1040.894	36.98068	15919.1	30.41788	0.989944	0.997409	1.00256	1.01009	3.407106
8660	-970.3928	-1030.072	59.67877	28808.46	35.56142	0.992521	0.998077	1.0019	1.0075	2.673249
8670	-998.846	-1036.545	37.69849	1238.676	23.45651	0.964118	0.990546	1.00899	1.03634	3.372317
8680	-995.9173	-1039.046	43.12838	16997.15	32.9671	0.990267	0.997493	1.00247	1.00977	3.178499
8690	-969.7878	-1029.776	59.98791	2029.384	33.64524	0.971926	0.992653	1.00707	1.02836	2.668009
8700	-978.8719	-1024.421	45.54876	27741.07	29.83743	0.992379	0.99804	1.00194	1.00764	3.127483
8710	-993.2032	-1030.821	37.61746	88980.74	25.54723	0.995742	0.998908	1.00109	1.00426	3.407321
8720	-996.9185	-1040.191	43.27218	84430.98	28.67194	0.995629	0.998879	1.00111	1.00438	3.207344
8730	-983.0225	-1026.676	43.65338	18304.08	25.35452	0.99062	0.997585	1.00238	1.00941	3.16771
8740	-988.5541	-1036.781	48.22661	89845.94	28.99704	0.995763	0.998914	1.00108	1.00424	3.035999
8750	-996.1148	-1039.131	43.01666	41353.28	24.59618	0.993756	0.998397	1.00159	1.00626	3.177675
8760	-1007.495	-1039.571	32.07555	29729.3	22.33155	0.992638	0.998107	1.00187	1.00738	3.590588
8770	-1006.586	-1038.859	32.27311	3658.617	25.79253	0.979064	0.994555	1.00529	1.02109	3.616157
8780	-1003.055	-1041.365	38.30954	45597.64	25.47051	0.994054	0.998473	1.00151	1.00596	3.379561
8790	-993.7923	-1044.222	50.42969	41165.07	29.16987	0.993742	0.998393	1.00159	1.00627	2.961061
8800	-1002.658	-1043.552	40.8941	45105.21	27.15713	0.994021	0.998465	1.00152	1.00599	3.291097
8810	-992.4291	-1036.546	44.11667	88598.43	29.01946	0.995733	0.998906	1.00109	1.00427	3.17771
8820	-1007.311	-1036.308	28.99703	14561.56	27.70313	0.989486	0.99729	1.00267	1.01055	3.721437
8830	-995.1001	-1024.768	29.66755	46645.94	25.25075	0.994121	0.998491	1.0015	1.00589	3.719673
8840	-981.5965	-1018.241	36.64433	58828.15	24.49406	0.994764	0.998657	1.00133	1.00525	3.435439
8850	-1003.657	-1030.989	27.33206	15695.06	21.18048	0.989872	0.99739	1.00257	1.01016	3.778187
8860	-995.3046	-1033.385	38.08018	23938.37	31.57428	0.991796	0.99789	1.00209	1.00823	3.354801
8870	-988.8258	-1031.794	42.96811	995.4426	31.87005	0.960004	0.989425	1.01	1.04057	3.196819
8880	-1015.652	-1045.244	29.59155	48736.38	21.88663	0.994248	0.998524	1.00146	1.00576	3.691948
8890	-999.6204	-1039.473	39.85219	78663.7	26.32462	0.995472	0.998839	1.00115	1.00454	3.326356
8900	-990.8147	-1042.217	51.40207	32861.21	31.49746	0.992997	0.9982	1.00178	1.00702	2.933018
8910	-991.468	-1034.814	43.34568	28640.69	30.52522	0.992499	0.998072	1.00191	1.00752	3.197099
8920	-1006.28	-1039.814	33.53422	67584.58	30.32695	0.995115	0.998747	1.00124	1.00489	3.521988
8930	-994.4013	-1027.557	33.15573	72806.21	23.11889	0.995293	0.998793	1.0012	1.00471	3.560152
8940	-990.6697	-1030.509	39.83912	71068.2	30.09953	0.995236	0.998778	1.00121	1.00477	3.316385
8950	-990.7345	-1031.505	40.77013	10531.9	29.06222	0.987641	0.996809	1.00314	1.01241	3.292805
8960	-994.6495	-1023.452	28.80209	53131.35	22.04776	0.994491	0.998586	1.0014	1.00552	3.731583
8970	-998.9827	-1042.562	43.57876	54661.83	33.65213	0.994568	0.998606	1.00138	1.00544	3.155623
8980	-997.7767	-1039.303	41.52582	84466	25.94106	0.99563	0.99888	1.00111	1.00438	3.259096
8990	-984.2464	-1024.379	40.13219	62049.57	28.6876	0.994902	0.998692	1.0013	1.00511	3.316785
9000	-994.0394	-1028.623	34.58368	13393.64	23.17261	0.989038	0.997173	1.00278	1.011	3.499528
9010	-1017.574	-1044.253	26.6787	17127.08	27.13246	0.990304	0.997503	1.00246	1.00973	3.814948
9020	-993.1962	-1030.503	37.30714	23801.78	26.74754	0.991773	0.997884	1.00209	1.00825	3.423548
9030	-979.2521	-1027.962	48.70943	95756.55	34.2127	0.995895	0.998948	1.00105	1.00411	2.997517
9040	-995.0202	-1035.696	40.67601	45667.48	36.19134	0.994058	0.998474	1.00151	1.00595	3.195363
9050	-991.7576	-1039.858	48.10012	38376.53	29.7321	0.993519	0.998335	1.00165	1.0065	3.041922
9060	-983.4777	-1025.797	42.31933	15190.59	35.58385	0.989706	0.997347	1.00262	1.01033	3.161002
9070	-971.8249	-1025.956	54.13075	91718.14	35.9379	0.995806	0.998925	1.00107	1.0042	2.825951
9080	-981.2926	-1029.539	48.24622	36687.61	26.1646	0.993372	0.998297	1.00169	1.00664	3.004502
9090	-975.1153	-1028.523	53.40722	44102.24	31.58587	0.993954	0.998448	1.00154	1.00606	2.869374
9100	-970.4351	-1026.002	55.56715	79659.95	33.57621	0.9955	0.998846	1.00115	1.00451	2.799635
9110	-1005.142	-1047.115	41.97313	18885.09	29.82009	0.990766	0.997622	1.00235	1.00926	3.247433
9120	-974.9334	-1023.838	48.9042	1090.445	31.89829	0.961774	0.989908	1.00957	1.03875	3.01041
9130	-974.8928	-1032.91	58.01758	57946.23	32.36369	0.994725	0.998646	1.00134	1.00529	2.726064
9140	-988.5549	-1036.856	48.30082	88019.55	33.13732	0.995719	0.998902	1.00109	1.00429	3.020129
9150	-977.8115	-1029.59	51.77875	21545.26	34.58543	0.991354	0.997775	1.0022	1.00867	2.904701
9160	-978.0057	-1034.986	56.97995	28626.5	32.15488	0.992497	0.998071	1.00191	1.00752	2.757809
9170	-978.7603	-1025.459	46.69892	75464.18	27.96684	0.995377	0.998814	1.00118	1.00463	3.084361
9180	-987.8685	-1031.763	43.89464	42735.93	32.66153	0.993858	0.998423	1.00156	1.00616	3.158991
9190	-974.1431	-1029.152	55.00868	49034.21	29.32991	0.994266	0.998528	1.00146	1.00575	2.805788
9200	-962.3395	-1025.606	63.26678	95407.85	37.08542	0.995888	0.998946	1.00105	1.00412	2.568181
9210	-982.7522	-1038.432	55.6795	68335.3	34.3062	0.995142	0.998754	1.00124	1.00487	2.793347
9220	-982.3239	-1032.943	50.61942	68092.66	30.55756	0.995133	0.998752	1.00124	1.00488	2.958831
9230	-979.7551	-1030.034	50.27901	62335.85	28.15204	0.994913	0.998695	1.0013	1.0051	2.958326
9240	-979.7724	-1029.027	49.25452	16778.97	27.25042	0.990204	0.997477	1.00249	1.00983	2.984552
9250	-995.1386	-1035.473	40.33452	73182.57	33.31829	0.995305	0.998796	1.0012	1.0047	3.257591
9260	-974.3188	-1024.691	50.37198	7584.613	33.47409	0.985443	0.996234	1.00369	1.01463	2.955159
9270	-982.6028	-1035.444	52.84143	14167.57	29.15639	0.989341	0.997252	1.00271	1.0107	2.878268
9280	-983.317	-1033.545	50.22841	1281.731	27.98593	0.964722	0.99071	1.00884	1.03572	2.958369
9290	-988.7207	-1030.024	41.3035	33305.51	26.09272	0.993044	0.998212	1.00177	1.00697	3.269182
9300	-1000.79	-1030.878	30.08809	63649.8	23.21235	0.994966	0.998709	1.00128	1.00504	3.694027
9310	-983.1187	-1026.057	42.93798	26542.31	28.56225	0.992209	0.997996	1.00198	1.00781	3.219113
9320	-983.629	-1031.69	48.06081	36252.17	30.38351	0.993332	0.998287	1.0017	1.00668	3.042901
9330	-981.8291	-1025.348	43.51922	75638.27	34.41477	0.995382	0.998816	1.00118	1.00463	3.146154
9340	-986.9805	-1029.488	42.50742	24757.53	30.38466	0.991933	0.997925	1.00205	1.00809	3.225669
9350	-1001.447	-1043.461	42.0143	70948.94	26.73515	0.995232	0.998777	1.00121	1.00478	3.24748
9360	-980.8809	-1033.548	52.66712	30855.35	29.12141	0.992773	0.998142	1.00184	1.00725	2.883952
9370	-990.6059	-1031.78	41.17412	97787.65	25.39424	0.995938	0.998959	1.00104	1.00407	3.266052
9380	-996.1929	-1034.671	38.47821	72441.04	27.91329	0.995281	0.99879	1.0012	1.00473	3.37851
9390	-982.9043	-1017.303	34.39843	46021.59	23.05932	0.994081	0.99848	1.00151	1.00593	3.505122
9400	-1008.204	-1037.114	28.90996	88492.94	27.91829	0.99573	0.998905	1.00109	1.00428	3.721215
9410	-985.8977	-1030.811	44.91348	14268.62	35.58807	0.989379	0.997262	1.0027	1.01066	3.088033
9420	-984.3561	-1029.157	44.80057	87080.07	33.75753	0.995696	0.998897	1.0011	1.00431	3.117938
9430	-985.1912	-1026.102	40.91039	9371.721	24.69569	0.9869	0.996616	1.00332	1.01316	3.265213
9440	-984.0495	-1025.636	41.58703	84682.24	33.11949	0.995635	0.998881	1.00111	1.00437	3.223
9450	-990.3087	-1033.254	42.94532	30583.36	24.7444	0.992741	0.998134	1.00185	1.00728	3.183877
9460	-990.606	-1028.67	38.06396	88121.36	27.49108	0.995721	0.998903	1.00109	1.00429	3.39476
9470	-1009.041	-1034.667	25.6258	21713.69	22.98838	0.991387	0.997784	1.00219	1.00864	3.885166
9480	-993.8666	-1032.069	38.20271	50943	35.82239	0.994374	0.998556	1.00143	1.00564	3.27163
9490	-991.6344	-1034.717	43.08251	41059.64	32.52954	0.993734	0.998391	1.0016	1.00628	3.185511
9500	-1006.49	-1042.944	36.45378	82831.22	29.03401	0.995587	0.998868	1.00112	1.00442	3.44162
9510	-998.2745	-1048.633	50.35835	5425.529	29.37442	0.982796	0.99554	1.00435	1.01731	2.964553
9520	-1001.753	-1037.275	35.52143	56096.01	23.78214	0.994638	0.998624	1.00137	1.00537	3.471178
9530	-998.0888	-1039.011	40.9225	82247.17	25.40418	0.995571	0.998864	1.00113	1.00444	3.276095
9540	-983.937	-1022.979	39.04171	46224.6	28.64467	0.994094	0.998484	1.0015	1.00592	3.355054
9550	-969.587	-1023.264	53.67651	44552.82	29.72039	0.993984	0.998455	1.00153	1.00603	2.854285
9560	-990.7299	-1033.745	43.01474	15939.15	32.28952	0.98995	0.997411	1.00255	1.01009	3.190528
9570	-977.8566	-1027.149	49.29288	49341.67	31.28795	0.994283	0.998533	1.00146	1.00573	3.000719
9580	-986.3908	-1038.678	52.28751	28233.55	27.50796	0.992445	0.998058	1.00192	1.00757	2.877648
9590	-984.5779	-1038.461	53.88358	1506.554	31.10872	0.967444	0.991447	1.00817	1.03294	2.853677
9600	-972.4675	-1023.427	50.95934	14935.57	34.04456	0.989618	0.997324	1.00264	1.01042	2.933185
9610	-997.9887	-1037.89	39.90147	32840.45	25.22492	0.992995	0.9982	1.00178	1.00702	3.314045
9620	-969.5708	-1022.824	53.25314	55490.3	33.56074	0.994609	0.998617	1.00137	1.0054	2.868636
9630	-983.8919	-1033	49.10861	10409.03	29.90166	0.987569	0.99679	1.00315	1.01249	3.008259
9640	-996.5748	-1034.674	38.099	74910.93	24.35572	0.99536	0.99881	1.00118	1.00465	3.373805
9650	-990.8601	-1036.093	45.23308	18995.7	30.16976	0.990792	0.997629	1.00234	1.00924	3.136905
9660	-970.458	-1023.29	52.83189	68595.14	27.59012	0.995151	0.998756	1.00124	1.00486	2.859238
9670	-988.6115	-1034.647	46.03571	92442.38	30.03581	0.995822	0.998929	1.00106	1.00418	3.110694
9680	-998.4079	-1035.779	37.37124	29767.88	27.78425	0.992642	0.998109	1.00187	1.00738	3.418795
9690	-1002.538	-1050.79	48.25273	62148.69	34.81865	0.994906	0.998693	1.0013	1.0051	3.003896
9700	-982.0379	-1031.833	49.79518	10234.28	37.50917	0.987463	0.996763	1.00318	1.01259	2.925444
9710	-977.5798	-1024.373	46.79308	7499.665	29.2283	0.985361	0.996213	1.00371	1.01472	3.085804
9720	-997.5128	-1033.863	36.34975	74861.67	25.84125	0.995358	0.99881	1.00118	1.00465	3.458289
9730	-977.9956	-1026.291	48.29588	29249.33	34.24451	0.992577	0.998092	1.00189	1.00744	3.009256
9740	-976.0243	-1024.273	48.24873	78463.78	34.6525	0.995466	0.998837	1.00116	1.00454	3.005984
9750	-1000.343	-1043.203	42.85939	6602.511	34.05538	0.9844	0.995961	1.00395	1.01569	3.170941
9760	-993.5172	-1041.244	47.72647	5816.741	29.81412	0.983383	0.995694	1.00421	1.01672	3.054498
9770	-985.8949	-1032.368	46.47316	54518.56	31.01895	0.994561	0.998604	1.00139	1.00545	3.092378
9780	-974.113	-1025.006	50.89322	64755.75	32.35388	0.995009	0.99872	1.00127	1.005	2.946244
9790	-983.5569	-1038.598	55.04082	5745.7	36.51338	0.983281	0.995667	1.00423	1.01682	2.795539
9800	-974.5248	-1023.689	49.16466	95472.91	29.18562	0.995889	0.998946	1.00105	1.00412	3.004494
9810	-1002.883	-1037.331	34.4479	11554.04	24.29713	0.988199	0.996955	1.003	1.01185	3.523076
9820	-998.9897	-1037.543	38.55373	25154.75	28.21723	0.991997	0.997942	1.00204	1.00803	3.374517
9830	-965.7966	-1011.723	45.92664	37673.7	26.11041	0.993459	0.99832	1.00167	1.00656	3.092288
9840	-972.6523	-1026.524	53.87204	80319.72	33.05363	0.995518	0.998851	1.00114	1.00449	2.85231
9850	-998.0159	-1042.969	44.95279	82884.1	27.59847	0.995588	0.998869	1.00112	1.00442	3.144866
9860	-996.4306	-1037.65	41.21911	9833.374	28.50519	0.987211	0.996697	1.00324	1.01285	3.279453
9870	-971.8067	-1024.714	52.90773	11824.82	42.63381	0.988335	0.99699	1.00296	1.01171	2.768121
9880	-975.9168	-1032.65	56.73355	40109.42	32.7714	0.99366	0.998372	1.00161	1.00635	2.765898
9890	-977.3265	-1026.198	48.87113	45258.08	27.30595	0.994031	0.998468	1.00152	1.00598	2.999348
9900	-981.9048	-1031.879	49.97459	93214.08	28.18535	0.99584	0.998934	1.00106	1.00417	2.969464
9910	-1003.634	-1039.215	35.58115	43366.26	30.26662	0.993903	0.998434	1.00155	1.00611	3.455396
9920	-982.2007	-1030.817	48.61673	1895.519	30.55747	0.970957	0.992393	1.00731	1.02934	3.02437
9930	-973.9785	-1026.696	52.71712	16221.33	37.61233	0.990038	0.997433	1.00253	1.01	2.84627
9940	-993.554	-1043.354	49.80043	83610.07	32.56342	0.995607	0.998874	1.00112	1.0044	2.978787
9950	-1000.685	-1045.027	44.34192	29410.37	34.47627	0.992598	0.998097	1.00188	1.00742	3.121346
9960	-1015.725	-1054.01	38.28544	84550.15	29.09655	0.995632	0.99888	1.00111	1.00437	3.378015
9970	-993.1718	-1031.277	38.10555	88768.72	29.81803	0.995737	0.998907	1.00109	1.00427	3.377153
9980	-968.3398	-1022.015	53.67521	29622.14	31.21598	0.992624	0.998104	1.00188	1.0074	2.860555
9990	-982.5243	-1030.036	47.51191	40337.51	28.9759	0.993678	0.998376	1.00161	1.00634	3.060584
10000	-989.9754	-1027.913	37.93717	18481.11	27.19208	0.990665	0.997596	1.00237	1.00937	3.39994
