Iteration	Posterior	Likelihood	Prior	alpha_morpho	br_len_lambda	rates_morpho[1]	rates_morpho[2]	rates_morpho[3]	rates_morpho[4]	tree_length
0	-6160.668	-6195.157	34.48893	1.223513	32.8366	0.179288	0.534976	1.02902	2.25672	7.071783
10	-6191.505	-6220.998	29.49313	1.438921	28.54681	0.215731	0.578064	1.04662	2.15958	7.265519
20	-6181.05	-6205.266	24.21573	1.669497	26.40387	0.250359	0.614536	1.059	2.07611	7.424055
30	-6182.392	-6202.032	19.63988	1.831895	29.8233	0.272347	0.635858	1.06515	2.02664	7.597598
40	-6197.99	-6204.315	6.324443	1.934222	28.50864	0.285294	0.647832	1.06825	1.99862	8.077926
50	-6177.859	-6199.466	21.60682	1.296425	24.69495	0.192094	0.550747	1.03584	2.22132	7.463907
60	-6198.531	-6209.083	10.55198	1.686729	27.07389	0.252781	0.616949	1.05974	2.07053	7.942764
70	-6201.375	-6208.55	7.174608	1.774528	25.16686	0.26479	0.628675	1.06317	2.04337	8.058381
80	-6193.395	-6198.82	5.425822	1.383829	26.42881	0.206806	0.568004	1.0428	2.18239	8.135647
90	-6161.701	-6184.432	22.73063	1.187505	27.24458	0.172781	0.526669	1.02525	2.2753	7.495256
100	-6159.053	-6172.085	13.03212	1.312318	25.08827	0.19482	0.554012	1.03719	2.21397	7.823473
110	-6184.988	-6199.357	14.36897	1.710663	26.86397	0.256109	0.620239	1.06072	2.06293	7.800852
120	-6155.252	-6168.869	13.61726	1.773264	31.04431	0.26462	0.628512	1.06312	2.04374	7.767973
130	-6172.981	-6182.066	9.084782	1.824491	26.85757	0.271384	0.634951	1.06491	2.02876	7.997564
140	-6167.255	-6181.913	14.65856	1.578846	30.39147	0.237249	0.601175	1.05473	2.10684	7.751718
150	-6177.316	-6195.36	18.04437	1.687029	26.70966	0.252823	0.616991	1.05975	2.07044	7.662236
160	-6172.03	-6199.947	27.91774	1.374173	26.70966	0.205214	0.566178	1.04209	2.18652	7.292581
170	-6171.513	-6192.091	20.57828	1.38188	27.93191	0.206485	0.567637	1.04266	2.18322	7.5783
180	-6168.158	-6198.36	30.20165	1.229625	31.77976	0.180381	0.53635	1.02963	2.25364	7.223074
190	-6162.254	-6205.73	43.47567	1.190961	35.25627	0.173411	0.527482	1.02562	2.27349	6.759463
200	-6148.993	-6196.771	47.77803	0.9591119	30.49365	0.128725	0.464107	0.99288	2.41429	6.663068
210	-6123.857	-6183.344	59.48694	0.9532995	34.20477	0.127544	0.46225	0.991809	2.4184	6.311446
220	-6148.779	-6201.671	52.8916	1.11294	32.73701	0.158922	0.508252	1.01645	2.31637	6.511448
230	-6164.346	-6217.576	53.23061	1.125788	30.55202	0.161347	0.511549	1.01807	2.30903	6.485195
240	-6148.62	-6207.986	59.36657	0.907333	34.64992	0.118114	0.44701	0.982772	2.4521	6.312991
250	-6158.518	-6211.258	52.74061	0.8971979	36.88486	0.116013	0.443511	0.980633	2.45984	6.469114
260	-6136.818	-6192.492	55.67418	1.129874	35.36861	0.162115	0.512587	1.01858	2.30672	6.41216
270	-6136.606	-6188.201	51.59447	1.103662	33.18918	0.157161	0.505837	1.01526	2.32175	6.549611
280	-6136.189	-6204.06	67.87115	0.8899245	31.90768	0.114502	0.440968	0.979064	2.46547	6.040309
290	-6134.531	-6187.797	53.26533	1.100472	32.74996	0.156554	0.504999	1.01484	2.32361	6.500027
300	-6143.132	-6201.763	58.63133	1.109669	32.18436	0.158302	0.507403	1.01604	2.31826	6.332503
310	-6149.228	-6199.458	50.22949	0.8674083	34.1273	0.109801	0.432921	0.974015	2.48326	6.582939
320	-6148.563	-6185.757	37.19383	1.111902	31.65194	0.158725	0.507983	1.01632	2.31697	7.004258
330	-6197.368	-6206.321	8.953699	1.265834	26.6439	0.186781	0.544293	1.0331	2.23583	8.002571
340	-6178.99	-6205.603	26.61239	1.408074	25.38805	0.210766	0.572504	1.04453	2.1722	7.296287
350	-6162.155	-6189.844	27.68953	1.53016	29.55734	0.229944	0.593501	1.05214	2.12441	7.32905
360	-6171.751	-6188.353	16.60183	1.263218	28.48955	0.186323	0.54373	1.03286	2.23709	7.717581
370	-6202.069	-6203.117	1.048908	1.605708	24.26881	0.2412	0.605255	1.05607	2.09747	8.288493
380	-6190.273	-6185.368	-4.905564	1.789627	26.03569	0.2668	0.6306	1.06371	2.03889	8.532267
390	-6187.028	-6202.89	15.8623	1.163794	26.16466	0.16843	0.520997	1.0226	2.28797	7.736847
400	-6197.619	-6198.234	0.614768	1.394486	25.9604	0.208553	0.569996	1.04357	2.17788	8.320518
410	-6196.197	-6199.155	2.957745	1.169983	28.15322	0.169571	0.522494	1.02331	2.28463	8.204426
420	-6158.525	-6182.029	23.50382	1.694192	28.36608	0.253823	0.617983	1.06005	2.06815	7.475194
430	-6170.751	-6195.224	24.4727	1.561178	29.55168	0.23462	0.598433	1.05382	2.11313	7.437927
440	-6195.936	-6201.922	5.98555	1.624396	29.39916	0.243915	0.608033	1.05696	2.09109	8.067839
450	-6145.887	-6186.124	40.23725	1.275407	30.90827	0.188453	0.546337	1.03397	2.23124	6.910668
460	-6165.153	-6197.556	32.40284	1.233455	30.0069	0.181063	0.537207	1.03001	2.25172	7.169346
470	-6164.146	-6180.303	16.15632	1.715365	25.45091	0.256758	0.620876	1.06091	2.06145	7.709884
480	-6178.64	-6183.796	5.156179	1.259623	25.71594	0.185692	0.542954	1.03252	2.23883	8.144343
490	-6195.825	-6201.082	5.256954	1.683947	25.32151	0.252392	0.616562	1.05962	2.07143	8.136659
500	-6190.51	-6185.722	-4.787553	1.591876	22.54795	0.239173	0.603168	1.05539	2.10227	8.480838
510	-6177.749	-6189.715	11.96597	1.483514	27.57495	0.222765	0.585789	1.04944	2.14201	7.889165
520	-6147.758	-6186.295	38.5368	1.431787	28.25804	0.21459	0.576794	1.04615	2.16246	6.942975
530	-6183.159	-6200.224	17.06578	1.261951	29.20618	0.1861	0.543457	1.03274	2.2377	7.693706
540	-6159.53	-6185.251	25.72087	1.939758	29.99252	0.285976	0.648451	1.06841	1.99717	7.392167
550	-6164.773	-6193.783	29.00958	1.771023	29.86734	0.264321	0.628224	1.06304	2.04441	7.28321
560	-6178.229	-6193.043	14.81374	1.85435	26.19599	0.275246	0.638574	1.06588	2.0203	7.777386
570	-6186.381	-6198.327	11.94588	1.802232	28.60804	0.268467	0.632189	1.06415	2.03519	7.87931
580	-6170.189	-6189.848	19.65906	1.859754	31.38656	0.275938	0.63922	1.06605	2.01879	7.565094
590	-6191.777	-6217.215	25.43732	1.429202	30.50149	0.214176	0.576332	1.04598	2.16351	7.395596
600	-6197.511	-6199.99	2.479518	2.010852	25.48518	0.294567	0.656163	1.07026	1.97901	8.247468
610	-6165.679	-6190.659	24.97928	1.711599	33.48405	0.256238	0.620366	1.06076	2.06264	7.342886
620	-6156.829	-6185.447	28.61745	1.670562	30.54785	0.250509	0.614686	1.05904	2.07576	7.290854
630	-6153.246	-6197.608	44.36179	1.425479	32.60113	0.213578	0.575663	1.04573	2.16503	6.773122
640	-6142.644	-6181.856	39.21231	1.247072	30.33611	0.18348	0.54022	1.03133	2.24497	6.943677
650	-6168.236	-6193.618	25.38202	1.367582	33.46846	0.204123	0.564921	1.0416	2.18936	7.331318
660	-6170.258	-6190.38	20.12235	1.586394	26.90612	0.238365	0.602332	1.05512	2.10419	7.587247
670	-6166.792	-6192.742	25.9493	1.312532	26.07809	0.194857	0.554056	1.03721	2.21387	7.348563
680	-6171.367	-6202.284	30.91702	1.276409	33.04324	0.188627	0.54655	1.03406	2.23076	7.175983
690	-6185.052	-6210.398	25.34599	1.076858	28.72226	0.152029	0.498694	1.01165	2.33762	7.411022
700	-6136.329	-6200.589	64.26004	1.129918	35.25539	0.162123	0.512598	1.01858	2.30669	6.169944
710	-6110.481	-6177.443	66.96213	0.9710648	35.48222	0.131145	0.467878	0.995035	2.40594	6.092653
720	-6148.005	-6198.381	50.37663	1.482457	32.65935	0.2226	0.58561	1.04937	2.14242	6.588487
730	-6205.758	-6213.007	7.248906	1.680878	27.88181	0.251961	0.616134	1.05949	2.07242	8.056243
740	-6199.769	-6186.96	-12.80956	1.380491	23.46592	0.206256	0.567375	1.04256	2.18381	8.855529
750	-6192.935	-6198.042	5.106376	1.503779	26.64462	0.225906	0.589184	1.05064	2.13427	8.146965
760	-6162.408	-6193.389	30.981	1.173032	31.51621	0.170132	0.523227	1.02365	2.28299	7.202553
770	-6147.636	-6194.636	47.00075	1.377786	30.13304	0.205811	0.566864	1.04236	2.18497	6.684536
780	-6134.264	-6189.049	54.78502	0.8547943	31.30148	0.107154	0.428293	0.971053	2.4935	6.445027
790	-6169.099	-6195.055	25.95622	1.560155	28.99111	0.234467	0.598272	1.05377	2.11349	7.389772
800	-6177.602	-6191.959	14.35709	1.228342	27.69146	0.180151	0.536063	1.0295	2.25429	7.802126
810	-6160.123	-6164.689	4.565504	1.921779	26.46108	0.283755	0.646429	1.0679	2.00191	8.168094
820	-6157.563	-6193.938	36.37536	1.099878	30.15817	0.15644	0.504843	1.01476	2.32396	7.037175
830	-6179.634	-6201.16	21.52582	1.192009	25.8266	0.173602	0.527728	1.02573	2.27294	7.511172
840	-6154.484	-6189.059	34.57529	1.24578	29.79231	0.183251	0.539936	1.03121	2.2456	7.096749
850	-6197.042	-6222.913	25.87136	1.440994	26.13603	0.216062	0.578431	1.04676	2.15875	7.353407
860	-6168.434	-6197.263	28.82825	1.513904	29.44613	0.227462	0.590855	1.05123	2.13046	7.290778
870	-6149.069	-6180.982	31.91308	0.9965892	27.00748	0.136273	0.475724	0.999433	2.38857	7.151939
880	-6140.418	-6185.225	44.8066	1.19106	30.07126	0.173429	0.527505	1.02563	2.27343	6.756699
890	-6142.633	-6180.873	38.23989	1.332918	32.19725	0.19832	0.558157	1.03889	2.20463	6.965939
900	-6185.004	-6202.381	17.37679	1.197174	28.63403	0.17454	0.528935	1.02629	2.27024	7.689256
910	-6177.171	-6182.308	5.137288	1.767224	25.38091	0.263811	0.627734	1.0629	2.04555	8.142081
920	-6154.89	-6182.107	27.21719	1.550153	27.8748	0.232967	0.596697	1.05324	2.1171	7.339987
930	-6153.158	-6173.556	20.39811	1.451603	30.30422	0.217748	0.580297	1.04745	2.15451	7.564437
940	-6166.566	-6181.862	15.2957	1.510169	26.75351	0.226889	0.59024	1.05101	2.13186	7.765518
950	-6173.797	-6189.799	16.00249	1.173214	26.99205	0.170165	0.523271	1.02367	2.28289	7.74096
960	-6184.339	-6188.044	3.704614	1.594191	25.32309	0.239513	0.603519	1.05551	2.10146	8.19798
970	-6188.926	-6198.32	9.39403	1.584984	26.29645	0.238157	0.602117	1.05505	2.10468	7.984888
980	-6142.217	-6171.002	28.78538	1.073027	31.74778	0.15129	0.497653	1.01112	2.33994	7.268217
990	-6158.076	-6197.314	39.23768	1.337522	32.45843	0.199097	0.559071	1.03926	2.20257	6.932048
1000	-6132.339	-6168.915	36.57623	1.215022	31.04733	0.177765	0.533049	1.02815	2.26103	7.028401
1010	-6152.738	-6185.975	33.23737	1.358751	31.63731	0.202655	0.563222	1.04092	2.1932	7.129445
1020	-6144.346	-6175.799	31.45332	1.547121	31.53679	0.232511	0.596216	1.05307	2.1182	7.187279
1030	-6143.308	-6176.404	33.09597	1.217632	27.44515	0.178234	0.533643	1.02842	2.2597	7.119873
1040	-6185.91	-6202.581	16.67101	1.823776	27.49011	0.271291	0.634863	1.06488	2.02896	7.718427
1050	-6179.064	-6190.982	11.91857	1.513922	25.16892	0.227465	0.590857	1.05123	2.13045	7.869932
1060	-6185.809	-6204.94	19.13151	1.139964	28.27594	0.164005	0.515126	1.01981	2.30106	7.62964
1070	-6169.329	-6187.943	18.61429	1.543681	28.42461	0.231992	0.595669	1.05289	2.11945	7.647288
1080	-6160.862	-6190.294	29.43175	1.384242	30.35144	0.206874	0.568082	1.04283	2.18221	7.265958
1090	-6153.268	-6185.484	32.21575	1.205159	27.3039	0.175987	0.530787	1.02713	2.2661	7.148592
1100	-6159.224	-6189.027	29.80375	1.3631	31.64233	0.203379	0.564061	1.04126	2.1913	7.237894
1110	-6138.741	-6174.756	36.01537	1.278088	33.35084	0.18892	0.546906	1.03422	2.22996	7.015928
1120	-6143.284	-6180.181	36.89742	1.507206	29.9377	0.226434	0.589751	1.05084	2.13297	7.01936
1130	-6175.11	-6215.733	40.62335	1.250025	31.68859	0.184001	0.540867	1.03161	2.24352	6.895697
1140	-6195.348	-6206.651	11.30243	1.212896	30.72282	0.177382	0.532564	1.02793	2.26212	7.852493
1150	-6181.269	-6194.749	13.47913	1.249988	28.47348	0.183995	0.540859	1.03161	2.24354	7.827381
1160	-6185.396	-6195.914	10.51819	1.334596	25.85561	0.198604	0.558491	1.03903	2.20388	7.937763
1170	-6171.754	-6183.039	11.28511	1.515018	25.56032	0.227633	0.591037	1.05129	2.13004	7.903356
1180	-6170.607	-6179.755	9.148146	1.491984	24.88486	0.224082	0.587217	1.04995	2.13875	7.973491
1190	-6140.535	-6169.979	29.44466	1.258048	28.62966	0.185415	0.542614	1.03237	2.2396	7.267776
1200	-6130.398	-6174.585	44.1871	1.539789	30.52594	0.231404	0.595048	1.05268	2.12087	6.781036
1210	-6133.607	-6185.891	52.28399	1.092946	32.29573	0.155117	0.503011	1.01384	2.32803	6.529938
1220	-6128.523	-6179.305	50.78237	1.181022	30.61596	0.171597	0.525135	1.02454	2.27873	6.566154
1230	-6140.2	-6174.294	34.09486	1.452575	28.73286	0.217903	0.580467	1.04751	2.15412	7.106536
1240	-6149.745	-6179.499	29.75412	1.270125	28.61974	0.187531	0.545212	1.03349	2.23376	7.2569
1250	-6169.304	-6188.764	19.45944	1.40134	26.75367	0.209671	0.571266	1.04406	2.175	7.609887
1260	-6167.407	-6184.614	17.20704	1.93526	26.69117	0.285422	0.647948	1.06828	1.99835	7.693372
1270	-6165.232	-6192.971	27.73926	1.23886	27.97274	0.182025	0.538408	1.03054	2.24903	7.322384
1280	-6163.256	-6183.593	20.33747	1.303703	31.02804	0.193345	0.55225	1.03646	2.21794	7.551866
1290	-6138.778	-6161.337	22.55915	1.465244	31.69433	0.219903	0.582667	1.04831	2.14912	7.465614
1300	-6150.212	-6164.982	14.77054	1.216008	26.05909	0.177942	0.533274	1.02825	2.26053	7.776918
1310	-6151.952	-6161.839	9.886258	1.582809	28.28484	0.237836	0.601784	1.05494	2.10544	7.956476
1320	-6137.689	-6171.659	33.96953	1.522212	31.35254	0.228734	0.592212	1.0517	2.12735	7.109507
1330	-6179.072	-6201.672	22.59954	1.00936	28.12077	0.138818	0.479547	1.00153	2.3801	7.506663
1340	-6163.143	-6177.047	13.90413	1.542299	28.42759	0.231783	0.595449	1.05281	2.11996	7.812963
1350	-6128.605	-6164.769	36.1639	1.224673	31.99821	0.179496	0.535237	1.02913	2.25613	7.032951
1360	-6139.861	-6168.771	28.91062	1.576163	28.64809	0.236852	0.600762	1.0546	2.10779	7.286533
1370	-6132.15	-6170.315	38.16449	0.9265421	26.12366	0.122074	0.453501	0.986676	2.43775	6.88244
1380	-6171.03	-6193.962	22.93216	1.362475	28.13633	0.203275	0.563941	1.04121	2.19158	7.494885
1390	-6162.429	-6193.433	31.00349	1.20174	26.84532	0.175368	0.529996	1.02677	2.26786	7.181101
1400	-6133.089	-6170.515	37.42564	1.47932	33.4993	0.22211	0.585078	1.04918	2.14363	6.970888
1410	-6163.09	-6183.483	20.39364	1.329593	26.74675	0.197758	0.557495	1.03862	2.20612	7.574862
1420	-6149.196	-6174.335	25.1393	1.351308	26.06762	0.201412	0.561778	1.04035	2.19646	7.379294
1430	-6158.847	-6185.928	27.08092	1.831225	27.47273	0.27226	0.635776	1.06513	2.02683	7.339477
1440	-6148.264	-6176.904	28.64042	1.353885	28.73301	0.201843	0.562279	1.04055	2.19533	7.29637
1450	-6182.802	-6202.262	19.45948	1.313143	27.53104	0.194961	0.55418	1.03726	2.21359	7.617205
1460	-6160.075	-6182.554	22.47845	1.386041	28.06404	0.207169	0.568419	1.04296	2.18145	7.510798
1470	-6163.494	-6190.398	26.90378	1.85149	26.81966	0.274879	0.638231	1.06579	2.0211	7.333217
1480	-6135.997	-6175.83	39.83272	1.250264	31.6913	0.184044	0.540919	1.03164	2.2434	6.920629
1490	-6134.662	-6180.489	45.82655	1.042774	29.59779	0.145409	0.489241	1.00674	2.35861	6.716096
1500	-6130.356	-6176.208	45.85213	1.074398	32.27033	0.151555	0.498026	1.01131	2.33911	6.729208
1510	-6166.253	-6188.782	22.5286	1.78135	30.83459	0.2657	0.629548	1.06341	2.04134	7.485019
1520	-6128.202	-6183.017	54.81484	1.011939	32.86003	0.13933	0.480311	1.00195	2.37841	6.452791
1530	-6119.631	-6174.912	55.28056	1.253779	32.14612	0.184664	0.541686	1.03197	2.24168	6.43641
1540	-6134.712	-6192.825	58.11274	0.9710083	33.46128	0.131134	0.467861	0.995025	2.40598	6.353363
1550	-6138.05	-6186.931	48.88125	1.344675	34.56628	0.2003	0.560481	1.03983	2.19939	6.616778
1560	-6134.195	-6178.673	44.47796	1.191341	33.01323	0.17348	0.527572	1.02566	2.27329	6.765888
1570	-6177.453	-6197.474	20.02083	1.694069	29.05251	0.253806	0.617966	1.06004	2.06819	7.593978
1580	-6177.624	-6185.817	8.193106	1.632558	22.95608	0.245093	0.60923	1.05734	2.08833	7.932182
1590	-6161.828	-6190.894	29.06635	1.229174	27.73103	0.1803	0.536249	1.02958	2.25387	7.271559
1600	-6169.094	-6198.526	29.43223	1.540398	26.62104	0.231496	0.595145	1.05271	2.12065	7.233292
1610	-6176.185	-6195.135	18.94982	1.160751	27.02252	0.167868	0.520257	1.02225	2.28962	7.632079
1620	-6152.794	-6174.704	21.90959	1.57486	26.58233	0.236658	0.60056	1.05453	2.10825	7.515122
1630	-6174.721	-6192.686	17.96498	1.441331	27.32841	0.216115	0.57849	1.04678	2.15861	7.670655
1640	-6158.022	-6180.164	22.14174	1.440497	28.74868	0.215982	0.578343	1.04673	2.15895	7.522489
1650	-6172.844	-6189.004	16.16038	1.456074	26.01035	0.218456	0.581078	1.04773	2.15273	7.722669
1660	-6143.076	-6175.478	32.40214	1.324919	28.60099	0.196966	0.556559	1.03824	2.20823	7.164185
1670	-6157.312	-6181.725	24.4129	1.803613	30.93042	0.268649	0.632361	1.0642	2.03479	7.422259
1680	-6140.012	-6180.429	40.41725	1.396736	30.73714	0.208921	0.570414	1.04373	2.17693	6.904842
1690	-6131.218	-6172.537	41.31896	0.9844357	31.45888	0.133838	0.472023	0.997372	2.39677	6.874751
1700	-6156.747	-6168.613	11.86621	1.516993	29.96073	0.227936	0.591361	1.0514	2.1293	7.854899
1710	-6199.244	-6211.469	12.22495	1.043549	25.78331	0.14556	0.489461	1.00686	2.35812	7.870602
1720	-6181.07	-6182.318	1.247837	1.34954	25.96217	0.201116	0.561433	1.04021	2.19724	8.296128
1730	-6173.076	-6182.869	9.792959	2.478349	29.81143	0.344394	0.697832	1.07838	1.8794	7.928085
1740	-6164.584	-6168.377	3.793512	1.253823	25.68485	0.184671	0.541696	1.03198	2.24166	8.197182
1750	-6171.636	-6181.506	9.869912	1.590427	26.74786	0.23896	0.602947	1.05532	2.10277	7.968321
1760	-6148.78	-6173.637	24.85749	1.070586	30.55928	0.150819	0.496986	1.01078	2.34142	7.413771
1770	-6163.329	-6189.831	26.5028	1.186554	30.43857	0.172608	0.526445	1.02514	2.2758	7.361436
1780	-6144.193	-6178.63	34.4371	1.413031	30.15736	0.211569	0.57341	1.04488	2.17014	7.101446
1790	-6145.089	-6180.336	35.24709	1.700228	34.61455	0.254663	0.618813	1.0603	2.06623	7.009986
1800	-6139.141	-6177.734	38.59324	1.212068	28.98317	0.177233	0.532375	1.02785	2.26254	6.953769
1810	-6132.006	-6172.81	40.80397	1.318901	31.19534	0.195943	0.555347	1.03774	2.21097	6.891968
1820	-6171.773	-6193.096	21.32243	1.237849	26.89542	0.181845	0.538184	1.03044	2.24953	7.542486
1830	-6164.165	-6172.347	8.182073	1.589288	26.98731	0.238792	0.602774	1.05526	2.10317	8.03071
1840	-6161.32	-6189.41	28.08994	1.283632	30.62558	0.189883	0.548076	1.03471	2.22733	7.307239
1850	-6172.99	-6193.25	20.25933	1.45834	27.85033	0.218815	0.581472	1.04788	2.15183	7.589537
1860	-6150.291	-6172.283	21.99242	1.488121	31.75411	0.223482	0.586567	1.04972	2.14023	7.482027
1870	-6136.915	-6168.085	31.17081	1.336305	29.22263	0.198892	0.55883	1.03916	2.20311	7.210807
1880	-6157.986	-6186.478	28.49178	1.683677	28.47173	0.252354	0.616525	1.05961	2.07152	7.300119
1890	-6145.877	-6182.556	36.67842	1.741878	27.07389	0.260388	0.624422	1.06195	2.05324	6.977759
1900	-6162.339	-6204.206	41.86711	1.300735	31.09598	0.192836	0.551638	1.03621	2.21932	6.857973
1910	-6143.414	-6182.604	39.18928	1.275801	30.16413	0.188522	0.546421	1.03401	2.23105	6.943893
1920	-6147.056	-6169.425	22.36847	1.735873	28.58251	0.25957	0.623627	1.06172	2.05508	7.515037
1930	-6142.824	-6178.44	35.61646	0.9590985	30.86016	0.128722	0.464103	0.992878	2.4143	7.060432
1940	-6123.504	-6182.66	59.15587	0.680293	33.68859	0.0699848	0.354082	0.917341	2.65859	6.322193
1950	-6130.167	-6177.563	47.3955	1.390434	32.70038	0.20789	0.569241	1.04328	2.17959	6.679543
1960	-6134.386	-6174.78	40.39407	1.381269	31.37964	0.206385	0.567522	1.04262	2.18348	6.904489
1970	-6153.752	-6178.513	24.76028	1.252812	30.35733	0.184493	0.541475	1.03188	2.24215	7.419791
1980	-6167.209	-6175.939	8.729995	1.513176	27.94882	0.227351	0.590735	1.05119	2.13073	8.002264
1990	-6162.466	-6178.861	16.39509	1.261241	26.16112	0.185976	0.543304	1.03267	2.23805	7.716422
2000	-6150.694	-6172.59	21.89592	1.022508	27.4035	0.141423	0.483414	1.00363	2.37153	7.52757
2010	-6170.633	-6185.738	15.10426	1.718973	24.94621	0.257255	0.621364	1.06106	2.06033	7.736248
2020	-6171.688	-6204.878	33.19058	1.25291	29.52584	0.184511	0.541497	1.03189	2.2421	7.14286
2030	-6131.326	-6168.7	37.37406	1.358784	31.97452	0.20266	0.563229	1.04093	2.19318	6.99539
2040	-6137.665	-6186.129	48.4638	1.047387	30.9663	0.146311	0.490546	1.00743	2.35571	6.644947
2050	-6132.018	-6178.061	46.04317	1.016846	31.06008	0.140303	0.481757	1.00274	2.3752	6.723534
2060	-6135.352	-6182.99	47.63787	1.391724	32.39064	0.208101	0.569482	1.04338	2.17904	6.673499
2070	-6135.197	-6190.612	55.41546	1.01071	29.75165	0.139086	0.479948	1.00175	2.37921	6.396197
2080	-6163.308	-6203.762	40.45393	1.064578	29.94084	0.149656	0.495337	1.00993	2.34508	6.900585
2090	-6146.817	-6185.91	39.0929	1.207327	32.23599	0.176378	0.531287	1.02736	2.26498	6.939036
2100	-6162.097	-6182.883	20.78636	1.43938	28.64143	0.215804	0.578145	1.04665	2.1594	7.57015
2110	-6165.186	-6182.465	17.27841	1.53283	28.73459	0.23035	0.593931	1.05229	2.12343	7.691789
2120	-6166.219	-6185.284	19.06439	0.9881004	27.36332	0.134573	0.473146	0.998	2.39428	7.630652
2130	-6160.918	-6182.889	21.9709	1.592836	24.81553	0.239314	0.603313	1.05544	2.10193	7.454982
2140	-6141.703	-6179.594	37.89124	1.213343	31.29855	0.177463	0.532666	1.02798	2.26189	6.984757
2150	-6160.104	-6182.741	22.63761	1.336296	31.12296	0.19889	0.558828	1.03916	2.20312	7.475813
2160	-6181.925	-6186.394	4.469038	1.621124	26.81833	0.243442	0.60755	1.05681	2.0922	8.16973
2170	-6162.259	-6182.89	20.63106	1.541443	26.53444	0.231654	0.595312	1.05277	2.12027	7.562348
2180	-6146.857	-6165.172	18.31512	1.462248	32.73436	0.219431	0.582149	1.04813	2.15029	7.567725
2190	-6164.918	-6172.894	7.975698	1.492648	26.17181	0.224185	0.587328	1.04999	2.1385	8.038304
2200	-6166.214	-6184.18	17.96565	1.25955	29.75328	0.185679	0.542939	1.03251	2.23887	7.654917
2210	-6162.824	-6189.857	27.03287	1.199704	28.07294	0.174999	0.529524	1.02656	2.26892	7.348592
2220	-6158.344	-6176.265	17.92103	1.625577	26.37359	0.244086	0.608206	1.05702	2.09069	7.661955
2230	-6192.625	-6204.083	11.4578	1.749349	27.64066	0.261402	0.625406	1.06224	2.05096	7.907177
2240	-6198.5	-6210.288	11.78773	1.32989	26.86345	0.197808	0.557554	1.03865	2.20599	7.896936
2250	-6176.562	-6185.237	8.675437	1.759248	26.65874	0.262739	0.6267	1.06261	2.04795	8.013017
2260	-6176.429	-6192.248	15.81931	1.561826	27.90783	0.234717	0.598534	1.05386	2.11289	7.748768
2270	-6161.145	-6183.679	22.53347	1.481285	28.25928	0.222417	0.585411	1.0493	2.14287	7.509305
2280	-6169.867	-6191.824	21.95754	1.356705	25.04293	0.202314	0.562827	1.04077	2.19409	7.465776
2290	-6154.585	-6165.243	10.658	1.375098	26.29984	0.205367	0.566354	1.04216	2.18612	7.936846
2300	-6148.678	-6167.65	18.9719	1.175187	30.2157	0.170528	0.523743	1.02389	2.28184	7.613183
2310	-6160.084	-6178.099	18.01499	1.41715	23.59379	0.212236	0.574159	1.04516	2.16844	7.550424
2320	-6159.385	-6182.822	23.43747	1.596852	26.44578	0.239904	0.603922	1.05564	2.10054	7.454536
2330	-6153.832	-6181.108	27.27628	1.293913	29.32341	0.191661	0.550226	1.03562	2.22249	7.343863
2340	-6140.619	-6178.66	38.04113	1.01005	28.00328	0.138955	0.479752	1.00165	2.37965	6.954833
2350	-6151.35	-6181.651	30.30114	1.227307	31.20147	0.179967	0.53583	1.0294	2.25481	7.228567
2360	-6144.73	-6187.174	42.44443	1.106107	29.99196	0.157626	0.506476	1.01557	2.32032	6.834571
2370	-6161.462	-6179.71	18.24866	1.528383	27.15511	0.229674	0.593214	1.05205	2.12507	7.659133
2380	-6133.714	-6178.501	44.78763	1.38618	32.12074	0.207192	0.568445	1.04297	2.18139	6.76294
2390	-6134.502	-6185.283	50.78118	1.248625	30.22931	0.183754	0.54056	1.03148	2.2442	6.560661
2400	-6141.944	-6183.356	41.41207	1.066019	32.37161	0.149935	0.495734	1.01013	2.3442	6.865887
2410	-6175.156	-6210.144	34.98858	1.234363	31.59629	0.181225	0.537409	1.0301	2.25127	7.074544
2420	-6150.482	-6196.235	45.75301	1.559937	31.79738	0.234435	0.598238	1.05376	2.11357	6.733702
2430	-6138.684	-6181.697	43.01307	0.9587347	31.26415	0.128649	0.463987	0.992811	2.41455	6.821134
2440	-6118.953	-6167.183	48.22982	1.682587	32.61753	0.252201	0.616373	1.05956	2.07187	6.654406
2450	-6175.813	-6201.404	25.59059	1.852012	29.27942	0.274946	0.638294	1.0658	2.02096	7.40154
2460	-6178.093	-6191.468	13.37497	1.267468	27.13471	0.187067	0.544644	1.03325	2.23504	7.838587
2470	-6153.544	-6176.067	22.5234	1.371714	27.15914	0.204807	0.56571	1.04191	2.18758	7.501767
2480	-6171.64	-6185.304	13.66316	1.298952	27.61055	0.192529	0.55127	1.03606	2.22015	7.827499
2490	-6204.751	-6194.775	-9.975664	1.540354	24.67068	0.23149	0.595138	1.05271	2.12067	8.74288
2500	-6173.022	-6171.94	-1.081638	1.515188	24.51253	0.227659	0.591065	1.0513	2.12997	8.380286
2510	-6185.474	-6178.917	-6.556973	1.457929	24.58759	0.21875	0.581401	1.04785	2.152	8.604011
2520	-6171.656	-6180.099	8.442719	1.476863	25.08858	0.221726	0.584659	1.04903	2.14458	8.006409
2530	-6151.442	-6178.171	26.7295	1.635544	28.96457	0.245522	0.609666	1.05748	2.08733	7.363104
2540	-6157.549	-6186.639	29.08948	1.124084	28.66507	0.161026	0.511115	1.01786	2.31	7.280386
2550	-6138.56	-6188.369	49.80971	1.169059	32.70715	0.169401	0.522271	1.0232	2.28513	6.605692
2560	-6136.236	-6165.619	29.38271	0.9757683	28.57648	0.132094	0.469345	0.995866	2.40269	7.269593
2570	-6156.925	-6195.69	38.76466	1.522455	30.60117	0.22877	0.592252	1.05171	2.12726	6.958687
2580	-6165.484	-6179.524	14.03993	1.470372	29.83318	0.220709	0.583549	1.04863	2.14711	7.785156
2590	-6159.712	-6175.209	15.49797	1.411524	24.96271	0.211326	0.573135	1.04477	2.17077	7.721032
2600	-6150.522	-6180.379	29.85735	0.8952224	32.74211	0.115603	0.442823	0.98021	2.46136	7.21495
2610	-6149.425	-6184.155	34.72902	1.437318	26.51615	0.215475	0.577779	1.04652	2.16023	7.030333
2620	-6152.254	-6182.117	29.86273	1.477612	31.50663	0.221843	0.584787	1.04908	2.14429	7.238184
2630	-6136.474	-6172.917	36.44289	0.9858569	31.57238	0.134123	0.472459	0.997616	2.3958	7.028739
2640	-6143.049	-6180.326	37.27727	1.35878	29.28516	0.20266	0.563228	1.04093	2.19319	7.002451
2650	-6154.467	-6189.516	35.04847	1.088385	31.2186	0.154244	0.501796	1.01323	2.33073	7.076274
2660	-6152.821	-6188.97	36.14929	1.368912	29.30714	0.204343	0.565176	1.0417	2.18878	7.041144
2670	-6134.549	-6168.926	34.37677	1.212079	28.35213	0.177235	0.532377	1.02785	2.26254	7.091674
2680	-6150.871	-6191.029	40.15774	1.616878	30.46016	0.242826	0.606921	1.05661	2.09365	6.912886
2690	-6149.074	-6185.105	36.03068	1.341344	27.87469	0.199741	0.559825	1.03957	2.20087	7.023804
2700	-6167.671	-6189.465	21.79453	1.44276	28.77518	0.216343	0.578743	1.04688	2.15804	7.534455
2710	-6166.991	-6187.115	20.12359	1.299331	27.1632	0.192594	0.551349	1.03609	2.21997	7.590169
2720	-6152.469	-6178.698	26.22954	1.857217	29.78287	0.275614	0.638917	1.06597	2.0195	7.376951
2730	-6162.127	-6180.161	18.03423	1.191061	25.38424	0.173429	0.527506	1.02563	2.27343	7.63405
2740	-6150.68	-6187.733	37.05295	1.365878	32.03208	0.20384	0.564595	1.04147	2.1901	7.004781
2750	-6142.571	-6191.531	48.95932	1.065114	33.77147	0.14976	0.495485	1.01	2.34475	6.624048
2760	-6148.062	-6182.852	34.79019	1.339635	30.37216	0.199453	0.559488	1.03943	2.20163	7.089359
2770	-6140.794	-6163.788	22.99382	1.298474	31.26755	0.192447	0.551171	1.03601	2.22037	7.461389
2780	-6138.12	-6180.133	42.01272	0.9757865	27.5212	0.132098	0.469351	0.995869	2.40268	6.797669
2790	-6171.53	-6208.102	36.57192	1.464692	28.44818	0.219816	0.582572	1.04828	2.14933	7.015927
2800	-6175.393	-6201.325	25.93251	1.344312	30.25762	0.200239	0.560409	1.0398	2.19955	7.382348
2810	-6166.858	-6192.548	25.69018	1.50292	31.00925	0.225773	0.589042	1.05059	2.13459	7.379668
2820	-6198.988	-6211.148	12.15929	1.781803	27.018	0.26576	0.629606	1.06343	2.0412	7.883367
2830	-6194.903	-6207.752	12.84939	1.857268	25.82322	0.27562	0.638924	1.06597	2.01949	7.847065
2840	-6209.05	-6201.843	-7.206717	2.353927	26.79069	0.332155	0.688046	1.07676	1.90304	8.60575
2850	-6183.963	-6193.966	10.00345	1.595814	26.4455	0.239751	0.603765	1.05559	2.1009	7.962518
2860	-6171.648	-6176.27	4.621739	1.475461	25.48408	0.221507	0.58442	1.04895	2.14513	8.1634
2870	-6170.377	-6185.49	15.11304	1.266379	24.98186	0.186876	0.54441	1.03315	2.23557	7.737091
2880	-6161.842	-6177.712	15.86982	1.43687	29.2179	0.215403	0.5777	1.04649	2.16041	7.734479
2890	-6144.789	-6169.758	24.96901	1.610482	30.60987	0.241896	0.60597	1.0563	2.09583	7.409379
2900	-6170.064	-6177.593	7.52848	1.438075	25.35657	0.215596	0.577914	1.04657	2.15992	8.047499
2910	-6170.52	-6173.05	2.53007	1.725758	28.14122	0.258187	0.622276	1.06133	2.05821	8.21989
2920	-6168.269	-6176.952	8.682608	1.352148	26.16926	0.201553	0.561942	1.04041	2.19609	8.011279
2930	-6176.819	-6179.666	2.847212	1.285956	26.21117	0.190286	0.548564	1.03492	2.22623	8.23415
2940	-6171.115	-6191.052	19.93772	1.554114	28.76471	0.233562	0.597323	1.05345	2.11567	7.599052
2950	-6171.18	-6182.672	11.49205	1.719091	28.70593	0.257271	0.62138	1.06106	2.06029	7.893629
2960	-6161.053	-6181.472	20.41937	1.762437	29.87167	0.263168	0.627114	1.06273	2.04699	7.570758
2970	-6160.999	-6198.821	37.82217	1.260763	31.63699	0.185892	0.543201	1.03263	2.23828	6.984531
2980	-6147.593	-6172.974	25.38048	1.575709	30.23269	0.236784	0.600692	1.05457	2.10795	7.400889
2990	-6148.661	-6182.748	34.08751	1.165963	30.68794	0.168831	0.521523	1.02285	2.2868	7.111062
3000	-6163.17	-6176.092	12.92173	1.483261	26.65696	0.222725	0.585746	1.04942	2.14211	7.853723
3010	-6178.213	-6196.015	17.8028	1.579817	31.31301	0.237393	0.601324	1.05478	2.1065	7.626206
3020	-6142.09	-6179.822	37.73287	1.075631	33.86609	0.151793	0.498361	1.01148	2.33836	6.95457
3030	-6151.856	-6173.241	21.3844	1.467971	28.27757	0.220332	0.583137	1.04848	2.14805	7.549965
3040	-6144.495	-6177.189	32.69337	1.22708	30.70867	0.179926	0.535779	1.02937	2.25492	7.156342
3050	-6149.766	-6184.959	35.19314	1.024026	28.29608	0.141723	0.483856	1.00387	2.37055	7.061951
3060	-6172.945	-6189.55	16.60512	1.545354	26.13232	0.232244	0.595936	1.05298	2.11884	7.707879
3070	-6158.661	-6178.569	19.90782	1.375088	27.874	0.205365	0.566352	1.04216	2.18612	7.602207
3080	-6170.06	-6192.488	22.42714	1.091973	27.27402	0.154931	0.502752	1.01371	2.3286	7.506749
3090	-6138.655	-6169.263	30.60757	1.390472	30.09184	0.207896	0.569249	1.04328	2.17957	7.228776
3100	-6148.998	-6174.439	25.4407	1.533764	27.67157	0.230492	0.594082	1.05234	2.12308	7.40165
3110	-6153.058	-6185.818	32.75961	1.333543	28.7528	0.198426	0.558281	1.03894	2.20435	7.153193
3120	-6126.574	-6166.347	39.77333	1.066227	31.95556	0.149976	0.495791	1.01016	2.34407	6.920513
3130	-6146.335	-6186.494	40.15926	1.165437	33.86027	0.168734	0.521395	1.02279	2.28708	6.88303
3140	-6136.925	-6184.377	47.45199	1.249055	30.40606	0.18383	0.540655	1.03152	2.24399	6.672843
3150	-6153.339	-6174.843	21.5043	1.227482	29.09095	0.179998	0.53587	1.02941	2.25472	7.542639
3160	-6172.404	-6188.258	15.85482	1.165209	25.84825	0.168692	0.52134	1.02277	2.2872	7.731208
3170	-6171.104	-6176.173	5.068063	1.647501	24.36256	0.247235	0.611399	1.05803	2.08334	8.125514
3180	-6159.06	-6190.669	31.6088	1.299876	29.52797	0.192688	0.551461	1.03614	2.21972	7.196434
3190	-6160.975	-6173.057	12.08156	1.489566	24.28647	0.223706	0.58681	1.0498	2.13968	7.834608
3200	-6156.912	-6169.82	12.90828	1.08585	26.18797	0.153758	0.501118	1.01289	2.33224	7.85003
3210	-6192.798	-6182.354	-10.44371	1.300969	23.64811	0.192876	0.551687	1.03623	2.21921	8.757342
3220	-6173.574	-6188.315	14.74092	1.773363	25.45124	0.264634	0.628525	1.06313	2.04371	7.765505
3230	-6145.05	-6170.412	25.36193	1.600284	29.343	0.240407	0.60444	1.05581	2.09935	7.409051
3240	-6167.618	-6192.156	24.5379	1.746835	28.28082	0.261061	0.625076	1.06214	2.05172	7.438457
3250	-6156.919	-6191.802	34.88321	1.281518	26.93105	0.189516	0.547631	1.03452	2.22833	7.039472
3260	-6162.891	-6193.203	30.31174	1.07289	28.60139	0.151264	0.497615	1.0111	2.34002	7.237277
3270	-6167.824	-6184.229	16.40545	1.717446	29.73355	0.257045	0.621158	1.061	2.0608	7.707717
3280	-6144.994	-6173.155	28.16119	1.573238	26.71117	0.236418	0.60031	1.05445	2.10882	7.283506
3290	-6148.417	-6174.514	26.09755	1.81838	26.85686	0.270587	0.634198	1.0647	2.03051	7.364104
3300	-6173.331	-6199.109	25.77856	1.739001	29.15346	0.259996	0.624041	1.06184	2.05412	7.395549
3310	-6142.122	-6163.966	21.84358	1.53123	29.0639	0.230107	0.593673	1.0522	2.12402	7.531162
3320	-6171.2	-6194.626	23.42643	1.395354	25.6792	0.208695	0.570158	1.04364	2.17751	7.432608
3330	-6143.715	-6171.865	28.14964	1.342369	28.92065	0.199913	0.560027	1.03965	2.20041	7.313994
3340	-6153.297	-6179.377	26.08037	1.649031	28.11412	0.247454	0.611619	1.05809	2.08283	7.382833
3350	-6133.038	-6176.028	42.99003	1.252678	33.68248	0.18447	0.541446	1.03187	2.24222	6.802145
3360	-6148.173	-6194.11	45.93679	0.8124313	33.05211	0.0982011	0.412091	0.960341	2.52937	6.721355
3370	-6156.87	-6185.561	28.69107	1.686237	27.84519	0.252712	0.616881	1.05971	2.07069	7.286715
3380	-6142.536	-6187.639	45.10349	1.031417	34.29968	0.143179	0.485995	1.00502	2.36581	6.730467
3390	-6125.973	-6172.731	46.75767	1.153	30.99246	0.166433	0.51836	1.02135	2.29385	6.700186
3400	-6116.228	-6167.548	51.31943	1.115604	31.27707	0.159426	0.50894	1.01679	2.31484	6.555554
3410	-6182.27	-6197.08	14.81018	2.151809	30.37118	0.310747	0.670243	1.07336	1.94565	7.747222
3420	-6155.145	-6186.1	30.955	1.21727	28.04728	0.178169	0.533561	1.02838	2.25989	7.208517
3430	-6156.745	-6189.709	32.96426	1.134097	29.95413	0.162907	0.513654	1.0191	2.30434	7.150717
3440	-6157.363	-6200.632	43.26864	1.08623	32.43467	0.153831	0.50122	1.01294	2.33201	6.808049
3450	-6173.922	-6202.101	28.17879	1.258	31.17479	0.185407	0.542603	1.03237	2.23962	7.296994
3460	-6143.353	-6187.134	43.78091	1.301148	33.0073	0.192907	0.551724	1.03625	2.21912	6.787066
3470	-6147.38	-6181.32	33.9401	1.2355	32.9307	0.181427	0.537662	1.03021	2.2507	7.086701
3480	-6146.551	-6191.435	44.8839	1.050133	29.96582	0.146847	0.491319	1.00783	2.354	6.752927
3490	-6143.432	-6188.991	45.5585	1.181462	34.15556	0.171677	0.525239	1.02459	2.2785	6.71939
3500	-6166.682	-6190.412	23.73022	1.137704	27.89563	0.163582	0.51456	1.01953	2.30232	7.465222
3510	-6167.447	-6194.892	27.44409	1.159508	27.49601	0.167638	0.519954	1.02211	2.2903	7.326632
3520	-6173.177	-6180.756	7.579477	1.608677	23.21743	0.241633	0.6057	1.05621	2.09645	7.973852
3530	-6207.491	-6200.481	-7.010071	1.383419	26.42044	0.206738	0.567927	1.04277	2.18256	8.606355
3540	-6184.391	-6189.315	4.924052	1.298831	29.55374	0.192508	0.551245	1.03605	2.2202	8.099372
3550	-6209.601	-6203.643	-5.958321	1.485612	22.82131	0.223091	0.586144	1.04957	2.1412	8.543799
3560	-6198.29	-6184.614	-13.67572	1.819586	24.29223	0.270744	0.634347	1.06474	2.03017	8.89515
3570	-6183.891	-6189.617	5.725683	1.726714	24.18857	0.258318	0.622405	1.06136	2.05791	8.09332
3580	-6182.572	-6191.159	8.586987	1.513248	30.7683	0.227362	0.590747	1.05119	2.1307	7.939374
3590	-6206.141	-6212.453	6.312278	2.174152	26.18262	0.313213	0.672341	1.07379	1.94065	8.101889
3600	-6204.344	-6201.118	-3.226385	1.517738	24.23101	0.22805	0.591482	1.05145	2.12902	8.464086
3610	-6171.64	-6185.121	13.48136	1.355283	29.9324	0.202076	0.562551	1.04066	2.19471	7.801641
3620	-6161.665	-6185.302	23.63711	1.052323	31.39281	0.147274	0.491933	1.00816	2.35264	7.438219
3630	-6184.821	-6191.757	6.935644	1.372491	28.66196	0.204936	0.565858	1.04196	2.18724	8.053303
3640	-6159.356	-6170.257	10.90097	1.394051	25.3381	0.208482	0.569916	1.04354	2.17806	7.914114
3650	-6167.196	-6187.481	20.28552	1.783226	27.94235	0.26595	0.629787	1.06348	2.04078	7.5888
3660	-6160.445	-6182.55	22.10459	1.129244	26.9396	0.161997	0.512427	1.0185	2.30707	7.514098
3670	-6166.614	-6189.609	22.99453	1.605475	30.23771	0.241166	0.605221	1.05606	2.09755	7.479736
3680	-6172.924	-6194.559	21.63535	1.197996	28.20866	0.17469	0.529127	1.02637	2.26981	7.541059
3690	-6147.833	-6167.188	19.35575	1.18624	27.30122	0.172551	0.526371	1.02511	2.27597	7.619566
3700	-6165.359	-6189.313	23.95341	1.097493	26.9946	0.155986	0.504214	1.01445	2.32535	7.446438
3710	-6146.122	-6172.715	26.59345	1.257301	27.59976	0.185284	0.542451	1.0323	2.23996	7.359043
3720	-6158.63	-6187.281	28.65057	1.593118	29.82722	0.239355	0.603356	1.05545	2.10184	7.295442
3730	-6140.201	-6163.67	23.46831	1.257158	28.31697	0.185259	0.542421	1.03229	2.24003	7.476358
3740	-6134.369	-6157.872	23.50328	1.418886	32.92715	0.212516	0.574474	1.04528	2.16773	7.403736
3750	-6165.02	-6179.87	14.85003	1.791637	27.00657	0.267067	0.630855	1.06378	2.0383	7.783724
3760	-6156.456	-6184.611	28.15551	1.207649	29.87199	0.176436	0.531361	1.02739	2.26481	7.311777
3770	-6165.16	-6182.01	16.85002	1.60378	27.97511	0.240918	0.604966	1.05598	2.09814	7.711658
3780	-6162.502	-6179.868	17.36628	1.630998	23.16198	0.244868	0.609002	1.05727	2.08886	7.548274
3790	-6174.376	-6193.923	19.54723	1.944645	26.93378	0.286576	0.648995	1.06854	1.99589	7.608958
3800	-6184.202	-6205.159	20.95744	1.360934	27.2796	0.203018	0.563644	1.04109	2.19225	7.56069
3810	-6170.35	-6202.703	32.35297	1.600496	28.00229	0.240438	0.604472	1.05582	2.09927	7.157942
3820	-6182.576	-6201.819	19.24234	1.78502	28.99198	0.266188	0.630016	1.06355	2.04025	7.621348
3830	-6161.653	-6187.23	25.5765	1.222614	28.74745	0.179127	0.534773	1.02892	2.25718	7.403013
3840	-6154.858	-6180.53	25.67248	1.424661	28.87655	0.213446	0.575516	1.04567	2.16536	7.39968
3850	-6173.791	-6189.069	15.27811	1.158431	24.25996	0.167439	0.519691	1.02199	2.29088	7.701766
3860	-6179.59	-6188.12	8.530214	1.440959	26.3879	0.216056	0.578425	1.04676	2.15876	8.018069
3870	-6175.308	-6182.476	7.168051	1.242868	26.25929	0.182736	0.539295	1.03093	2.24704	8.069446
3880	-6180.129	-6178.342	-1.787626	1.739993	27.04704	0.260131	0.624173	1.06188	2.05382	8.399041
3890	-6183.131	-6179.345	-3.786466	1.976986	25.97812	0.290512	0.652544	1.0694	1.98754	8.489879
3900	-6199.356	-6194.409	-4.946991	1.638836	25.56991	0.245995	0.610145	1.05763	2.08623	8.538343
3910	-6189.382	-6196.705	7.322701	1.341703	26.12192	0.199801	0.559896	1.03959	2.20071	8.06304
3920	-6170.351	-6202.874	32.52309	1.09743	29.51917	0.155974	0.504198	1.01444	2.32539	7.165455
3930	-6179.208	-6195.599	16.39126	1.555671	29.88884	0.233796	0.597568	1.05353	2.11511	7.705274
3940	-6180.726	-6205.473	24.74681	1.215456	26.58143	0.177843	0.533148	1.0282	2.26081	7.408368
3950	-6146.081	-6179.273	33.1921	1.409475	26.84961	0.210994	0.572761	1.04463	2.17161	7.099712
3960	-6145.146	-6176.247	31.10113	1.409743	29.93684	0.211037	0.57281	1.04465	2.1715	7.212974
3970	-6131.486	-6174.565	43.07928	1.111797	30.40932	0.158705	0.507956	1.01631	2.31703	6.816673
3980	-6175.936	-6186.285	10.34888	1.385939	24.35423	0.207153	0.5684	1.04296	2.18149	7.908453
3990	-6154.725	-6177.359	22.63462	1.438943	29.8578	0.215735	0.578068	1.04663	2.15957	7.496768
4000	-6137.497	-6187.386	49.88978	1.334964	31.51969	0.198666	0.558564	1.03906	2.20371	6.6026
4010	-6154.526	-6188.754	34.22765	1.403936	27.48533	0.210094	0.571744	1.04424	2.17392	7.079655
4020	-6165.699	-6203.163	37.46365	0.8854769	31.44012	0.113576	0.4394	0.97809	2.46893	6.997441
4030	-6163.568	-6184.718	21.14949	1.481647	27.32719	0.222473	0.585473	1.04933	2.14273	7.554116
4040	-6162.199	-6177.775	15.57564	1.465886	25.24023	0.220004	0.582778	1.04835	2.14886	7.72679
4050	-6150.974	-6191.151	40.17653	1.151559	31.22511	0.166165	0.518005	1.02119	2.29464	6.911991
4060	-6175.331	-6189.073	13.74203	1.571128	30.76977	0.236104	0.599983	1.05434	2.10957	7.771789
4070	-6162.401	-6193.548	31.14711	1.298024	29.42073	0.192369	0.551078	1.03598	2.22058	7.212004
4080	-6147.461	-6186.794	39.3328	1.221344	28.18178	0.1789	0.534486	1.0288	2.25782	6.913059
4090	-6149.307	-6195.319	46.01155	1.09054	29.85344	0.154657	0.502371	1.01352	2.32945	6.713764
4100	-6149.239	-6184.194	34.95499	1.171647	31.95815	0.169877	0.522894	1.02349	2.28373	7.071261
4110	-6155.513	-6189.425	33.91197	1.244744	28.91086	0.183068	0.539708	1.03111	2.24612	7.11466
4120	-6160.477	-6187.086	26.60853	1.627375	25.8687	0.244346	0.608471	1.0571	2.09008	7.31593
4130	-6159.022	-6178.651	19.62861	1.574658	27.11834	0.236629	0.600529	1.05452	2.10832	7.60796
4140	-6172.239	-6177.19	4.951396	1.586798	24.84875	0.238425	0.602394	1.05514	2.10404	8.141463
4150	-6172.088	-6198.712	26.62438	1.793904	27.79496	0.267367	0.631141	1.06386	2.03763	7.360374
4160	-6175.981	-6187.388	11.40771	1.775762	25.85788	0.264954	0.628833	1.06321	2.043	7.903392
4170	-6175.666	-6186	10.33343	2.359165	26.2863	0.332684	0.688475	1.07684	1.902	7.949094
4180	-6151.048	-6170.556	19.50798	1.436146	27.83371	0.215288	0.577571	1.04644	2.1607	7.616486
4190	-6170.145	-6187.157	17.01203	1.36175	27.38606	0.203154	0.563801	1.04115	2.19189	7.705735
4200	-6165.253	-6191.385	26.13161	1.699736	28.78012	0.254595	0.618746	1.06028	2.06638	7.383737
4210	-6160.177	-6180.451	20.27436	1.295589	31.95564	0.19195	0.550574	1.03576	2.22171	7.530701
4220	-6148.055	-6176.514	28.45902	1.372902	27.65404	0.205004	0.565937	1.042	2.18706	7.292305
4230	-6150.448	-6176.582	26.13352	1.509475	32.29977	0.226782	0.590126	1.05097	2.13212	7.339562
4240	-6148.781	-6179.554	30.77372	1.494801	29.01043	0.224518	0.587689	1.05011	2.13768	7.223685
4250	-6156.32	-6203.374	47.05417	1.185744	31.19089	0.17246	0.526254	1.02506	2.27623	6.691593
4260	-6136.488	-6174.415	37.92739	1.362682	30.5097	0.203309	0.563981	1.04123	2.19148	6.986104
4270	-6175.689	-6199.976	24.28709	1.153183	26.73927	0.166466	0.518405	1.02138	2.29375	7.429138
4280	-6176.68	-6192.105	15.42505	1.407178	26.44568	0.210621	0.57234	1.04447	2.17257	7.75751
4290	-6176.076	-6174.877	-1.198686	1.665824	26.35722	0.24984	0.614017	1.05884	2.0773	8.387086
4300	-6177.622	-6187.101	9.479093	1.390688	23.92525	0.207931	0.569289	1.0433	2.17948	7.927523
4310	-6162.808	-6179.305	16.49648	1.157544	27.41232	0.167275	0.519474	1.02188	2.29137	7.724626
4320	-6170.467	-6195.813	25.34533	1.261697	28.41532	0.186056	0.543403	1.03271	2.23783	7.410454
4330	-6158.923	-6181.398	22.47477	1.786993	25.57406	0.266451	0.630266	1.06362	2.03967	7.466065
4340	-6205.532	-6203.941	-1.5909	1.20048	23.7661	0.17514	0.529704	1.02664	2.26852	8.386237
4350	-6202.167	-6196.808	-5.359148	1.458275	28.38773	0.218804	0.581461	1.04787	2.15186	8.491967
4360	-6192.275	-6196.377	4.101965	1.442608	26.38427	0.216319	0.578716	1.04687	2.1581	8.185895
4370	-6149.022	-6183.099	34.07678	1.445322	27.17422	0.216751	0.579195	1.04704	2.15701	7.076807
4380	-6171.44	-6193.823	22.38289	1.280448	31.26088	0.18933	0.547405	1.03443	2.22884	7.481072
4390	-6150.082	-6179.969	29.88728	1.238132	30.80854	0.181895	0.538247	1.03047	2.24939	7.246657
4400	-6148.618	-6184.104	35.48672	1.647573	29.09979	0.247246	0.611409	1.05803	2.08332	7.062074
4410	-6191.173	-6197.567	6.394765	2.096259	25.63165	0.304501	0.664874	1.07222	1.9584	8.095409
4420	-6176.16	-6190.182	14.02169	1.478307	30.54387	0.221952	0.584905	1.04912	2.14402	7.768758
4430	-6170.053	-6197.498	27.44559	1.677322	30.12814	0.251462	0.615637	1.05934	2.07357	7.33354
4440	-6188.326	-6194.923	6.596799	1.547613	25.30868	0.232585	0.596294	1.0531	2.11802	8.08356
4450	-6173.137	-6189.848	16.71046	1.175685	29.19351	0.170619	0.523862	1.02395	2.28157	7.706048
4460	-6181.729	-6207.254	25.52457	1.169823	28.7836	0.169542	0.522455	1.02329	2.28471	7.40483
4470	-6169.745	-6200.033	30.28812	1.864689	33.3372	0.276569	0.639808	1.0662	2.01742	7.187991
4480	-6170.784	-6197.137	26.35302	1.201856	28.47835	0.175389	0.530023	1.02678	2.2678	7.375265
4490	-6174.302	-6196.085	21.78348	1.339312	29.81833	0.199399	0.559425	1.0394	2.20177	7.525785
4500	-6188.841	-6195.99	7.149264	1.415908	24.67491	0.212035	0.573933	1.04508	2.16896	8.048847
4510	-6180.783	-6192.685	11.90226	1.356979	29.0005	0.202359	0.56288	1.04079	2.19397	7.874371
4520	-6162.278	-6178.614	16.33596	1.141068	25.92529	0.164211	0.515402	1.01994	2.30045	7.714221
4530	-6159.232	-6192.285	33.05271	1.339795	27.73098	0.19948	0.55952	1.03944	2.20156	7.127807
4540	-6192.209	-6187.672	-4.537628	1.354847	26.4848	0.202004	0.562466	1.04062	2.19491	8.51172
4550	-6188.282	-6191.404	3.121504	1.224146	28.25816	0.179401	0.535119	1.02908	2.2564	8.196254
4560	-6175.762	-6181.179	5.416798	1.624523	24.54313	0.243934	0.608051	1.05697	2.09105	8.115944
4570	-6171.283	-6172.711	1.427458	1.412875	27.65934	0.211544	0.573382	1.04487	2.17021	8.26969
4580	-6166.372	-6173.397	7.025118	1.433181	22.51819	0.214813	0.577043	1.04624	2.1619	7.954882
4590	-6158.931	-6184.189	25.25821	1.515755	28.21338	0.227746	0.591158	1.05133	2.12976	7.412653
4600	-6183.186	-6197.398	14.212	1.47923	24.81885	0.222096	0.585062	1.04918	2.14366	7.76776
4610	-6184.104	-6191.204	7.100562	2.303489	28.56972	0.326997	0.683839	1.07601	1.91315	8.049468
4620	-6177.867	-6191.275	13.4083	1.385933	25.11624	0.207152	0.568399	1.04296	2.18149	7.809276
4630	-6189.93	-6206.122	16.19187	1.776562	26.21826	0.265061	0.628936	1.06324	2.04276	7.725145
4640	-6202.675	-6195.258	-7.416357	1.380253	23.74518	0.206217	0.56733	1.04254	2.18391	8.631012
4650	-6184.108	-6186.807	2.699308	1.703908	25.52461	0.255174	0.619318	1.06045	2.06506	8.239072
4660	-6183.05	-6186.05	2.999794	1.3999	28.14144	0.209437	0.571	1.04396	2.1756	8.203193
4670	-6175.88	-6177.285	1.404901	1.550502	25.54969	0.233019	0.596752	1.05325	2.11697	8.289868
4680	-6174.658	-6196.395	21.73685	1.318923	25.95965	0.195947	0.555352	1.03775	2.21096	7.50687
4690	-6159.211	-6181.18	21.96918	1.381292	27.34494	0.206388	0.567526	1.04262	2.18347	7.524307
4700	-6138.499	-6176.345	37.84568	1.273804	31.41637	0.188173	0.545997	1.03383	2.232	6.985454
4710	-6182.23	-6181.52	-0.7105625	1.429851	24.27026	0.21428	0.576448	1.04602	2.16325	8.36102
4720	-6175.897	-6194.245	18.34789	1.532971	28.97452	0.230371	0.593954	1.0523	2.12337	7.652378
4730	-6174.317	-6198.171	23.85415	1.241842	29.11581	0.182554	0.539068	1.03083	2.24755	7.461746
4740	-6182.8	-6192.071	9.271289	1.241264	28.17571	0.182451	0.53894	1.03077	2.24784	7.979847
4750	-6166.456	-6187.857	21.40124	1.63698	24.74462	0.245729	0.609875	1.05755	2.08685	7.474615
4760	-6166.241	-6189.725	23.4833	1.289248	28.20799	0.190855	0.549253	1.03521	2.22468	7.475547
4770	-6166.434	-6188.001	21.5666	1.421888	29.97396	0.213	0.575016	1.04548	2.1665	7.530942
4780	-6195.292	-6196.676	1.383472	1.965035	25.509	0.289065	0.651243	1.06909	1.9906	8.290567
4790	-6180.873	-6190.73	9.857237	1.775895	27.76209	0.264972	0.62885	1.06322	2.04296	7.963949
4800	-6172.916	-6190.478	17.56202	1.198263	27.89355	0.174738	0.529189	1.0264	2.26967	7.686342
4810	-6181.038	-6182.853	1.814318	1.563517	27.75835	0.23497	0.598798	1.05394	2.11229	8.253734
4820	-6154.339	-6189.821	35.48236	1.54348	33.61618	0.231962	0.595637	1.05288	2.11952	7.026454
4830	-6156.366	-6189.153	32.78703	0.977508	33.16644	0.132445	0.469885	0.996171	2.4015	7.116775
4840	-6151.321	-6190.496	39.17537	1.243485	29.75473	0.182845	0.539431	1.03099	2.24674	6.942075
4850	-6157.218	-6184.42	27.20208	1.273155	27.26711	0.18806	0.545859	1.03377	2.23231	7.331549
4860	-6163.663	-6188.654	24.9903	1.798429	28.59258	0.267965	0.631711	1.06402	2.03631	7.423321
4870	-6180.318	-6198.807	18.48961	2.006191	26.75282	0.294013	0.65567	1.07014	1.98017	7.646126
4880	-6160.52	-6189.723	29.20321	1.450416	31.47699	0.21756	0.580089	1.04737	2.15498	7.259592
4890	-6171.014	-6191.674	20.66012	1.276877	29.83987	0.188709	0.546649	1.03411	2.23054	7.563154
4900	-6163.954	-6191.932	27.97838	1.230082	27.65928	0.180462	0.536453	1.02967	2.25341	7.309763
4910	-6142.18	-6174.531	32.35145	1.387629	28.67911	0.20743	0.568717	1.04308	2.18077	7.166722
4920	-6131.304	-6175.746	44.44241	1.459561	32.80889	0.219007	0.581684	1.04796	2.15135	6.768912
4930	-6108.693	-6168.101	59.40751	1.032835	33.95689	0.143458	0.486403	1.00523	2.3649	6.314409
4940	-6144.789	-6189.705	44.91593	1.189208	31.15514	0.173092	0.52707	1.02543	2.27441	6.760072
4950	-6145.977	-6175.468	29.49053	1.07942	30.38029	0.152522	0.499387	1.01201	2.33608	7.263782
4960	-6150.17	-6185.922	35.75201	1.273472	29.76266	0.188116	0.545926	1.0338	2.23216	7.057155
4970	-6141.359	-6187.511	46.1522	1.147459	35.07026	0.165402	0.516992	1.0207	2.2969	6.687023
4980	-6168.682	-6192.206	23.52352	1.23718	29.06062	0.181726	0.538036	1.03037	2.24986	7.473376
4990	-6189.362	-6191.149	1.787563	1.308063	25.69851	0.194093	0.553144	1.03684	2.21593	8.275307
5000	-6205.626	-6209.791	4.165858	1.312644	26.8133	0.194876	0.554078	1.03722	2.21382	8.181076
5010	-6152.554	-6174.422	21.86803	1.310937	27.45425	0.194584	0.553731	1.03708	2.21461	7.52906
5020	-6156.955	-6199.04	42.08534	1.210505	31.74115	0.176951	0.532016	1.02769	2.26335	6.849322
5030	-6129.075	-6172.668	43.59272	1.476387	30.10324	0.221652	0.584578	1.049	2.14477	6.797365
5040	-6161.806	-6198.077	36.27135	1.406358	29.74873	0.210488	0.572189	1.04441	2.17291	7.039649
5050	-6156.701	-6177.298	20.5964	1.388949	29.4098	0.207646	0.568964	1.04317	2.18021	7.57074
5060	-6183.472	-6195.703	12.23067	1.413161	26.54914	0.211591	0.573434	1.04489	2.17009	7.879028
5070	-6175.836	-6185.148	9.312217	1.757262	27.22325	0.262471	0.626441	1.06253	2.04855	7.987887
5080	-6176.339	-6183.632	7.293315	1.482411	27.49657	0.222593	0.585602	1.04937	2.14243	8.059488
5090	-6164.476	-6169.94	5.463906	1.387417	27.64596	0.207395	0.568677	1.04306	2.18086	8.123951
5100	-6183.961	-6185.968	2.007012	1.404877	25.21318	0.210247	0.571917	1.04431	2.17353	8.264137
5110	-6185.143	-6193.505	8.361944	1.579722	23.91844	0.237379	0.60131	1.05478	2.10653	7.973937
5120	-6199.412	-6193.545	-5.867215	1.733755	28.36167	0.259281	0.623345	1.06164	2.05574	8.510776
5130	-6173.723	-6167.488	-6.23565	1.780739	25.34393	0.265619	0.62947	1.06339	2.04152	8.590398
5140	-6161.648	-6183.524	21.87619	1.909316	27.36603	0.282204	0.645011	1.06755	2.00524	7.527922
5150	-6147.462	-6180.624	33.16198	0.9806327	30.18466	0.133073	0.470852	0.996715	2.39936	7.143651
5160	-6142.695	-6179.534	36.83941	1.513084	30.37937	0.227337	0.59072	1.05118	2.13076	7.021886
5170	-6158.281	-6204.403	46.12139	1.019332	32.1346	0.140795	0.482486	1.00313	2.37359	6.721371
5180	-6174.133	-6212.524	38.39126	0.9567153	30.6823	0.128239	0.463343	0.992441	2.41598	6.970826
5190	-6167.358	-6181.699	14.34107	1.502383	26.95026	0.22569	0.588953	1.05056	2.1348	7.80233
5200	-6178.755	-6194.889	16.13456	1.595237	27.75993	0.239667	0.603677	1.05556	2.1011	7.737841
5210	-6159.925	-6180.533	20.60811	1.604421	26.71034	0.241012	0.605062	1.05601	2.09792	7.566262
5220	-6168.354	-6181.019	12.66497	1.13338	28.60968	0.162773	0.513473	1.01901	2.30475	7.854152
5230	-6161.689	-6184.665	22.97508	1.381751	30.69451	0.206464	0.567613	1.04265	2.18327	7.473058
5240	-6142.485	-6175.427	32.94211	1.397755	30.7263	0.209087	0.570603	1.04381	2.1765	7.148116
5250	-6180.885	-6192.642	11.75752	1.641623	26.50504	0.246395	0.610549	1.05776	2.0853	7.896585
5260	-6173.948	-6189.71	15.76159	1.781226	28.00507	0.265683	0.629532	1.06341	2.04137	7.750429
5270	-6161.638	-6178.037	16.39861	1.38095	28.20058	0.206332	0.567462	1.04259	2.18361	7.726748
5280	-6181.644	-6192.318	10.67383	1.382903	25.49386	0.206653	0.56783	1.04273	2.18278	7.926094
5290	-6156.054	-6175.628	19.57406	1.447951	30.90762	0.217169	0.579657	1.04721	2.15596	7.579215
5300	-6163.646	-6182.333	18.68673	1.74568	31.25134	0.260904	0.624924	1.0621	2.05208	7.59955
5310	-6147.216	-6172.639	25.42327	1.394767	27.23975	0.208599	0.570049	1.04359	2.17776	7.396345
5320	-6139.176	-6180.322	41.1457	1.650411	33.2011	0.247651	0.611817	1.05816	2.08238	6.864268
5330	-6162.362	-6187.712	25.35047	1.161015	28.67125	0.167917	0.520321	1.02228	2.28948	7.41083
5340	-6182.468	-6194.215	11.74698	1.338467	29.14863	0.199256	0.559258	1.03934	2.20215	7.876943
5350	-6155.456	-6181.429	25.97251	1.052023	30.42477	0.147216	0.491849	1.00811	2.35282	7.379031
5360	-6145.109	-6190.778	45.66904	1.326181	28.77812	0.19718	0.556812	1.03834	2.20766	6.704836
5370	-6149.84	-6192.404	42.56408	0.9997307	32.54356	0.1369	0.476671	0.999955	2.38647	6.828804
5380	-6125.96	-6186.663	60.7024	1.015936	37.61926	0.140122	0.48149	1.00259	2.3758	6.242049
5390	-6124.796	-6187.122	62.32637	0.9898117	36.28427	0.134916	0.473668	0.998291	2.39312	6.216232
5400	-6165.711	-6190.31	24.59863	1.749043	26.77783	0.26136	0.625366	1.06222	2.05105	7.418303
5410	-6196.348	-6193.43	-2.918698	1.600448	24.74533	0.240431	0.604465	1.05581	2.09929	8.457457
5420	-6191.433	-6183.607	-7.826088	1.568155	24.08841	0.235661	0.599521	1.05419	2.11063	8.652665
5430	-6186.296	-6187.846	1.54933	1.507681	26.21523	0.226507	0.58983	1.05087	2.13279	8.283646
5440	-6164.949	-6181.669	16.72076	1.114661	26.20699	0.159247	0.508697	1.01667	2.31538	7.704779
5450	-6165.662	-6178.642	12.98025	1.230045	25.49671	0.180455	0.536444	1.02967	2.25343	7.835686
5460	-6156.622	-6171.399	14.77725	1.579502	26.38545	0.237347	0.601276	1.05477	2.10661	7.781301
5470	-6163.112	-6191.631	28.51966	1.579135	28.08083	0.237292	0.60122	1.05475	2.10674	7.295715
5480	-6172.544	-6180.675	8.130891	1.389387	28.37465	0.207718	0.569046	1.04321	2.18003	8.016991
5490	-6155.639	-6176.08	20.44179	1.346689	28.47004	0.200638	0.560876	1.03999	2.1985	7.58286
5500	-6174.239	-6178.945	4.706531	1.687833	25.09564	0.252935	0.617103	1.05978	2.07018	8.155434
5510	-6162.787	-6158.341	-4.445364	1.593855	27.20826	0.239464	0.603468	1.05549	2.10158	8.493605
5520	-6184.699	-6188.44	3.741925	1.546999	25.78251	0.232492	0.596197	1.05307	2.11824	8.199611
5530	-6201.714	-6209.015	7.30045	1.429302	24.2157	0.214192	0.57635	1.04599	2.16347	8.029136
5540	-6156.113	-6175.845	19.73231	1.631846	25.10692	0.24499	0.609126	1.05731	2.08857	7.557128
5550	-6182.227	-6188.338	6.111336	1.007915	27.94652	0.13853	0.479118	1.0013	2.38105	8.095997
5560	-6165.631	-6191.445	25.8144	1.496828	31.72916	0.224832	0.588028	1.05023	2.13691	7.362186
5570	-6156.237	-6178.241	22.00443	1.085389	33.22976	0.153669	0.500994	1.01282	2.33251	7.43989
5580	-6152.009	-6189.833	37.82414	1.252718	32.47222	0.184477	0.541455	1.03187	2.2422	6.975415
5590	-6144.86	-6180.547	35.68692	1.210612	29.64491	0.176971	0.532041	1.0277	2.26329	7.058891
5600	-6150.934	-6185.699	34.76517	1.253935	29.56981	0.184691	0.54172	1.03199	2.2416	7.089713
5610	-6170.556	-6180.522	9.965439	1.522738	29.15186	0.228814	0.592298	1.05173	2.12716	7.937993
5620	-6142.057	-6165.775	23.71725	1.315935	27.48381	0.195438	0.554747	1.0375	2.21232	7.462038
5630	-6161.781	-6191.204	29.42306	1.132924	31.05315	0.162687	0.513358	1.01895	2.305	7.258721
5640	-6152.951	-6178.65	25.69934	1.57055	28.28406	0.236018	0.599893	1.05431	2.10978	7.397406
5650	-6173.405	-6195.813	22.40757	1.584876	30.4575	0.238141	0.6021	1.05504	2.10472	7.495664
5660	-6164.231	-6191.634	27.40341	1.726167	29.09292	0.258243	0.622331	1.06134	2.05808	7.339857
5670	-6188.887	-6213.97	25.08287	1.248706	32.80815	0.183769	0.540578	1.03149	2.24416	7.359002
5680	-6189.925	-6202.453	12.52788	1.122727	28.43915	0.16077	0.510769	1.01769	2.31077	7.861229
5690	-6169.455	-6189.136	19.68026	1.464624	26.6318	0.219806	0.58256	1.04827	2.14936	7.59979
5700	-6189.734	-6207.291	17.55683	1.375945	29.43452	0.205507	0.566515	1.04222	2.18576	7.67373
5710	-6143.831	-6176.401	32.56933	1.168263	30.42036	0.169255	0.522079	1.02311	2.28555	7.162231
5720	-6172.753	-6200.737	27.98337	1.11069	26.17098	0.158495	0.507669	1.01617	2.31767	7.273802
5730	-6143.964	-6180.627	36.66289	1.57029	26.59671	0.235979	0.599853	1.0543	2.10987	6.9607
5740	-6152.113	-6168.56	16.44719	1.61454	26.05629	0.242486	0.606574	1.0565	2.09444	7.712525
5750	-6152.931	-6183.058	30.12657	1.098101	32.38741	0.156102	0.504375	1.01453	2.325	7.214193
5760	-6162.04	-6195.093	33.05281	1.296504	32.13322	0.192108	0.550763	1.03584	2.22129	7.128076
5770	-6168.741	-6185.215	16.47403	1.477574	30.15152	0.221837	0.584781	1.04908	2.1443	7.697214
5780	-6135.742	-6171.99	36.24767	1.211602	32.64251	0.177149	0.532268	1.0278	2.26278	7.021369
5790	-6148.377	-6188.856	40.47865	1.262624	30.92985	0.186218	0.543602	1.0328	2.23738	6.902844
5800	-6155.249	-6183.962	28.71316	1.149178	28.58986	0.165722	0.517417	1.02091	2.29595	7.293102
5810	-6155.192	-6181.232	26.04041	1.258123	26.09727	0.185428	0.54263	1.03238	2.23956	7.345694
5820	-6160.988	-6175.257	14.26955	1.54949	26.46363	0.232867	0.596592	1.0532	2.11734	7.801391
5830	-6189.318	-6186.853	-2.464668	1.09196	26.4201	0.154929	0.502749	1.01371	2.32861	8.434318
5840	-6176.305	-6192.643	16.33731	1.440207	29.66834	0.215936	0.578292	1.04671	2.15906	7.711187
5850	-6172.157	-6198.786	26.62845	1.104304	26.76926	0.157283	0.506005	1.01534	2.32137	7.342297
5860	-6158.929	-6187.9	28.97112	1.574403	30.78806	0.236591	0.60049	1.05451	2.10841	7.276638
5870	-6192.662	-6204.771	12.10877	1.650101	27.46142	0.247607	0.611773	1.05814	2.08248	7.884505
5880	-6186.022	-6204.606	18.58415	1.411168	29.88675	0.211268	0.57307	1.04475	2.17091	7.631941
5890	-6124.488	-6161.312	36.82428	1.025993	29.49589	0.142111	0.484428	1.00418	2.36928	7.019587
5900	-6170.92	-6201.264	30.34425	1.54858	30.39552	0.23273	0.596448	1.05315	2.11767	7.235566
5910	-6174.084	-6196.79	22.70584	1.800805	29.99813	0.268279	0.63201	1.0641	2.03561	7.49262
5920	-6160.119	-6190.917	30.79801	1.090394	31.31987	0.154629	0.502332	1.0135	2.32954	7.211104
5930	-6160.978	-6189.43	28.45112	1.245022	29.9551	0.183117	0.539769	1.03113	2.24598	7.301379
5940	-6152.243	-6195.334	43.09087	1.420759	32.26284	0.212818	0.574812	1.04541	2.16696	6.814827
5950	-6166.918	-6194.608	27.68971	1.159339	28.12498	0.167607	0.519913	1.02209	2.29039	7.325691
5960	-6151.098	-6174.591	23.49304	1.346278	27.96445	0.200569	0.560795	1.03996	2.19868	7.474136
5970	-6193.339	-6193.562	0.2228591	1.528331	25.89939	0.229666	0.593205	1.05204	2.12509	8.335826
5980	-6147.55	-6168.659	21.10834	1.224818	28.45526	0.179522	0.53527	1.02915	2.25606	7.559482
5990	-6157.141	-6194.657	37.51603	0.8994374	34.58503	0.116478	0.444289	0.981111	2.45812	6.945133
6000	-6151.608	-6170.981	19.37323	1.361493	26.67403	0.203111	0.563752	1.04113	2.192	7.61196
6010	-6165.475	-6179.638	14.16304	1.388496	26.55035	0.207572	0.568879	1.04314	2.18041	7.806254
6020	-6166.757	-6174.249	7.491683	1.486218	25.33391	0.223186	0.586246	1.0496	2.14097	8.0486
6030	-6162.022	-6181.65	19.62867	1.325628	26.40232	0.197086	0.556701	1.0383	2.20791	7.597753
6040	-6133.647	-6169.947	36.30006	1.067616	30.07825	0.150244	0.496173	1.01036	2.34322	7.039588
6050	-6153.503	-6177.743	24.23993	1.356947	26.97608	0.202354	0.562874	1.04079	2.19399	7.435495
6060	-6171.393	-6204.517	33.12381	1.286142	28.99489	0.190318	0.548603	1.03494	2.22614	7.142565
6070	-6170.643	-6190.019	19.37628	1.359425	31.36362	0.202767	0.563353	1.04098	2.1929	7.574684
6080	-6173.882	-6188.584	14.70198	1.446735	28.54525	0.216976	0.579443	1.04713	2.15645	7.783673
6090	-6167.431	-6185.381	17.95028	0.8893467	27.38353	0.114382	0.440765	0.978939	2.46591	7.671463
6100	-6163.038	-6193.493	30.45441	1.319647	28.83816	0.19607	0.555498	1.03781	2.21063	7.233874
6110	-6172.62	-6196.813	24.19246	1.395553	27.73536	0.208727	0.570195	1.04365	2.17743	7.447353
6120	-6177.653	-6186.339	8.685822	1.469203	26.62177	0.220526	0.583349	1.04856	2.14756	8.012616
6130	-6149.498	-6169.266	19.76856	1.264749	26.20909	0.186591	0.54406	1.033	2.23635	7.588527
6140	-6149.411	-6170.478	21.06668	1.263675	30.52909	0.186403	0.543829	1.0329	2.23687	7.538381
6150	-6169.122	-6190.11	20.98827	1.445998	25.47698	0.216859	0.579314	1.04709	2.15674	7.520931
6160	-6181.136	-6179.415	-1.721308	1.462258	22.61443	0.219433	0.582151	1.04813	2.15029	8.348241
6170	-6191.025	-6178.603	-12.42251	1.67737	26.41403	0.251468	0.615643	1.05934	2.07355	8.811388
6180	-6169.763	-6174.962	5.199261	1.812899	27.39372	0.269869	0.633519	1.06452	2.0321	8.136982
6190	-6170.259	-6190.872	20.61286	1.453092	27.90924	0.217984	0.580558	1.04754	2.15391	7.577008
6200	-6168.796	-6183.591	14.79421	1.240296	27.20545	0.182279	0.538726	1.03068	2.24832	7.786476
6210	-6140.081	-6155.807	15.72584	1.723493	28.74825	0.257876	0.621972	1.06124	2.05892	7.745666
6220	-6168.394	-6183.096	14.70212	1.305426	25.33649	0.193641	0.552603	1.03661	2.21714	7.764053
6230	-6158.847	-6183.412	24.5646	1.124755	27.64907	0.161152	0.511286	1.01795	2.30962	7.43308
6240	-6162.71	-6176.62	13.90943	1.562074	25.30599	0.234754	0.598573	1.05387	2.1128	7.794552
6250	-6140.853	-6162.839	21.98589	1.147726	29.26178	0.165452	0.517058	1.02073	2.29676	7.5248
6260	-6197.458	-6202.741	5.283025	1.583408	26.07317	0.237924	0.601876	1.05497	2.10523	8.141028
6270	-6186.322	-6190.512	4.190694	1.450732	25.92967	0.21761	0.580145	1.04739	2.15485	8.182703
6280	-6187.053	-6181.434	-5.618363	1.56614	22.4417	0.235361	0.599208	1.05408	2.11135	8.512865
6290	-6154.6	-6167.647	13.04714	1.664224	27.09185	0.249614	0.61379	1.05877	2.07783	7.850626
6300	-6188.703	-6182.459	-6.244474	1.569332	25.65029	0.235837	0.599704	1.05425	2.11021	8.58834
6310	-6167.429	-6178.424	10.99518	1.55379	30.06357	0.233514	0.597272	1.05343	2.11578	7.881279
6320	-6148.297	-6177.613	29.31586	1.654155	27.62491	0.248184	0.612355	1.05832	2.08114	7.260833
6330	-6156.21	-6188.781	32.57075	1.495748	27.0492	0.224665	0.587847	1.05017	2.13732	7.128782
6340	-6155.211	-6173.347	18.13528	1.517481	26.76006	0.22801	0.591441	1.05143	2.12912	7.659459
6350	-6168.056	-6179.982	11.92519	1.655219	27.50192	0.248336	0.612507	1.05837	2.08079	7.89101
6360	-6165.872	-6166.782	0.909618	1.728626	22.8619	0.25858	0.62266	1.06144	2.05732	8.244888
6370	-6161.696	-6190.631	28.93508	1.422555	29.63647	0.213107	0.575137	1.04553	2.16623	7.286676
6380	-6137.31	-6185.329	48.01909	0.9684979	34.35986	0.130626	0.467074	0.994578	2.40772	6.644646
6390	-6132.898	-6175.985	43.08678	1.325271	31.94902	0.197026	0.55663	1.03827	2.20807	6.816857
6400	-6127.154	-6168.995	41.84095	1.23972	33.53605	0.182177	0.538599	1.03062	2.2486	6.838531
6410	-6138.023	-6183.722	45.69892	1.196521	33.32489	0.174422	0.528783	1.02622	2.27058	6.725852
6420	-6119.286	-6161.677	42.39147	1.016614	30.72006	0.140257	0.481689	1.0027	2.37535	6.840565
6430	-6148.635	-6170.374	21.73877	1.561965	28.5161	0.234738	0.598556	1.05386	2.11284	7.537222
6440	-6148.487	-6177.716	29.22907	1.168049	29.94981	0.169215	0.522027	1.02309	2.28567	7.275438
6450	-6156.205	-6187.878	31.67226	1.62958	28.95162	0.244664	0.608794	1.0572	2.08934	7.192379
6460	-6186.443	-6199.426	12.98363	1.356548	29.01955	0.202288	0.562796	1.04076	2.19416	7.836762
6470	-6162.102	-6186.698	24.59579	1.496066	27.78844	0.224714	0.5879	1.05019	2.1372	7.4333
6480	-6178.774	-6203.283	24.50901	1.29594	28.92225	0.19201	0.550647	1.03579	2.22155	7.439873
6490	-6150.728	-6180.951	30.22295	1.271688	28.15776	0.187804	0.545546	1.03364	2.23301	7.236024
6500	-6155.473	-6196.75	41.27714	1.077825	34.49598	0.152215	0.498956	1.01179	2.33704	6.83818
6510	-6153.903	-6189.189	35.28591	1.036517	28.47906	0.144182	0.487459	1.0058	2.36256	7.061602
6520	-6155.851	-6170.509	14.65741	1.483969	28.47378	0.222835	0.585866	1.04947	2.14183	7.785996
6530	-6180.563	-6189.101	8.537788	1.35989	28.07292	0.202844	0.563443	1.04101	2.1927	8.007414
6540	-6151.143	-6166.806	15.66338	1.582949	24.47018	0.237856	0.601805	1.05494	2.1054	7.695357
6550	-6136.806	-6175.68	38.87394	1.182085	27.32087	0.171792	0.525387	1.02465	2.27817	6.905304
6560	-6168.159	-6192.9	24.74124	1.264913	26.39543	0.18662	0.544095	1.03301	2.23627	7.403932
6570	-6163.388	-6183.034	19.6459	1.564893	26.36869	0.235175	0.599013	1.05402	2.1118	7.596459
6580	-6189.099	-6186.873	-2.225886	1.779063	24.18164	0.265395	0.629256	1.06333	2.04202	8.421929
6590	-6181.789	-6201.382	19.5925	0.9821783	28.05907	0.133384	0.471329	0.996983	2.3983	7.613634
6600	-6153.69	-6163.608	9.918579	1.471051	24.99261	0.220816	0.583666	1.04868	2.14684	7.945286
6610	-6157.719	-6171.675	13.95615	1.535482	28.36664	0.230752	0.594358	1.05244	2.12245	7.811776
6620	-6150.856	-6170.901	20.04479	1.271196	26.06636	0.187718	0.545441	1.03359	2.23325	7.574698
6630	-6157.305	-6176.994	19.68903	1.167446	25.68361	0.169104	0.521882	1.02302	2.28599	7.578278
6640	-6156.769	-6179.325	22.55551	1.403226	24.93775	0.209978	0.571614	1.04419	2.17421	7.437168
6650	-6177.519	-6193.662	16.14294	1.432671	26.78862	0.214732	0.576952	1.04621	2.16211	7.734173
6660	-6161.442	-6186.939	25.49715	1.497732	33.6195	0.224972	0.588178	1.05029	2.13656	7.32339
6670	-6169.261	-6195.673	26.41192	1.284272	27.33161	0.189994	0.54821	1.03477	2.22703	7.361618
6680	-6180.511	-6197.4	16.88887	1.572407	29.75142	0.236294	0.600181	1.05441	2.10912	7.691141
6690	-6152.734	-6182.394	29.65989	1.686195	26.05527	0.252706	0.616875	1.05971	2.07071	7.205403
6700	-6161.709	-6175.679	13.97001	1.305663	30.23526	0.193682	0.552652	1.03663	2.21704	7.778248
6710	-6185.162	-6205.228	20.06618	1.09204	25.79138	0.154944	0.50277	1.01372	2.32857	7.566709
6720	-6171.566	-6178.982	7.416791	1.584885	26.30357	0.238143	0.602102	1.05504	2.10472	8.060096
6730	-6184.761	-6186.241	1.479799	1.449878	25.93167	0.217475	0.579995	1.04734	2.15519	8.287248
6740	-6122.463	-6168.699	46.23645	1.250235	31.21517	0.184039	0.540913	1.03163	2.24341	6.717888
6750	-6162.705	-6192.138	29.43294	1.189983	28.95061	0.173233	0.527253	1.02552	2.274	7.269723
6760	-6168.822	-6185.003	16.18061	1.833994	25.90506	0.27262	0.636114	1.06522	2.02605	7.719799
6770	-6158.855	-6183.205	24.34973	1.721044	29.60326	0.25754	0.621643	1.06114	2.05968	7.441674
6780	-6160.805	-6184.398	23.59355	1.228809	30.47771	0.180235	0.536167	1.02955	2.25405	7.456414
6790	-6152.192	-6180.19	27.9984	1.463062	28.36216	0.21956	0.58229	1.04818	2.14997	7.316717
6800	-6162.826	-6191.319	28.4931	1.255991	26.12853	0.185053	0.542167	1.03218	2.2406	7.252829
6810	-6176.055	-6191.483	15.4282	1.458654	26.99512	0.218864	0.581526	1.0479	2.15171	7.762253
6820	-6167.409	-6190.271	22.86188	1.067073	26.86854	0.150139	0.496024	1.01028	2.34356	7.484786
6830	-6180.509	-6215.34	34.83082	1.332883	29.59675	0.198314	0.55815	1.03889	2.20465	7.087598
6840	-6158.858	-6175.988	17.1303	1.510774	27.46393	0.226982	0.59034	1.05105	2.13163	7.701654
6850	-6172.935	-6185.337	12.40116	1.596855	26.44161	0.239904	0.603922	1.05564	2.10054	7.871821
6860	-6180.261	-6182.177	1.916357	1.659834	28.1572	0.248991	0.613166	1.05858	2.07927	8.241323
6870	-6187.92	-6194.213	6.29319	1.312507	27.76524	0.194853	0.55405	1.03721	2.21389	8.092281
6880	-6170.818	-6188.284	17.4656	1.375063	28.92357	0.205361	0.566347	1.04216	2.18613	7.683388
6890	-6150.501	-6178.628	28.12606	1.147307	29.74502	0.165374	0.516954	1.02068	2.29699	7.313471
6900	-6145.998	-6193.168	47.17014	1.012783	32.88588	0.139497	0.480561	1.00209	2.37786	6.68526
6910	-6151.513	-6168.657	17.14366	1.56142	29.86697	0.234656	0.59847	1.05383	2.11304	7.680504
6920	-6157.124	-6173.969	16.84463	1.499784	29.32752	0.225289	0.58852	1.05041	2.13578	7.699547
6930	-6179.74	-6201.771	22.03063	1.343748	26.87976	0.200145	0.560299	1.03976	2.1998	7.515905
6940	-6162.819	-6190.756	27.93657	1.695699	28.23969	0.254033	0.618191	1.06011	2.06767	7.317945
6950	-6165.39	-6188.084	22.69358	1.345304	25.5146	0.200406	0.560604	1.03988	2.19911	7.455375
6960	-6142.825	-6168.468	25.64283	1.531276	28.60844	0.230114	0.593681	1.05221	2.124	7.400531
6970	-6159.341	-6174.521	15.1805	1.448336	26.55976	0.21723	0.579725	1.04724	2.15581	7.768031
6980	-6167.467	-6179.539	12.0721	1.881733	29.92818	0.278736	0.641818	1.06673	2.01272	7.848826
6990	-6184.245	-6185.449	1.204228	1.297047	30.9764	0.192201	0.550876	1.03589	2.22103	8.170685
7000	-6164.952	-6181.446	16.49372	1.2696	26.08113	0.18744	0.5451	1.03344	2.23402	7.711206
7010	-6184.563	-6189.1	4.536488	1.450639	26.75604	0.217596	0.580129	1.04739	2.15489	8.167662
7020	-6182.481	-6188.373	5.891236	1.327936	25.30717	0.197477	0.557163	1.03849	2.20687	8.111418
7030	-6163.537	-6186.731	23.19335	1.749091	26.40474	0.261367	0.625372	1.06223	2.05103	7.462797
7040	-6169.252	-6192.253	23.00096	1.935768	27.31742	0.285485	0.648005	1.0683	1.99821	7.486246
7050	-6139.636	-6172.779	33.14338	1.422259	31.68054	0.21306	0.575083	1.04551	2.16635	7.13185
7060	-6155.831	-6170.451	14.62008	1.534931	26.5248	0.230668	0.594269	1.05241	2.12265	7.788786
7070	-6155.103	-6182.623	27.52027	1.411784	28.94235	0.211368	0.573182	1.04479	2.17066	7.335781
7080	-6142.078	-6183.792	41.71438	1.396202	34.75754	0.208833	0.570315	1.0437	2.17716	6.82023
7090	-6146.631	-6189.499	42.86819	1.23012	30.00174	0.180469	0.536461	1.02968	2.25339	6.820534
7100	-6182.762	-6207.895	25.13318	1.501298	28.47678	0.225523	0.588772	1.0505	2.13521	7.418095
7110	-6150.865	-6181.017	30.15223	1.072273	31.96895	0.151145	0.497447	1.01101	2.34039	7.221351
7120	-6144.789	-6187.854	43.06428	1.174674	32.10524	0.170433	0.52362	1.02383	2.28211	6.816687
7130	-6151.526	-6184.991	33.46453	1.133103	27.74809	0.162721	0.513403	1.01897	2.3049	7.113315
7140	-6142.539	-6184.13	41.59012	1.096592	31.85118	0.155814	0.503976	1.01433	2.32588	6.864312
7150	-6141.183	-6173.216	32.03274	1.663401	32.25338	0.249497	0.613673	1.05873	2.0781	7.157745
7160	-6132.147	-6184.305	52.15788	1.034959	29.86884	0.143876	0.487013	1.00556	2.36355	6.508204
7170	-6161.308	-6201.883	40.57581	0.8486222	32.16311	0.105855	0.425997	0.969568	2.49858	6.893695
7180	-6158.567	-6179.484	20.91713	1.397391	30.92534	0.209028	0.570536	1.04378	2.17666	7.535387
7190	-6153.738	-6184.872	31.13395	1.317872	35.07818	0.195768	0.555139	1.03766	2.21143	7.115014
7200	-6139.409	-6183.018	43.60861	1.572429	31.59717	0.236297	0.600184	1.05441	2.10911	6.801724
7210	-6179.001	-6193.733	14.73194	1.838071	25.69177	0.273148	0.63661	1.06535	2.02489	7.77146
7220	-6185.796	-6202.203	16.40685	1.776898	29.47257	0.265106	0.628979	1.06325	2.04266	7.712183
7230	-6174.99	-6187.595	12.60519	1.487457	28.36494	0.223378	0.586455	1.04968	2.14049	7.859421
7240	-6136.056	-6177.596	41.54041	1.209669	30.06477	0.176801	0.531825	1.0276	2.26377	6.865266
7250	-6144.002	-6180.172	36.16978	1.310041	29.50809	0.194431	0.553548	1.037	2.21502	7.041852
7260	-6163.637	-6194.091	30.45417	1.0093	27.20392	0.138806	0.47953	1.00152	2.38014	7.210822
7270	-6164.816	-6189.386	24.56991	1.180539	30.05256	0.171509	0.52502	1.02448	2.27899	7.429871
7280	-6158.388	-6182.724	24.33574	1.127547	34.30909	0.161678	0.511997	1.01829	2.30803	7.33563
7290	-6153.681	-6175.223	21.54235	1.351892	31.49689	0.20151	0.561892	1.04039	2.1962	7.5025
7300	-6186.921	-6192.611	5.689959	1.648026	25.1799	0.24731	0.611474	1.05805	2.08317	8.117571
7310	-6186.234	-6194.718	8.483385	1.410196	26.94292	0.21111	0.572892	1.04468	2.17132	8.019707
7320	-6183.206	-6178.368	-4.837406	1.648011	26.87213	0.247308	0.611472	1.05805	2.08317	8.51563
7330	-6160.665	-6186.936	26.2707	1.747232	27.85394	0.261115	0.625128	1.06216	2.0516	7.373729
7340	-6147.635	-6172.989	25.3539	1.66459	29.5759	0.249665	0.613842	1.05878	2.07771	7.407944
7350	-6181.055	-6186.177	5.121663	1.576707	27.84005	0.236932	0.600846	1.05463	2.1076	8.133246
7360	-6182.616	-6182.638	0.02196453	1.335768	27.72423	0.198801	0.558723	1.03912	2.20335	8.319072
7370	-6150.587	-6190.841	40.25404	1.642593	31.49625	0.246534	0.61069	1.0578	2.08497	6.908422
7380	-6147.08	-6185.632	38.55225	1.222229	30.13786	0.179058	0.534686	1.02889	2.25737	6.964926
7390	-6170.072	-6188.691	18.61921	1.315195	24.8756	0.195312	0.554597	1.03744	2.21266	7.59252
7400	-6145.103	-6161.314	16.21101	1.530557	25.77396	0.230004	0.593565	1.05217	2.12426	7.715793
7410	-6177.174	-6180.013	2.838327	1.159226	24.56029	0.167586	0.519885	1.02208	2.29045	8.221351
7420	-6156.691	-6170.706	14.01467	1.403643	26.62855	0.210046	0.57169	1.04422	2.17404	7.812502
7430	-6162.271	-6186.391	24.12013	1.403643	29.32394	0.210046	0.57169	1.04422	2.17404	7.451492
7440	-6183.209	-6189.067	5.857262	1.446381	26.51506	0.216919	0.579381	1.04711	2.15659	8.119172
7450	-6138.192	-6176.977	38.78496	1.485916	28.06521	0.223139	0.586195	1.04958	2.14108	6.929779
7460	-6123.938	-6181.966	58.02784	1.033504	34.52002	0.14359	0.486596	1.00534	2.36448	6.352452
7470	-6124.466	-6179.209	54.74305	1.335691	29.86222	0.198788	0.558708	1.03911	2.20339	6.421495
7480	-6116.128	-6184.308	68.17939	0.860726	37.55769	0.1084	0.43048	0.972458	2.48866	6.043978
7490	-6143.862	-6196.003	52.14146	1.047153	30.64418	0.146265	0.49048	1.00739	2.35586	6.522157
7500	-6151.309	-6191.97	40.66036	0.9824426	34.06746	0.133437	0.47141	0.997029	2.39812	6.864459
7510	-6154.034	-6179.72	25.68571	1.451481	28.45125	0.217729	0.580276	1.04744	2.15455	7.398606
7520	-6157.215	-6179.271	22.05603	1.29013	26.44172	0.191008	0.549438	1.03529	2.22427	7.506684
7530	-6153.067	-6178.244	25.17688	1.538613	26.9671	0.231226	0.59486	1.05261	2.1213	7.40059
7540	-6164.398	-6181.696	17.29794	1.536142	29.4835	0.230852	0.594464	1.05248	2.12221	7.681781
7550	-6186.482	-6186.846	0.3632492	1.221647	25.91091	0.178954	0.534554	1.02883	2.25767	8.330371
7560	-6199.624	-6199.296	-0.3272703	1.214193	27.38588	0.177615	0.53286	1.02807	2.26146	8.338882
7570	-6186.163	-6186.072	-0.09115981	1.859265	25.6205	0.275876	0.639162	1.06603	2.01893	8.348454
7580	-6186.184	-6191.346	5.161784	1.964403	28.83284	0.288988	0.651174	1.06907	1.99076	8.111061
7590	-6183.994	-6193.317	9.32235	1.237024	27.7044	0.181698	0.538001	1.03036	2.24994	7.983812
7600	-6156.929	-6180.42	23.49176	1.48588	25.44723	0.223133	0.586189	1.04958	2.1411	7.421522
7610	-6157.093	-6185.269	28.17588	1.384231	28.3028	0.206872	0.568079	1.04283	2.18222	7.309999
7620	-6173.912	-6193.404	19.49187	0.998875	27.43877	0.136729	0.476413	0.999813	2.38704	7.615518
7630	-6176.775	-6198.455	21.68023	1.630939	28.54652	0.24486	0.608993	1.05727	2.08888	7.539207
7640	-6159.173	-6184.535	25.3619	1.290717	27.54354	0.191109	0.54956	1.03534	2.22399	7.402973
7650	-6179.125	-6194.855	15.73011	1.687391	27.84403	0.252874	0.617041	1.05976	2.07032	7.752184
7660	-6162.249	-6199.575	37.32583	1.13911	30.41302	0.163845	0.514913	1.0197	2.30154	7.005873
7670	-6140.459	-6184.622	44.16292	1.102156	29.26026	0.156874	0.505442	1.01506	2.32262	6.766889
7680	-6129.705	-6175.226	45.52057	1.147185	30.68401	0.165352	0.516924	1.02067	2.29705	6.738478
7690	-6134.419	-6188.091	53.67216	0.9781886	33.39499	0.132582	0.470096	0.99629	2.40103	6.486339
7700	-6133.388	-6183.873	50.48537	0.9146769	30.06032	0.119631	0.449513	0.984287	2.44657	6.567667
7710	-6112.688	-6172.553	59.86442	1.000747	33.09242	0.137103	0.476976	1.00012	2.3858	6.30012
7720	-6118.529	-6174.947	56.41848	1.077253	31.37754	0.152105	0.498801	1.01171	2.33739	6.3938
7730	-6156.444	-6199.96	43.5155	1.360703	30.68804	0.20298	0.5636	1.04107	2.19235	6.803842
7740	-6179.142	-6189.447	10.30571	1.667345	29.40764	0.250055	0.614232	1.0589	2.07681	7.920696
7750	-6153.322	-6184.028	30.70633	1.66072	27.46955	0.249117	0.613292	1.05861	2.07898	7.207448
7760	-6154.767	-6180.726	25.95926	1.255606	25.53366	0.184985	0.542084	1.03214	2.24079	7.328169
7770	-6123.013	-6166.66	43.64733	0.9286784	32.79578	0.122513	0.454212	0.987098	2.43618	6.793272
7780	-6130.863	-6175.968	45.10497	1.249698	32.16443	0.183944	0.540795	1.03158	2.24368	6.752871
7790	-6131.009	-6193.156	62.14693	1.523927	36.36412	0.228995	0.592491	1.0518	2.12672	6.220316
7800	-6110.21	-6181.519	71.30945	0.6877873	33.28159	0.0715818	0.35771	0.920257	2.65045	5.956797
7810	-6115.148	-6185.264	70.11628	0.8310346	32.79224	0.102143	0.419335	0.965197	2.51333	5.986135
7820	-6118.701	-6186.734	68.03298	0.8795182	37.56375	0.112333	0.437282	0.976768	2.47362	6.047809
7830	-6176.639	-6207.023	30.38394	1.53309	31.8143	0.230389	0.593973	1.05231	2.12333	7.216763
7840	-6151.423	-6188.291	36.86805	1.169729	32.1269	0.169524	0.522432	1.02328	2.28477	7.009421
7850	-6129.818	-6166.912	37.09436	1.036779	28.26174	0.144233	0.487534	1.00584	2.3624	6.994093
7860	-6135.731	-6171.939	36.20793	1.711369	32.68664	0.256207	0.620334	1.06075	2.06271	7.021886
7870	-6169.092	-6198.521	29.42885	1.255121	28.84302	0.1849	0.541978	1.0321	2.24102	7.269458
7880	-6145.665	-6178.266	32.60121	1.292319	29.47948	0.191386	0.549894	1.03548	2.22324	7.162726
7890	-6160.895	-6172.335	11.43976	1.28735	24.49609	0.190527	0.548856	1.03504	2.22558	7.868887
7900	-6130.228	-6169.868	39.63987	1.471586	32.24512	0.2209	0.583758	1.04871	2.14663	6.921975
7910	-6150.109	-6180.307	30.19831	1.276739	31.6029	0.188685	0.54662	1.03409	2.2306	7.226049
7920	-6170.772	-6167.547	-3.22478	1.378994	25.94569	0.20601	0.567092	1.04245	2.18445	8.468548
7930	-6160.018	-6173.33	13.31167	1.057273	25.05431	0.148238	0.493315	1.00888	2.34957	7.811351
7940	-6153.989	-6176.017	22.02768	1.461771	28.24244	0.219356	0.582067	1.0481	2.15048	7.527189
7950	-6154.629	-6177.715	23.08541	1.747993	28.8553	0.261218	0.625228	1.06218	2.05137	7.489346
7960	-6151.818	-6172.33	20.51131	1.74547	29.50512	0.260876	0.624896	1.06209	2.05214	7.572537
7970	-6156.334	-6178.725	22.39103	1.181858	27.82613	0.17175	0.525333	1.02463	2.27829	7.512861
7980	-6148.407	-6178.695	30.28828	1.209032	29.8449	0.176686	0.531678	1.02753	2.2641	7.240476
7990	-6167.231	-6183.278	16.04749	1.347172	26.39138	0.200719	0.56097	1.04003	2.19828	7.733242
8000	-6175.131	-6195.659	20.52792	1.105391	29.37846	0.15749	0.506289	1.01548	2.32074	7.573413
8010	-6147.59	-6181.299	33.70969	1.42544	29.22921	0.213571	0.575656	1.04573	2.16505	7.123965
8020	-6150.398	-6171.866	21.46819	1.364587	27.56483	0.203626	0.564347	1.04137	2.19066	7.544495
8030	-6144.704	-6173.44	28.73653	1.446921	29.74521	0.217005	0.579476	1.04715	2.15637	7.292947
8040	-6167.277	-6185.606	18.32897	1.427295	30.38131	0.213869	0.57599	1.04585	2.16429	7.631155
8050	-6186.46	-6204.801	18.34159	1.259558	29.33731	0.18568	0.54294	1.03251	2.23886	7.648376
8060	-6150.78	-6183.241	32.4605	1.88876	30.11895	0.279624	0.642638	1.06694	2.0108	7.167117
8070	-6134.361	-6172.465	38.10427	1.217016	33.05603	0.178123	0.533503	1.02836	2.26002	6.958267
8080	-6131.428	-6175.527	44.09908	1.5405	29.45205	0.231512	0.595162	1.05271	2.12061	6.772269
8090	-6148.515	-6179.492	30.97645	1.11175	30.85662	0.158696	0.507944	1.0163	2.31706	7.210824
8100	-6162.618	-6183.519	20.9013	1.662504	28.02603	0.24937	0.613546	1.05869	2.07839	7.566939
8110	-6132.11	-6165.958	33.8484	1.441385	27.82157	0.216124	0.5785	1.04679	2.15859	7.10102
8120	-6147.082	-6175.14	28.05822	1.289484	29.99706	0.190896	0.549303	1.03523	2.22457	7.314204
8130	-6133.194	-6175.368	42.17414	1.12849	31.33238	0.161855	0.512236	1.01841	2.3075	6.847857
8140	-6150.62	-6186.302	35.68248	1.192582	29.01832	0.173706	0.527863	1.0258	2.27264	7.054558
8150	-6147.426	-6170.861	23.43419	1.117153	29.555	0.159719	0.509339	1.01699	2.31395	7.47304
8160	-6182.313	-6187.485	5.172029	1.377417	27.09852	0.20575	0.566794	1.04233	2.18513	8.141245
8170	-6164.532	-6177.401	12.86847	1.617159	26.73912	0.242867	0.606963	1.05662	2.09355	7.856173
8180	-6172.158	-6187.968	15.81062	1.569688	29.3091	0.23589	0.599759	1.05426	2.11009	7.735097
8190	-6165.394	-6194.327	28.93312	1.498891	31.47361	0.225151	0.588372	1.05036	2.13612	7.268228
8200	-6145.993	-6184.388	38.39423	1.035818	34.27676	0.144045	0.487259	1.00569	2.36301	6.926568
8210	-6162.897	-6190.119	27.22186	1.388266	30.04124	0.207534	0.568836	1.04313	2.1805	7.341722
8220	-6179.809	-6198.828	19.01819	1.220377	27.25633	0.178726	0.534266	1.0287	2.25831	7.631608
8230	-6166.19	-6184.137	17.94787	1.120309	25.53915	0.160315	0.51015	1.01739	2.31215	7.642084
8240	-6186.984	-6209.363	22.3791	1.421932	28.15025	0.213007	0.575024	1.04549	2.16648	7.514574
8250	-6212.758	-6217.357	4.599683	1.805282	29.00809	0.268869	0.63257	1.06426	2.03431	8.125976
8260	-6179.863	-6182.183	2.32016	1.602487	28.59077	0.240729	0.604772	1.05591	2.09859	8.216237
8270	-6161.134	-6180.593	19.45952	1.611562	27.40418	0.242053	0.606131	1.05635	2.09546	7.616482
8280	-6158.148	-6178.33	20.18211	1.293935	28.736	0.191665	0.55023	1.03562	2.22248	7.590729
8290	-6175.768	-6182.53	6.761771	1.114958	25.67953	0.159304	0.508773	1.01671	2.31521	8.081567
8300	-6180.029	-6178.215	-1.814087	1.315608	28.67379	0.195382	0.55468	1.03747	2.21247	8.358197
8310	-6145.685	-6183.782	38.09739	1.256142	30.98854	0.18508	0.5422	1.03219	2.24053	6.979632
8320	-6145.896	-6168.873	22.97664	1.772169	27.24728	0.264474	0.628372	1.06308	2.04407	7.486261
8330	-6124.553	-6173.182	48.62927	1.130135	29.57535	0.162164	0.512653	1.01861	2.30657	6.620962
8340	-6141.584	-6195.93	54.34655	1.615936	30.52768	0.242689	0.606781	1.05656	2.09397	6.448253
8350	-6158.075	-6186.986	28.91109	1.543153	28.49705	0.231912	0.595585	1.05286	2.11964	7.285572
8360	-6148.923	-6187.556	38.63346	1.391086	27.7554	0.207997	0.569363	1.04333	2.17931	6.927236
8370	-6149.293	-6185.784	36.49122	1.379698	35.00762	0.206126	0.567225	1.0425	2.18415	6.964131
8380	-6143.148	-6180.671	37.52269	0.9948632	31.7727	0.135928	0.475202	0.999144	2.38973	6.992773
8390	-6141.478	-6184.807	43.32891	1.269291	31.5457	0.187386	0.545034	1.03342	2.23416	6.810697
8400	-6167.151	-6196.775	29.62373	1.436197	29.18655	0.215296	0.57758	1.04644	2.16068	7.263705
8410	-6133.513	-6175.024	41.51069	1.260236	33.71183	0.185799	0.543087	1.03258	2.23854	6.845589
8420	-6144.568	-6180.7	36.1316	1.795763	31.12536	0.267613	0.631376	1.06393	2.03709	7.042226
8430	-6158.948	-6179.291	20.34381	1.534577	27.92869	0.230615	0.594212	1.05239	2.12278	7.586688
8440	-6159.185	-6176.816	17.63102	1.307251	29.04263	0.193954	0.552977	1.03677	2.2163	7.676351
8450	-6159.291	-6187.939	28.64819	1.470103	30.11619	0.220667	0.583503	1.04862	2.14721	7.293713
8460	-6172.427	-6197.038	24.6108	1.227044	31.79431	0.17992	0.535771	1.02937	2.25494	7.398675
8470	-6165.078	-6184.857	19.77948	1.353179	28.69736	0.201725	0.562142	1.04049	2.19564	7.60498
8480	-6153.872	-6186.333	32.46114	1.458964	27.98282	0.218913	0.58158	1.04792	2.15159	7.153752
8490	-6193.69	-6208.372	14.68148	1.422513	26.53687	0.2131	0.575129	1.04553	2.16624	7.786593
8500	-6154.248	-6185.483	31.23526	1.229396	36.85355	0.18034	0.536299	1.0296	2.25376	7.053269
8510	-6136.955	-6179.826	42.8716	1.452983	34.13717	0.217967	0.580539	1.04754	2.15396	6.798371
8520	-6176.525	-6200.85	24.3256	1.964334	26.09466	0.28898	0.651167	1.06907	1.99078	7.411324
8530	-6178.584	-6199.522	20.93777	1.288112	25.05818	0.190659	0.549016	1.03511	2.22522	7.507128
8540	-6154.351	-6180.355	26.0034	1.898805	29.75659	0.280888	0.643802	1.06724	2.00807	7.384746
8550	-6168.496	-6193.308	24.81178	1.44135	28.88647	0.216118	0.578494	1.04678	2.1586	7.42947
8560	-6179.909	-6199.297	19.38834	1.477283	26.29389	0.221792	0.584731	1.04906	2.14442	7.604774
8570	-6150.193	-6186.37	36.17696	1.410349	28.0812	0.211135	0.57292	1.04469	2.17125	7.023035
8580	-6137.949	-6194.83	56.88086	1.085958	38.05374	0.153779	0.501147	1.0129	2.33217	6.335008
8590	-6128.509	-6192.038	63.52964	0.9461445	34.54793	0.126087	0.459943	0.99047	2.4235	6.193031
8600	-6145.702	-6197.893	52.19185	1.251754	38.09827	0.184307	0.541245	1.03178	2.24267	6.457169
8610	-6132.719	-6188.172	55.45282	1.257918	32.16888	0.185392	0.542585	1.03236	2.23966	6.431178
8620	-6150.887	-6188.024	37.13674	1.351118	31.2537	0.20138	0.561741	1.04033	2.19654	7.00916
8630	-6137.214	-6191.922	54.7082	1.012042	32.68408	0.13935	0.480342	1.00197	2.37834	6.455894
8640	-6159.659	-6194.438	34.7789	1.475288	35.09154	0.22148	0.584391	1.04894	2.14519	7.010736
8650	-6151.981	-6185.439	33.45766	1.21882	31.4679	0.178447	0.533914	1.02854	2.2591	7.124538
8660	-6160.298	-6204.129	43.83058	1.541225	30.93305	0.231621	0.595277	1.05275	2.12035	6.794481
8670	-6159.242	-6194.786	35.54423	1.22424	32.29374	0.179418	0.53514	1.02909	2.25635	7.048294
8680	-6161.464	-6182.709	21.24471	1.454177	27.22813	0.218156	0.580747	1.04761	2.15348	7.54962
8690	-6158.904	-6177.516	18.61188	1.200001	29.15297	0.175053	0.529593	1.02659	2.26877	7.641381
8700	-6150.772	-6170.508	19.73537	1.388271	27.64483	0.207535	0.568837	1.04313	2.1805	7.607724
8710	-6170.09	-6192.842	22.75178	1.640702	27.27039	0.246263	0.610416	1.05772	2.0856	7.494801
8720	-6170.507	-6184.592	14.08489	1.602489	26.74403	0.240729	0.604772	1.05591	2.09859	7.810713
8730	-6167.787	-6185.432	17.64492	1.333355	30.71853	0.198394	0.558244	1.03893	2.20443	7.646151
8740	-6177.077	-6192.155	15.07825	1.631897	27.79088	0.244998	0.609133	1.05731	2.08856	7.775791
8750	-6172.906	-6186.573	13.66684	1.668454	26.55246	0.250212	0.614389	1.05895	2.07645	7.824961
8760	-6168.493	-6184.103	15.60968	1.724817	27.60371	0.258058	0.62215	1.06129	2.0585	7.757006
8770	-6160.087	-6182.6	22.51385	1.052542	29.26503	0.147317	0.491994	1.00819	2.3525	7.506733
8780	-6128.094	-6163.517	35.42354	1.319109	29.93808	0.195978	0.555389	1.03776	2.21087	7.068592
8790	-6144.695	-6182.117	37.42233	1.219264	28.05649	0.178527	0.534014	1.02859	2.25887	6.978137
8800	-6160.885	-6209.175	48.29074	0.9324585	31.64346	0.123288	0.455465	0.98784	2.43341	6.653648
8810	-6140.566	-6182.93	42.36372	1.522136	28.39138	0.228722	0.5922	1.0517	2.12738	6.810949
8820	-6145.515	-6194.772	49.25658	0.9317754	31.84174	0.123148	0.455239	0.987707	2.43391	6.6236
8830	-6155.323	-6186.924	31.60114	1.635994	32.45578	0.245587	0.609731	1.0575	2.08718	7.16737
8840	-6142.236	-6173.402	31.16634	1.219723	28.73935	0.178609	0.534118	1.02863	2.25864	7.208507
8850	-6177.365	-6199.875	22.5103	1.298723	29.57423	0.19249	0.551223	1.03604	2.22025	7.504107
8860	-6143.863	-6176.538	32.67528	1.208527	27.19788	0.176595	0.531563	1.02748	2.26436	7.129014
8870	-6152.219	-6180.408	28.18899	1.245067	30.79801	0.183125	0.539779	1.03114	2.24596	7.301915
8880	-6166.936	-6190.046	23.10993	1.102948	24.35547	0.157025	0.505649	1.01516	2.32216	7.384547
8890	-6169.214	-6191.415	22.20077	1.290946	30.52325	0.191149	0.549608	1.03536	2.22388	7.501334
8900	-6157.724	-6180.886	23.16241	1.304908	30.7448	0.193552	0.552497	1.03657	2.21738	7.466075
8910	-6149.242	-6180.374	31.13185	1.84005	28.17662	0.273404	0.636851	1.06542	2.02433	7.203993
8920	-6160.519	-6187.184	26.6655	1.159611	29.42487	0.167657	0.519979	1.02212	2.29024	7.364315
8930	-6151.914	-6184.345	32.43098	1.586958	30.38102	0.238448	0.602419	1.05514	2.10399	7.16699
8940	-6163.78	-6178.706	14.92597	1.208047	29.50376	0.176508	0.531452	1.02743	2.26461	7.761863
8950	-6155.73	-6183.699	27.96877	1.704743	27.89972	0.25529	0.619432	1.06048	2.0648	7.313328
8960	-6156.524	-6183.39	26.86556	1.399427	29.11993	0.20936	0.570913	1.04393	2.1758	7.358312
8970	-6148.517	-6185.995	37.47733	1.116715	32.64905	0.159636	0.509226	1.01694	2.3142	6.983603
8980	-6137.181	-6167.999	30.81799	1.45138	31.79672	0.217713	0.580258	1.04743	2.15459	7.203406
8990	-6139.745	-6180.926	41.18049	1.300255	31.58266	0.192753	0.551539	1.03617	2.21954	6.878637
9000	-6147.452	-6183.102	35.64983	1.647424	31.08511	0.247225	0.611388	1.05802	2.08337	7.057986
9010	-6143.006	-6173.807	30.80056	1.661258	29.96598	0.249193	0.613368	1.05864	2.0788	7.222906
9020	-6145.442	-6177.701	32.25896	1.252082	31.43175	0.184364	0.541316	1.03181	2.24251	7.163089
9030	-6144.643	-6168.705	24.06158	0.9830225	29.01895	0.133554	0.471589	0.997129	2.39773	7.455024
9040	-6142.67	-6182.759	40.08886	1.203074	27.11632	0.17561	0.530305	1.02691	2.26717	6.853404
9050	-6115.337	-6164.149	48.81205	1.078962	30.96017	0.152434	0.499264	1.01194	2.33636	6.633653
9060	-6138.291	-6165.897	27.60592	1.343184	33.05207	0.20005	0.560188	1.03971	2.20005	7.275961
9070	-6151.544	-6194.745	43.20133	1.092242	28.65053	0.154982	0.502824	1.01375	2.32845	6.787752
9080	-6154.257	-6185.241	30.98436	1.101122	27.79267	0.156677	0.50517	1.01492	2.32323	7.203472
9090	-6169.112	-6186.449	17.33737	1.329068	27.3601	0.197669	0.55739	1.03858	2.20636	7.693754
9100	-6161.144	-6169.274	8.130704	1.414624	26.45919	0.211827	0.5737	1.04499	2.16948	8.033357
9110	-6187.821	-6199.624	11.80276	1.819783	27.56875	0.27077	0.634371	1.06475	2.03011	7.895118
9120	-6190.16	-6201.277	11.1164	1.319597	24.83176	0.196061	0.555488	1.0378	2.21065	7.892867
9130	-6172.277	-6187.32	15.04271	1.69274	29.13553	0.253621	0.617782	1.05999	2.06861	7.764079
9140	-6148.53	-6186.778	38.2485	1.45427	28.72958	0.218171	0.580763	1.04762	2.15345	6.961924
9150	-6140.589	-6166.462	25.87287	1.208167	31.3861	0.17653	0.53148	1.02744	2.26455	7.367126
9160	-6139.052	-6171.738	32.68529	1.122319	26.68309	0.160694	0.510664	1.01764	2.311	7.1132
9170	-6157.435	-6189.977	32.54205	1.769881	32.40089	0.264168	0.628077	1.063	2.04476	7.139371
9180	-6141.222	-6182.924	41.7023	1.360976	28.7645	0.203025	0.563652	1.0411	2.19223	6.842406
9190	-6177.589	-6207.474	29.88514	1.469063	27.98805	0.220504	0.583325	1.04855	2.14762	7.245879
9200	-6163.626	-6188.247	24.62044	1.584267	28.08052	0.238051	0.602007	1.05501	2.10493	7.43457
9210	-6150.389	-6181.509	31.11963	1.478112	31.51983	0.221921	0.584872	1.04911	2.1441	7.198103
9220	-6149.389	-6194.722	45.33286	1.25418	30.94657	0.184734	0.541773	1.03201	2.24148	6.745973
9230	-6174.908	-6209.222	34.31386	1.163588	31.531	0.168393	0.520947	1.02258	2.28808	7.096639
9240	-6179.729	-6209.442	29.71255	1.331865	26.50688	0.198142	0.557948	1.03881	2.2051	7.219224
9250	-6151.622	-6182.334	30.71194	0.9604009	30.2186	0.128987	0.464517	0.993116	2.41338	7.224625
9260	-6151.868	-6189.822	37.95418	1.190112	30.67235	0.173257	0.527283	1.02553	2.27393	6.985087
9270	-6128.025	-6178.468	50.44231	1.267575	31.43302	0.187086	0.544667	1.03326	2.23499	6.584594
9280	-6157.498	-6195.246	37.74769	1.682514	31.9044	0.252191	0.616363	1.05956	2.07189	6.984423
9290	-6138.973	-6176.503	37.53	1.359457	30.33362	0.202772	0.563359	1.04098	2.19289	6.999131
9300	-6148.581	-6169.982	21.4003	1.495175	27.74491	0.224576	0.587751	1.05014	2.13754	7.548075
9310	-6171.015	-6193.755	22.74053	1.168526	27.8797	0.169303	0.522142	1.02314	2.28541	7.500614
9320	-6135.553	-6175.091	39.53801	1.333626	28.99319	0.19844	0.558298	1.03895	2.20431	6.921321
9330	-6142.429	-6184.343	41.91386	1.39709	34.09486	0.208978	0.57048	1.04376	2.17678	6.827181
9340	-6135.37	-6182.803	47.43265	1.31375	36.84615	0.195065	0.554303	1.03731	2.21332	6.613937
9350	-6160.538	-6197.08	36.54243	1.195021	29.08309	0.17415	0.528433	1.02606	2.27136	7.025622
9360	-6147.686	-6183.215	35.52983	1.442181	33.28901	0.216251	0.578641	1.04684	2.15827	7.031709
9370	-6148.412	-6205.984	57.57275	1.243863	37.10619	0.182912	0.539514	1.03102	2.24655	6.334419
9380	-6148.838	-6185.664	36.82638	1.164919	28.74116	0.168638	0.52127	1.02273	2.28736	7.011589
9390	-6109.662	-6179.627	69.96543	0.955426	36.93435	0.127977	0.462931	0.992203	2.41689	6.001765
9400	-6121.619	-6186.141	64.52253	1.142565	31.54298	0.16449	0.515776	1.02012	2.29961	6.138806
9410	-6120.574	-6178.561	57.98708	1.05573	34.74471	0.147938	0.492885	1.00865	2.35052	6.352145
9420	-6130.901	-6182.316	51.41509	1.21081	34.21028	0.177006	0.532086	1.02772	2.26319	6.547376
9430	-6131.75	-6181.271	49.52146	1.222827	30.16336	0.179165	0.534821	1.02895	2.25707	6.601349
9440	-6158.883	-6187.993	29.11047	1.26517	26.09265	0.186665	0.54415	1.03304	2.23615	7.227884
9450	-6141.372	-6189.182	47.81002	1.25802	30.90035	0.18541	0.542608	1.03237	2.23961	6.665603
9460	-6128.706	-6186.42	57.7139	0.8189568	31.38938	0.0995857	0.414656	0.962072	2.52369	6.352676
9470	-6116.902	-6177.607	60.70551	1.092911	32.26759	0.15511	0.503001	1.01384	2.32805	6.268901
9480	-6154.388	-6200.287	45.89982	1.206595	34.36979	0.176246	0.531118	1.02728	2.26536	6.706171
9490	-6139.789	-6173.473	33.68363	1.414843	28.62505	0.211863	0.57374	1.045	2.16939	7.119661
9500	-6135.545	-6183.595	48.05025	1.124011	27.67026	0.161012	0.511097	1.01785	2.31004	6.584529
9510	-6181.526	-6216.963	35.43635	1.217698	33.21607	0.178245	0.533658	1.02843	2.25967	7.035941
9520	-6134.963	-6175.681	40.71819	1.29611	28.36712	0.19204	0.550682	1.03581	2.22147	6.868353
9530	-6156.254	-6187.761	31.50691	1.374194	27.46302	0.205218	0.566182	1.04209	2.18651	7.178162
9540	-6192.02	-6202.04	10.01994	1.731281	28.96664	0.258943	0.623015	1.06154	2.0565	7.939959
9550	-6165.102	-6183.718	18.6155	1.90068	29.92317	0.281123	0.644019	1.06729	2.00756	7.630274
9560	-6151.069	-6174.282	23.21297	1.360623	31.60702	0.202967	0.563584	1.04107	2.19238	7.44699
9570	-6165.778	-6177.999	12.22094	1.718039	29.16871	0.257126	0.621238	1.06102	2.06062	7.860305
9580	-6169.212	-6187.692	18.48018	1.233963	27.94536	0.181154	0.53732	1.03006	2.25147	7.653408
9590	-6140.806	-6177.955	37.14978	1.518793	26.73359	0.228211	0.591655	1.05151	2.12863	6.947875
9600	-6159.766	-6179.876	20.11059	1.527712	24.57563	0.229572	0.593105	1.05201	2.12531	7.518838
9610	-6134.822	-6176.206	41.38364	1.167738	32.2503	0.169158	0.521952	1.02305	2.28584	6.867852
9620	-6145.265	-6189.577	44.31186	0.7843098	34.25495	0.0922159	0.400739	0.952511	2.55453	6.754283
9630	-6154.208	-6188.894	34.6862	1.331807	28.89219	0.198132	0.557936	1.0388	2.20513	7.087693
9640	-6145.318	-6194.044	48.72515	1.266844	32.9111	0.186958	0.54451	1.03319	2.23534	6.637837
9650	-6124.485	-6176.644	52.1589	1.303896	30.64704	0.193378	0.552289	1.03648	2.21785	6.521627
9660	-6139.112	-6185.455	46.34301	1.292635	31.47309	0.19144	0.54996	1.03551	2.22309	6.715069
9670	-6124.731	-6182.641	57.90992	0.8626337	33.48367	0.1088	0.43118	0.972906	2.48711	6.359414
9680	-6144.661	-6185.832	41.17113	0.9225231	36.57953	0.121248	0.452158	0.985874	2.44072	6.791298
9690	-6163.138	-6201.388	38.25012	0.9751519	28.69592	0.13197	0.469154	0.995758	2.40312	6.961321
9700	-6153.122	-6195.96	42.83755	1.63721	30.90491	0.245762	0.609909	1.05756	2.08677	6.826532
9710	-6153.214	-6178.493	25.27866	1.328291	31.17872	0.197537	0.557234	1.03852	2.20671	7.389951
9720	-6170.358	-6197.339	26.98051	1.32486	28.84904	0.196956	0.556547	1.03824	2.20826	7.354351
9730	-6143.851	-6169.413	25.5627	1.626644	29.10168	0.24424	0.608363	1.05707	2.09033	7.403104
9740	-6156.794	-6186.952	30.15799	1.136382	31.083	0.163335	0.514228	1.01937	2.30306	7.234683
9750	-6195.139	-6195.956	0.8176644	1.700435	26.51688	0.254692	0.618842	1.06031	2.06616	8.30922
9760	-6175.961	-6191.323	15.36211	1.192936	28.97843	0.173771	0.527945	1.02583	2.27245	7.755372
9770	-6174.716	-6186.119	11.40291	1.933891	25.63115	0.285253	0.647795	1.06824	1.99871	7.900012
9780	-6143.224	-6166.939	23.71513	1.211667	27.64933	0.177161	0.532283	1.02781	2.26275	7.463805
9790	-6182.381	-6210.608	28.22691	1.331555	33.1946	0.19809	0.557886	1.03878	2.20524	7.253543
9800	-6154.596	-6192.501	37.90509	1.261318	29.29147	0.185989	0.543321	1.03268	2.23801	6.981077
9810	-6147.057	-6180.25	33.19281	1.26015	29.41427	0.185784	0.543069	1.03257	2.23858	7.142449
9820	-6147.572	-6181.154	33.58111	1.249247	32.93739	0.183864	0.540697	1.03154	2.2439	7.097471
9830	-6179.977	-6194.031	14.05411	1.617474	26.06166	0.242913	0.60701	1.05664	2.09344	7.804451
9840	-6194.508	-6186.3	-8.208187	1.194539	26.17187	0.174062	0.528321	1.02601	2.27161	8.656674
9850	-6149.468	-6172.326	22.85857	1.355554	27.81855	0.202122	0.562604	1.04068	2.1946	7.496012
9860	-6157.965	-6182.939	24.97432	1.143914	30.99202	0.164742	0.516111	1.02028	2.29887	7.403053
9870	-6127.872	-6173.434	45.56145	1.095121	30.03517	0.155533	0.503588	1.01413	2.32675	6.731169
9880	-6123.147	-6172.361	49.21412	1.223206	33.9227	0.179233	0.534906	1.02898	2.25688	6.61496
9890	-6124.393	-6178.767	54.37442	1.168207	33.27867	0.169244	0.522065	1.02311	2.28558	6.465645
9900	-6111.007	-6174.539	63.53145	1.121915	34.68287	0.160617	0.510561	1.01759	2.31123	6.19272
9910	-6111.88	-6166.7	54.81984	0.8962793	36.24145	0.115823	0.443192	0.980437	2.46055	6.423802
9920	-6127.318	-6172.307	44.98907	1.032882	32.67596	0.143468	0.486417	1.00524	2.36487	6.753323
9930	-6115.193	-6175.746	60.55354	1.562907	31.90445	0.234879	0.598703	1.05391	2.11251	6.269606
9940	-6136.633	-6187.151	50.51784	0.8300201	33.44958	0.101929	0.418945	0.964938	2.51419	6.580421
9950	-6132.032	-6166.256	34.22377	1.444573	31.1391	0.216632	0.579063	1.04699	2.15731	7.103403
9960	-6164.281	-6192.831	28.5505	1.385125	27.0823	0.207019	0.568247	1.0429	2.18184	7.278161
9970	-6163.749	-6180.809	17.06013	1.396522	27.14646	0.208886	0.570375	1.04372	2.17702	7.702849
9980	-6185.04	-6184.939	-0.1006937	1.597154	26.44906	0.239948	0.603967	1.05565	2.10043	8.344557
9990	-6206.455	-6202.793	-3.662169	1.781983	25.66327	0.265784	0.629629	1.06344	2.04115	8.48759
10000	-6198.238	-6191.189	-7.048375	1.332242	24.69005	0.198206	0.558023	1.03884	2.20493	8.624264
