Iteration	Posterior	Likelihood	Prior	alpha_morpho	br_len_lambda	rates_morpho[1]	rates_morpho[2]	rates_morpho[3]	rates_morpho[4]	tree_length
0	-6208.036	-6230.201	22.16513	1.626415	27.58354	0.244207	0.60833	1.05706	2.09041	7.519363
10	-6219.06	-6224.676	5.615925	1.632144	24.91404	0.245033	0.60917	1.05732	2.08847	8.115996
20	-6207.869	-6218.203	10.3334	1.288274	28.37415	0.190687	0.54905	1.03512	2.22514	7.939376
30	-6193.27	-6217.613	24.34261	1.306563	29.02193	0.193836	0.552837	1.03671	2.21662	7.445329
40	-6191.958	-6210.762	18.80468	1.564297	30.31986	0.235086	0.59892	1.05398	2.11201	7.616713
50	-6197.84	-6210.566	12.72524	0.9515011	30.31986	0.127178	0.461673	0.991475	2.41967	7.817223
60	-6191.186	-6199.887	8.701485	1.629108	26.56985	0.244596	0.608725	1.05718	2.0895	8.011984
70	-6183.801	-6206.476	22.67489	1.276448	27.10002	0.188634	0.546558	1.03407	2.23074	7.495368
80	-6186.797	-6212.36	25.56328	1.731355	30.03747	0.258953	0.623025	1.06154	2.05648	7.396971
90	-6191.275	-6212.05	20.77563	1.608219	25.70584	0.241566	0.605632	1.05619	2.09661	7.536652
100	-6191.031	-6219.502	28.4708	1.360415	27.40165	0.202932	0.563544	1.04105	2.19247	7.287607
110	-6192.131	-6213.281	21.15016	1.213257	30.40429	0.177447	0.532646	1.02797	2.26194	7.537893
120	-6192.097	-6204.82	12.72254	1.71067	31.88719	0.25611	0.620239	1.06072	2.06293	7.769397
130	-6183.239	-6218.501	35.26198	1.781013	29.71436	0.265655	0.629505	1.0634	2.04144	7.073472
140	-6164.791	-6202.075	37.28317	0.9889814	33.88139	0.13475	0.473415	0.99815	2.39369	6.967532
150	-6179.204	-6218.591	39.38648	1.423887	28.46725	0.213322	0.575377	1.04562	2.16568	6.917379
160	-6181.537	-6204.593	23.05592	1.567637	29.71437	0.235584	0.599441	1.05416	2.11082	7.484252
170	-6190.872	-6190.102	-0.7692724	1.412211	23.27541	0.211437	0.57326	1.04482	2.17048	8.335652
180	-6193.245	-6196.323	3.078207	1.657024	24.3395	0.248592	0.612765	1.05845	2.08019	8.206635
190	-6165.112	-6184.323	19.21022	1.348819	26.65375	0.200995	0.561292	1.04016	2.19756	7.61777
200	-6181.873	-6204.181	22.30725	1.310196	29.00482	0.194458	0.553579	1.03702	2.21495	7.51556
210	-6161.331	-6188.91	27.57875	1.833835	31.17207	0.272599	0.636095	1.06522	2.02609	7.316285
220	-6187.595	-6212.333	24.73809	1.621758	28.1469	0.243534	0.607644	1.05684	2.09198	7.430757
230	-6179.085	-6212.811	33.7265	2.128453	30.77522	0.308141	0.668013	1.07289	1.95095	7.122269
240	-6160.503	-6192.165	31.66138	1.142117	31.41876	0.164407	0.515664	1.02007	2.29986	7.182272
250	-6180.866	-6207.505	26.63868	1.200754	31.11644	0.17519	0.529768	1.02667	2.26838	7.347363
260	-6169.623	-6189.866	20.24282	1.515656	27.41201	0.227731	0.591142	1.05133	2.1298	7.587957
270	-6168.273	-6201.58	33.30653	1.631121	30.17153	0.244886	0.60902	1.05728	2.08882	7.138898
280	-6177.519	-6195.615	18.09565	1.379904	29.1111	0.20616	0.567264	1.04251	2.18406	7.65958
290	-6190.024	-6213.892	23.86758	1.101199	28.07007	0.156692	0.505191	1.01493	2.32318	7.461329
300	-6159.037	-6180.518	21.48096	1.204272	30.66264	0.175826	0.530582	1.02704	2.26655	7.522341
310	-6173.555	-6202.366	28.81137	1.934499	28.77515	0.285328	0.647863	1.06826	1.99855	7.290605
320	-6175.753	-6200.842	25.08936	1.424647	28.63363	0.213444	0.575514	1.04567	2.16537	7.419906
330	-6201.187	-6219.156	17.9685	1.692836	27.01589	0.253634	0.617796	1.05999	2.06858	7.668336
340	-6175.282	-6200.873	25.59123	1.602013	31.47903	0.24066	0.6047	1.05589	2.09875	7.374302
350	-6165.136	-6199.773	34.6371	1.31625	31.85518	0.195491	0.554811	1.03752	2.21217	7.082558
360	-6169.672	-6193.881	24.209	1.527789	33.09087	0.229583	0.593117	1.05201	2.12529	7.377615
370	-6181.669	-6199.8	18.1307	1.105232	27.28267	0.157459	0.506247	1.01546	2.32083	7.66433
380	-6195.873	-6209.2	13.32736	1.8529	26.95017	0.27506	0.638401	1.06583	2.02071	7.839944
390	-6193.977	-6207.848	13.87142	1.522713	24.91822	0.22881	0.592294	1.05173	2.12717	7.784772
400	-6157.258	-6180.244	22.98605	1.247807	28.94657	0.18361	0.540381	1.0314	2.24461	7.492426
410	-6174.341	-6193.32	18.97911	1.392652	25.03002	0.208253	0.569655	1.04344	2.17865	7.584213
420	-6199.192	-6216.627	17.43511	1.362581	26.88667	0.203292	0.563961	1.04122	2.19153	7.686937
430	-6194.835	-6206.675	11.83979	1.398255	29.34563	0.209168	0.570696	1.04384	2.17629	7.869827
440	-6170.313	-6183.224	12.91036	1.607134	28.7797	0.241408	0.605469	1.05614	2.09698	7.843131
450	-6184.747	-6194.989	10.24156	1.555566	28.59058	0.23378	0.597552	1.05352	2.11514	7.939179
460	-6181.981	-6206.716	24.73525	1.291464	27.9544	0.191238	0.549716	1.0354	2.22364	7.429642
470	-6179.433	-6205.425	25.99194	1.849177	27.45997	0.274581	0.637953	1.06571	2.02175	7.378933
480	-6165.414	-6210.73	45.31566	1.255745	29.84751	0.18501	0.542114	1.03216	2.24072	6.736995
490	-6146.984	-6201.551	54.56719	0.9639396	32.3727	0.129704	0.465638	0.993758	2.4109	6.459512
500	-6180.064	-6206.678	26.61323	1.177386	29.35021	0.170931	0.524269	1.02414	2.28066	7.366381
510	-6163.283	-6192.996	29.71259	1.598752	30.37467	0.240182	0.604209	1.05573	2.09988	7.256518
520	-6164.2	-6195.933	31.73243	1.323907	29.13393	0.196794	0.556356	1.03816	2.20869	7.191242
530	-6152.597	-6186.527	33.92962	1.374605	27.79763	0.205285	0.56626	1.04212	2.18633	7.097604
540	-6172.035	-6193.127	21.09148	1.39699	26.45293	0.208962	0.570461	1.04375	2.17682	7.54339
550	-6173.822	-6206.56	32.73784	1.513714	29.05619	0.227433	0.590823	1.05122	2.13053	7.156276
560	-6170.122	-6208.204	38.08175	1.381201	30.51155	0.206373	0.567509	1.04261	2.18351	6.981044
570	-6197.633	-6225.614	27.98066	1.32337	31.07912	0.196703	0.556248	1.03811	2.20894	7.30479
580	-6182.878	-6208.598	25.71937	1.969645	28.1775	0.289624	0.651746	1.06921	1.98942	7.39609
590	-6183.011	-6196.628	13.61651	1.279272	25.15277	0.189125	0.547156	1.03432	2.2294	7.80202
600	-6189.001	-6203.72	14.71886	1.809428	28.02435	0.269414	0.633087	1.0644	2.0331	7.787546
610	-6176.036	-6189.718	13.68203	1.778886	29.48394	0.265371	0.629233	1.06333	2.04207	7.804414
620	-6204.889	-6209.929	5.039492	1.035654	27.63124	0.144013	0.487212	1.00567	2.36311	8.139524
630	-6196.681	-6205.013	8.331839	2.165641	29.47496	0.312277	0.671546	1.07363	1.94255	7.986106
640	-6198.553	-6209.79	11.23601	1.378914	25.40577	0.205997	0.567077	1.04244	2.18448	7.902305
650	-6179.655	-6211.954	32.29884	1.139673	28.31784	0.16395	0.515053	1.01977	2.30122	7.164523
660	-6184.11	-6213.57	29.45984	2.030803	29.73685	0.296924	0.65825	1.07074	1.97408	7.268659
670	-6173.712	-6195.985	22.27297	1.508478	26.66187	0.226629	0.589961	1.05092	2.13249	7.503018
680	-6174.788	-6197.424	22.63636	1.350312	27.89142	0.201245	0.561584	1.04027	2.1969	7.504413
690	-6160.608	-6192.581	31.97267	1.205652	29.49082	0.176076	0.530901	1.02718	2.26584	7.184064
700	-6158.113	-6190.223	32.1109	1.593664	28.90697	0.239436	0.603439	1.05548	2.10165	7.17693
710	-6189.7	-6205.125	15.42514	1.658446	26.0385	0.248794	0.612968	1.05851	2.07972	7.751439
720	-6200.417	-6212.057	11.63947	1.587725	24.24856	0.238561	0.602536	1.05518	2.10372	7.851292
730	-6195.145	-6199.181	4.036611	2.449483	26.93102	0.341614	0.695633	1.07803	1.88472	8.184864
740	-6178.19	-6197.226	19.03554	1.554241	28.50588	0.233581	0.597343	1.05345	2.11562	7.632072
750	-6177.411	-6210.45	33.03874	1.789661	28.61158	0.266805	0.630605	1.06371	2.03888	7.142044
760	-6186.208	-6200.7	14.49229	1.289378	29.78788	0.190878	0.54928	1.03522	2.22462	7.770942
770	-6183.087	-6181.424	-1.662972	1.572165	22.18667	0.236258	0.600144	1.05439	2.10921	8.321925
780	-6192.486	-6185.403	-7.082857	1.449717	23.69744	0.217449	0.579967	1.04733	2.15526	8.61613
790	-6213.404	-6209.946	-3.457503	1.514882	24.2568	0.227612	0.591015	1.05128	2.13009	8.474006
800	-6196.488	-6196.263	-0.2246188	1.416012	26.91891	0.212052	0.573952	1.04508	2.16891	8.343275
810	-6173.016	-6201.636	28.62023	1.13806	30.06326	0.163649	0.51465	1.01958	2.30212	7.295022
820	-6191.511	-6219.576	28.06458	1.311658	31.26067	0.194708	0.553878	1.03714	2.21428	7.299325
830	-6176.536	-6198.396	21.86053	1.560139	28.87919	0.234465	0.59827	1.05377	2.1135	7.531675
840	-6181.822	-6200.888	19.06601	1.584635	26.89419	0.238106	0.602063	1.05503	2.1048	7.626368
850	-6211.935	-6217.066	5.130982	1.444492	26.27221	0.216619	0.579049	1.04699	2.15734	8.147016
860	-6191.579	-6195.746	4.166534	1.051478	28.77753	0.147109	0.491696	1.00803	2.35316	8.147006
870	-6176.912	-6179.743	2.83101	1.417079	26.08076	0.212224	0.574146	1.04516	2.16847	8.235061
880	-6183.106	-6196.769	13.66267	1.354231	29.36998	0.201901	0.562347	1.04058	2.19518	7.807255
890	-6179.285	-6200.015	20.7293	1.737843	25.73595	0.259838	0.623888	1.0618	2.05448	7.539362
900	-6154.442	-6184.759	30.31739	1.795727	28.54172	0.267608	0.631371	1.06392	2.0371	7.236603
910	-6198.495	-6219.791	21.29611	1.54373	31.12448	0.231999	0.595677	1.05289	2.11943	7.518883
920	-6154.974	-6196.987	42.01285	1.267244	31.95381	0.187028	0.544596	1.03323	2.23515	6.850441
930	-6158.027	-6186.767	28.74025	1.767296	27.00784	0.263821	0.627743	1.0629	2.04553	7.269427
940	-6137.924	-6186.518	48.59412	1.267298	31.75782	0.187037	0.544607	1.03323	2.23512	6.644292
950	-6158.444	-6179.29	20.84652	1.640932	29.05494	0.246296	0.610449	1.05773	2.08553	7.565538
960	-6143.873	-6196.47	52.59791	1.079861	32.34743	0.152607	0.499507	1.01207	2.33582	6.520306
970	-6138.409	-6189.164	50.75492	1.293348	31.28256	0.191563	0.550108	1.03557	2.22276	6.573642
980	-6157.937	-6207.193	49.25603	0.6361878	29.73907	0.0606473	0.3318	0.898715	2.70884	6.602989
990	-6146.104	-6180.407	34.30323	1.531213	30.44381	0.230104	0.593671	1.0522	2.12402	7.105149
1000	-6167.126	-6183.463	16.33665	1.286885	27.06741	0.190446	0.548759	1.035	2.22579	7.729063
1010	-6192.611	-6190.821	-1.789822	1.980011	25.43747	0.290877	0.652871	1.06948	1.98677	8.415016
1020	-6182.765	-6195.664	12.89842	1.489495	26.08433	0.223695	0.586798	1.0498	2.13971	7.8491
1030	-6191.859	-6191.177	-0.6824908	1.443686	23.32475	0.216491	0.578906	1.04694	2.15767	8.333758
1040	-6160.587	-6187.385	26.79847	1.403651	29.49184	0.210048	0.571692	1.04422	2.17404	7.359511
1050	-6193.44	-6198.68	5.239601	1.477568	29.81328	0.221836	0.584779	1.04908	2.14431	8.080766
1060	-6195.387	-6196.406	1.018837	1.215569	26.20529	0.177863	0.533174	1.02821	2.26075	8.303938
1070	-6188.003	-6201.36	13.35744	1.494225	27.17955	0.224429	0.587592	1.05008	2.1379	7.839274
1080	-6198.733	-6191.438	-7.295082	1.518024	24.30477	0.228093	0.591529	1.05146	2.12891	8.632582
1090	-6164.073	-6174.699	10.62613	1.435161	28.21392	0.21513	0.577396	1.04638	2.1611	7.931268
1100	-6174.005	-6183.134	9.129507	1.582889	29.47241	0.237848	0.601796	1.05494	2.10542	7.959106
1110	-6196.298	-6203.404	7.105725	1.554804	24.62626	0.233666	0.597431	1.05348	2.11542	8.04936
1120	-6191.719	-6199.629	7.909707	1.609896	25.76711	0.241811	0.605882	1.05627	2.09603	8.037805
1130	-6187.418	-6205.219	17.80146	1.467327	31.8845	0.220231	0.583026	1.04844	2.1483	7.610199
1140	-6172.693	-6200.349	27.65618	1.532102	32.08832	0.230239	0.593814	1.05225	2.12369	7.296967
1150	-6151.991	-6181.494	29.50298	1.511111	30.00965	0.227034	0.590395	1.05107	2.1315	7.265971
1160	-6157.77	-6193.53	35.75989	1.021651	32.25464	0.141253	0.483164	1.0035	2.37209	7.042169
1170	-6179.314	-6195.973	16.65815	1.129409	25.85681	0.162028	0.512469	1.01852	2.30698	7.700319
1180	-6184.717	-6187.565	2.847919	1.69922	26.8924	0.254523	0.618675	1.06026	2.06655	8.22942
1190	-6192.495	-6190.045	-2.449751	1.229391	26.04715	0.180339	0.536298	1.0296	2.25376	8.437842
1200	-6165.846	-6189.686	23.83975	1.150491	34.87819	0.165966	0.517741	1.02106	2.29523	7.330192
1210	-6165.091	-6183	17.90874	1.176469	29.50555	0.170763	0.52405	1.02403	2.28115	7.660739
1220	-6159.273	-6190.054	30.78154	1.280518	27.96759	0.189342	0.54742	1.03443	2.2288	7.213549
1230	-6140.514	-6190.299	49.78485	1.32505	30.22062	0.196988	0.556585	1.03825	2.20817	6.59349
1240	-6166.33	-6199.373	33.04232	1.251489	31.36321	0.18426	0.541187	1.03175	2.2428	7.13896
1250	-6146.266	-6178.033	31.76638	1.306466	29.0332	0.193819	0.552817	1.0367	2.21666	7.189591
1260	-6179.188	-6193.248	14.05973	1.378869	28.90728	0.205989	0.567069	1.04244	2.1845	7.801383
1270	-6163.563	-6199.913	36.3493	1.345108	30.68273	0.200373	0.560566	1.03986	2.1992	7.037377
1280	-6166.455	-6194.993	28.53863	2.075566	27.71897	0.302131	0.662816	1.07177	1.96328	7.290411
1290	-6153.713	-6191.995	38.28272	1.497481	30.3452	0.224933	0.588137	1.05027	2.13666	6.974333
1300	-6166.199	-6198.987	32.78799	1.074798	32.99219	0.151632	0.498135	1.01137	2.33887	7.120424
1310	-6177.243	-6185.487	8.243863	1.487783	21.26925	0.223429	0.58651	1.0497	2.14036	7.788908
1320	-6199.717	-6196.323	-3.393796	2.050105	25.07855	0.299183	0.660238	1.07119	1.96938	8.478177
1330	-6190.082	-6194.897	4.815584	1.642595	24.87327	0.246534	0.61069	1.0578	2.08497	8.147384
1340	-6173.588	-6201.375	27.7873	1.441515	30.42076	0.216145	0.578523	1.04679	2.15854	7.319425
1350	-6155.887	-6172.304	16.41678	1.203493	26.72861	0.175685	0.530402	1.02696	2.26696	7.723366
1360	-6193.585	-6205.527	11.9423	1.070392	25.94252	0.150781	0.496933	1.01075	2.34154	7.883934
1370	-6156.415	-6189.016	32.60122	1.330927	28.70067	0.197984	0.557761	1.03873	2.20552	7.15822
1380	-6152.153	-6179.374	27.22135	1.200606	30.08377	0.175163	0.529733	1.02665	2.26845	7.341376
1390	-6150.657	-6172.659	22.00202	1.516889	28.36411	0.22792	0.591344	1.0514	2.12934	7.528138
1400	-6143.336	-6183.031	39.69462	1.130842	29.16534	0.162297	0.512832	1.0187	2.30617	6.918371
1410	-6141.644	-6188.171	46.52752	1.104142	31.65632	0.157252	0.505962	1.01532	2.32147	6.709374
1420	-6129.424	-6180.98	51.55611	1.244921	32.72789	0.183099	0.539747	1.03113	2.24603	6.55226
1430	-6143.457	-6166.587	23.12911	1.533354	29.05	0.230429	0.594016	1.05232	2.12323	7.487002
1440	-6165.938	-6196.891	30.953	1.104883	30.68395	0.157393	0.506156	1.01542	2.32104	7.21324
1450	-6152.162	-6174.178	22.01686	1.169177	29.35175	0.169423	0.522299	1.02322	2.28506	7.522972
1460	-6175.537	-6177.558	2.021278	1.76826	24.19774	0.26395	0.627868	1.06294	2.04524	8.246697
1470	-6202.152	-6197.764	-4.38725	1.433262	27.91946	0.214826	0.577057	1.04625	2.16187	8.47247
1480	-6176.579	-6166.527	-10.05242	1.666298	25.68885	0.249907	0.614084	1.05886	2.07715	8.736188
1490	-6134.97	-6162.644	27.67369	1.316451	28.92112	0.195526	0.554851	1.03754	2.21208	7.330451
1500	-6151.481	-6186.667	35.186	1.164472	30.83748	0.168556	0.521162	1.02268	2.2876	7.074509
1510	-6167.677	-6200.327	32.64921	1.233773	34.75173	0.18112	0.537278	1.03004	2.25156	7.081206
1520	-6145.017	-6173.476	28.45867	1.401963	30.51688	0.209773	0.571381	1.0441	2.17474	7.29638
1530	-6148.655	-6184.756	36.10105	1.339316	27.09746	0.199399	0.559425	1.0394	2.20177	6.999855
1540	-6186.064	-6200.969	14.90515	1.226688	27.60951	0.179856	0.535691	1.02933	2.25512	7.782519
1550	-6171.379	-6196.904	25.52539	1.266045	26.94672	0.186818	0.544338	1.03312	2.23573	7.38726
1560	-6151.067	-6181.095	30.0275	1.110447	29.5292	0.158449	0.507606	1.01614	2.31781	7.249986
1570	-6174.373	-6193.116	18.74227	1.25013	28.64072	0.18402	0.54089	1.03162	2.24347	7.641523
1580	-6145.395	-6189.689	44.294	1.193296	32.59307	0.173836	0.52803	1.02587	2.27226	6.775266
1590	-6174.624	-6197.883	23.2589	1.137255	29.72393	0.163498	0.514448	1.01948	2.30257	7.477322
1600	-6155.951	-6184.713	28.76226	1.099691	28.86984	0.156405	0.504794	1.01474	2.32407	7.292659
1610	-6171.508	-6197.306	25.79861	1.152048	28.40718	0.166256	0.518125	1.02124	2.29438	7.394469
1620	-6134.896	-6171.221	36.32517	1.199297	26.621	0.174926	0.529429	1.02651	2.26913	6.974362
1630	-6160.158	-6180.854	20.696	1.885029	28.35157	0.279153	0.642203	1.06683	2.01182	7.574205
1640	-6135.278	-6169.686	34.40807	1.676905	30.01871	0.251403	0.615578	1.05932	2.0737	7.102518
1650	-6159.897	-6178.07	18.1732	1.58818	28.78204	0.238628	0.602605	1.05521	2.10356	7.660245
1660	-6165.542	-6184.112	18.57041	1.258347	27.11606	0.185468	0.542678	1.0324	2.23945	7.646963
1670	-6143.718	-6175.144	31.42566	1.629531	27.89685	0.244657	0.608787	1.0572	2.08935	7.189377
1680	-6169.567	-6170.824	1.256413	1.780871	27.40923	0.265636	0.629487	1.0634	2.04148	8.280638
1690	-6169.307	-6186.326	17.01877	1.247918	26.51839	0.183629	0.540405	1.03141	2.24455	7.698267
1700	-6181.106	-6198.989	17.88275	1.377281	25.6276	0.205727	0.566768	1.04232	2.18518	7.647104
1710	-6190.872	-6191.178	0.3057783	1.677551	23.72806	0.251494	0.615669	1.05935	2.07349	8.305284
1720	-6202.164	-6199.396	-2.767522	1.303373	24.26683	0.193289	0.552182	1.03644	2.21809	8.445719
1730	-6146.761	-6175.006	28.24466	1.82662	30.76813	0.271662	0.635212	1.06498	2.02815	7.300482
1740	-6147.943	-6183.487	35.54472	1.364165	33.24497	0.203556	0.564266	1.04134	2.19084	7.032121
1750	-6127.492	-6171.076	43.5839	1.314146	34.34035	0.195133	0.554384	1.03735	2.21314	6.774067
1760	-6169.499	-6177.48	7.98055	1.76058	28.29927	0.262918	0.626873	1.06266	2.04755	8.023605
1770	-6159.95	-6183.449	23.49821	1.203218	30.26791	0.175636	0.530338	1.02693	2.2671	7.462655
1780	-6181.428	-6206.441	25.01265	1.320319	26.1022	0.196184	0.555633	1.03786	2.21032	7.385228
1790	-6166.122	-6184.827	18.70474	1.538548	28.61185	0.231216	0.59485	1.05261	2.12133	7.643028
1800	-6158.918	-6184.605	25.68774	1.179965	26.81677	0.171404	0.524884	1.02442	2.27929	7.378495
1810	-6172.315	-6205.994	33.6794	1.433641	27.71545	0.214887	0.577125	1.04627	2.16171	7.104875
1820	-6146.006	-6184.291	38.28496	1.373152	30.32569	0.205045	0.565984	1.04201	2.18696	6.97423
1830	-6150.35	-6174.468	24.11722	1.552167	27.39605	0.23327	0.597015	1.05334	2.11637	7.446416
1840	-6179.829	-6187.199	7.369797	1.85757	25.3092	0.275659	0.63896	1.06598	2.0194	8.053025
1850	-6173.523	-6185.476	11.95302	1.526873	26.29285	0.229444	0.592969	1.05196	2.12562	7.887541
1860	-6136.732	-6176.35	39.61759	1.048966	29.34557	0.146619	0.490991	1.00766	2.35473	6.923253
1870	-6130.518	-6188.622	58.10384	1.046512	34.79812	0.14614	0.490299	1.0073	2.35626	6.3484
1880	-6124.863	-6187.535	62.67228	0.7033116	33.25038	0.0748958	0.365089	0.926089	2.63393	6.216158
1890	-6121.883	-6201.248	79.36495	0.9899915	35.10353	0.134953	0.473723	0.998322	2.393	5.740275
1900	-6129.484	-6194.657	65.17276	1.112768	37.12755	0.158889	0.508207	1.01643	2.31647	6.129354
1910	-6155.793	-6184.793	29.00025	1.409671	30.51548	0.211025	0.572796	1.04465	2.17153	7.278647
1920	-6160.04	-6174.99	14.9499	1.262342	29.75513	0.186169	0.543542	1.03277	2.23751	7.756239
1930	-6159.823	-6175.842	16.01943	1.25521	28.10723	0.184916	0.541998	1.03211	2.24098	7.74073
1940	-6185.999	-6198.431	12.43128	1.403128	26.46574	0.209962	0.571596	1.04419	2.17425	7.870871
1950	-6149.618	-6175.377	25.75893	1.196555	26.99439	0.174428	0.528791	1.02622	2.27056	7.37955
1960	-6162.178	-6185.831	23.65307	1.615427	33.16734	0.242615	0.606706	1.05654	2.09414	7.392146
1970	-6142.471	-6187.771	45.30006	1.446927	31.27678	0.217006	0.579477	1.04715	2.15637	6.748006
1980	-6165.362	-6182.64	17.27829	1.449018	24.52861	0.217338	0.579844	1.04728	2.15554	7.632005
1990	-6129.2	-6157.692	28.49206	1.447703	28.85546	0.21713	0.579614	1.0472	2.15606	7.301975
2000	-6159.882	-6182.098	22.21614	1.294133	29.75721	0.191699	0.550272	1.03564	2.22239	7.512013
2010	-6170.481	-6192.215	21.73383	1.836821	27.59909	0.272986	0.636458	1.06531	2.02524	7.535113
2020	-6184.867	-6191.277	6.41012	1.329949	31.36419	0.197818	0.557566	1.03865	2.20596	7.988077
2030	-6152.459	-6162.749	10.2896	1.26439	24.41588	0.186528	0.543983	1.03296	2.23652	7.913083
2040	-6191.087	-6196.784	5.697028	2.020716	27.49531	0.295735	0.657199	1.0705	1.97657	8.117558
2050	-6154.543	-6181.489	26.94661	1.375086	28.64282	0.205365	0.566352	1.04216	2.18612	7.355073
2060	-6161.472	-6185.478	24.00645	1.109615	28.34567	0.158291	0.507389	1.01603	2.31829	7.457427
2070	-6163.653	-6180.604	16.95092	1.074642	33.40854	0.151602	0.498092	1.01134	2.33896	7.585443
2080	-6174.823	-6205.305	30.48214	1.187508	31.25149	0.172782	0.52667	1.02525	2.2753	7.222111
2090	-6131.694	-6173.836	42.14167	1.189373	31.78363	0.173122	0.527109	1.02545	2.27432	6.847344
2100	-6136.461	-6177.961	41.50005	1.571488	30.01556	0.236157	0.600039	1.05436	2.10945	6.866242
2110	-6130.45	-6176.615	46.16536	1.326592	28.13133	0.19725	0.556895	1.03838	2.20748	6.668986
2120	-6134.42	-6181.508	47.08792	1.152716	32.27134	0.16638	0.51829	1.02132	2.29401	6.69091
2130	-6144.281	-6173.144	28.86249	1.251614	31.51041	0.184282	0.541214	1.03177	2.24274	7.269869
2140	-6143.709	-6185.808	42.09869	1.218446	31.6488	0.17838	0.533828	1.0285	2.25929	6.849308
2150	-6153	-6178.02	25.01972	1.244762	25.91279	0.183071	0.539712	1.03111	2.24611	7.378848
2160	-6166.183	-6195.464	29.28148	1.962676	29.98185	0.288778	0.650985	1.06903	1.99121	7.273511
2170	-6164.314	-6186.339	22.02509	1.533759	32.65923	0.230491	0.594081	1.05234	2.12308	7.45659
2180	-6145.316	-6186.538	41.22117	1.012354	37.25688	0.139412	0.480434	1.00202	2.37814	6.7707
2190	-6153.181	-6172.855	19.67383	1.450448	27.79013	0.217565	0.580095	1.04737	2.15497	7.610427
2200	-6212.212	-6210.987	-1.224386	1.564353	23.56343	0.235095	0.598929	1.05399	2.11199	8.364936
2210	-6190.818	-6202.9	12.08142	1.562921	28.5624	0.234881	0.598705	1.05391	2.1125	7.875233
2220	-6186.093	-6190.291	4.197657	1.629114	26.23337	0.244596	0.608726	1.05718	2.08949	8.182602
2230	-6201.723	-6199.939	-1.78395	1.847968	23.44399	0.274425	0.637808	1.06567	2.02209	8.384969
2240	-6206.581	-6211.909	5.328006	1.49069	24.99624	0.223881	0.586999	1.04987	2.13925	8.129026
2250	-6177.452	-6196.656	19.20423	1.431897	28.28086	0.214608	0.576814	1.04616	2.16242	7.627054
2260	-6191.434	-6189.144	-2.290209	1.25514	23.43524	0.184903	0.541982	1.0321	2.24101	8.406289
2270	-6175.289	-6188.08	12.7906	1.449603	24.87309	0.217431	0.579947	1.04732	2.1553	7.826752
2280	-6189.981	-6193.11	3.128877	1.427102	30.34607	0.213838	0.575955	1.04584	2.16437	8.132765
2290	-6184.747	-6197.639	12.89173	1.371493	28.19579	0.204771	0.565668	1.04189	2.18767	7.851151
2300	-6197.608	-6196.966	-0.6425236	1.745935	29.06218	0.260939	0.624957	1.06211	2.052	8.304897
2310	-6193.582	-6185.775	-7.807243	1.863632	24.06116	0.276434	0.639682	1.06617	2.01771	8.651605
2320	-6204.031	-6211.588	7.557135	1.916218	30.73771	0.283064	0.645798	1.06774	2.00339	7.973892
2330	-6144.146	-6179.502	35.35582	0.9387023	28.62406	0.124567	0.457519	0.989051	2.42886	7.06123
2340	-6148.337	-6189.267	40.9302	1.583649	26.72922	0.23796	0.601913	1.05498	2.10515	6.80627
2350	-6127.876	-6172.641	44.76449	1.071273	33.27169	0.150952	0.497174	1.01087	2.341	6.754495
2360	-6142.558	-6184.596	42.03809	1.158666	35.71954	0.167483	0.519748	1.02201	2.29076	6.789486
2370	-6160.184	-6202.6	42.41539	1.167577	31.43165	0.169128	0.521913	1.02303	2.28592	6.839963
2380	-6132.141	-6178.006	45.86534	1.217312	33.06143	0.178176	0.533571	1.02839	2.25987	6.723433
2390	-6162.362	-6190.848	28.48599	1.34665	26.11359	0.200632	0.560868	1.03999	2.19851	7.252569
2400	-6147.46	-6200.509	53.04905	1.208377	33.53421	0.176568	0.531528	1.02747	2.26444	6.50433
2410	-6144.14	-6184.857	40.71698	1.261112	32.05154	0.185953	0.543276	1.03266	2.23811	6.89024
2420	-6152.856	-6194.246	41.38996	1.268557	27.27758	0.187257	0.544877	1.03335	2.23452	6.811611
2430	-6153.734	-6190.175	36.44111	1.444307	29.79161	0.21659	0.579016	1.04698	2.15742	7.034119
2440	-6155.596	-6191.486	35.89037	1.327728	28.51743	0.197442	0.557122	1.03847	2.20697	7.040975
2450	-6119.367	-6180.999	61.63252	1.101429	29.88985	0.156736	0.505251	1.01496	2.32305	6.191655
2460	-6171.912	-6207.255	35.34314	0.9306903	29.35424	0.122926	0.45488	0.987494	2.4347	7.068969
2470	-6127.797	-6180.047	52.24989	1.408347	32.74063	0.210811	0.572554	1.04455	2.17208	6.531046
2480	-6176.409	-6183.953	7.543494	1.455897	28.12638	0.218428	0.581047	1.04772	2.1528	8.041979
2490	-6171.55	-6196.736	25.18614	1.416747	28.60217	0.21217	0.574086	1.04513	2.16861	7.416486
2500	-6173.142	-6197.797	24.65483	1.291665	29.58746	0.191273	0.549758	1.03542	2.22355	7.431491
2510	-6190.128	-6209.809	19.68133	1.045147	30.95781	0.145873	0.489913	1.0071	2.35712	7.574616
2520	-6151.882	-6179.285	27.403	1.319391	30.63732	0.196026	0.555446	1.03779	2.21074	7.329523
2530	-6143.829	-6186.127	42.2982	0.8874024	31.26364	0.113977	0.44008	0.978513	2.46743	6.844001
2540	-6126.758	-6189.419	62.66054	0.9708633	32.37844	0.131104	0.467815	0.994999	2.40608	6.20957
2550	-6147.674	-6189.908	42.23397	1.405627	33.74177	0.210369	0.572055	1.04436	2.17321	6.823663
2560	-6150.94	-6189.816	38.876	0.9977626	27.90884	0.136507	0.476078	0.999628	2.38779	6.922621
2570	-6130.593	-6187.758	57.16486	1.528204	32.12099	0.229647	0.593185	1.05204	2.12513	6.377607
2580	-6145.813	-6186.313	40.49952	0.8425261	28.8444	0.10457	0.423708	0.968076	2.50365	6.885658
2590	-6158.381	-6172.237	13.85684	1.245191	27.45615	0.183147	0.539806	1.03115	2.2459	7.820859
2600	-6175.4	-6183.856	8.456181	1.376807	27.37541	0.205649	0.566678	1.04229	2.18539	8.018237
2610	-6159.337	-6191.979	32.64229	1.179737	30.38335	0.171362	0.524829	1.0244	2.27941	7.160023
2620	-6178.376	-6202.654	24.27822	1.717562	28.20606	0.257061	0.621173	1.061	2.06077	7.447358
2630	-6142.927	-6175.642	32.71514	1.334963	29.83545	0.198665	0.558564	1.03906	2.20371	7.159167
2640	-6150.57	-6196.628	46.05784	1.196104	31.05081	0.174346	0.528686	1.02617	2.27079	6.723024
2650	-6150.562	-6177.494	26.93199	1.4691	26.60756	0.220509	0.583331	1.04855	2.14761	7.326857
2660	-6153.747	-6178.667	24.91966	1.471509	29.31947	0.220888	0.583744	1.0487	2.14666	7.42425
2670	-6169.595	-6182.042	12.44686	1.528202	25.46722	0.229646	0.593184	1.05204	2.12513	7.855984
2680	-6177.217	-6190.649	13.43118	1.593176	28.62574	0.239364	0.603365	1.05546	2.10182	7.82716
2690	-6182.841	-6187.398	4.557412	1.441833	25.1234	0.216195	0.578579	1.04681	2.15841	8.161774
2700	-6174.383	-6185.892	11.50909	1.10775	26.37864	0.157938	0.506904	1.01579	2.31937	7.905112
2710	-6146.157	-6162.985	16.828	1.062513	28.2165	0.149256	0.494768	1.00963	2.34634	7.711438
2720	-6179.005	-6178.267	-0.7377209	1.608076	23.41468	0.241545	0.60561	1.05618	2.09666	8.339332
2730	-6164.592	-6174.082	9.490522	1.829876	27.25439	0.272085	0.635611	1.06509	2.02722	7.981176
2740	-6141.898	-6166.818	24.91975	1.665113	28.14549	0.249739	0.613916	1.05881	2.07754	7.424295
2750	-6178.499	-6186.463	7.96349	1.605674	26.32832	0.241195	0.60525	1.05607	2.09749	8.03939
2760	-6152.349	-6178.159	25.80948	1.534111	29.81782	0.230544	0.594137	1.05236	2.12295	7.390772
2770	-6155.283	-6197.931	42.64854	1.190697	29.26441	0.173363	0.52742	1.02559	2.27362	6.818711
2780	-6127.974	-6188.657	60.68324	1.209606	34.6656	0.17679	0.53181	1.02759	2.26381	6.274921
2790	-6146.181	-6184.753	38.57257	1.148426	27.21423	0.165583	0.517231	1.02082	2.29637	6.912748
2800	-6180.137	-6190.158	10.0204	1.113428	23.97601	0.159014	0.508378	1.01652	2.31609	7.907098
2810	-6154.837	-6177.227	22.38926	1.604015	29.1515	0.240953	0.605001	1.05599	2.09806	7.51182
2820	-6166.368	-6192.715	26.34683	1.289959	29.6293	0.190978	0.549402	1.03527	2.22435	7.374054
2830	-6148.416	-6184.198	35.78175	1.291035	31.16006	0.191164	0.549626	1.03537	2.22384	7.05322
2840	-6141.54	-6188.589	47.04955	1.43914	32.27376	0.215766	0.578102	1.04664	2.15949	6.69209
2850	-6147.634	-6181.746	34.11239	1.220909	30.39412	0.178822	0.534387	1.02875	2.25804	7.1116
2860	-6155.479	-6187.517	32.03795	1.551688	29.52117	0.233198	0.59694	1.05332	2.11654	7.181892
2870	-6164.77	-6215.621	50.8504	1.036345	29.50475	0.144148	0.48741	1.00577	2.36267	6.544264
2880	-6152.365	-6185.229	32.86389	1.390449	29.29669	0.207892	0.569244	1.04328	2.17958	7.153203
2890	-6165.459	-6193.99	28.53116	1.636103	30.46972	0.245603	0.609747	1.05751	2.08714	7.294488
2900	-6195.633	-6195.378	-0.2549939	1.51271	26.69543	0.227279	0.590658	1.05116	2.1309	8.347542
2910	-6173.872	-6172.476	-1.39681	1.645426	24.44084	0.246939	0.611099	1.05793	2.08403	8.392104
2920	-6167.328	-6184.68	17.35219	1.725392	28.89798	0.258137	0.622227	1.06131	2.05833	7.687586
2930	-6156.692	-6184.164	27.47253	1.635734	29.61111	0.24555	0.609694	1.05749	2.08727	7.336148
2940	-6177.971	-6194.642	16.67039	1.678	27.62577	0.251557	0.615732	1.05936	2.07335	7.718589
2950	-6149.618	-6172.103	22.48551	1.441758	27.45215	0.216183	0.578566	1.04681	2.15844	7.506548
2960	-6177.037	-6195.998	18.96187	1.576219	25.56316	0.23686	0.60077	1.0546	2.10777	7.603103
2970	-6182.789	-6198.113	15.32391	1.067017	28.52879	0.150128	0.496008	1.01027	2.34359	7.762051
2980	-6163.14	-6178.235	15.09458	1.363799	26.9366	0.203495	0.564196	1.04131	2.191	7.774293
2990	-6157.781	-6174.922	17.14136	1.201417	26.30202	0.17531	0.529921	1.02674	2.26803	7.690365
3000	-6121.352	-6166.987	45.63551	1.388548	28.91518	0.207581	0.568889	1.04315	2.18038	6.709253
3010	-6182.364	-6210.007	27.6432	1.161679	28.27564	0.16804	0.520483	1.02236	2.28912	7.328616
3020	-6184.731	-6188.824	4.093032	1.457257	25.43688	0.218643	0.581284	1.04781	2.15226	8.183743
3030	-6180.419	-6182.523	2.10393	1.465052	24.93036	0.219873	0.582634	1.0483	2.14919	8.257177
3040	-6203.75	-6193.49	-10.26042	1.985176	22.43712	0.291499	0.653428	1.06961	1.98546	8.719543
3050	-6196.667	-6179.906	-16.76144	1.500519	23.8072	0.225403	0.588643	1.05045	2.1355	9.024533
3060	-6195.439	-6183.907	-11.53209	1.328943	22.82206	0.197648	0.557365	1.03857	2.20642	8.788055
3070	-6185.719	-6188.348	2.629331	1.290169	25.59661	0.191014	0.549446	1.03529	2.22425	8.242168
3080	-6172.731	-6193.29	20.559	1.841349	26.88649	0.273572	0.637008	1.06546	2.02396	7.570747
3090	-6172.129	-6181.958	9.829451	1.829669	24.57961	0.272058	0.635586	1.06508	2.02728	7.93731
3100	-6192.833	-6194.107	1.273891	1.364465	30.18133	0.203605	0.564324	1.04136	2.19071	8.200211
3110	-6177.027	-6192.81	15.78229	1.732055	26.618	0.259049	0.623118	1.06157	2.05626	7.74601
3120	-6214.359	-6199.705	-14.65325	1.797707	25.95207	0.26787	0.63162	1.06399	2.03652	8.908861
3130	-6202.822	-6197.069	-5.752116	1.343744	21.62715	0.200144	0.560298	1.03976	2.1998	8.472827
3140	-6187.937	-6187.753	-0.1840823	1.503972	27.56508	0.225935	0.589216	1.05065	2.13419	8.329994
3150	-6196.271	-6198.69	2.418461	1.208679	28.5596	0.176622	0.531597	1.0275	2.26428	8.213616
3160	-6143.933	-6164.684	20.75093	1.790184	31.1073	0.266874	0.630671	1.06373	2.03873	7.536784
3170	-6149.586	-6172.267	22.68152	1.754208	25.93376	0.262059	0.626043	1.06242	2.04948	7.469711
3180	-6163.003	-6186.891	23.8882	1.736302	27.96232	0.259628	0.623683	1.06174	2.05495	7.459992
3190	-6154.793	-6175.766	20.97209	1.673283	27.91915	0.250893	0.61507	1.05916	2.07488	7.564165
3200	-6187.93	-6185.772	-2.158288	1.736758	25.42427	0.259691	0.623744	1.06175	2.05481	8.42951
3210	-6177.322	-6184.509	7.186817	2.04459	27.7556	0.29854	0.659673	1.07107	1.97072	8.060225
3220	-6160.094	-6184.951	24.85627	1.457977	28.51006	0.218757	0.581409	1.04786	2.15198	7.427886
3230	-6138.605	-6173.443	34.83835	1.092505	30.30039	0.155033	0.502893	1.01378	2.32829	7.087936
3240	-6170.884	-6206.966	36.08238	1.465396	27.6575	0.219927	0.582693	1.04832	2.14906	7.016724
3250	-6181.49	-6191.425	9.935182	1.219942	26.13361	0.178648	0.534168	1.02865	2.25853	7.963127
3260	-6155.802	-6183.321	27.51975	1.638331	29.40646	0.245922	0.610071	1.05761	2.0864	7.33534
3270	-6145.584	-6172.705	27.12095	1.547376	28.07654	0.232549	0.596257	1.05309	2.11811	7.345487
3280	-6145.627	-6168.311	22.6845	1.315521	27.99611	0.195367	0.554663	1.03746	2.21251	7.50319
3290	-6182.901	-6190.701	7.799996	1.369572	31.18244	0.204453	0.565302	1.04175	2.1885	7.950413
3300	-6175.344	-6186.916	11.57195	1.50668	30.1824	0.226353	0.589665	1.05081	2.13317	7.858976
3310	-6175.998	-6186.435	10.43714	1.441782	24.62828	0.216187	0.57857	1.04681	2.15843	7.914145
3320	-6174.879	-6176.887	2.007795	1.463435	24.66619	0.219618	0.582355	1.0482	2.14983	8.257067
3330	-6159.776	-6175.551	15.77487	1.804341	32.3511	0.268745	0.632453	1.06422	2.03458	7.658544
3340	-6183.314	-6191.717	8.403587	1.478066	26.10907	0.221914	0.584864	1.04911	2.14411	8.021581
3350	-6168.442	-6182.304	13.86295	1.446937	24.69361	0.217008	0.579479	1.04715	2.15637	7.77744
3360	-6170.47	-6184.98	14.51011	1.361391	25.57102	0.203094	0.563732	1.04113	2.19205	7.777431
3370	-6187.225	-6194.205	6.979466	1.579634	26.04198	0.237366	0.601296	1.05477	2.10656	8.07581
3380	-6199.248	-6203.811	4.563563	1.443412	23.98143	0.216447	0.578858	1.04692	2.15778	8.134874
3390	-6178.788	-6190.94	12.15202	1.614687	26.72478	0.242508	0.606596	1.0565	2.09439	7.882908
3400	-6171.571	-6188.624	17.05332	1.46245	28.07675	0.219463	0.582185	1.04814	2.15021	7.704064
3410	-6149.45	-6165.195	15.74558	1.469407	28.0767	0.220558	0.583384	1.04857	2.14749	7.750641
3420	-6141.291	-6177.74	36.44871	1.740318	30.82145	0.260175	0.624216	1.06189	2.05372	7.03363
3430	-6164.13	-6199.241	35.11078	1.204082	31.11862	0.175792	0.530538	1.02702	2.26665	7.075075
3440	-6145.429	-6190.82	45.39107	1.043643	32.17125	0.145579	0.489488	1.00687	2.35806	6.743947
3450	-6169.697	-6189.539	19.84192	1.491579	28.24933	0.224019	0.587149	1.04992	2.13891	7.604569
3460	-6156.18	-6187.734	31.55456	1.531183	29.35542	0.2301	0.593666	1.0522	2.12403	7.198035
3470	-6152.839	-6179.528	26.6894	1.032703	28.61245	0.143433	0.486365	1.00521	2.36499	7.363961
3480	-6154.641	-6202.71	48.0693	0.9159514	27.85625	0.119894	0.449945	0.984547	2.44561	6.591214
3490	-6180.463	-6202.036	21.57309	1.215864	31.18382	0.177916	0.533241	1.02824	2.2606	7.508689
3500	-6167.747	-6194.554	26.80727	1.22961	29.53735	0.180378	0.536347	1.02963	2.25365	7.358999
3510	-6188.611	-6195.606	6.994895	1.72647	28.21767	0.258284	0.622372	1.06135	2.05799	8.059905
3520	-6173.88	-6192.64	18.76057	1.387348	28.97764	0.207384	0.568664	1.04306	2.18089	7.638105
3530	-6186.857	-6198.892	12.03505	1.482795	28.63605	0.222652	0.585667	1.0494	2.14229	7.875778
3540	-6167.442	-6194.251	26.80967	1.537284	27.11578	0.231025	0.594647	1.05254	2.12179	7.343105
3550	-6156.005	-6180.59	24.58516	1.449871	29.25006	0.217474	0.579994	1.04734	2.1552	7.436032
3560	-6183.466	-6195.007	11.54091	1.436851	25.89058	0.2154	0.577696	1.04649	2.16042	7.898703
3570	-6205.089	-6207.132	2.043575	1.645161	29.42045	0.246901	0.611061	1.05792	2.08412	8.201232
3580	-6201.408	-6195.077	-6.330863	1.690606	28.02064	0.253323	0.617487	1.0599	2.06929	8.538791
3590	-6217.494	-6210.978	-6.515663	1.320481	25.84053	0.196212	0.555666	1.03788	2.21025	8.596759
3600	-6176.87	-6185.82	8.950578	1.365174	28.80805	0.203723	0.56446	1.04141	2.1904	7.980155
3610	-6187.806	-6208.445	20.63894	1.758524	29.20767	0.262641	0.626606	1.06258	2.04817	7.571349
3620	-6162.316	-6176.163	13.84713	1.048657	29.73247	0.146559	0.490904	1.00762	2.35492	7.793781
3630	-6146.243	-6188.054	41.81059	1.030306	31.64267	0.142961	0.485675	1.00485	2.36652	6.858438
3640	-6180.106	-6205.223	25.11623	1.207134	26.9827	0.176343	0.531242	1.02734	2.26508	7.403137
3650	-6169.5	-6190.822	21.32247	1.386022	29.63573	0.207166	0.568416	1.04296	2.18146	7.543551
3660	-6148.396	-6191.508	43.11241	1.587209	30.25025	0.238485	0.602457	1.05516	2.1039	6.814505
3670	-6147.871	-6185.603	37.7324	1.451688	29.80179	0.217762	0.580312	1.04745	2.15447	6.990829
3680	-6127.545	-6177.927	50.38165	1.142227	36.13419	0.164427	0.515691	1.02008	2.2998	6.548326
3690	-6168.225	-6190.975	22.75031	1.423224	34.15584	0.213215	0.575257	1.04558	2.16595	7.387154
3700	-6170.326	-6189.954	19.62765	1.486006	31.10037	0.223153	0.58621	1.04959	2.14105	7.573057
3710	-6159.121	-6172.433	13.31185	1.492844	26.17132	0.224215	0.587361	1.05	2.13843	7.834409
3720	-6143.196	-6174.338	31.14247	1.760175	28.18237	0.262864	0.626821	1.06264	2.04767	7.203692
3730	-6149.925	-6169.146	19.22018	1.239276	25.55658	0.182098	0.538501	1.03058	2.24882	7.592798
3740	-6163.626	-6191.577	27.95103	1.624603	31.34099	0.243945	0.608063	1.05697	2.09102	7.301659
3750	-6153.155	-6188.73	35.57413	1.334182	30.41111	0.198534	0.558409	1.03899	2.20406	7.063474
3760	-6152.6	-6189.945	37.34431	1.825204	29.62302	0.271477	0.635039	1.06493	2.02855	7.002844
3770	-6131.411	-6162.57	31.15968	1.581335	31.66631	0.237618	0.601558	1.05486	2.10596	7.194682
3780	-6141.092	-6162.22	21.12872	1.79847	27.7551	0.267971	0.631716	1.06402	2.03629	7.557913
3790	-6164.143	-6173.436	9.29246	1.278837	30.24619	0.18905	0.547064	1.03428	2.2296	7.932631
3800	-6184.631	-6178.014	-6.617036	1.950527	25.699	0.287297	0.649648	1.0687	1.99435	8.602347
3810	-6189.45	-6197.982	8.532062	1.537725	26.75948	0.231092	0.594718	1.05256	2.12163	8.018324
3820	-6172.601	-6187.502	14.90163	1.963588	29.65433	0.288889	0.651085	1.06905	1.99097	7.75985
3830	-6138.109	-6180.393	42.28422	1.705545	31.1061	0.255401	0.619541	1.06052	2.06454	6.844558
3840	-6128.384	-6163.298	34.91416	1.350448	30.63158	0.201268	0.56161	1.04028	2.19684	7.084385
3850	-6139.625	-6184.026	44.40113	1.387339	29.55848	0.207382	0.568663	1.04306	2.1809	6.763671
3860	-6139.19	-6188.83	49.64039	1.072062	30.25314	0.151104	0.497389	1.01098	2.34052	6.598748
3870	-6119.782	-6179.118	59.3359	1.024002	34.47255	0.141718	0.483849	1.00387	2.37057	6.314788
3880	-6129.83	-6188.229	58.39814	1.024177	36.10539	0.141753	0.4839	1.00389	2.37045	6.326842
3890	-6109.801	-6173.212	63.41151	1.011044	31.32025	0.139152	0.480047	1.00181	2.379	6.169808
3900	-6152.822	-6204.721	51.89887	1.351372	29.78289	0.201423	0.56179	1.04035	2.19643	6.515069
3910	-6145.637	-6194.638	49.00047	0.9672581	36.56647	0.130376	0.466684	0.994356	2.40858	6.577544
3920	-6163.606	-6211.216	47.61001	1.03487	31.93214	0.143858	0.486988	1.00555	2.36361	6.67529
3930	-6149.144	-6180.806	31.66239	1.727662	31.45354	0.258448	0.622531	1.0614	2.05762	7.18178
3940	-6171.719	-6188.179	16.46028	1.423096	28.96954	0.213194	0.575234	1.04557	2.166	7.717587
3950	-6168.249	-6185.438	17.18915	1.131331	29.16876	0.162388	0.512956	1.01876	2.3059	7.689977
3960	-6188.304	-6197.442	9.138338	1.148895	25.13345	0.16567	0.517347	1.02087	2.29611	7.979651
3970	-6169.842	-6180.35	10.50786	1.657815	26.5557	0.248705	0.612878	1.05849	2.07993	7.943945
3980	-6166.822	-6180.159	13.33664	1.226668	24.04038	0.179852	0.535687	1.02933	2.25513	7.77187
3990	-6163.833	-6168.846	5.013167	1.696329	25.76905	0.254121	0.618277	1.06014	2.06747	8.150229
4000	-6188.954	-6193.277	4.322322	1.860875	28.70719	0.276082	0.639354	1.06608	2.01848	8.143362
4010	-6196.836	-6197.31	0.4747336	1.540924	24.77604	0.231576	0.59523	1.05274	2.12046	8.320725
4020	-6156.512	-6178.111	21.59916	1.145731	26.23438	0.165081	0.516563	1.0205	2.29786	7.519291
4030	-6150.522	-6171.397	20.87564	1.541178	25.80202	0.231614	0.59527	1.05275	2.12037	7.535635
4040	-6180.332	-6184.637	4.305301	1.706068	25.05637	0.255473	0.619613	1.06054	2.06438	8.170855
4050	-6170.963	-6183.381	12.41783	1.792236	26.7838	0.267146	0.630931	1.0638	2.03812	7.87321
4060	-6144.992	-6177.602	32.6107	1.153177	31.79035	0.166465	0.518403	1.02138	2.29376	7.147117
4070	-6156	-6183.532	27.53221	1.428063	26.6375	0.213993	0.576127	1.0459	2.16398	7.305109
4080	-6160.192	-6182.502	22.30964	1.000958	25.70613	0.137145	0.47704	1.00016	2.38566	7.476986
4090	-6143.035	-6178.305	35.26997	1.583459	28.22831	0.237932	0.601883	1.05497	2.10522	7.05806
4100	-6149.092	-6181.362	32.26991	1.168719	28.34784	0.169339	0.522189	1.02316	2.28531	7.16593
4110	-6163.085	-6202.058	38.97286	1.308729	29.7775	0.194207	0.55328	1.03689	2.21562	6.94904
4120	-6163.468	-6188.845	25.37723	1.252933	25.88928	0.184514	0.541502	1.03189	2.24209	7.364243
4130	-6155.071	-6177.827	22.75618	1.380234	27.23764	0.206214	0.567327	1.04254	2.18392	7.49423
4140	-6147.869	-6175.035	27.16543	1.591676	29.75175	0.239143	0.603137	1.05538	2.10234	7.345725
4150	-6146.337	-6192.25	45.91233	1.349511	31.1788	0.201111	0.561427	1.04021	2.19725	6.728165
4160	-6167.981	-6192.7	24.71893	1.586323	33.82765	0.238355	0.602322	1.05511	2.10421	7.340061
4170	-6151.269	-6188.036	36.76708	1.473275	28.65851	0.221164	0.584047	1.04881	2.14598	7.012449
4180	-6130.843	-6166.694	35.8509	1.514341	32.27775	0.227529	0.590926	1.05125	2.13029	7.039024
4190	-6173.846	-6210.166	36.32027	0.982463	31.71359	0.133442	0.471416	0.997032	2.39811	7.031235
4200	-6160.397	-6176.021	15.62403	1.801516	26.89815	0.268373	0.632099	1.06413	2.0354	7.754378
4210	-6181.797	-6190.838	9.040724	1.450628	24.6612	0.217594	0.580127	1.04739	2.15489	7.9718
4220	-6170.874	-6179.923	9.048803	1.254713	25.6169	0.184828	0.541889	1.03206	2.24122	7.99166
4230	-6168.016	-6196.968	28.95176	1.253289	28.95762	0.184577	0.541579	1.03192	2.24192	7.286362
4240	-6165.063	-6185.643	20.58065	1.475957	28.72852	0.221584	0.584505	1.04898	2.14493	7.5769
4250	-6164.219	-6186.784	22.56425	1.812721	29.80663	0.269846	0.633497	1.06451	2.03215	7.49974
4260	-6150.798	-6187.385	36.58775	1.329513	29.86482	0.197744	0.557479	1.03862	2.20616	7.029473
4270	-6142.715	-6183.828	41.11255	1.010356	29.64358	0.139015	0.479842	1.00169	2.37945	6.875856
4280	-6112.422	-6176.672	64.25021	1.038474	36.84025	0.144566	0.488018	1.00609	2.36132	6.157576
4290	-6132.729	-6171.943	39.21374	0.949594	33.532	0.12679	0.461058	0.991119	2.42103	6.916942
4300	-6149.715	-6179.407	29.69119	1.310848	31.9207	0.194569	0.553712	1.03707	2.21465	7.23665
4310	-6142.756	-6188.319	45.56286	1.219344	29.50188	0.178541	0.534032	1.02859	2.25883	6.723425
4320	-6198.445	-6197.461	-0.983886	1.92721	25.51346	0.284428	0.647043	1.06806	2.00047	8.383372
4330	-6153.173	-6173.383	20.21069	1.73673	30.15303	0.259687	0.62374	1.06175	2.05482	7.573259
4340	-6172.104	-6195.555	23.45129	1.126812	26.22673	0.161539	0.51181	1.0182	2.30845	7.448488
4350	-6165.07	-6178.335	13.26497	1.398067	24.68642	0.209138	0.570661	1.04383	2.17637	7.801403
4360	-6167.239	-6168.704	1.464696	1.679526	27.73197	0.251771	0.615945	1.05943	2.07285	8.266874
4370	-6182.537	-6169.801	-12.73557	1.608825	24.56863	0.241655	0.605722	1.05622	2.0964	8.855412
4380	-6180.582	-6181.209	0.627148	1.279076	26.46386	0.189091	0.547115	1.0343	2.22949	8.316904
4390	-6174.711	-6178.797	4.085668	1.431377	26.44261	0.214524	0.576721	1.04612	2.16263	8.186302
4400	-6144.93	-6173.095	28.16512	1.465071	26.86422	0.219876	0.582637	1.0483	2.14918	7.287302
4410	-6146.872	-6180.791	33.91913	1.042505	28.1944	0.145356	0.489165	1.0067	2.35878	7.105365
4420	-6165.206	-6196.776	31.56992	1.475267	27.21052	0.221476	0.584387	1.04894	2.1452	7.169972
4430	-6153.014	-6177.812	24.79825	1.605312	28.48933	0.241142	0.605196	1.05605	2.09761	7.429882
4440	-6162.107	-6181.046	18.93969	1.396836	27.53283	0.208937	0.570433	1.04374	2.17689	7.636093
4450	-6180.112	-6201.61	21.49829	1.503538	25.79648	0.225869	0.589144	1.05063	2.13436	7.511336
4460	-6157.869	-6176.773	18.90392	1.431121	29.07213	0.214483	0.576675	1.04611	2.16273	7.632222
4470	-6182.307	-6197.505	15.19866	1.150282	24.74409	0.165928	0.51769	1.02104	2.29535	7.725258
4480	-6175.147	-6187.535	12.38814	1.975031	27.60899	0.290276	0.652332	1.06935	1.98804	7.873686
4490	-6199.995	-6192.239	-7.756596	1.494372	29.01569	0.224452	0.587617	1.05009	2.13784	8.551621
4500	-6177.31	-6191.953	14.64304	1.379885	28.18572	0.206157	0.567261	1.04251	2.18407	7.789117
4510	-6169.804	-6192.116	22.31216	1.550496	28.58531	0.233019	0.596751	1.05325	2.11698	7.517001
4520	-6174.873	-6198.995	24.12219	1.560733	28.77315	0.234554	0.598363	1.0538	2.11329	7.453567
4530	-6156.243	-6191.216	34.9723	1.298622	28.01174	0.192472	0.551202	1.03603	2.2203	7.064589
4540	-6172.465	-6198.655	26.18996	1.037306	29.6908	0.144337	0.487685	1.00592	2.36206	7.378943
4550	-6132.283	-6185.04	52.75709	1.165203	33.05564	0.168691	0.521339	1.02276	2.28721	6.514996
4560	-6142.094	-6175.297	33.20282	1.220343	34.19296	0.17872	0.534259	1.0287	2.25833	7.080183
4570	-6174.922	-6189.718	14.79546	1.430762	26.08147	0.214426	0.576611	1.04608	2.16288	7.776327
4580	-6153.449	-6183.164	29.71493	1.437042	30.33407	0.215431	0.57773	1.0465	2.16034	7.256764
4590	-6139.769	-6181.724	41.95465	1.109813	31.63002	0.158329	0.507441	1.01605	2.31818	6.853938
4600	-6118.355	-6174.87	56.51492	1.233775	34.14529	0.18112	0.537278	1.03004	2.25156	6.398666
4610	-6138.596	-6184.225	45.62889	1.193118	33.07119	0.173804	0.527988	1.02585	2.27235	6.730494
4620	-6119.436	-6165.675	46.23958	0.8969477	29.86591	0.115962	0.443424	0.98058	2.46003	6.706305
4630	-6153.594	-6183.587	29.99222	1.255599	30.82676	0.184984	0.542082	1.03214	2.24079	7.243052
4640	-6154.285	-6183.021	28.73595	1.108035	29.09752	0.157992	0.506978	1.01582	2.31921	7.294059
4650	-6157.285	-6189.561	32.27543	1.530543	31.41575	0.230002	0.593563	1.05217	2.12427	7.162765
4660	-6161.28	-6183.144	21.86407	1.1443	27.7644	0.164814	0.516207	1.02033	2.29865	7.531472
4670	-6165.224	-6177.422	12.1984	1.559634	27.23617	0.234389	0.598191	1.05374	2.11368	7.88185
4680	-6149.452	-6172.804	23.35282	1.215823	27.26222	0.177909	0.533232	1.02823	2.26062	7.472654
4690	-6188.485	-6191.778	3.293252	1.324657	25.35965	0.196921	0.556507	1.03822	2.20835	8.214553
4700	-6178.872	-6177.012	-1.859492	1.337694	25.44055	0.199126	0.559105	1.03928	2.20249	8.417754
4710	-6203.439	-6201.117	-2.322251	1.618628	23.46679	0.24308	0.607181	1.05669	2.09305	8.408639
4720	-6173.877	-6190.045	16.16775	1.314106	29.13942	0.195126	0.554376	1.03734	2.21315	7.72541
4730	-6156.3	-6174.179	17.87938	1.430054	31.6777	0.214312	0.576484	1.04604	2.16317	7.613741
4740	-6183.557	-6205.211	21.6546	1.253258	32.08136	0.184572	0.541573	1.03192	2.24193	7.484187
4750	-6163.211	-6183.95	20.7397	1.313913	27.27065	0.195093	0.554336	1.03733	2.21324	7.568586
4760	-6181.915	-6194.16	12.24498	1.234379	26.60954	0.181228	0.537413	1.0301	2.25126	7.878854
4770	-6168.106	-6183.636	15.5292	1.250258	29.65772	0.184043	0.540918	1.03164	2.2434	7.738624
4780	-6167.949	-6185.56	17.61108	1.365237	28.92564	0.203734	0.564472	1.04142	2.19038	7.678336
4790	-6174.422	-6180.05	5.62818	1.744349	28.72547	0.260723	0.624748	1.06205	2.05248	8.097446
4800	-6199.356	-6206.977	7.620324	1.531725	23.67204	0.230182	0.593753	1.05223	2.12383	7.994549
4810	-6201.33	-6204.616	3.28572	1.57034	29.05295	0.235987	0.599861	1.0543	2.10985	8.169995
4820	-6190.177	-6196.802	6.624657	1.356608	29.86916	0.202298	0.562808	1.04076	2.19413	8.032633
4830	-6179.248	-6193.144	13.89657	1.64457	29.32005	0.246817	0.610976	1.05789	2.08431	7.800204
4840	-6151.12	-6170.038	18.91799	1.45493	28.49966	0.218275	0.580878	1.04766	2.15318	7.636229
4850	-6169.391	-6189.619	20.22764	1.093188	27.50218	0.155163	0.503075	1.01387	2.32789	7.589126
4860	-6137.908	-6165.561	27.65333	1.489943	29.38918	0.223765	0.586874	1.04983	2.13954	7.330846
4870	-6130.213	-6168.228	38.01536	0.9613799	35.38326	0.129185	0.464828	0.993294	2.41269	6.911058
4880	-6142.102	-6194.443	52.34057	1.28512	34.65682	0.190141	0.548388	1.03484	2.22663	6.515683
4890	-6134.103	-6182.914	48.81048	1.014644	34.60246	0.139866	0.48111	1.00238	2.37664	6.618317
4900	-6128.147	-6186.275	58.12797	0.9457286	31.71352	0.126002	0.459809	0.990391	2.4238	6.343589
4910	-6141.54	-6192.716	51.17589	0.9970163	36.05322	0.136358	0.475853	0.999504	2.38828	6.527825
4920	-6170.084	-6182.203	12.11911	1.427082	26.67507	0.213835	0.575951	1.04584	2.16438	7.883919
4930	-6191.437	-6193.361	1.923816	1.862268	27.87275	0.27626	0.63952	1.06613	2.01809	8.247423
4940	-6199.029	-6203.952	4.923236	1.401663	24.80911	0.209724	0.571326	1.04408	2.17487	8.141833
4950	-6198.083	-6188.473	-9.610276	1.219991	23.06362	0.178657	0.534179	1.02866	2.2585	8.710567
4960	-6196.907	-6199.977	3.06981	1.354134	26.86519	0.201884	0.562328	1.04057	2.19522	8.221446
4970	-6160.6	-6169.266	8.666312	1.318942	29.89033	0.19595	0.555355	1.03775	2.21095	7.963688
4980	-6153.035	-6182.206	29.1707	1.482432	32.40188	0.222596	0.585606	1.04937	2.14243	7.243401
4990	-6172.092	-6193.544	21.45267	1.011337	30.80904	0.13921	0.480133	1.00185	2.3788	7.520422
5000	-6146.779	-6169.094	22.31498	1.279601	26.27281	0.189183	0.547226	1.03435	2.22924	7.492956
5010	-6164.969	-6183.984	19.0153	2.063575	27.27004	0.300747	0.661608	1.0715	1.96614	7.631815
5020	-6153.351	-6168.499	15.14799	1.319664	27.79159	0.196073	0.555501	1.03781	2.21062	7.77328
5030	-6137.289	-6173.264	35.97429	0.8332304	31.44961	0.102608	0.420176	0.965754	2.51146	7.044728
5040	-6110.524	-6164.436	53.912	1.288893	32.77701	0.190794	0.549179	1.03518	2.22485	6.480285
5050	-6145.933	-6180.711	34.77806	1.531229	30.90002	0.230107	0.593673	1.0522	2.12402	7.087347
5060	-6169.403	-6179.5	10.09677	1.437207	27.66723	0.215457	0.57776	1.04651	2.16027	7.95619
5070	-6176.135	-6177.01	0.8749875	1.476948	26.35643	0.22174	0.584674	1.04904	2.14455	8.308416
5080	-6152.335	-6172.36	20.02478	1.596744	25.91403	0.239888	0.603906	1.05563	2.10058	7.57164
5090	-6176.938	-6192.957	16.01883	1.610791	30.97019	0.241941	0.606016	1.05632	2.09573	7.692595
5100	-6161.862	-6188.013	26.15112	1.653299	27.51944	0.248062	0.612232	1.05829	2.08142	7.373986
5110	-6151.27	-6169.556	18.28582	1.749708	26.52173	0.26145	0.625453	1.06225	2.05085	7.650539
5120	-6183.319	-6186.612	3.292801	1.589798	27.03689	0.238867	0.602852	1.05529	2.10299	8.211321
5130	-6150.602	-6172.335	21.73381	1.53203	27.53241	0.230228	0.593802	1.05225	2.12372	7.534607
5140	-6151.729	-6186.823	35.09442	1.446987	31.48113	0.217016	0.579488	1.04715	2.15635	7.072391
5150	-6168.541	-6187.552	19.01099	1.451538	31.62841	0.217738	0.580286	1.04744	2.15453	7.579357
5160	-6177.426	-6203.162	25.73557	1.429623	28.27983	0.214243	0.576407	1.04601	2.16334	7.396103
5170	-6173.809	-6203.293	29.48404	1.453067	30.73294	0.21798	0.580553	1.04754	2.15392	7.260589
5180	-6127.886	-6160.564	32.67795	1.408414	30.05737	0.210821	0.572566	1.04456	2.17205	7.160064
5190	-6123.874	-6175.606	51.7324	1.060433	32.94655	0.148852	0.494192	1.00933	2.34762	6.546358
5200	-6128.439	-6176.218	47.77915	1.194326	34.55097	0.174023	0.528271	1.02598	2.27172	6.648889
5210	-6130.204	-6165.52	35.31571	1.359002	33.19253	0.202697	0.563271	1.04094	2.19309	7.04003
5220	-6150.738	-6185.251	34.51332	1.297275	30.97857	0.19224	0.550923	1.03591	2.22093	7.095363
5230	-6184.784	-6197.18	12.39587	1.475879	27.70339	0.221572	0.584492	1.04897	2.14496	7.872879
5240	-6166.407	-6164.641	-1.76628	1.3927	24.33955	0.208261	0.569664	1.04345	2.17863	8.405674
5250	-6179.626	-6191.027	11.4006	1.526823	28.37154	0.229436	0.592961	1.05196	2.12564	7.9018
5260	-6146.585	-6174.894	28.30928	1.281013	26.61449	0.189428	0.547524	1.03448	2.22857	7.27529
5270	-6178.834	-6180.425	1.590691	1.614284	25.6918	0.242449	0.606536	1.05648	2.09453	8.282957
5280	-6203.329	-6192.334	-10.99488	1.367259	24.92892	0.204069	0.564859	1.04157	2.1895	8.782604
5290	-6181.035	-6181.197	0.162045	1.724768	27.45071	0.258051	0.622144	1.06129	2.05852	8.319754
5300	-6163.061	-6190.517	27.45517	1.150729	29.31794	0.166011	0.5178	1.02109	2.2951	7.337775
5310	-6166.723	-6187.626	20.90361	1.826644	30.09226	0.271665	0.635215	1.06498	2.02814	7.551248
5320	-6157.576	-6179.843	22.26622	1.52425	25.8467	0.229044	0.592544	1.05181	2.1266	7.483121
5330	-6197.796	-6199.393	1.596748	1.389244	25.07688	0.207695	0.569019	1.0432	2.18009	8.279164
5340	-6141.017	-6168.407	27.38966	1.879039	29.55437	0.278395	0.641502	1.06665	2.01346	7.339208
5350	-6146.847	-6172.448	25.60153	1.20885	29.75201	0.176653	0.531637	1.02752	2.2642	7.398288
5360	-6151.357	-6170.639	19.28228	1.437001	27.6326	0.215424	0.577723	1.0465	2.16036	7.62407
5370	-6179.421	-6187.707	8.286091	1.741184	31.0292	0.260293	0.624331	1.06192	2.05345	7.940229
5380	-6146.725	-6172.549	25.82484	1.405246	31.43748	0.210307	0.571985	1.04434	2.17337	7.367681
5390	-6167.791	-6180.06	12.26828	1.604613	30.48197	0.24104	0.605091	1.05602	2.09785	7.827888
5400	-6165.021	-6176.504	11.48255	1.669881	27.45388	0.250413	0.61459	1.05902	2.07598	7.907345
5410	-6173.155	-6184.539	11.38386	1.401061	25.32148	0.209626	0.571215	1.04404	2.17512	7.894694
5420	-6161.792	-6185.303	23.51127	1.517467	31.62579	0.228008	0.591438	1.05143	2.12912	7.43713
5430	-6149.272	-6183.607	34.33548	1.284127	32.7581	0.189969	0.54818	1.03476	2.2271	7.077892
5440	-6168.049	-6184.986	16.93738	1.439646	26.12689	0.215847	0.578192	1.04667	2.15929	7.695063
5450	-6177.252	-6192.171	14.91912	1.407725	27.20636	0.21071	0.57244	1.04451	2.17234	7.781886
5460	-6182.462	-6188.439	5.976597	1.628498	24.10069	0.244508	0.608636	1.05715	2.0897	8.080076
5470	-6191.942	-6193.032	1.090291	1.6903	27.92862	0.25328	0.617445	1.05989	2.06939	8.276071
5480	-6172.588	-6187.823	15.23477	1.356079	25.44126	0.202209	0.562705	1.04072	2.19437	7.745842
5490	-6164.597	-6196.057	31.46057	1.421212	29.68888	0.212891	0.574894	1.04544	2.16678	7.201428
5500	-6159.267	-6185.114	25.84714	1.526747	30.94306	0.229425	0.592949	1.05195	2.12567	7.375686
5510	-6166.954	-6200.627	33.67272	1.551034	28.26194	0.2331	0.596836	1.05328	2.11678	7.115166
5520	-6166.898	-6198.679	31.78183	1.123639	26.03536	0.160942	0.511002	1.01781	2.31025	7.123134
5530	-6152.363	-6179.145	26.78219	1.388202	34.1112	0.207524	0.568824	1.04312	2.18053	7.270489
5540	-6106.104	-6175.139	69.03513	0.807235	34.84049	0.0970973	0.410031	0.95894	2.53393	6.034333
5550	-6152.596	-6190.418	37.82225	1.35034	32.33744	0.20125	0.561589	1.04027	2.19689	6.977212
5560	-6157.487	-6191.596	34.10895	1.274741	29.92345	0.188337	0.546196	1.03391	2.23155	7.1125
5570	-6164.218	-6190.716	26.4983	1.218399	29.5398	0.178371	0.533818	1.0285	2.25931	7.369446
5580	-6166.89	-6193.708	26.81834	1.406244	30.23143	0.210469	0.572169	1.04441	2.17296	7.353342
5590	-6136.602	-6178.393	41.79124	1.534729	35.38	0.230638	0.594237	1.0524	2.12273	6.80442
5600	-6166	-6189.749	23.7484	1.59903	28.41742	0.240223	0.604251	1.05574	2.09978	7.466656
5610	-6168.422	-6189.793	21.37113	1.338698	31.099	0.199295	0.559303	1.03936	2.20205	7.517027
5620	-6141.183	-6177.533	36.34996	1.281029	34.3533	0.189431	0.547527	1.03448	2.22856	6.984416
5630	-6135.466	-6172.17	36.70454	1.303086	31.56058	0.193239	0.552123	1.03641	2.21823	7.020558
5640	-6132.05	-6171.22	39.17041	1.2354	29.34865	0.181409	0.53764	1.0302	2.25075	6.938525
5650	-6153.124	-6179.654	26.53038	1.375719	31.599	0.20547	0.566472	1.04221	2.18585	7.342188
5660	-6149.162	-6181.465	32.30356	1.339402	30.09463	0.199414	0.559442	1.03941	2.20173	7.172407
5670	-6158.899	-6166.929	8.030295	1.371978	27.5472	0.204851	0.565761	1.04193	2.18746	8.032179
5680	-6176.069	-6193.527	17.45844	1.443497	30.15508	0.216461	0.578873	1.04692	2.15774	7.664494
5690	-6173.086	-6186.677	13.5904	1.56672	31.37505	0.235448	0.599298	1.05411	2.11114	7.758806
5700	-6115.261	-6165.183	49.92226	1.264569	37.85696	0.186559	0.544021	1.03298	2.23644	6.522798
5710	-6115.04	-6182.856	67.81525	0.8583408	34.96385	0.107899	0.429603	0.971896	2.4906	6.069365
5720	-6133.856	-6176.498	42.64207	1.115199	29.16693	0.159349	0.508836	1.01674	2.31507	6.817337
5730	-6113.519	-6160.497	46.97781	1.61814	36.53936	0.243009	0.607108	1.05667	2.09322	6.633483
5740	-6129.113	-6162.418	33.30501	1.605434	29.20383	0.24116	0.605214	1.05606	2.09757	7.137672
5750	-6139.699	-6182.643	42.94452	1.098044	30.72462	0.156091	0.50436	1.01452	2.32503	6.822578
5760	-6188.485	-6196.76	8.274603	1.797496	26.32019	0.267842	0.631594	1.06399	2.03658	8.027545
5770	-6176.89	-6184.949	8.058089	1.450251	24.89985	0.217534	0.580061	1.04736	2.15504	8.017645
5780	-6184.686	-6188.236	3.55062	1.265684	25.32183	0.186755	0.544261	1.03308	2.2359	8.204049
5790	-6171.968	-6182.205	10.23655	1.698173	27.9646	0.254378	0.618531	1.06021	2.06688	7.948182
5800	-6143.536	-6158.958	15.42266	1.229548	25.42766	0.180367	0.536333	1.02962	2.25368	7.738098
5810	-6178.223	-6182.96	4.737082	1.641624	27.97664	0.246395	0.610549	1.05776	2.0853	8.144619
5820	-6191.258	-6190.744	-0.514442	1.463338	26.51483	0.219603	0.582338	1.04819	2.14986	8.35948
5830	-6201.021	-6197.484	-3.537192	1.388478	25.23927	0.207569	0.568876	1.04314	2.18041	8.484028
5840	-6207.006	-6205.43	-1.576784	2.132187	26.27834	0.308559	0.668372	1.07297	1.9501	8.402272
5850	-6178.094	-6194.201	16.10681	1.524963	29.77881	0.229153	0.592659	1.05185	2.12633	7.716913
5860	-6204.957	-6196.446	-8.510412	1.332689	24.69844	0.198281	0.558112	1.03887	2.20473	8.683475
5870	-6188.066	-6185.998	-2.067602	2.373647	22.07119	0.33414	0.689652	1.07704	1.89917	8.333065
5880	-6196.458	-6187.336	-9.122712	1.673089	27.69129	0.250866	0.615042	1.05915	2.07494	8.65004
5890	-6159.955	-6174.314	14.35866	1.351233	27.26656	0.201399	0.561763	1.04034	2.19649	7.802571
5900	-6157.212	-6177.428	20.21564	1.447721	24.41905	0.217132	0.579617	1.0472	2.15605	7.506707
5910	-6173.846	-6187.779	13.93284	1.575464	25.97254	0.236748	0.600654	1.05456	2.10804	7.807702
5920	-6169.468	-6174.157	4.689413	1.161365	23.71912	0.167982	0.520407	1.02233	2.28929	8.120195
5930	-6151.784	-6166.121	14.33771	1.137008	25.6908	0.163452	0.514386	1.01945	2.30271	7.786785
5940	-6181.794	-6201.601	19.80608	1.495055	28.02194	0.224558	0.587731	1.05013	2.13758	7.606016
5950	-6177.421	-6185.742	8.321236	1.362521	25.15944	0.203282	0.56395	1.04121	2.19155	8.012675
5960	-6175.35	-6185.582	10.23257	1.70566	30.25459	0.255417	0.619557	1.06052	2.06451	7.90131
5970	-6177.147	-6201.165	24.01856	1.359515	27.26552	0.202782	0.56337	1.04098	2.19286	7.44828
5980	-6164.654	-6197.456	32.80167	0.9702265	29.9119	0.130976	0.467616	0.994886	2.40652	7.156201
5990	-6177.348	-6186.752	9.403156	1.553063	29.83733	0.233404	0.597157	1.05339	2.11605	7.940468
6000	-6160.016	-6181.619	21.60369	1.754743	30.47627	0.262131	0.626113	1.06244	2.04932	7.521729
6010	-6138.382	-6172.244	33.86186	1.361624	30.48718	0.203133	0.563777	1.04114	2.19195	7.11946
6020	-6143.62	-6198.035	54.41472	0.9909557	29.9238	0.135146	0.474016	0.998485	2.39235	6.433918
6030	-6154.487	-6196.073	41.58535	1.336235	28.92184	0.19888	0.558816	1.03916	2.20315	6.849444
6040	-6151.297	-6183.718	32.42045	1.497259	29.07103	0.224899	0.5881	1.05026	2.13674	7.167285
6050	-6160.773	-6197.59	36.81702	1.515929	31.04914	0.227773	0.591186	1.05134	2.1297	7.020636
6060	-6167.548	-6195.487	27.93919	1.393932	33.15243	0.208462	0.569893	1.04353	2.17811	7.263305
6070	-6142.606	-6190.322	47.71626	1.226843	34.19153	0.179884	0.535726	1.02935	2.25504	6.655745
6080	-6155.782	-6194.237	38.4552	1.016615	31.67338	0.140257	0.481689	1.0027	2.37535	6.964239
6090	-6151.052	-6182.019	30.96752	1.027851	30.47411	0.142477	0.484966	1.00447	2.36809	7.214495
6100	-6165.341	-6175.337	9.995777	1.395693	27.92371	0.20875	0.570221	1.04366	2.17737	7.957261
6110	-6178.68	-6190.387	11.70751	1.837096	25.98553	0.273022	0.636492	1.06532	2.02516	7.893551
6120	-6197.07	-6194.062	-3.008691	1.473568	27.2991	0.22121	0.584097	1.04883	2.14586	8.438788
6130	-6212.833	-6197.831	-15.00219	1.893173	23.73829	0.28018	0.643151	1.06707	2.0096	8.950459
6140	-6197.317	-6201.043	3.725355	1.259165	23.39863	0.185611	0.542855	1.03248	2.23906	8.148031
6150	-6184.767	-6207.354	22.58751	1.679588	27.73621	0.25178	0.615954	1.05943	2.07283	7.505226
6160	-6217.558	-6213.841	-3.716872	1.275747	22.64503	0.188512	0.54641	1.034	2.23107	8.437891
6170	-6165.008	-6178.72	13.71253	1.46435	26.56882	0.219763	0.582513	1.04826	2.14947	7.823377
6180	-6179.542	-6197.043	17.50058	1.673338	27.1027	0.250901	0.615077	1.05916	2.07486	7.686322
6190	-6172.659	-6200.862	28.20283	1.434048	29.67911	0.214952	0.577197	1.0463	2.16155	7.311201
6200	-6163.582	-6198.99	35.40738	1.42373	31.02476	0.213296	0.575348	1.04561	2.16575	7.066201
6210	-6151.879	-6175.199	23.31988	1.231874	26.47219	0.180782	0.536854	1.02985	2.25251	7.459599
6220	-6191.341	-6193.728	2.386662	1.652426	30.34137	0.247938	0.612107	1.05825	2.08171	8.157401
6230	-6147.217	-6174.806	27.58916	1.440417	27.1532	0.21597	0.578329	1.04672	2.15898	7.315125
6240	-6154.453	-6178.91	24.4577	1.294893	27.10736	0.19183	0.550429	1.0357	2.22204	7.429704
6250	-6166.047	-6191.13	25.08393	1.604918	32.02529	0.241084	0.605137	1.05603	2.09775	7.378596
6260	-6147.032	-6184.357	37.32521	1.290637	31.01436	0.191095	0.549543	1.03533	2.22403	7.004434
6270	-6132.641	-6179.047	46.4061	1.22957	31.12989	0.180371	0.536338	1.02962	2.25367	6.712144
6280	-6146.481	-6174.392	27.91149	1.239704	29.06243	0.182174	0.538595	1.03062	2.24861	7.322383
6290	-6139.605	-6175.799	36.19376	1.54012	28.73685	0.231454	0.595101	1.05269	2.12075	7.033542
6300	-6158.281	-6181.748	23.46611	1.21152	29.34966	0.177134	0.532249	1.02779	2.26282	7.473612
6310	-6145.674	-6177	31.32686	1.26882	30.16149	0.187303	0.544933	1.03337	2.23439	7.20456
6320	-6136.335	-6166.982	30.64652	1.210653	30.70143	0.176978	0.532051	1.0277	2.26327	7.223064
6330	-6158.474	-6179.359	20.88505	1.333644	29.60983	0.198443	0.558302	1.03895	2.20431	7.55863
6340	-6179.942	-6194.876	14.93395	1.271821	24.77406	0.187828	0.545574	1.03365	2.23295	7.737056
6350	-6147.325	-6183.906	36.5811	1.288385	28.99459	0.190706	0.549073	1.03513	2.22509	7.023324
6360	-6186.608	-6192.594	5.986689	1.574216	26.97244	0.236563	0.600461	1.0545	2.10848	8.112166
6370	-6156.79	-6170.244	13.45362	1.527992	27.2943	0.229614	0.59315	1.05202	2.12521	7.835756
6380	-6152.974	-6175.934	22.95924	1.331657	26.66809	0.198107	0.557906	1.03879	2.2052	7.477403
6390	-6175.029	-6185.006	9.977078	1.473104	27.48342	0.221138	0.584018	1.0488	2.14604	7.961978
6400	-6138.645	-6170.714	32.06867	1.621591	31.09971	0.243509	0.607619	1.05683	2.09204	7.173036
6410	-6153.382	-6177.716	24.33387	1.178489	30.08593	0.171133	0.524532	1.02426	2.28008	7.437332
6420	-6139.64	-6187.796	48.15501	1.16894	30.17696	0.169379	0.522242	1.02319	2.28519	6.646837
6430	-6163.155	-6204.719	41.56386	1.287614	28.06643	0.190573	0.548911	1.03507	2.22545	6.830797
6440	-6131.017	-6174.058	43.04102	0.8109129	30.31781	0.0978787	0.411491	0.959933	2.5307	6.817344
6450	-6169.406	-6207.81	38.40371	0.9701343	34.08065	0.130957	0.467587	0.99487	2.40659	6.930427
6460	-6153.52	-6176.836	23.31601	1.288655	29.95131	0.190753	0.549129	1.03516	2.22496	7.472852
6470	-6144.157	-6175.201	31.04425	1.434059	26.50513	0.214954	0.577199	1.0463	2.16154	7.168925
6480	-6154.222	-6181.718	27.49611	1.29243	31.92483	0.191405	0.549917	1.03549	2.22319	7.305333
6490	-6179.454	-6195.363	15.9088	1.373829	29.55998	0.205157	0.566113	1.04206	2.18666	7.727575
6500	-6158.408	-6183.038	24.63043	1.510575	30.27595	0.226951	0.590307	1.05104	2.1317	7.425145
6510	-6169.001	-6181.491	12.4909	1.590542	26.87017	0.238976	0.602965	1.05532	2.10273	7.870781
6520	-6145.941	-6172.569	26.62765	1.484759	26.47485	0.222958	0.586	1.04951	2.14153	7.33472
6530	-6148.038	-6174.447	26.40912	1.722822	27.71585	0.257784	0.621882	1.06121	2.05912	7.367198
6540	-6139.944	-6173.031	33.08631	1.141196	29.67927	0.164235	0.515434	1.01996	2.30038	7.146659
6550	-6130.09	-6179.573	49.48368	1.13113	35.31257	0.162351	0.512905	1.01873	2.30601	6.588125
6560	-6115.893	-6185.653	69.76	1.062113	34.39697	0.149178	0.494657	1.00957	2.34659	6.012076
6570	-6133.29	-6183.683	50.39263	1.08215	33.15147	0.153047	0.500124	1.01238	2.33445	6.586032
6580	-6149.144	-6181.525	32.38129	1.331837	30.52215	0.198137	0.557942	1.0388	2.20512	7.167807
6590	-6124.877	-6177.395	52.51808	0.8602607	33.85574	0.108302	0.43031	0.972349	2.48904	6.518068
6600	-6129.826	-6179.313	49.48704	1.064106	31.80617	0.149564	0.495207	1.00986	2.34537	6.616289
6610	-6122.681	-6172.933	50.2523	1.558954	31.75574	0.234288	0.598084	1.0537	2.11392	6.592072
6620	-6145.594	-6181.578	35.98481	1.183098	29.83113	0.171977	0.525627	1.02477	2.27763	7.049563
6630	-6136.189	-6183.087	46.89727	1.270022	30.17585	0.187513	0.54519	1.03348	2.23381	6.688502
6640	-6175.748	-6202.721	26.97237	1.264825	31.0975	0.186604	0.544076	1.033	2.23631	7.336941
6650	-6197.308	-6195.202	-2.106806	1.529629	26.22223	0.229863	0.593415	1.05212	2.12461	8.42304
6660	-6194.896	-6185.886	-9.010069	1.32584	22.77057	0.197122	0.556744	1.03832	2.20782	8.675897
6670	-6150.751	-6176.737	25.98618	1.525967	29.21315	0.229306	0.592822	1.05191	2.12596	7.388256
6680	-6169.384	-6170.604	1.22005	1.63755	24.58048	0.24581	0.609958	1.05757	2.08666	8.287591
6690	-6158.552	-6182.854	24.30211	1.537677	27.07787	0.231085	0.59471	1.05256	2.12165	7.434956
6700	-6127.928	-6160.903	32.97496	1.353286	32.10537	0.201743	0.562163	1.0405	2.19559	7.130943
6710	-6157.211	-6180.491	23.27975	1.188541	36.24978	0.17297	0.526913	1.02536	2.27476	7.293746
6720	-6152.241	-6190.523	38.28135	1.52762	30.12668	0.229558	0.59309	1.052	2.12535	6.97388
6730	-6130.566	-6173.35	42.78466	0.8769413	32.96003	0.111795	0.436361	0.976189	2.47565	6.81779
6740	-6145.24	-6182.016	36.77621	1.407034	28.37825	0.210597	0.572313	1.04446	2.17263	7.007517
6750	-6165.45	-6186.197	20.7471	1.937751	25.47072	0.285729	0.648227	1.06835	1.99769	7.530184
6760	-6144.431	-6179.805	35.37405	1.15141	28.5662	0.166137	0.517968	1.02117	2.29473	7.059787
6770	-6146.446	-6178.202	31.75612	1.194909	30.97347	0.174129	0.528407	1.02605	2.27142	7.184418
6780	-6131.492	-6164.513	33.02101	1.264835	29.81413	0.186606	0.544078	1.03301	2.23631	7.148919
6790	-6125.426	-6165.179	39.75232	1.511425	29.24778	0.227082	0.590447	1.05109	2.13139	6.917469
6800	-6141.529	-6171.128	29.59865	1.216553	32.19771	0.17804	0.533398	1.02831	2.26025	7.234315
6810	-6178.998	-6200.424	21.42552	1.167329	25.74701	0.169083	0.521853	1.02301	2.28606	7.512652
6820	-6155.437	-6197.079	41.64119	1.336882	31.44516	0.198989	0.558944	1.03921	2.20286	6.864552
6830	-6155.571	-6191.723	36.15133	0.8715741	28.37688	0.110673	0.43443	0.974972	2.47992	7.029513
6840	-6164.798	-6197.854	33.05604	1.202376	31.41767	0.175483	0.530144	1.02684	2.26754	7.137896
6850	-6161.688	-6188.239	26.55044	1.882211	28.2484	0.278797	0.641874	1.06674	2.01259	7.367087
6860	-6148.488	-6179.839	31.35067	1.222657	27.00027	0.179135	0.534782	1.02893	2.25715	7.172566
6870	-6134.919	-6175.368	40.4486	0.9106764	30.73716	0.118805	0.448153	0.983465	2.44958	6.903822
6880	-6135.502	-6181.7	46.19798	0.9902432	32.30829	0.135003	0.473799	0.998364	2.39283	6.718331
6890	-6169.999	-6189.877	19.87747	1.299009	29.00889	0.192539	0.551282	1.03606	2.22012	7.599296
6900	-6145.615	-6194.165	48.5494	1.182081	32.27253	0.171791	0.525386	1.02465	2.27817	6.64562
6910	-6128.937	-6185.718	56.78126	1.121288	35.2591	0.160499	0.5104	1.01751	2.31159	6.382037
6920	-6179.923	-6209.837	29.91452	1.486638	31.21912	0.223251	0.586317	1.04963	2.1408	7.240719
6930	-6176.567	-6213.022	36.45574	1.653899	29.98808	0.248148	0.612318	1.05831	2.08122	7.034239
6940	-6139.833	-6185.241	45.40761	1.422524	32.82404	0.213102	0.575131	1.04553	2.16624	6.73937
6950	-6141.64	-6183.794	42.15416	1.395501	34.84443	0.208719	0.570185	1.04365	2.17745	6.805796
6960	-6140.979	-6180.092	39.11259	1.448691	31.27575	0.217286	0.579787	1.04726	2.15567	6.94584
6970	-6176.194	-6209.772	33.57803	1.127904	31.02	0.161745	0.512087	1.01834	2.30783	7.125206
6980	-6143.528	-6172.814	29.28608	1.285353	28.2764	0.190181	0.548438	1.03487	2.22652	7.270521
6990	-6153.857	-6182.689	28.83117	1.339186	31.74415	0.199377	0.5594	1.03939	2.20183	7.266839
7000	-6185.368	-6212.756	27.38836	1.339172	30.38394	0.199375	0.559397	1.03939	2.20183	7.332938
7010	-6156.607	-6179.55	22.94293	1.372719	24.33027	0.204974	0.565902	1.04198	2.18714	7.389949
7020	-6160.765	-6181.646	20.88162	1.393304	32.80597	0.20836	0.569777	1.04349	2.17838	7.487124
7030	-6151.319	-6173.434	22.1158	1.33086	29.29569	0.197972	0.557748	1.03873	2.20555	7.520082
7040	-6168.984	-6193.114	24.13052	1.656269	28.55854	0.248485	0.612657	1.05842	2.08044	7.453379
7050	-6163.272	-6183.558	20.28572	1.865841	29.09545	0.276716	0.639945	1.06624	2.0171	7.584488
7060	-6171.556	-6184.875	13.31922	1.714437	26.11475	0.25663	0.620751	1.06087	2.06174	7.833384
7070	-6164.737	-6186.426	21.68923	1.582233	28.40665	0.237751	0.601695	1.05491	2.10565	7.53913
7080	-6158.596	-6175.53	16.93389	1.271284	27.97869	0.187734	0.54546	1.0336	2.23321	7.708649
7090	-6166.784	-6180.565	13.78121	1.572029	24.22089	0.236238	0.600123	1.05439	2.10925	7.761741
7100	-6183.185	-6184.164	0.9798982	1.532094	24.6395	0.230238	0.593813	1.05225	2.1237	8.298323
7110	-6201.821	-6202.44	0.619425	1.563688	26.85884	0.234995	0.598825	1.05395	2.11223	8.312742
7120	-6176.787	-6179.787	2.999754	2.205725	30.20081	0.316655	0.675247	1.07438	1.93372	8.142326
7130	-6181.691	-6190.679	8.988544	1.320501	29.89356	0.196215	0.55567	1.03788	2.21024	7.952819
7140	-6144.489	-6169.386	24.89653	1.4706	27.36821	0.220745	0.583588	1.04865	2.14702	7.417584
7150	-6169.769	-6184.71	14.94043	1.212101	30.1957	0.177239	0.532382	1.02785	2.26253	7.747067
7160	-6153.46	-6174.252	20.79173	1.43224	29.43564	0.214663	0.576875	1.04618	2.16228	7.563816
7170	-6172.289	-6182.55	10.26135	1.682457	24.33737	0.252183	0.616355	1.05955	2.07191	7.911435
7180	-6153.019	-6171.084	18.06503	1.282121	27.33251	0.18962	0.547758	1.03458	2.22804	7.667016
7190	-6146.403	-6174.131	27.72773	1.120753	28.28182	0.160398	0.510264	1.01744	2.31189	7.325674
7200	-6151.618	-6176.494	24.87647	1.607568	27.11188	0.241471	0.605534	1.05616	2.09683	7.414333
7210	-6157.794	-6179.927	22.13278	1.267382	27.18746	0.187052	0.544625	1.03324	2.23508	7.516507
7220	-6160.894	-6188.49	27.59613	1.377058	29.68424	0.205691	0.566726	1.0423	2.18528	7.331617
7230	-6141.769	-6179.683	37.91354	1.315007	31.50415	0.195279	0.554559	1.03742	2.21274	6.982675
7240	-6168.786	-6184.192	15.40607	1.317347	27.42339	0.195678	0.555033	1.03762	2.21167	7.764413
7250	-6160.054	-6179.63	19.57594	0.972439	28.07539	0.131422	0.468308	0.995279	2.40499	7.614217
7260	-6148.068	-6185.171	37.1027	1.311903	28.1908	0.19475	0.553927	1.03716	2.21416	6.992376
7270	-6170.623	-6178.108	7.485293	1.114118	23.94675	0.159145	0.508556	1.01661	2.31569	8.0117
7280	-6157.861	-6177.587	19.72651	1.378031	26.70197	0.205851	0.56691	1.04238	2.18486	7.599142
7290	-6132.211	-6157.369	25.15883	1.796509	29.18936	0.267712	0.63147	1.06395	2.03687	7.416672
7300	-6139.483	-6167.683	28.20064	1.711212	28.80631	0.256185	0.620313	1.06074	2.06276	7.311931
7310	-6138.268	-6169.763	31.49561	1.10881	29.0333	0.158139	0.50718	1.01592	2.31876	7.198918
7320	-6180.198	-6193.905	13.7063	1.968156	30.5427	0.289444	0.651584	1.06917	1.9898	7.779115
7330	-6157.802	-6167.03	9.227353	1.461738	25.36001	0.219351	0.582061	1.04809	2.15049	7.980562
7340	-6156.886	-6178.002	21.11568	1.409356	28.17895	0.210974	0.572739	1.04462	2.17166	7.559472
7350	-6170.782	-6184.212	13.43023	1.069272	30.73905	0.150565	0.496627	1.01059	2.34222	7.782783
7360	-6187.768	-6198.141	10.37262	1.087129	26.24944	0.154003	0.50146	1.01306	2.33148	7.947337
7370	-6170.369	-6191.812	21.44322	1.199143	27.48228	0.174898	0.529394	1.0265	2.26921	7.544766
7380	-6143.287	-6161.595	18.30826	1.511486	28.80297	0.227091	0.590457	1.05109	2.13136	7.655371
7390	-6163.795	-6171.006	7.210686	1.103726	25.28704	0.157173	0.505853	1.01527	2.32171	8.058964
7400	-6166.467	-6182.725	16.25802	1.353911	30.009	0.201847	0.562285	1.04055	2.19532	7.70734
7410	-6136.997	-6164.461	27.46385	1.207568	27.83939	0.176422	0.531342	1.02738	2.26485	7.330718
7420	-6130.491	-6160.724	30.23319	1.249083	28.18532	0.183835	0.540661	1.03152	2.24398	7.23599
7430	-6159.145	-6179.999	20.85385	1.539031	31.52494	0.23129	0.594927	1.05263	2.12115	7.52367
7440	-6150.324	-6166.045	15.72083	1.089951	26.34138	0.154544	0.502214	1.01344	2.3298	7.744935
7450	-6146.819	-6168.293	21.47423	1.260163	31.64959	0.185787	0.543071	1.03257	2.23857	7.500955
7460	-6137.37	-6182.64	45.27002	1.02625	31.58217	0.142162	0.484502	1.00422	2.36912	6.749151
7470	-6144.77	-6187.855	43.08547	1.179179	28.03696	0.17126	0.524696	1.02433	2.27971	6.77571
7480	-6125.101	-6183.04	57.93849	0.856485	33.05421	0.107509	0.428919	0.971456	2.49212	6.358245
7490	-6170.727	-6209.132	38.40425	1.121719	30.9404	0.16058	0.510511	1.01757	2.31134	6.969881
7500	-6127.704	-6190.676	62.97172	1.029671	38.27961	0.142836	0.485492	1.00475	2.36692	6.17119
7510	-6132.876	-6185.531	52.6547	1.03072	34.02972	0.143042	0.485795	1.00491	2.36625	6.512694
7520	-6149.712	-6180.649	30.93659	1.211166	31.18857	0.177071	0.532168	1.02776	2.26301	7.208362
7530	-6142.641	-6187.442	44.80097	1.366607	28.30789	0.203961	0.564734	1.04152	2.18978	6.722745
7540	-6115.059	-6162.643	47.58326	0.9327789	33.35423	0.123354	0.455571	0.987903	2.43317	6.669044
7550	-6149.626	-6176.74	27.11385	1.213432	29.04706	0.177479	0.532686	1.02799	2.26185	7.349835
7560	-6161.229	-6180.542	19.31294	1.110264	29.29332	0.158415	0.507558	1.01611	2.31792	7.615784
7570	-6166.969	-6178.439	11.4692	1.302711	28.45805	0.193175	0.552045	1.03638	2.2184	7.89819
7580	-6174.587	-6183.486	8.89893	1.449019	27.11076	0.217338	0.579845	1.04728	2.15554	8.003657
7590	-6152.589	-6168.404	15.81549	1.416898	27.53136	0.212195	0.574113	1.04514	2.16855	7.749564
7600	-6156.67	-6171.468	14.79779	1.571893	27.45297	0.236218	0.600101	1.05438	2.1093	7.786589
7610	-6161.389	-6175.595	14.2061	1.37477	26.96436	0.205313	0.566292	1.04213	2.18626	7.807399
7620	-6157.697	-6177.088	19.39102	1.495448	31.43991	0.224618	0.587797	1.05015	2.13743	7.572273
7630	-6163.826	-6182.164	18.33862	1.435745	32.16389	0.215224	0.5775	1.04641	2.16086	7.585059
7640	-6165.853	-6189.182	23.32847	1.408007	30.07583	0.210755	0.572492	1.04453	2.17222	7.470881
7650	-6160.084	-6180.155	20.07092	1.514739	28.19974	0.22759	0.590991	1.05128	2.13014	7.596528
7660	-6158.915	-6177.265	18.35003	1.720217	28.86779	0.257426	0.621532	1.06111	2.05994	7.653339
7670	-6148.523	-6169.427	20.90359	1.566677	26.64955	0.235441	0.599291	1.05411	2.11116	7.554166
7680	-6158.946	-6181.718	22.77221	1.193706	28.97305	0.173911	0.528126	1.02592	2.27205	7.499688
7690	-6208.371	-6208.259	-0.1120339	1.666093	25.91436	0.249878	0.614055	1.05885	2.07722	8.348701
7700	-6161.475	-6189.283	27.80836	1.385043	28.78899	0.207005	0.568232	1.04289	2.18187	7.325502
7710	-6152.749	-6190.148	37.39961	1.1943	32.31766	0.174019	0.528265	1.02598	2.27174	6.990536
7720	-6116.992	-6158.323	41.33099	1.249864	28.72604	0.183973	0.540832	1.0316	2.2436	6.85456
7730	-6151.272	-6165.064	13.79183	1.339505	26.56738	0.199431	0.559463	1.03942	2.20169	7.82038
7740	-6155.424	-6185.373	29.94958	1.428109	28.71753	0.214	0.576136	1.04591	2.16396	7.250714
7750	-6161.26	-6177.476	16.21539	1.223871	29.86721	0.179352	0.535056	1.02905	2.25654	7.711579
7760	-6170.269	-6186.775	16.50641	1.337287	27.26572	0.199057	0.559024	1.03924	2.20268	7.723799
7770	-6156.957	-6180.598	23.64084	1.315038	28.77791	0.195285	0.554565	1.03742	2.21273	7.470286
7780	-6139.054	-6176.87	37.81598	1.208589	28.14274	0.176606	0.531577	1.02749	2.26433	6.966036
7790	-6154.133	-6182.465	28.33159	1.531057	31.57457	0.23008	0.593645	1.05219	2.12408	7.285612
7800	-6137.396	-6169.499	32.10365	1.305783	31.1622	0.193702	0.552677	1.03664	2.21698	7.171235
7810	-6153.599	-6172.164	18.56505	1.189568	27.55481	0.173158	0.527155	1.02547	2.27422	7.649781
7820	-6179.693	-6187.619	7.92575	1.840392	27.03788	0.273448	0.636892	1.06543	2.02423	8.03996
7830	-6160.139	-6175.107	14.96838	1.465884	28.76768	0.220004	0.582778	1.04835	2.14886	7.771773
7840	-6146.655	-6180.796	34.14034	1.048966	27.27229	0.146619	0.490991	1.00766	2.35473	7.077237
7850	-6172.408	-6194.969	22.56098	1.263878	28.37703	0.186438	0.543873	1.03292	2.23677	7.508436
7860	-6140.966	-6185.021	44.05456	1.056062	31.54994	0.148002	0.492978	1.0087	2.35032	6.787688
7870	-6136.837	-6169.462	32.62532	1.440942	32.07071	0.216053	0.578422	1.04676	2.15877	7.142392
7880	-6139.663	-6167.163	27.49981	1.251144	28.59791	0.184199	0.541111	1.03172	2.24297	7.335577
7890	-6166.749	-6181.593	14.84397	1.337837	27.85779	0.19915	0.559133	1.03929	2.20243	7.783949
7900	-6167.203	-6186.438	19.23511	1.512156	28.87659	0.227194	0.590567	1.05113	2.13111	7.622607
7910	-6157.64	-6178.407	20.76607	1.735908	30.26614	0.259575	0.623631	1.06172	2.05507	7.552951
7920	-6155.965	-6179.608	23.64317	1.445933	29.85215	0.216848	0.579302	1.04708	2.15677	7.463051
7930	-6141.198	-6184.379	43.18013	1.189243	32.60509	0.173098	0.527079	1.02544	2.27439	6.809333
7940	-6139.428	-6195.705	56.27697	1.134279	32.0862	0.162941	0.5137	1.01912	2.30424	6.405015
7950	-6139.364	-6176.674	37.30999	1.179374	30.02651	0.171295	0.524743	1.02436	2.27961	7.005871
7960	-6136.119	-6167.823	31.70466	1.272047	31.5189	0.187867	0.545622	1.03367	2.23284	7.179555
7970	-6105.545	-6171.767	66.2214	0.9347284	34.98905	0.123753	0.456214	0.988283	2.43175	6.114912
7980	-6136.631	-6179.78	43.14893	0.8459248	31.22463	0.105287	0.424987	0.968911	2.50082	6.816798
7990	-6128.373	-6184.038	55.66572	1.339092	32.64557	0.199362	0.559381	1.03939	2.20187	6.426506
8000	-6158.613	-6200.023	41.41044	1.003939	31.84978	0.137739	0.477933	1.00065	2.38368	6.869961
8010	-6114.913	-6184.636	69.72306	1.133195	33.53256	0.162738	0.513426	1.01899	2.30485	6.00709
8020	-6097.013	-6177.442	80.42893	0.832093	33.76917	0.102367	0.419741	0.965466	2.51243	5.692168
8030	-6105.365	-6174.687	69.32172	0.7482593	37.17035	0.0845121	0.385438	0.941518	2.58853	6.017234
8040	-6103.433	-6181.323	77.88967	0.9431106	38.3088	0.125468	0.458958	0.989895	2.42568	5.78128
8050	-6109.249	-6168.975	59.72579	0.7233356	33.83318	0.0791781	0.374336	0.933218	2.61327	6.305196
8060	-6131.479	-6194.464	62.98459	1.043322	35.9862	0.145516	0.489397	1.00682	2.35826	6.200886
8070	-6098.56	-6177.019	78.45888	0.7860587	40.0837	0.0925889	0.40146	0.953016	2.55294	5.749675
8080	-6125.593	-6164.33	38.73705	0.9616164	35.74498	0.129233	0.464903	0.993337	2.41253	6.881224
8090	-6127.401	-6176.423	49.02243	1.575564	27.99445	0.236763	0.600669	1.05457	2.108	6.562355
8100	-6127.368	-6160.375	33.00618	1.106783	35.70822	0.157754	0.506652	1.01566	2.31993	7.042694
8110	-6165.829	-6185.373	19.5437	1.207313	28.7408	0.176376	0.531283	1.02736	2.26499	7.612913
8120	-6148.961	-6189.799	40.83831	1.170687	30.7199	0.169701	0.522663	1.02339	2.28425	6.891124
8130	-6162.133	-6181.983	19.84977	1.541546	26.24422	0.23167	0.595329	1.05277	2.12023	7.586185
8140	-6161.822	-6183.779	21.95644	1.231836	28.74432	0.180775	0.536845	1.02985	2.25253	7.528951
8150	-6151.746	-6182.887	31.1413	1.442174	30.30472	0.21625	0.578639	1.04684	2.15827	7.209923
8160	-6157.101	-6200.711	43.60944	1.24373	30.12021	0.182888	0.539485	1.03101	2.24662	6.796965
8170	-6171.536	-6204.675	33.13838	1.18554	30.82124	0.172423	0.526205	1.02503	2.27634	7.141035
8180	-6158.757	-6190.262	31.50554	1.338305	30.61035	0.199229	0.559226	1.03932	2.20222	7.195832
8190	-6175.901	-6199.072	23.17075	1.478637	32.55389	0.222003	0.584961	1.04914	2.14389	7.424439
8200	-6186.098	-6196.718	10.62006	1.514133	27.45145	0.227498	0.590892	1.05124	2.13037	7.938775
8210	-6169.516	-6189.376	19.86034	1.67179	27.66674	0.250683	0.614859	1.0591	2.07536	7.603295
8220	-6158.582	-6177.201	18.61868	1.314163	28.51631	0.195135	0.554387	1.03735	2.21313	7.646635
8230	-6098.499	-6162.628	64.12841	1.06685	32.3112	0.150096	0.495962	1.01025	2.34369	6.163389
8240	-6132.136	-6182.979	50.84295	1.320421	29.0017	0.196202	0.555654	1.03787	2.21027	6.531646
8250	-6141.633	-6189.847	48.21363	0.9495516	31.18656	0.126781	0.461045	0.991111	2.42106	6.654397
8260	-6129.179	-6164.489	35.30997	1.158646	27.79706	0.167479	0.519744	1.02201	2.29077	7.047934
8270	-6137.173	-6167.265	30.09121	1.164865	30.56486	0.168628	0.521257	1.02273	2.28739	7.242456
8280	-6144.64	-6184.413	39.77334	1.32262	29.44809	0.196575	0.556097	1.03805	2.20928	6.9191
8290	-6136.719	-6179.678	42.95895	1.21396	29.78685	0.177574	0.532807	1.02804	2.26158	6.815284
8300	-6143.061	-6187.849	44.78791	1.566583	33.36053	0.235427	0.599277	1.0541	2.11119	6.752778
8310	-6139.32	-6181.104	41.78434	0.9238113	31.96226	0.121513	0.452589	0.986132	2.43977	6.857538
8320	-6128.859	-6176.73	47.87134	1.279332	32.19922	0.189136	0.547169	1.03433	2.22937	6.666797
8330	-6156.469	-6195.772	39.30349	1.52229	29.81334	0.228745	0.592225	1.0517	2.12733	6.938192
8340	-6164.475	-6185.884	21.40879	1.355962	31.13989	0.20219	0.562683	1.04071	2.19442	7.514925
8350	-6156.137	-6186.184	30.04745	1.140284	31.83372	0.164065	0.515206	1.01985	2.30088	7.227007
8360	-6150.582	-6184.052	33.47057	1.048191	28.13392	0.146468	0.490772	1.00755	2.35521	7.120297
8370	-6136.303	-6163.274	26.9715	1.259413	28.41677	0.185655	0.542909	1.0325	2.23893	7.353233
8380	-6151.256	-6174.086	22.83057	1.928655	28.25366	0.284607	0.647206	1.0681	2.00009	7.498781
8390	-6177.908	-6182.564	4.656152	1.364314	25.18099	0.203581	0.564295	1.04135	2.19078	8.158643
8400	-6206.664	-6196.907	-9.756521	1.796952	24.08711	0.26777	0.631525	1.06397	2.03674	8.732796
8410	-6195.716	-6192.113	-3.603345	1.977321	24.30474	0.290552	0.65258	1.06941	1.98746	8.480688
8420	-6219.509	-6204.492	-15.01762	1.677065	22.06695	0.251426	0.615601	1.05932	2.07365	8.919649
8430	-6171.72	-6181.02	9.300185	1.496257	27.91865	0.224744	0.587932	1.0502	2.13712	7.982233
8440	-6166.909	-6190.299	23.39083	1.535721	26.06828	0.230788	0.594396	1.05245	2.12236	7.446387
8450	-6148.174	-6178.613	30.43836	1.414179	27.02586	0.211755	0.573619	1.04496	2.16967	7.207019
8460	-6164.167	-6172.773	8.606185	1.86429	26.18301	0.276518	0.63976	1.06619	2.01753	8.014279
8470	-6152.805	-6161.736	8.931298	1.536081	25.70082	0.230843	0.594454	1.05247	2.12223	7.997353
8480	-6172.081	-6174.923	2.842385	1.696414	26.10911	0.254133	0.618289	1.06014	2.06744	8.234579
8490	-6155.665	-6172.003	16.33824	1.320746	25.01007	0.196257	0.55572	1.0379	2.21013	7.689032
8500	-6148.946	-6176.377	27.43135	1.494791	33.41449	0.224517	0.587687	1.05011	2.13768	7.271575
8510	-6151.687	-6178.953	27.26615	1.506424	31.98901	0.226313	0.589622	1.0508	2.13327	7.311213
8520	-6127.649	-6180.998	53.34971	1.000313	30.4542	0.137016	0.476846	1.00005	2.38609	6.479696
8530	-6133.055	-6191.123	58.06726	1.128938	33.88674	0.161939	0.51235	1.01846	2.30725	6.354081
8540	-6124.616	-6180.389	55.77367	0.8087048	33.4199	0.0974097	0.410615	0.959338	2.53264	6.423359
8550	-6140.342	-6179.312	38.96988	0.9794321	31.19548	0.132832	0.470481	0.996507	2.40018	6.950761
8560	-6166.73	-6187.312	20.58199	1.116289	28.46596	0.159555	0.509117	1.01688	2.31445	7.577948
8570	-6163.124	-6189.3	26.17665	1.813831	30.19268	0.269991	0.633635	1.06455	2.03183	7.374986
8580	-6154.614	-6191.727	37.11313	1.498767	32.05782	0.225132	0.588351	1.05035	2.13617	7.002607
8590	-6152.403	-6195.625	43.2221	1.101141	31.45828	0.156681	0.505175	1.01493	2.32322	6.814256
8600	-6155.291	-6178.261	22.97001	1.329965	25.86816	0.197821	0.557569	1.03865	2.20596	7.456567
8610	-6173.949	-6198.56	24.61055	1.508667	30.60045	0.226658	0.589993	1.05093	2.13242	7.421233
8620	-6173.267	-6183.822	10.5548	1.13653	29.6728	0.163363	0.514266	1.01939	2.30298	7.905983
8630	-6162.366	-6186.262	23.89611	1.045101	29.70728	0.145864	0.4899	1.00709	2.35715	7.456044
8640	-6168.175	-6188.283	20.10819	1.727902	26.60294	0.258481	0.622564	1.06141	2.05755	7.58324
8650	-6151.663	-6180.057	28.39448	1.291475	28.12431	0.19124	0.549718	1.03541	2.22364	7.300626
8660	-6147.192	-6171.809	24.61677	0.9496159	31.3277	0.126794	0.461066	0.991123	2.42102	7.408308
8670	-6164.788	-6206.875	42.08653	1.291377	31.27486	0.191223	0.549698	1.0354	2.22368	6.850754
8680	-6167.314	-6189.76	22.44549	1.474274	34.26177	0.221321	0.584217	1.04887	2.14559	7.392387
8690	-6159.325	-6177.612	18.28743	1.57814	29.23871	0.237145	0.601066	1.0547	2.10709	7.65148
8700	-6166.766	-6190.572	23.80622	1.308717	27.77464	0.194205	0.553277	1.03689	2.21563	7.461604
8710	-6184.642	-6195.831	11.18882	1.493435	27.64583	0.224307	0.58746	1.05003	2.1382	7.916872
8720	-6152.63	-6199.554	46.92365	1.24052	31.08035	0.182319	0.538776	1.0307	2.24821	6.695287
8730	-6149.867	-6176.522	26.65466	1.572692	31.1267	0.236337	0.600225	1.05442	2.10902	7.346681
8740	-6153.101	-6188.023	34.92141	1.404477	29.58177	0.210182	0.571844	1.04428	2.17369	7.084477
8750	-6147.382	-6191.92	44.53882	1.069469	32.74085	0.150603	0.496681	1.01062	2.3421	6.766564
8760	-6172.609	-6207.949	35.34002	1.216884	30.9266	0.178099	0.533473	1.02834	2.26008	7.069002
8770	-6171.177	-6201.988	30.81121	1.27522	31.30595	0.18842	0.546298	1.03396	2.23133	7.210868
8780	-6165.713	-6184.034	18.3214	1.002085	28.66034	0.13737	0.477378	1.00034	2.38491	7.656073
8790	-6154.767	-6182.559	27.79229	1.28217	29.06408	0.189629	0.547768	1.03458	2.22802	7.326485
8800	-6156.021	-6197.823	41.80182	0.8481436	35.80301	0.105754	0.425818	0.969451	2.49898	6.794067
8810	-6121.725	-6176.915	55.18992	0.9297754	33.31225	0.122738	0.454576	0.987314	2.43537	6.441076
8820	-6116.904	-6168.309	51.40494	1.316369	30.39969	0.195512	0.554835	1.03753	2.21212	6.542741
8830	-6109.955	-6171.189	61.23456	0.9321261	31.43899	0.12322	0.455355	0.987775	2.43365	6.241353
8840	-6111.064	-6173.566	62.50171	0.9413208	34.07763	0.125102	0.458375	0.989553	2.42697	6.22334
8850	-6142.274	-6176.053	33.77936	1.502	26.72862	0.225631	0.588889	1.05054	2.13494	7.073779
8860	-6158.416	-6176.703	18.2872	1.499626	26.90656	0.225265	0.588494	1.0504	2.13584	7.655457
8870	-6156.055	-6181.827	25.77182	1.295109	29.73795	0.191867	0.550474	1.03572	2.22194	7.392673
8880	-6160.493	-6203.074	42.58052	1.361939	30.38794	0.203186	0.563838	1.04117	2.19181	6.832955
8890	-6139.526	-6175.209	35.68355	1.358636	29.76918	0.202636	0.5632	1.04092	2.19325	7.059477
8900	-6168.974	-6194.407	25.4338	1.106835	30.84181	0.157764	0.506666	1.01567	2.3199	7.390685
8910	-6149.398	-6165.183	15.78547	1.301051	25.58582	0.19289	0.551703	1.03624	2.21917	7.727923
8920	-6155.398	-6184.556	29.15802	1.564224	34.64956	0.235075	0.598909	1.05398	2.11204	7.184823
8930	-6157.936	-6171.561	13.62469	2.013559	29.13163	0.294888	0.656448	1.07033	1.97834	7.812815
8940	-6184.24	-6190.473	6.23281	1.365471	26.63862	0.203773	0.564517	1.04144	2.19027	8.104708
8950	-6180.772	-6199.417	18.64467	1.669899	28.84248	0.250416	0.614593	1.05902	2.07598	7.643355
8960	-6203.51	-6190.439	-13.07113	1.682152	22.71146	0.25214	0.616312	1.05954	2.07201	8.852746
8970	-6211.49	-6206.306	-5.183697	1.42263	25.54217	0.213119	0.57515	1.04554	2.1662	8.547793
8980	-6180.988	-6180.804	-0.1836037	1.21294	25.31604	0.17739	0.532574	1.02794	2.2621	8.351497
8990	-6179.199	-6179.003	-0.1960087	1.989968	24.67582	0.292074	0.653943	1.06974	1.98425	8.346541
9000	-6171.201	-6178.766	7.564739	1.287053	24.66074	0.190475	0.548794	1.03502	2.22571	8.031638
9010	-6191.489	-6192.803	1.313754	1.278169	23.66631	0.188934	0.546923	1.03422	2.22992	8.260771
9020	-6180.585	-6177.355	-3.230385	1.57626	22.04098	0.236866	0.600777	1.0546	2.10775	8.383907
9030	-6183.336	-6177.373	-5.962698	1.51032	25.70028	0.226912	0.590265	1.05102	2.1318	8.576873
9040	-6188.654	-6185.215	-3.438387	1.386023	26.37153	0.207166	0.568416	1.04296	2.18146	8.471863
9050	-6181.688	-6177.542	-4.146103	1.548448	24.5054	0.232711	0.596427	1.05314	2.11772	8.505235
9060	-6205.544	-6198.184	-7.360338	1.516075	28.39154	0.227795	0.59121	1.05135	2.12964	8.562321
9070	-6209.524	-6206.231	-3.29289	1.488972	25.34753	0.223614	0.58671	1.04977	2.13991	8.47428
9080	-6172.865	-6176.534	3.66862	1.567468	25.14548	0.235559	0.599414	1.05415	2.11088	8.197429
9090	-6188.374	-6197.038	8.663608	1.431185	27.2801	0.214494	0.576686	1.04611	2.16271	8.011347
9100	-6161.511	-6174.732	13.22169	1.148994	27.3806	0.165688	0.517371	1.02088	2.29606	7.844148
9110	-6157.096	-6184.065	26.96885	1.233124	26.60247	0.181004	0.537133	1.02997	2.25189	7.325336
9120	-6172.96	-6173.468	0.5077584	2.024337	28.63298	0.296163	0.657577	1.07059	1.97567	8.278412
9130	-6157.759	-6168.461	10.7026	1.424003	26.02775	0.21334	0.575398	1.04563	2.16563	7.932691
9140	-6166.784	-6172.982	6.197915	1.517256	30.64892	0.227976	0.591404	1.05142	2.1292	8.021249
9150	-6184.386	-6188.314	3.927324	1.649274	26.72899	0.247489	0.611654	1.05811	2.08275	8.190633
9160	-6175.833	-6178.241	2.408346	1.535963	23.90783	0.230825	0.594435	1.05247	2.12227	8.222523
9170	-6145.089	-6168.098	23.00878	1.404509	25.50082	0.210187	0.57185	1.04428	2.17368	7.442512
9180	-6174.847	-6183.899	9.051869	1.592942	25.11476	0.23933	0.603329	1.05544	2.1019	7.982695
9190	-6179.369	-6181.868	2.499078	1.611266	25.88949	0.24201	0.606087	1.05634	2.09556	8.247935
9200	-6185.555	-6177.309	-8.245501	1.687429	23.51281	0.252879	0.617047	1.05976	2.07031	8.661953
9210	-6177.657	-6197.798	20.14061	1.231208	30.24114	0.180663	0.536705	1.02978	2.25285	7.574058
9220	-6167.38	-6206.789	39.40887	1.06547	30.18034	0.149829	0.495583	1.01005	2.34453	6.936678
9230	-6148.445	-6207.731	59.28582	0.9266811	31.22602	0.122102	0.453548	0.986703	2.43765	6.300021
9240	-6140.317	-6180.829	40.51142	0.963062	30.80261	0.129526	0.46536	0.993599	2.41151	6.901812
9250	-6154.501	-6161.75	7.248986	1.513786	28.75647	0.227444	0.590835	1.05122	2.1305	8.040352
9260	-6197.487	-6194.856	-2.630586	1.294888	27.19446	0.191829	0.550428	1.0357	2.22204	8.427198
9270	-6178.101	-6188.51	10.40956	1.213445	27.16357	0.177481	0.532689	1.02799	2.26184	7.947785
9280	-6176.753	-6194.187	17.43373	1.220436	28.87787	0.178737	0.53428	1.0287	2.25828	7.684975
9290	-6194.374	-6186.943	-7.431143	1.539205	25.4536	0.231316	0.594955	1.05264	2.12109	8.636642
9300	-6203.782	-6192.587	-11.19493	1.885072	21.91521	0.279159	0.642208	1.06683	2.0118	8.739409
9310	-6166.601	-6178.762	12.1615	1.092139	29.14042	0.154963	0.502796	1.01373	2.32851	7.862877
9320	-6173.252	-6195.96	22.7081	1.821964	28.05806	0.271055	0.63464	1.06482	2.02948	7.502593
9330	-6126.527	-6184.652	58.12438	1.147169	30.18124	0.165348	0.51692	1.02067	2.29706	6.316578
9340	-6133.469	-6175.205	41.73632	1.394455	30.80594	0.208548	0.569991	1.04357	2.17789	6.862051
9350	-6181.492	-6198.561	17.0693	1.122879	27.43142	0.160799	0.510808	1.01771	2.31068	7.703787
9360	-6152.389	-6172.179	19.7898	1.1196	32.36207	0.160181	0.509968	1.0173	2.31255	7.534112
9370	-6155.685	-6179.259	23.57448	1.18521	28.61812	0.172363	0.526127	1.025	2.27651	7.472823
9380	-6180.492	-6182.984	2.492106	1.173975	25.72961	0.170305	0.523453	1.02376	2.28249	8.247974
9390	-6158.784	-6173.503	14.71823	1.684319	30.12357	0.252444	0.616614	1.05963	2.07131	7.756085
9400	-6160.809	-6178.298	17.48884	1.229513	30.54524	0.180361	0.536325	1.02962	2.2537	7.655214
9410	-6177.202	-6195.584	18.38174	1.67575	28.18406	0.25124	0.615416	1.05927	2.07408	7.656477
9420	-6168.691	-6182.944	14.25281	1.541578	28.14191	0.231674	0.595334	1.05277	2.12022	7.803316
9430	-6142.38	-6179.492	37.11229	1.239449	33.13636	0.182129	0.538539	1.03059	2.24874	6.986891
9440	-6132.64	-6185.003	52.36309	1.132936	34.17471	0.162689	0.513361	1.01895	2.305	6.519993
9450	-6146.534	-6193.378	46.84492	1.156771	32.38885	0.167132	0.519285	1.02179	2.29179	6.697988
9460	-6155.326	-6191.304	35.9781	1.515881	29.58446	0.227765	0.591179	1.05134	2.12972	7.04877
9470	-6116.322	-6165.326	49.00394	1.012385	35.71619	0.139418	0.480443	1.00202	2.37812	6.594533
9480	-6134.727	-6177.129	42.40178	0.9786598	30.47364	0.132676	0.470242	0.996372	2.40071	6.83928
9490	-6140.223	-6172.387	32.16438	1.341061	29.78076	0.199693	0.55977	1.03954	2.20099	7.177683
9500	-6157.483	-6186.386	28.90311	1.203581	30.50362	0.175701	0.530422	1.02696	2.26691	7.281948
9510	-6146.074	-6184.244	38.17045	1.388644	30.87209	0.207596	0.568907	1.04315	2.18034	6.97764
9520	-6177.462	-6197.891	20.42958	1.296476	29.07287	0.192103	0.550758	1.03584	2.2213	7.579738
9530	-6139.132	-6173.206	34.07396	1.436424	30.46608	0.215332	0.57762	1.04646	2.16059	7.112591
9540	-6154.208	-6163.298	9.0895	1.78134	26.25859	0.265699	0.629547	1.06341	2.04134	7.99627
9550	-6184.988	-6197.031	12.04265	1.701559	27.38236	0.254848	0.618996	1.06035	2.0658	7.887204
9560	-6165.213	-6184.236	19.02276	1.518372	30.52912	0.228147	0.591586	1.05148	2.12878	7.60533
9570	-6139.314	-6179.874	40.56028	1.097108	30.26392	0.155912	0.504113	1.0144	2.32558	6.898936
9580	-6170.744	-6208.844	38.09934	1.30385	30.7669	0.193371	0.55228	1.03648	2.21787	6.980196
9590	-6155.687	-6183.134	27.44651	1.03686	32.83985	0.144249	0.487557	1.00585	2.36234	7.286171
9600	-6165.765	-6204.089	38.32433	1.276954	32.19989	0.188722	0.546665	1.03411	2.2305	6.963287
9610	-6122.861	-6172.623	49.76196	1.120427	33.26814	0.160337	0.51018	1.0174	2.31208	6.604317
9620	-6131.869	-6176.205	44.3356	1.328919	33.70531	0.197644	0.55736	1.03857	2.20643	6.761883
9630	-6143.61	-6196.803	53.19278	1.289729	32.73887	0.190938	0.549354	1.03525	2.22446	6.502248
9640	-6147.859	-6182.27	34.4118	1.206829	26.6577	0.176288	0.531172	1.0273	2.26523	7.047579
9650	-6152.949	-6179.133	26.18369	1.088506	28.34898	0.154267	0.501828	1.01325	2.33066	7.380634
9660	-6161.689	-6164.872	3.183131	1.594815	28.63852	0.239605	0.603613	1.05554	2.10125	8.184832
9670	-6166.737	-6178.073	11.33606	1.583525	29.12795	0.237942	0.601894	1.05497	2.10519	7.891449
9680	-6129.778	-6185.296	55.51763	1.200874	31.3457	0.175211	0.529796	1.02668	2.26831	6.422144
9690	-6102.973	-6160.624	57.65098	1.006459	34.90978	0.138241	0.478685	1.00106	2.38201	6.360525
9700	-6138.183	-6179.672	41.48918	1.099234	30.44069	0.156318	0.504674	1.01468	2.32433	6.869096
9710	-6150.052	-6183.479	33.42648	1.354845	34.44843	0.202003	0.562466	1.04062	2.19491	7.067022
9720	-6145.29	-6186.943	41.65329	1.110864	32.49509	0.158528	0.507714	1.01619	2.31757	6.857272
9730	-6159.718	-6193.641	33.92373	1.457478	29.83134	0.218678	0.581322	1.04782	2.15218	7.118655
9740	-6163.332	-6199.415	36.08274	1.307758	30.85452	0.194041	0.553081	1.03681	2.21607	7.045349
9750	-6134.12	-6163.362	29.24171	0.9530863	33.09306	0.127501	0.462182	0.99177	2.41855	7.225474
9760	-6131.036	-6184.243	53.20773	1.325776	31.79925	0.197111	0.556731	1.03831	2.20785	6.499268
9770	-6156.802	-6187.849	31.04713	1.425462	33.25711	0.213575	0.57566	1.04573	2.16504	7.167121
9780	-6134.478	-6170.944	36.46568	1.167908	29.23539	0.169189	0.521993	1.02307	2.28575	7.029731
9790	-6160.319	-6194.697	34.37814	1.132223	29.21569	0.162556	0.513181	1.01887	2.3054	7.101006
9800	-6141.081	-6188.249	47.1675	1.19452	32.55	0.174058	0.528316	1.026	2.27162	6.687319
9810	-6139.803	-6174.887	35.08394	1.079476	35.27947	0.152533	0.499403	1.01201	2.33605	6.996835
9820	-6148.956	-6191.49	42.53349	1.231004	27.14583	0.180626	0.536659	1.02976	2.25295	6.764455
9830	-6139.813	-6170.428	30.61532	1.211442	33.24161	0.17712	0.532231	1.02778	2.26286	7.180475
9840	-6155.881	-6188.325	32.44409	1.165653	27.38222	0.168774	0.521448	1.02282	2.28696	7.142142
9850	-6175.799	-6190.599	14.80038	1.330323	26.54139	0.197881	0.55764	1.03868	2.2058	7.782159
9860	-6172.174	-6179.122	6.948346	1.998614	25.6525	0.293109	0.654866	1.06995	1.98207	8.074029
9870	-6170.195	-6170.905	0.7103793	1.628768	28.7331	0.244547	0.608675	1.05717	2.08961	8.268421
9880	-6209.321	-6199.378	-9.943042	1.566377	25.23421	0.235397	0.599245	1.05409	2.11127	8.737885
9890	-6156.032	-6170.253	14.22027	1.346498	26.40674	0.200606	0.560838	1.03997	2.19858	7.802648
9900	-6167.729	-6177.59	9.860883	1.496526	27.04895	0.224785	0.587977	1.05022	2.13702	7.96836
9910	-6172.294	-6201.855	29.56133	1.527164	28.19095	0.229488	0.593016	1.05198	2.12552	7.25989
9920	-6147.59	-6192.479	44.88952	1.345557	31.52336	0.200448	0.560654	1.0399	2.199	6.761237
9930	-6147.021	-6187.383	40.36173	1.241042	31.24948	0.182412	0.538891	1.03075	2.24795	6.905986
9940	-6158.399	-6194.15	35.75081	1.861783	31.92517	0.276198	0.639462	1.06611	2.01823	7.046762
9950	-6144.63	-6167.013	22.38267	1.463648	27.20577	0.219652	0.582392	1.04821	2.14974	7.507548
9960	-6168.387	-6178.137	9.749647	1.368064	28.324	0.204203	0.565013	1.04163	2.18915	7.960719
9970	-6166.687	-6178.016	11.3289	1.358004	24.43562	0.20253	0.563078	1.04087	2.19352	7.871241
9980	-6189.67	-6193.474	3.803764	1.311554	25.52015	0.19469	0.553856	1.03713	2.21432	8.195769
9990	-6170.224	-6172.102	1.877339	1.822549	27.92311	0.271131	0.634712	1.06484	2.02932	8.24801
10000	-6164.648	-6172.653	8.004628	1.629487	25.17088	0.24465	0.608781	1.0572	2.08937	8.025476
