Iteration	Posterior	Likelihood	Prior	br_len_lambda	tree_length
0	-6371.332	-6382.369	11.03702	23.31816	8.324656
10	-6357.759	-6374.746	16.98698	24.68117	8.11688
20	-6349.391	-6371.912	22.52137	32.01614	7.818444
30	-6352.815	-6360.448	7.632557	24.72142	8.496167
40	-6319.86	-6353.086	33.2266	28.49418	7.538144
50	-6333.656	-6363.783	30.12771	27.5632	7.648006
60	-6312.724	-6343.713	30.98829	27.46539	7.616276
70	-6312.167	-6345.264	33.09635	27.39268	7.538873
80	-6314.737	-6347.966	33.22845	28.35526	7.538244
90	-6324.822	-6355.393	30.57129	29.54096	7.621291
100	-6334.099	-6358.81	24.71181	25.17173	7.819139
110	-6316.336	-6329.111	12.77449	24.07091	8.274952
120	-6314.28	-6330.212	15.93178	28.18548	8.151866
130	-6312.615	-6323.36	10.74488	26.32585	8.371054
140	-6310.101	-6327.982	17.88124	32.10744	7.959585
150	-6305.087	-6323.319	18.23222	26.15975	8.086272
160	-6321.074	-6338.327	17.25292	28.71191	8.093869
170	-6324.165	-6339.034	14.86869	28.01608	8.193188
180	-6335.06	-6354.651	19.59063	26.99588	8.034539
190	-6323.509	-6334.661	11.15243	23.75609	8.334178
200	-6304.622	-6319.94	15.31772	26.39369	8.197123
210	-6287.147	-6323.089	35.94167	28.92772	7.442635
220	-6300.278	-6329.235	28.95642	25.37849	7.657146
230	-6307.741	-6331.318	23.57687	25.63095	7.874217
240	-6298.416	-6340.726	42.3099	27.54678	7.20571
250	-6291.36	-6329.261	37.90173	27.82969	7.36923
260	-6318.816	-6340.27	21.45381	26.26233	7.963872
270	-6292.225	-6313.388	21.16339	26.75036	7.976526
280	-6317.204	-6337.29	20.08636	24.89026	7.996717
290	-6314.49	-6325.937	11.44732	25.4846	8.347333
300	-6304.161	-6320.581	16.42012	30.47528	8.069616
310	-6297.359	-6321.099	23.73924	26.17693	7.875949
320	-6298.134	-6331.827	33.69299	27.96245	7.52108
330	-6295.665	-6330.97	35.30538	28.32254	7.464924
340	-6286.702	-6315.768	29.06595	30.274	7.658948
350	-6299.474	-6322.108	22.63416	25.45794	7.907856
360	-6306.26	-6324.612	18.35234	29.08162	8.046974
370	-6320.222	-6342.177	21.95485	27.52215	7.944808
380	-6317.866	-6329.506	11.64011	28.38359	8.298817
390	-6320.604	-6339.548	18.94392	25.12229	8.047375
400	-6310.159	-6338.243	28.0838	25.73445	7.700907
410	-6303.491	-6325.869	22.37817	25.28756	7.914452
420	-6315.247	-6336.809	21.56225	24.04292	7.908717
430	-6329.159	-6339.881	10.72231	22.30036	8.289554
440	-6321.629	-6336.793	15.1643	27.68496	8.188846
450	-6287.782	-6323.442	35.6594	29.28394	7.450835
460	-6296.612	-6329.479	32.86647	26.80157	7.539874
470	-6311.817	-6330.426	18.60885	27.13654	8.069976
480	-6303.201	-6326.126	22.92501	29.44691	7.882219
490	-6322.655	-6330.091	7.436158	21.52518	8.387997
500	-6323.334	-6336.164	12.83077	25.80128	8.29363
510	-6350.659	-6356.938	6.278419	22.70054	8.507243
520	-6296.02	-6329.415	33.39577	27.8135	7.531061
530	-6297.632	-6320.746	23.11396	27.02826	7.90403
540	-6303.423	-6322.445	19.02214	25.369	8.048448
550	-6301.855	-6326.003	24.14745	27.10811	7.865866
560	-6329.79	-6354.861	25.07082	28.47668	7.824577
570	-6309.054	-6335.675	26.62099	25.48856	7.752027
580	-6304.559	-6327.184	22.62453	27.54515	7.920336
590	-6316.068	-6338.592	22.52437	26.46921	7.924539
600	-6313.477	-6342.959	29.48226	28.48207	7.669629
610	-6285.546	-6312.168	26.62195	29.6287	7.753345
620	-6320.061	-6341.656	21.59527	27.36029	7.958921
630	-6289.455	-6313.185	23.72995	27.67825	7.87949
640	-6290.95	-6317.721	26.77114	32.72558	7.661424
650	-6313.483	-6327.813	14.33004	22.19741	8.120747
660	-6298.768	-6330.042	31.27402	27.38962	7.605378
670	-6289.044	-6315.159	26.11519	27.32313	7.793699
680	-6302.747	-6326.722	23.97571	30.94067	7.808306
690	-6305.245	-6338.973	33.72847	29.19026	7.5175
700	-6333.254	-6349.858	16.6043	30.88797	8.048533
710	-6306.231	-6330.252	24.02097	23.24754	7.76347
720	-6317.863	-6348.229	30.36591	26.88601	7.634194
730	-6307.668	-6330.657	22.98901	27.06238	7.908639
740	-6300.574	-6310.62	10.04614	28.97777	8.336134
750	-6322.289	-6340.8	18.51157	26.11726	8.075426
760	-6312.903	-6329.352	16.4487	26.37731	8.154306
770	-6298.614	-6330.791	32.17734	28.20368	7.57548
780	-6319.352	-6343.298	23.94604	26.69531	7.87225
790	-6311.906	-6330.415	18.509	26.90084	8.075128
800	-6288.265	-6317.512	29.24677	29.46114	7.667327
810	-6284.846	-6307.004	22.15811	24.83781	7.912015
820	-6309.33	-6325.476	16.14597	25.21903	8.160059
830	-6307.173	-6317.77	10.59727	27.82834	8.35039
840	-6297.793	-6327.39	29.59643	27.30776	7.666204
850	-6300.602	-6322.941	22.33932	25.7242	7.923974
860	-6318.664	-6327.611	8.947383	28.43651	8.392039
870	-6311.197	-6336.306	25.10925	29.89046	7.798749
880	-6291.588	-6315.316	23.72764	29.14623	7.860942
890	-6298.848	-6329.55	30.70197	29.89486	7.61157
900	-6287.615	-6313.088	25.47324	27.7291	7.816301
910	-6286.959	-6320.32	33.3612	27.02225	7.524815
920	-6310.598	-6332.086	21.48795	27.47461	7.962114
930	-6295.188	-6322.238	27.05041	29.29225	7.744686
940	-6293.731	-6326.09	32.35942	28.61825	7.568147
950	-6313.727	-6333.53	19.8037	23.35521	7.950657
960	-6284.45	-6316.129	31.67861	29.8663	7.579331
970	-6287.79	-6316.294	28.50445	27.77693	7.706958
980	-6296.828	-6317.576	20.74773	28.93324	7.967759
990	-6309.722	-6327.379	17.6567	26.35781	8.108511
1000	-6306.321	-6327.777	21.45625	26.33068	7.964205
1010	-6315.915	-6340.548	24.63247	25.4187	7.828466
1020	-6296.204	-6315.049	18.84531	26.20707	8.063018
1030	-6296.508	-6330.297	33.78859	27.52069	7.514823
1040	-6274.031	-6304.396	30.36503	27.45459	7.638915
1050	-6287.935	-6319.233	31.29768	28.69899	7.604787
1060	-6298.248	-6322.977	24.72932	27.26609	7.844464
1070	-6300.497	-6319.953	19.45556	29.14703	8.007497
1080	-6294.541	-6323.616	29.07485	28.11438	7.685827
1090	-6284.309	-6317.086	32.77759	27.99676	7.553907
1100	-6302.644	-6327.959	25.31449	28.79643	7.81193
1110	-6307.886	-6333.308	25.42181	28.67172	7.809885
1120	-6298.155	-6336.913	38.75753	30.55119	7.335755
1130	-6295.69	-6324.87	29.18051	28.55804	7.679688
1140	-6304.979	-6318.626	13.64719	27.01556	8.254448
1150	-6309.211	-6331.731	22.51971	27.28379	7.925441
1160	-6304.972	-6332.381	27.40918	26.38901	7.73894
1170	-6284.95	-6317.701	32.75139	28.99327	7.552488
1180	-6309.705	-6324.033	14.3278	25.18183	8.231773
1190	-6295.928	-6325.551	29.62389	31.50439	7.611239
1200	-6309.888	-6332.918	23.03027	27.34987	7.906511
1210	-6297.847	-6324.587	26.74046	33.9875	7.614237
1220	-6301.578	-6324.352	22.77475	26.81176	7.916429
1230	-6321.3	-6328.788	7.488029	27.42978	8.472807
1240	-6279.811	-6305.671	25.86006	26.13098	7.794265
1250	-6294.418	-6320.418	25.99961	25.46908	7.775933
1260	-6303.528	-6326.676	23.14794	25.64008	7.891114
1270	-6292.289	-6323.114	30.82482	25.15075	7.575513
1280	-6338.776	-6345.41	6.633621	25.01313	8.537394
1290	-6295.092	-6321.141	26.04884	25.26153	7.768578
1300	-6315.292	-6335.582	20.29065	26.06972	8.006969
1310	-6266.462	-6299.973	33.51072	28.63207	7.52788
1320	-6290.35	-6320.633	30.28305	28.11728	7.642847
1330	-6314.183	-6341.359	27.17611	29.76292	7.732117
1340	-6301.137	-6330.502	29.36532	27.26895	7.674452
1350	-6300.399	-6326.961	26.56236	28.01315	7.775814
1360	-6291.739	-6313.195	21.45588	28.49542	7.951216
1370	-6293.819	-6314.34	20.52077	26.03669	7.997878
1380	-6316.097	-6323.644	7.547361	25.16552	8.501033
1390	-6327.348	-6332.213	4.864521	27.98503	8.551306
1400	-6296.754	-6326.961	30.20765	27.02692	7.641562
1410	-6301.693	-6323.928	22.23573	23.84441	7.871833
1420	-6310.264	-6324.972	14.70765	27.81107	8.203015
1430	-6302.629	-6331.892	29.26258	33.92362	7.54246
1440	-6284.333	-6314.376	30.04297	28.53782	7.649613
1450	-6281.257	-6314.785	33.52726	27.32452	7.522439
1460	-6295.564	-6323.623	28.05936	28.91999	7.71521
1470	-6275.382	-6299.789	24.40683	31.26791	7.784394
1480	-6310.817	-6331.075	20.25775	27.99399	8.001133
1490	-6291.794	-6315.955	24.16111	23.78242	7.787943
1500	-6302.988	-6327.75	24.76176	31.29085	7.77233
1510	-6273.596	-6298.299	24.70283	24.7525	7.806726
1520	-6286.14	-6306.388	20.24724	27.33373	8.008385
1530	-6277.186	-6306.217	29.03027	28.07665	7.687537
1540	-6288.322	-6318.801	30.47888	28.12381	7.635871
1550	-6282.826	-6307.581	24.7555	27.53788	7.842997
1560	-6311.837	-6325.941	14.10377	26.41263	8.24301
1570	-6274.485	-6304.801	30.31584	29.0915	7.635493
1580	-6279.463	-6303.979	24.51619	26.92921	7.851909
1590	-6288.135	-6309.697	21.56157	30.25936	7.907252
1600	-6316.024	-6325.998	9.973795	21.777	8.289127
1610	-6271.881	-6297.441	25.55989	29.01922	7.800125
1620	-6284.505	-6318.878	34.37218	27.80002	7.495868
1630	-6288.739	-6313.831	25.09217	26.74712	7.829639
1640	-6279.112	-6309.724	30.612	25.81704	7.604884
1650	-6279.522	-6300.398	20.87585	26.56972	7.98709
1660	-6289.556	-6314.502	24.94636	28.80889	7.824532
1670	-6292.063	-6316.055	23.99131	25.52872	7.856032
1680	-6286.761	-6307.215	20.45412	25.11465	7.987099
1690	-6290.887	-6320.478	29.59166	27.66675	7.66769
1700	-6277.684	-6302.992	25.30758	26.41855	7.818887
1710	-6312.412	-6333.794	21.38133	27.42736	7.966319
1720	-6307.667	-6319.009	11.34201	23.27911	8.310087
1730	-6297.764	-6331.233	33.46861	28.17952	7.529664
1740	-6288.934	-6322.602	33.66844	29.056	7.520479
1750	-6288.206	-6314.185	25.97925	34.62198	7.610015
1760	-6304.177	-6324.885	20.7083	27.87664	7.986493
1770	-6293.865	-6323.81	29.9446	25.91225	7.633074
1780	-6276.55	-6306.081	29.53134	27.80833	7.67
1790	-6262.25	-6295.786	33.53525	29.93911	7.516209
1800	-6289.556	-6309.628	20.07221	23.3071	7.936585
1810	-6315.275	-6317.648	2.373136	22.72116	8.679971
1820	-6324.488	-6345.417	20.92909	27.49149	7.982324
1830	-6291.725	-6316.512	24.78708	26.8396	7.841502
1840	-6304.436	-6321.45	17.014	29.21353	8.089474
1850	-6305.414	-6318.669	13.25551	27.77855	8.255904
1860	-6299.419	-6321.383	21.9632	27.41296	7.945187
1870	-6285.839	-6309.948	24.10863	30.68431	7.8115
1880	-6283.718	-6307.902	24.18363	24.61499	7.822984
1890	-6302.704	-6309.763	7.059226	22.787	8.476475
1900	-6294.512	-6318.397	23.88482	26.27848	7.871468
1910	-6309.448	-6328.304	18.85616	26.0045	8.06162
1920	-6299.116	-6317.103	17.98693	28.88104	8.064421
1930	-6288	-6304.532	16.53198	28.15476	8.131178
1940	-6259.486	-6288.831	29.34459	29.58727	7.662104
1950	-6291.476	-6314.644	23.16872	27.99605	7.897127
1960	-6297.063	-6312.966	15.90237	23.97337	8.141868
1970	-6299.622	-6312.105	12.48269	24.10823	8.288009
1980	-6303.188	-6322.674	19.48647	25.01187	8.023523
1990	-6291.233	-6317.913	26.68085	30.26764	7.73788
2000	-6277.364	-6302.822	25.45809	27.76038	7.816708
2010	-6283.843	-6314.367	30.52375	24.82663	7.574734
2020	-6314.963	-6329.068	14.10508	27.9572	8.221698
2030	-6308.578	-6336.977	28.39883	27.16503	7.709373
2040	-6310.914	-6330.042	19.12785	24.57109	8.027169
2050	-6303.133	-6312.389	9.25605	21.19723	8.276391
2060	-6298.8	-6315.824	17.02431	24.53719	8.111942
2070	-6290.545	-6308.19	17.64422	28.52509	8.084352
2080	-6290.384	-6310.737	20.35378	27.1712	8.005495
2090	-6292.426	-6314.368	21.94122	25.49395	7.935727
2100	-6287.763	-6303.328	15.5652	26.58284	8.186893
2110	-6293.297	-6312.286	18.98938	26.1612	8.057335
2120	-6288.155	-6311.323	23.16761	24.31425	7.853282
2130	-6293.354	-6316.897	23.54324	25.48874	7.872781
2140	-6294.602	-6313.795	19.1931	26.88073	8.049777
2150	-6306.203	-6324.113	17.90985	27.8795	8.086836
2160	-6283.377	-6311.528	28.15125	25.05923	7.678742
2170	-6294.357	-6317.045	22.68822	26.8129	7.919658
2180	-6272.575	-6297.464	24.8891	26.21767	7.832532
2190	-6273.27	-6302.279	29.00837	25.28858	7.652292
2200	-6303.155	-6332.166	29.01105	30.97142	7.644799
2210	-6295.17	-6315.25	20.0798	29.33756	7.981554
2220	-6316.026	-6334.844	18.81878	25.80718	8.061599
2230	-6312.223	-6331.574	19.3511	23.51345	7.977945
2240	-6294.736	-6308.388	13.65153	26.4407	8.259948
2250	-6288.172	-6313.93	25.75713	26.67777	7.804274
2260	-6291.784	-6314.713	22.92897	29.2885	7.885465
2270	-6287.994	-6322.508	34.51395	27.27143	7.485675
2280	-6303.084	-6336.01	32.92548	26.37403	7.529578
2290	-6325.252	-6328.843	3.590456	26.82031	8.631735
2300	-6316.328	-6327.26	10.93171	24.52753	8.360098
2310	-6310.897	-6331.199	20.30268	27.56286	8.004464
2320	-6295.383	-6325.972	30.58952	28.26366	7.631619
2330	-6294.337	-6317.564	23.22691	25.97092	7.893112
2340	-6338.18	-6351.98	13.79978	25.72723	8.255946
2350	-6298.511	-6324.898	26.38699	28.55778	7.777509
2360	-6324.234	-6334.654	10.41977	26.75974	8.378014
2370	-6300.983	-6315.536	14.55307	24.33081	8.207988
2380	-6296.675	-6322.124	25.44946	24.10052	7.74979
2390	-6279.461	-6302.057	22.59624	28.98442	7.902914
2400	-6291.008	-6318.785	27.7764	25.23204	7.699286
2410	-6289.883	-6308.423	18.53925	27.35144	8.070702
2420	-6284.67	-6303.564	18.89417	26.60858	8.061637
2430	-6280.319	-6304.623	24.30353	29.23165	7.83961
2440	-6276.438	-6303.416	26.97768	28.89276	7.752967
2450	-6286.413	-6319.381	32.96833	27.90919	7.546819
2460	-6286.651	-6312.379	25.72734	26.69927	7.805552
2470	-6276.869	-6314.356	37.48692	30.46348	7.378492
2480	-6296.236	-6312.997	16.76091	26.72323	8.141255
2490	-6286.429	-6315.412	28.98293	26.80325	7.684792
2500	-6287.909	-6310.894	22.98508	26.94095	7.908776
2510	-6279.221	-6302.658	23.43668	25.5146	7.87748
2520	-6288.307	-6300.308	12.00155	26.19504	8.324236
2530	-6287.703	-6306.65	18.94767	31.50335	7.950159
2540	-6299.927	-6308.997	9.070085	27.0686	8.422844
2550	-6301.906	-6306.402	4.495756	23.21202	8.602398
2560	-6269.845	-6297.611	27.76595	25.87152	7.7163
2570	-6287.945	-6313.699	25.75414	24.88356	7.768783
2580	-6294.233	-6309.723	15.49002	25.36762	8.187665
2590	-6318.046	-6338.105	20.0592	23.74355	7.958692
2600	-6301.893	-6309.318	7.425672	22.74127	8.458463
2610	-6287.958	-6300.331	12.37269	29.44626	8.240592
2620	-6285.712	-6316.407	30.69445	24.93531	7.572366
2630	-6293.167	-6315.825	22.65804	28.23294	7.912635
2640	-6294.804	-6322.248	27.44415	31.19509	7.689298
2650	-6308.187	-6329.542	21.35537	28.61074	7.952789
2660	-6284.814	-6304.758	19.9437	26.92312	8.021726
2670	-6303.562	-6326.022	22.45972	27.33224	7.927448
2680	-6284.342	-6315.448	31.10564	28.52704	7.612428
2690	-6293.844	-6313.565	19.72068	27.51848	8.02602
2700	-6300.146	-6318.902	18.75546	22.44959	7.940353
2710	-6302.656	-6312.63	9.974238	28.84953	8.342901
2720	-6274.739	-6292.228	17.48903	24.95189	8.10227
2730	-6284.467	-6308.561	24.09417	29.80211	7.834769
2740	-6274.064	-6306.463	32.3994	29.15502	7.56334
2750	-6281.15	-6306.511	25.36074	28.31262	7.816144
2760	-6280.514	-6299.971	19.45693	29.65376	7.994491
2770	-6279.204	-6319.396	40.19249	29.1365	7.296031
2780	-6267.359	-6294.433	27.07388	25.73456	7.740153
2790	-6280.838	-6307.229	26.39086	27.10524	7.783098
2800	-6299.297	-6326.326	27.02875	25.70213	7.741184
2810	-6301.894	-6324.41	22.51661	24.99039	7.90181
2820	-6293.016	-6314.841	21.8253	26.9869	7.951774
2830	-6303.905	-6316.951	13.04604	24.30325	8.269319
2840	-6295.553	-6316.153	20.60002	28.52737	7.980691
2850	-6294.716	-6318.291	23.57541	31.42012	7.806023
2860	-6275.899	-6309.11	33.21086	32.4686	7.472134
2870	-6284.494	-6312.063	27.56945	28.80434	7.733532
2880	-6293.263	-6320.425	27.16205	25.16641	7.721634
2890	-6301.132	-6324.754	23.6215	30.74311	7.82566
2900	-6314.793	-6331.757	16.96442	29.27074	8.089604
2910	-6304.492	-6319.673	15.18127	27.13468	8.196307
2920	-6302.535	-6320.45	17.91553	27.4327	8.092622
2930	-6283.171	-6311.138	27.96691	27.95873	7.72587
2940	-6296.626	-6318.387	21.76102	25.592	7.944446
2950	-6294.092	-6326.725	32.63309	26.0472	7.532949
2960	-6294.369	-6314.241	19.87213	29.58595	7.982292
2970	-6277.791	-6296.526	18.7351	25.82968	8.065031
2980	-6296.082	-6320.089	24.00728	26.23019	7.866302
2990	-6294.614	-6318.047	23.43247	24.13774	7.835094
3000	-6290.679	-6313.245	22.56625	25.34524	7.908251
3010	-6299.859	-6326.365	26.50646	29.56705	7.758407
3020	-6300.235	-6330.677	30.44184	24.90904	7.581436
3030	-6287.647	-6306.016	18.36884	27.1873	8.078417
3040	-6277.496	-6315.171	37.67493	27.62704	7.375027
3050	-6284.095	-6316.883	32.78772	26.2116	7.531117
3060	-6299.027	-6317.664	18.63737	25.32371	8.062942
3070	-6268.721	-6299.738	31.017	29.26709	7.609555
3080	-6307.013	-6321.658	14.64471	24.80846	8.214031
3090	-6313.29	-6334.448	21.1584	27.49088	7.973987
3100	-6309.719	-6338.276	28.55709	27.00561	7.702473
3110	-6292.677	-6319.722	27.04556	28.01465	7.758557
3120	-6315.703	-6333.779	18.07634	24.94951	8.078685
3130	-6309.477	-6327.486	18.00909	27.51865	8.088216
3140	-6304.427	-6312.462	8.034963	26.47013	8.471931
3150	-6316.33	-6348.653	32.32283	25.37016	7.524201
3160	-6297.393	-6314.148	16.75424	26.47721	8.142512
3170	-6295.29	-6317.424	22.13433	26.35762	7.938631
3180	-6283.029	-6313.384	30.35507	29.65916	7.626897
3190	-6302.671	-6330.951	28.28078	28.93722	7.707353
3200	-6304.579	-6330.267	25.68759	26.79158	7.807666
3210	-6289.247	-6319.4	30.15277	27.33079	7.645975
3220	-6295.361	-6318.657	23.29526	26.5752	7.896061
3230	-6299.064	-6315.115	16.05156	26.75966	8.167557
3240	-6296.917	-6320.621	23.70389	25.89532	7.873666
3250	-6279.353	-6318.791	39.43776	31.27577	7.303554
3260	-6290.421	-6317.433	27.01155	27.65614	7.760963
3270	-6299.635	-6322.623	22.98867	28.79966	7.892643
3280	-6294.52	-6315.425	20.90536	23.78311	7.924872
3290	-6299.588	-6314.591	15.00227	27.02363	8.2042
3300	-6284.316	-6309.772	25.45605	27.06453	7.817484
3310	-6292.19	-6310.483	18.29273	24.30277	8.05342
3320	-6300.32	-6319.86	19.53916	27.59467	8.031829
3330	-6285.458	-6308.926	23.46755	24.67641	7.85415
3340	-6271.842	-6307.363	35.52098	28.84251	7.457401
3350	-6295.043	-6314.567	19.52392	25.72885	8.03347
3360	-6279.867	-6316.695	36.82797	26.05324	7.372093
3370	-6288.753	-6314.184	25.43143	26.95677	7.818035
3380	-6281.025	-6311.948	30.92349	27.88883	7.620065
3390	-6325.327	-6337.877	12.55041	25.78256	8.304505
3400	-6320.347	-6346.504	26.15656	27.3461	7.792201
3410	-6309.211	-6319.315	10.10306	25.67871	8.399785
3420	-6316.716	-6328.453	11.73651	27.6139	8.314184
3430	-6275.135	-6310.559	35.42371	26.54845	7.439069
3440	-6313.52	-6326.813	13.29244	28.49197	8.23779
3450	-6285.148	-6306.756	21.608	26.11632	7.956859
3460	-6320.642	-6336.202	15.56052	26.79058	8.185668
3470	-6311.139	-6320.201	9.062736	25.73879	8.440014
3480	-6276.827	-6309.559	32.73165	31.90611	7.502456
3490	-6283.979	-6303.42	19.44126	27.16044	8.039149
3500	-6324.088	-6334.367	10.27897	25.85396	8.392301
3510	-6277.881	-6304.876	26.99499	26.34245	7.754014
3520	-6314.119	-6328.049	13.93002	26.90131	8.24534
3530	-6312.983	-6328.538	15.55545	24.54265	8.171927
3540	-6290.059	-6321.036	30.97654	26.57949	7.607091
3550	-6284.205	-6324.133	39.92792	29.34118	7.305006
3560	-6286.424	-6318.689	32.26507	30.27509	7.553258
3570	-6305.203	-6334.635	29.43165	28.4868	7.671375
3580	-6286.596	-6317.519	30.92285	27.5444	7.61907
3590	-6310.165	-6326.795	16.62994	28.62035	8.117729
3600	-6280.111	-6308.32	28.20885	26.30839	7.707402
3610	-6270.502	-6297.261	26.75924	26.914	7.768521
3620	-6277.211	-6313.397	36.18624	28.52805	7.434332
3630	-6282.124	-6302.391	20.26679	25.65516	8.00368
3640	-6293.185	-6323.008	29.82323	31.42212	7.607122
3650	-6292.352	-6308.145	15.79326	24.13788	8.151582
3660	-6313.56	-6336.256	22.6959	28.08867	7.913012
3670	-6293.965	-6314.351	20.38545	22.97222	7.903593
3680	-6299.941	-6319.715	19.77353	25.25519	8.016878
3690	-6294.976	-6311.031	16.05496	30.95506	8.063752
3700	-6271.696	-6314.088	42.39129	28.82152	7.219071
3710	-6298.424	-6316.397	17.97225	24.45673	8.071116
3720	-6278.685	-6309.125	30.43955	25.78341	7.610682
3730	-6289.53	-6312.794	23.26393	25.80162	7.889269
3740	-6301.526	-6323.159	21.63292	28.89313	7.937946
3750	-6305.846	-6319.206	13.3604	25.53408	8.272484
3760	-6299.392	-6322.849	23.45765	25.70495	7.880174
3770	-6271.825	-6307.667	35.84184	30.39157	7.433523
3780	-6304.495	-6335.687	31.19159	28.39179	7.609959
3790	-6290.049	-6319.873	29.82367	28.26959	7.658693
3800	-6300.269	-6331.88	31.61122	29.47557	7.586897
3810	-6285.005	-6304.699	19.69479	26.38728	8.031269
3820	-6317.016	-6329.819	12.8037	23.32766	8.249275
3830	-6294.172	-6319.617	25.44508	29.073	7.803223
3840	-6276.155	-6298.498	22.34331	28.9335	7.912607
3850	-6294.1	-6317.094	22.99448	24.69764	7.874007
3860	-6270.283	-6301.746	31.4636	27.07311	7.595606
3870	-6271.711	-6308.012	36.30168	30.80761	7.412163
3880	-6269.761	-6293.179	23.41742	23.68562	7.814276
3890	-6303.287	-6324.619	21.3324	25.17792	7.953528
3900	-6268.746	-6304.567	35.82119	29.38801	7.444673
3910	-6285.989	-6311.715	25.72591	25.61384	7.79
3920	-6285.428	-6310.619	25.1909	28.73373	7.817101
3930	-6292.459	-6316.795	24.33584	25.11417	7.832526
3940	-6277.652	-6310.569	32.91665	27.74994	7.547978
3950	-6299.725	-6322.105	22.3803	27.10635	7.931058
3960	-6291.836	-6322.263	30.42686	26.7784	7.630602
3970	-6291.765	-6316.987	25.22222	27.95128	7.82409
3980	-6269.915	-6300.895	30.97988	25.58915	7.584136
3990	-6279.279	-6313.622	34.34211	26.28455	7.473679
4000	-6303.626	-6323.952	20.32575	25.26546	7.995205
4010	-6301.272	-6328.213	26.94101	29.50951	7.744742
4020	-6313.613	-6340.511	26.89873	29.52473	7.745903
4030	-6280.188	-6305.026	24.83835	27.55267	7.839941
4040	-6280.757	-6302.509	21.75194	25.57587	7.944539
4050	-6275.7	-6303.869	28.16961	28.0925	7.718123
4060	-6285.134	-6297.955	12.82057	26.02738	8.293651
4070	-6285.018	-6308.444	23.42621	28.99987	7.874002
4080	-6288.551	-6315.947	27.39599	25.43482	7.720186
4090	-6293.405	-6319.662	26.25689	28.2273	7.785211
4100	-6277.068	-6303.867	26.79822	31.03748	7.714431
4110	-6300.378	-6330.039	29.6611	25.94451	7.644764
4120	-6295.499	-6317.084	21.58528	29.23264	7.932579
4130	-6290.579	-6318.898	28.31858	26.88344	7.710321
4140	-6307.252	-6319.207	11.95433	26.2256	8.32584
4150	-6303.331	-6329.219	25.88883	27.54071	7.801837
4160	-6292.357	-6315.314	22.95683	27.33556	7.909248
4170	-6293.327	-6320.074	26.74662	27.90702	7.769756
4180	-6291.005	-6311.421	20.41674	25.71351	7.998581
4190	-6276.054	-6307.271	31.21628	25.1463	7.559781
4200	-6285.874	-6318.867	32.99355	26.3826	7.527183
4210	-6309.077	-6333.783	24.70583	29.52451	7.820181
4220	-6294.648	-6318.738	24.09031	29.98997	7.830455
4230	-6286.141	-6309.493	23.35201	29.14772	7.873801
4240	-6295.458	-6313.692	18.23384	24.60697	8.064491
4250	-6292.543	-6308.166	15.62244	25.56382	8.184114
4260	-6275.824	-6309.727	33.90319	29.75911	7.506139
4270	-6288.556	-6316.122	27.5658	26.57038	7.735309
4280	-6284.064	-6317.493	33.42834	28.6593	7.530675
4290	-6279.326	-6307.274	27.94867	27.04048	7.725233
4300	-6282.227	-6309.845	27.61721	28.48282	7.735104
4310	-6257.953	-6295.759	37.80596	27.96134	7.373981
4320	-6287.065	-6305.065	17.99981	26.93098	8.093881
4330	-6261.284	-6297.219	35.93466	31.98155	7.400307
4340	-6274.35	-6306.461	32.1106	28.02865	7.577776
4350	-6270.565	-6302.524	31.95909	26.5617	7.569808
4360	-6272.164	-6308.787	36.62255	30.90475	7.400163
4370	-6272.038	-6306.423	34.38524	29.34759	7.49386
4380	-6305.667	-6331.27	25.60301	29.13553	7.796775
4390	-6294.509	-6312.842	18.33275	30.18646	8.016294
4400	-6309.793	-6328.567	18.77436	25.49687	8.059985
4410	-6296.403	-6312.735	16.33228	27.22098	8.152951
4420	-6286.5	-6312.233	25.73318	28.02271	7.805349
4430	-6316.033	-6341.098	25.06493	25.76767	7.818843
4440	-6279.539	-6309.064	29.52409	30.17472	7.645783
4450	-6289.233	-6312.975	23.74172	26.45772	7.878463
4460	-6292.415	-6313.043	20.62804	25.65999	7.989664
4470	-6317.664	-6315.416	-2.247725	22.58604	8.87985
4480	-6301.808	-6311.046	9.238286	24.2331	8.424843
4490	-6279.7	-6300.325	20.62506	26.83408	7.99658
4500	-6310.446	-6328.873	18.42688	29.03637	8.045514
4510	-6312.708	-6329.945	17.23779	28.83844	8.091397
4520	-6287.087	-6309.272	22.18517	24.80679	7.910036
4530	-6283.629	-6319.219	35.59036	29.24741	7.453405
4540	-6298.33	-6324.574	26.24408	28.28914	7.785149
4550	-6316.444	-6330.249	13.80498	25.52567	8.255032
4560	-6306.877	-6323.035	16.15708	26.02645	8.165457
4570	-6296.981	-6318.564	21.58311	25.08835	7.941535
4580	-6286.426	-6318.354	31.92798	25.95976	7.55779
4590	-6317.008	-6326.821	9.81313	27.42236	8.388205
4600	-6290.111	-6314.044	23.93375	28.22768	7.867508
4610	-6284.397	-6315.752	31.35577	28.96978	7.600822
4620	-6305.033	-6326.4	21.36661	27.66311	7.965013
4630	-6294.626	-6315.661	21.03551	28.9371	7.957734
4640	-6308.678	-6333.801	25.12374	26.39524	7.82561
4650	-6285.287	-6309.522	24.23442	25.62656	7.848478
4660	-6279.005	-6303.928	24.92223	23.872	7.760575
4670	-6267.025	-6288.104	21.07882	25.3028	7.966131
4680	-6281.542	-6306.051	24.50874	28.22744	7.84714
4690	-6280.652	-6312.519	31.86719	26.08195	7.563206
4700	-6282.72	-6321.125	38.40492	32.28263	7.31647
4710	-6296.974	-6324.136	27.16145	25.91961	7.740626
4720	-6260.782	-6294.718	33.93689	28.90864	7.51203
4730	-6287.004	-6309.635	22.63173	27.27987	7.921348
4740	-6284.476	-6310.921	26.4448	30.17343	7.747861
4750	-6301.162	-6332.225	31.06243	29.41184	7.606312
4760	-6277.215	-6301.303	24.08806	25.46609	7.850922
4770	-6308.392	-6329.97	21.57841	28.44343	7.947747
4780	-6292.354	-6306.044	13.68986	25.03856	8.255593
4790	-6288.623	-6325.018	36.39512	27.26071	7.416532
4800	-6293.885	-6315.541	21.65627	28.96563	7.935719
4810	-6274.626	-6313.751	39.12538	27.95978	7.326777
4820	-6294.395	-6316.413	22.01805	26.42402	7.943433
4830	-6270.12	-6293.046	22.9254	29.73927	7.875504
4840	-6294.443	-6318.304	23.86127	29.77038	7.84332
4850	-6307.859	-6323.58	15.72116	22.23371	8.060688
4860	-6301.173	-6314.214	13.04042	27.89771	8.261098
4870	-6307.437	-6339.305	31.86779	29.02197	7.582733
4880	-6309.725	-6329.943	20.21878	25.30494	8.00016
4890	-6304.926	-6336.225	31.29918	28.22638	7.606581
4900	-6278.455	-6307.127	28.6723	24.72009	7.645039
4910	-6286.22	-6307.106	20.88543	24.80719	7.962441
4920	-6264.274	-6292.543	28.26878	33.51162	7.587449
4930	-6297.16	-6320.298	23.13776	27.91358	7.899014
4940	-6305.194	-6323.188	17.99398	25.49909	8.090617
4950	-6305.497	-6318.072	12.57565	26.08877	8.302829
4960	-6318.564	-6332.219	13.65589	25.30385	8.259504
4970	-6286.725	-6299.409	12.6837	25.47184	8.29877
4980	-6291.881	-6316.29	24.40935	26.4253	7.852948
4990	-6282.119	-6308.743	26.62381	27.89617	7.774205
5000	-6303.409	-6321.481	18.07245	29.42742	8.047544
5010	-6302.568	-6322.07	19.50163	23.04495	7.94641
5020	-6290.642	-6310.184	19.54241	25.80429	8.033531
5030	-6286.856	-6318.072	31.2165	31.60882	7.557975
5040	-6292.097	-6308.724	16.6276	25.27802	8.141738
5050	-6301.459	-6313.566	12.10756	24.41891	8.310217
5060	-6280.597	-6305.004	24.40631	25.85096	7.845823
5070	-6283.461	-6307.304	23.84306	28.16414	7.871405
5080	-6307.15	-6341.948	34.79891	30.26017	7.469778
5090	-6307.819	-6326.508	18.68907	27.5348	8.063326
5100	-6277.325	-6306.969	29.64367	28.12863	7.665555
5110	-6284.773	-6312.437	27.6636	28.38721	7.734256
5120	-6298.306	-6321.01	22.70459	26.93188	7.919183
5130	-6313.053	-6331.291	18.23743	27.54694	8.079584
5140	-6292.843	-6314.769	21.92621	27.60568	7.945241
5150	-6282.142	-6305.783	23.64077	26.53704	7.882824
5160	-6308.378	-6330.904	22.52544	27.86371	7.92143
5170	-6291.459	-6322.202	30.74301	28.08023	7.626531
5180	-6287.297	-6317.58	30.28271	27.94954	7.643044
5190	-6281.66	-6308.7	27.03985	27.88914	7.759318
5200	-6299.911	-6313.95	14.03862	24.70054	8.236677
5210	-6300.171	-6316.526	16.3554	26.83851	8.155661
5220	-6303.75	-6325.415	21.66517	28.3574	7.946012
5230	-6268.797	-6301.958	33.161	29.09955	7.537635
5240	-6261.116	-6295.894	34.77815	26.98857	7.471833
5250	-6296.319	-6323.004	26.68537	25.14305	7.739864
5260	-6309.612	-6328.167	18.5544	24.92002	8.058905
5270	-6285.763	-6309.649	23.88629	26.03879	7.868645
5280	-6299.939	-6325.89	25.95006	26.8078	7.797974
5290	-6282.32	-6315.651	33.33067	27.3609	7.530006
5300	-6302.467	-6321.694	19.22688	26.92822	8.048329
5310	-6306.301	-6321.95	15.64854	24.76239	8.172708
5320	-6306.141	-6327.768	21.62673	26.63955	7.95902
5330	-6309.314	-6326.108	16.79478	25.88276	8.140417
5340	-6312.822	-6326.603	13.78021	26.87088	8.251255
5350	-6275.184	-6301.783	26.59835	29.23722	7.761016
5360	-6290.821	-6307.902	17.08063	27.88557	8.116478
5370	-6283.056	-6302.997	19.94066	26.65	8.02231
5380	-6267.63	-6308.453	40.82307	29.54141	7.274254
5390	-6272.369	-6307.588	35.21874	32.72505	7.403304
5400	-6277.967	-6309.9	31.93345	30.7088	7.555993
5410	-6285.204	-6321.245	36.04139	28.15907	7.438265
5420	-6308.477	-6324.738	16.2607	27.34493	8.154091
5430	-6294.035	-6316.834	22.79955	30.5314	7.858666
5440	-6307.281	-6317.122	9.841355	26.23078	8.406359
5450	-6309.896	-6324.913	15.01652	25.17141	8.204302
5460	-6305.637	-6328.642	23.00584	31.44471	7.823324
5470	-6281.303	-6316.896	35.59384	28.39032	7.454903
5480	-6308.899	-6325.438	16.53886	29.79639	8.088466
5490	-6279.054	-6302.271	23.21683	24.7214	7.865771
5500	-6302.947	-6323.69	20.74314	27.1924	7.99106
5510	-6310.44	-6315.2	4.759938	29.74517	8.486066
5520	-6301.651	-6322.449	20.79878	25.73083	7.983946
5530	-6307.641	-6324.354	16.71304	26.49446	8.144019
5540	-6285.241	-6316.394	31.15349	30.62425	7.583159
5550	-6303.544	-6326.443	22.89945	27.48812	7.91067
5560	-6312.997	-6329.697	16.69963	29.69909	8.086088
5570	-6297.027	-6312.709	15.68173	25.42441	8.180651
5580	-6299.46	-6314.381	14.92089	25.99661	8.212947
5590	-6302.616	-6326.047	23.43098	24.92137	7.863255
5600	-6292.598	-6310.381	17.78306	23.2175	8.03025
5610	-6297.545	-6313.422	15.87613	28.91992	8.136485
5620	-6300.366	-6311.725	11.35934	26.47341	8.346308
5630	-6302.31	-6327.8	25.48995	27.12002	7.816368
5640	-6289.13	-6318.206	29.07659	25.72007	7.661965
5650	-6282.571	-6307.402	24.83066	28.50589	7.832656
5660	-6264.176	-6299.517	35.34127	28.62933	7.463948
5670	-6298.472	-6328.889	30.41658	28.19743	7.637927
5680	-6296.295	-6321.614	25.31807	29.16658	7.806029
5690	-6305.161	-6324.108	18.94695	25.32663	8.050763
5700	-6294.892	-6312.201	17.30833	26.40156	8.121695
5710	-6285.517	-6324.684	39.16691	26.02606	7.281349
5720	-6312.75	-6332.384	19.63475	29.2274	7.99943
5730	-6285.309	-6304.933	19.62343	25.53042	8.027152
5740	-6309.522	-6308.668	-0.8541193	22.09394	8.800656
5750	-6280.004	-6305.904	25.89916	26.5891	7.798204
5760	-6306.735	-6322.72	15.9854	25.5302	8.169649
5770	-6280.902	-6314.218	33.3154	27.33479	7.530299
5780	-6287.327	-6307.443	20.11596	29.40841	7.978576
5790	-6285.564	-6318.601	33.03759	26.13328	7.519648
5800	-6315.487	-6328.569	13.08127	22.96624	8.22126
5810	-6304.447	-6337.397	32.95001	26.79736	7.536689
5820	-6296.496	-6334.25	37.75458	28.31028	7.378381
5830	-6285.536	-6308.435	22.89866	29.14263	7.889455
5840	-6274.964	-6315.657	40.69344	27.74715	7.26769
5850	-6278.439	-6306.18	27.7408	26.16283	7.722843
5860	-6287.175	-6315.544	28.36977	28.04981	7.711165
5870	-6293.384	-6323.273	29.88892	25.12709	7.611879
5880	-6323.69	-6327.191	3.501604	25.29053	8.660905
5890	-6301.413	-6321.776	20.36315	29.09561	7.977518
5900	-6296.038	-6327.858	31.82011	28.31689	7.587991
5910	-6297.65	-6331.794	34.14308	28.42266	7.506007
5920	-6287.248	-6309.254	22.00609	25.89095	7.939176
5930	-6301.476	-6319.827	18.35108	25.17912	8.071958
5940	-6292.086	-6311.51	19.42457	25.16683	8.029094
5950	-6305.805	-6314.309	8.503553	23.91475	8.449279
5960	-6295.267	-6321.939	26.6718	26.88877	7.771611
5970	-6283.302	-6309.05	25.7479	29.0533	7.793117
5980	-6297.687	-6329.774	32.08706	26.31575	7.560146
5990	-6315.129	-6329.117	13.98886	27.06586	8.241164
6000	-6301.8	-6321.859	20.05884	28.60268	7.998258
6010	-6300.742	-6315.604	14.86211	27.58266	8.201522
6020	-6276.931	-6294.401	17.46999	25.99063	8.114867
6030	-6313.999	-6318.5	4.500768	24.80447	8.622921
6040	-6293.854	-6313.814	19.95985	26.79761	8.021444
6050	-6305.253	-6319.257	14.00315	23.77887	8.214945
6060	-6290.474	-6315.14	24.66608	26.43427	7.843315
6070	-6288.58	-6317.908	29.32803	26.21385	7.66315
6080	-6292.587	-6318.635	26.04777	27.25611	7.796095
6090	-6289.36	-6320.804	31.44421	27.24516	7.59801
6100	-6315.553	-6326.187	10.63474	25.08605	8.377914
6110	-6297.818	-6322.508	24.6899	25.63247	7.830823
6120	-6306.461	-6320.355	13.89478	23.41782	8.206228
6130	-6294.766	-6323.92	29.15433	27.93624	7.683438
6140	-6293.52	-6315.131	21.61166	28.03129	7.952323
6150	-6287.438	-6302.998	15.56016	24.95024	8.179548
6160	-6283.861	-6305.018	21.15613	26.91959	7.976698
6170	-6284.414	-6305.967	21.55244	28.38596	7.949553
6180	-6282.103	-6306.642	24.53921	25.84619	7.840603
6190	-6307.989	-6326.042	18.05277	28.2755	8.074962
6200	-6281.368	-6308.942	27.57451	26.98926	7.738752
6210	-6295.458	-6314.758	19.29918	26.25569	8.04589
6220	-6311.497	-6330.425	18.92815	28.60111	8.037821
6230	-6316.365	-6331.929	15.56435	28.3675	8.160924
6240	-6298.294	-6320.677	22.38279	24.94882	7.90606
6250	-6321.12	-6331.118	9.997965	25.67354	8.403893
6260	-6305.382	-6314.568	9.186054	29.46749	8.348008
6270	-6309.025	-6321.106	12.08155	28.42611	8.282108
6280	-6289.928	-6308.352	18.42434	24.74143	8.060113
6290	-6295.853	-6324.393	28.54016	29.68868	7.687584
6300	-6307.636	-6328.779	21.14344	27.71232	7.972612
6310	-6291.967	-6317.065	25.09741	25.55725	7.813331
6320	-6293.481	-6318.988	25.50654	25.39188	7.793418
6330	-6322.28	-6346.369	24.08917	27.35767	7.867777
6340	-6271.431	-6300.841	29.4098	26.63484	7.666795
6350	-6295.111	-6319.376	24.26495	25.92788	7.852501
6360	-6290.334	-6316.048	25.7144	28.39608	7.80283
6370	-6265.311	-6299.765	34.45371	29.38323	7.491244
6380	-6292.635	-6310.065	17.43076	26.78367	8.115895
6390	-6279.729	-6294.757	15.02875	24.30564	8.187798
6400	-6274.337	-6307.532	33.1944	29.60907	7.531742
6410	-6301.725	-6311.593	9.86867	25.98245	8.407387
6420	-6288.429	-6295.879	7.450768	26.7002	8.49007
6430	-6294.698	-6310.509	15.81116	23.51034	8.128364
6440	-6286.886	-6308.578	21.69184	24.48934	7.920132
6450	-6295.024	-6308.466	13.44162	28.53197	8.2315
6460	-6280.571	-6309.889	29.31867	31.06818	7.632453
6470	-6288.963	-6304.726	15.7634	24.07878	8.151025
6480	-6280.491	-6308.439	27.94751	24.12411	7.647348
6490	-6305.923	-6325.968	20.04488	27.18395	8.016789
6500	-6301.961	-6318.556	16.59496	25.12285	8.140884
6510	-6299.248	-6333.013	33.76509	28.32264	7.519308
6520	-6276.662	-6305.329	28.66703	29.39582	7.687995
6530	-6289.723	-6319.883	30.15975	26.56223	7.637559
6540	-6314.384	-6333.448	19.06427	26.73509	8.055035
6550	-6294.814	-6324.228	29.41444	30.30734	7.646758
6560	-6299.441	-6322.002	22.56103	26.90874	7.924504
6570	-6309.128	-6327.909	18.78065	27.00836	8.064472
6580	-6296.462	-6316.378	19.91545	26.05507	8.021259
6590	-6297.513	-6318.226	20.71319	29.08393	7.965743
6600	-6281.55	-6301.752	20.20223	27.00274	8.011858
6610	-6303.829	-6321.226	17.39673	27.21055	8.113949
6620	-6280.457	-6319.216	38.75892	32.45401	7.301598
6630	-6281.349	-6308.499	27.14981	28.66473	7.749692
6640	-6291.501	-6311.062	19.56084	29.28173	8.00063
6650	-6307.855	-6326.559	18.70436	28.50725	8.047542
6660	-6287.866	-6306.615	18.74911	28.61641	8.043766
6670	-6309.065	-6317.617	8.552356	27.94011	8.420793
6680	-6302.665	-6318.43	15.76467	23.36415	8.123999
6690	-6289.965	-6314.173	24.20735	24.40343	7.814101
6700	-6301.317	-6317.847	16.53055	26.70933	8.149955
6710	-6302.981	-6316.448	13.46714	27.47082	8.254116
6720	-6297.238	-6310.477	13.23889	26.31478	8.276383
6730	-6283.223	-6304.873	21.65027	29.13419	7.932471
6740	-6291.6	-6299.351	7.751762	24.69587	8.491167
6750	-6283.009	-6303.156	20.14764	29.77518	7.967931
6760	-6291.294	-6313.754	22.46029	28.77763	7.911375
6770	-6273.959	-6297.807	23.84767	29.73922	7.844493
6780	-6283.868	-6306.846	22.97813	26.3525	7.906578
6790	-6303.05	-6324.469	21.41872	25.07449	7.947765
6800	-6287.423	-6306.207	18.78354	28.24521	8.049654
6810	-6292.228	-6323.485	31.25705	26.1295	7.587695
6820	-6288.284	-6303.628	15.34374	26.59405	8.195157
6830	-6323.77	-6335.725	11.9549	25.51457	8.327488
6840	-6315.618	-6337.446	21.82827	25.16216	7.933478
6850	-6295.582	-6323.899	28.3176	27.75428	7.713707
6860	-6294.241	-6313.411	19.16988	28.85951	8.023937
6870	-6292.762	-6304.271	11.50963	23.1562	8.297952
6880	-6274.747	-6309.29	34.54312	25.03152	7.422431
6890	-6281.596	-6315.768	34.17131	27.00516	7.494575
6900	-6283.698	-6307.792	24.09422	25.73544	7.855953
6910	-6289.625	-6308.277	18.65188	24.06509	8.030572
6920	-6286.452	-6308.147	21.69405	23.96656	7.899986
6930	-6265.279	-6297.608	32.32916	26.57618	7.556141
6940	-6285.344	-6303.989	18.64535	27.15547	8.068491
6950	-6274.601	-6306.867	32.26637	28.24021	7.572308
6960	-6273.903	-6308.259	34.35552	24.08304	7.379156
6970	-6266.09	-6302.746	36.6562	29.25376	7.416935
6980	-6279.899	-6305.452	25.55248	27.18284	7.814183
6990	-6288.377	-6309.859	21.48209	25.25697	7.949263
7000	-6285.029	-6302.25	17.22082	25.92739	8.12418
7010	-6291.538	-6314.451	22.91303	29.83474	7.873604
7020	-6285.457	-6289.883	4.425143	24.42844	8.624881
7030	-6290.075	-6313.28	23.2043	24.45764	7.857218
7040	-6297.146	-6327.287	30.1405	28.59046	7.645866
7050	-6301.841	-6326.598	24.75679	25.18652	7.817752
7060	-6283.33	-6314.399	31.06864	28.66255	7.612992
7070	-6289.78	-6322.136	32.35649	26.68391	7.557005
7080	-6274.708	-6300.928	26.21977	29.23928	7.77393
7090	-6291.042	-6310.02	18.97742	31.21184	7.960097
7100	-6299.735	-6326.383	26.6478	26.50887	7.769204
7110	-6312.674	-6328.717	16.04258	25.90694	8.169561
7120	-6322.045	-6337.372	15.3272	23.86077	8.162129
7130	-6303.472	-6317.042	13.56969	26.4528	8.26296
7140	-6289.565	-6317.362	27.79701	27.60644	7.732575
7150	-6294.54	-6316.802	22.26281	25.63355	7.925529
7160	-6292.131	-6310.793	18.6616	30.06768	8.009098
7170	-6293.195	-6323.035	29.83983	26.69599	7.651479
7180	-6310.5	-6327.305	16.80437	26.66686	8.139916
7190	-6299.093	-6318.01	18.91724	28.37108	8.042664
7200	-6274.812	-6300.617	25.80473	30.51824	7.760575
7210	-6287.069	-6302.137	15.0679	22.12711	8.082441
7220	-6284.323	-6307.256	22.93277	24.37834	7.865391
7230	-6289.152	-6305.441	16.28875	29.08153	8.117935
7240	-6295.213	-6317.845	22.63234	26.54339	7.920856
7250	-6291.604	-6316.396	24.79139	27.62061	7.841392
7260	-6309.44	-6324.784	15.34371	26.78398	8.193815
7270	-6295.584	-6321.746	26.16206	30.0085	7.760965
7280	-6296.616	-6315.948	19.33195	25.85026	8.04211
7290	-6293.164	-6319.541	26.37688	27.96929	7.782683
7300	-6288.764	-6316.477	27.71382	26.86615	7.732677
7310	-6282.108	-6305.655	23.54675	32.78105	7.757797
7320	-6284.099	-6309.211	25.11173	26.04451	7.821668
7330	-6318.931	-6335.124	16.1937	26.19063	8.164201
7340	-6309.414	-6331.453	22.03823	24.69066	7.912511
7350	-6298.103	-6316.01	17.90696	24.91276	8.084738
7360	-6271.425	-6294.648	23.2228	31.98887	7.797519
7370	-6281.239	-6314.535	33.2958	27.32885	7.530955
7380	-6308.478	-6328.489	20.01057	26.59848	8.019676
7390	-6280.118	-6312.369	32.25043	26.63101	7.560077
7400	-6296.099	-6319.351	23.25232	25.98823	7.892358
7410	-6314.751	-6329.08	14.32899	24.13478	8.21216
7420	-6299.539	-6314.738	15.19929	25.28535	8.198319
7430	-6292.636	-6302.905	10.26898	24.55442	8.387487
7440	-6306.011	-6318.57	12.55938	25.48672	8.303704
7450	-6297.586	-6331.563	33.9769	29.38737	7.507435
7460	-6291.661	-6316.096	24.43496	28.88852	7.84104
7470	-6287.997	-6309.119	21.12224	26.33946	7.976937
7480	-6309.618	-6323.711	14.09308	25.46798	8.243416
7490	-6287.279	-6310.245	22.96657	26.52738	7.908177
7500	-6265.417	-6299.396	33.97907	27.00307	7.501662
7510	-6289.953	-6309.529	19.57636	26.82945	8.035673
7520	-6291.26	-6308.247	16.98704	25.95702	8.133321
7530	-6293.863	-6314.062	20.1983	26.9713	8.012117
7540	-6305.937	-6323.401	17.46407	23.52301	8.058627
7550	-6296.739	-6327.858	31.11846	29.05804	7.608221
7560	-6296.821	-6305.678	8.857084	26.79297	8.435843
7570	-6320.019	-6323.354	3.335116	24.30941	8.668928
7580	-6276.016	-6312.451	36.43515	27.57773	7.419341
7590	-6296.397	-6321.789	25.39236	30.1709	7.782802
7600	-6286.949	-6307.393	20.44363	25.85388	7.999143
7610	-6296.322	-6319.313	22.99117	30.84775	7.842992
7620	-6300.262	-6317.579	17.31766	26.42832	8.121311
7630	-6298.672	-6316.729	18.05704	26.1276	8.092865
7640	-6304.468	-6324.316	19.84806	25.02099	8.009266
7650	-6274.601	-6306.693	32.09156	28.00212	7.578419
7660	-6310.47	-6325.768	15.29785	25.92368	8.198341
7670	-6300.303	-6318.715	18.41215	25.59656	8.075352
7680	-6274.937	-6305.035	30.09763	26.96943	7.645066
7690	-6269.323	-6294.259	24.93607	30.32817	7.793994
7700	-6278.047	-6300.205	22.1572	29.31454	7.911249
7710	-6301.995	-6327.355	25.35985	27.98248	7.818956
7720	-6294.797	-6316.732	21.93504	26.98246	7.947713
7730	-6306.399	-6323.833	17.43365	26.42704	8.116924
7740	-6300.949	-6313.151	12.20264	25.02779	8.31489
7750	-6280.333	-6315.692	35.35861	27.45187	7.456998
7760	-6316.917	-6329.493	12.57588	24.178	8.285837
7770	-6296.851	-6315.144	18.29337	26.14117	8.08387
7780	-6282.451	-6302.338	19.88671	28.12823	8.012431
7790	-6300.212	-6329.325	29.11291	30.09562	7.660966
7800	-6279.095	-6305.298	26.20278	28.16349	7.787626
7810	-6280.442	-6307.897	27.45499	28.54993	7.740186
7820	-6304.335	-6325.047	20.71233	25.88001	7.989031
7830	-6287.723	-6310.067	22.3438	27.64743	7.929807
7840	-6286.024	-6307.618	21.59332	26.34931	7.959109
7850	-6283.988	-6307.036	23.04841	28.61651	7.893526
7860	-6306.694	-6317.55	10.85576	28.88077	8.311345
7870	-6288.218	-6315.509	27.29155	28.98877	7.740862
7880	-6294.967	-6323.268	28.30096	27.06104	7.712344
7890	-6270.743	-6302.585	31.84189	29.82623	7.57445
7900	-6275.544	-6310.077	34.53329	26.58968	7.473492
7910	-6299.722	-6339.873	40.15149	27.90218	7.289353
7920	-6298.225	-6323.751	25.52623	28.39124	7.809507
7930	-6298.337	-6318.982	20.64547	29.35964	7.961746
7940	-6287.009	-6315.331	28.32223	26.51229	7.706085
7950	-6284.683	-6305.895	21.21135	27.67481	7.970517
7960	-6295.856	-6309.985	14.12898	28.66986	8.203801
7970	-6314.021	-6337.483	23.46133	24.79602	7.858257
7980	-6300.374	-6313.535	13.16157	27.03363	8.272178
7990	-6295.485	-6316.813	21.32747	27.38692	7.968545
8000	-6282.117	-6300.098	17.98112	26.22685	8.096037
8010	-6282.881	-6304.523	21.64193	28.00335	7.951577
8020	-6295.127	-6315.934	20.80714	27.50536	7.986647
8030	-6294.001	-6305.395	11.39458	23.78388	8.32479
8040	-6316.969	-6333.211	16.24155	28.88909	8.124647
8050	-6260.941	-6314.48	53.53958	29.91231	6.8478
8060	-6286.831	-6310.302	23.47111	26.60957	7.889632
8070	-6308.648	-6325.248	16.5998	25.67971	8.146791
8080	-6318.692	-6331.234	12.54239	23.92351	8.280642
8090	-6291.245	-6306.811	15.56597	23.53357	8.139753
8100	-6285.666	-6311.888	26.22269	25.01574	7.754327
8110	-6298.026	-6310.038	12.01163	25.81732	8.325353
8120	-6296.641	-6321.87	25.22889	28.82183	7.814538
8130	-6306.367	-6327.418	21.05121	28.11581	7.971201
8140	-6285.763	-6309.253	23.48999	26.53484	7.888492
8150	-6300.876	-6305.953	5.077409	24.90739	8.599719
8160	-6282.767	-6300.143	17.37621	27.04038	8.11622
8170	-6293.13	-6316.54	23.41041	25.6535	7.881117
8180	-6301	-6318.957	17.9574	23.74283	8.047183
8190	-6275.725	-6308.745	33.01967	30.67371	7.521291
8200	-6294.723	-6311.568	16.84472	26.41664	8.139229
8210	-6293.425	-6317.531	24.10632	26.77346	7.866612
8220	-6280.267	-6319.933	39.66547	27.18691	7.295079
8230	-6276.022	-6301.368	25.34664	25.65418	7.805654
8240	-6286.676	-6320.233	33.55657	28.61589	7.526321
8250	-6287.765	-6315.006	27.24044	28.12949	7.750987
8260	-6276.758	-6304.04	27.28212	28.15791	7.749336
8270	-6276.119	-6303.806	27.68681	30.51192	7.699054
8280	-6285.02	-6302.678	17.65754	27.36224	8.102821
8290	-6278.036	-6289.742	11.70643	25.92034	8.336891
8300	-6260.631	-6292.015	31.38308	28.31409	7.603432
8310	-6298.423	-6319.351	20.92861	27.50986	7.982195
8320	-6307.687	-6329.123	21.43559	26.51323	7.965841
8330	-6318.536	-6340.551	22.01553	26.16371	7.941683
8340	-6280.015	-6315.408	35.39252	28.34557	7.461902
8350	-6296.825	-6316.881	20.05626	29.93921	7.96642
8360	-6282.076	-6309.394	27.31835	29.59898	7.730378
8370	-6287.168	-6303.083	15.91575	24.09631	8.145241
8380	-6289.255	-6322.425	33.16995	26.85889	7.529477
8390	-6302.552	-6334.031	31.47901	27.70569	7.599628
8400	-6275.664	-6315.155	39.49192	30.39594	7.313377
8410	-6310.182	-6323.991	13.80872	27.36698	8.243406
8420	-6267.677	-6297.39	29.71288	29.10752	7.656038
8430	-6294.242	-6319.213	24.97039	27.7432	7.834365
8440	-6293.432	-6323.518	30.08676	26.61712	7.641123
8450	-6281.013	-6308.21	27.19691	27.91265	7.753599
8460	-6295.29	-6323.953	28.66281	26.62051	7.694663
8470	-6310.927	-6321.84	10.91293	26.30193	8.36489
8480	-6295.108	-6318.299	23.19147	29.36773	7.874858
8490	-6309.352	-6324.67	15.31811	26.35996	8.197229
8500	-6301.898	-6328.682	26.78329	28.07975	7.767549
8510	-6309.91	-6330.344	20.43412	23.15396	7.912418
8520	-6289.098	-6308.16	19.06146	30.4156	7.984886
8530	-6288.25	-6307.659	19.40843	27.90966	8.03267
8540	-6288.129	-6314.08	25.95086	27.51447	7.799627
8550	-6295.39	-6313.017	17.62728	26.10575	8.10925
8560	-6307.422	-6328.792	21.37016	26.1561	7.96629
8570	-6288.081	-6304.685	16.60342	24.99322	8.138477
8580	-6280.087	-6305.043	24.95617	27.81881	7.834465
8590	-6288.778	-6312.578	23.79929	26.76834	7.87806
8600	-6320.875	-6334.959	14.08434	23.51615	8.20204
8610	-6291.948	-6320.385	28.4369	31.08568	7.660377
8620	-6309.827	-6330.652	20.82453	27.19801	7.988039
8630	-6301.37	-6321.157	19.78647	27.4056	8.024655
8640	-6288.798	-6305.699	16.90162	27.43694	8.129528
8650	-6297.88	-6321.791	23.91078	26.73971	7.873776
8660	-6309.792	-6330.439	20.6463	26.02871	7.992989
8670	-6288.222	-6322.324	34.10246	30.53787	7.48835
8680	-6273.918	-6304.364	30.44657	31.40371	7.587763
8690	-6305.337	-6324.831	19.49474	25.19474	8.026828
8700	-6282.248	-6305.102	22.85463	27.21145	7.913366
8710	-6298.02	-6312.963	14.94385	22.98651	8.14121
8720	-6281.455	-6312.784	31.32884	27.72281	7.605108
8730	-6300.187	-6324.416	24.2288	28.65929	7.851673
8740	-6276.878	-6307.089	30.21131	26.46011	7.633977
8750	-6299.332	-6323.868	24.53585	30.32839	7.807184
8760	-6275.871	-6304.857	28.98588	24.7778	7.634721
8770	-6275.172	-6309.443	34.27088	25.88463	7.465272
8780	-6310.474	-6325.922	15.44811	26.41438	8.192106
8790	-6286.947	-6309.964	23.01714	29.04017	7.887356
8800	-6267.219	-6308.567	41.34738	33.34303	7.201454
8810	-6275.055	-6301.629	26.57409	28.2103	7.774102
8820	-6264.091	-6307.943	43.85184	29.18752	7.170681
8830	-6284.417	-6304.761	20.3437	30.30514	7.946117
8840	-6276.157	-6301.76	25.60231	30.15666	7.776181
8850	-6283.194	-6307.729	24.53501	28.14189	7.847049
8860	-6271.309	-6296.339	25.02964	26.17695	7.826654
8870	-6285.544	-6312.97	27.42593	32.29052	7.656297
8880	-6293.401	-6306.717	13.31661	29.68994	8.200314
8890	-6291.855	-6318.058	26.20286	28.10555	7.788043
8900	-6275.094	-6312.418	37.32462	29.07376	7.394611
8910	-6273.8	-6303.311	29.51074	27.57326	7.670417
8920	-6322.134	-6335.769	13.63504	24.1859	8.242231
8930	-6305.462	-6316.805	11.34384	25.00515	8.349018
8940	-6260.86	-6289.247	28.38675	29.18104	7.700622
8950	-6294.669	-6313.454	18.78473	24.82163	8.047458
8960	-6284.458	-6306.489	22.03104	29.37002	7.914321
8970	-6286.842	-6305.622	18.7808	29.48238	8.022004
8980	-6309.488	-6319.852	10.36382	25.03417	8.388402
8990	-6307.301	-6332.527	25.22602	26.10594	7.818177
9000	-6303.882	-6315.137	11.25535	24.05065	8.337588
9010	-6303.682	-6313.114	9.431758	23.01226	8.38206
9020	-6295.806	-6318.645	22.83917	33.11925	7.765771
9030	-6303.701	-6321.331	17.63012	27.69586	8.099625
9040	-6290.112	-6305.723	15.61086	25.85734	8.186081
9050	-6315.402	-6332.107	16.70529	25.88331	8.143877
9060	-6312.039	-6318.857	6.817914	22.44407	8.471836
9070	-6322.513	-6339.898	17.38549	28.84476	8.086123
9080	-6271.07	-6304.591	33.52061	26.22446	7.503475
9090	-6267.523	-6304.269	36.74617	28.49491	7.414627
9100	-6304.698	-6320.989	16.29059	26.71209	8.158922
9110	-6296.987	-6319.036	22.04926	28.86999	7.92397
9120	-6301.198	-6313.739	12.54064	24.16877	8.287076
9130	-6283.049	-6300.52	17.47098	22.91698	8.027294
9140	-6296.254	-6310.218	13.96428	27.93791	8.227143
9150	-6294.2	-6311.154	16.95432	27.25385	8.12975
9160	-6297.525	-6325.904	28.37922	24.16291	7.631445
9170	-6281.542	-6305.748	24.20634	28.84388	7.849669
9180	-6301.388	-6323.253	21.86464	28.92849	7.929248
9190	-6290.156	-6324.271	34.11525	25.54684	7.460111
9200	-6287.816	-6312.757	24.94182	27.17986	7.836645
9210	-6285.896	-6326.978	41.08224	29.27029	7.265647
9220	-6292.644	-6317.866	25.22192	29.29801	7.807004
9230	-6304.397	-6315.393	10.99502	28.56508	8.316269
9240	-6275.279	-6303.675	28.39608	24.54132	7.648672
9250	-6272.497	-6303.276	30.77819	31.4942	7.574865
9260	-6293.059	-6327.44	34.38072	30.19943	7.484481
9270	-6265.144	-6296.666	31.522	28.17828	7.598743
9280	-6312.62	-6330.804	18.18316	27.21556	8.085004
9290	-6252.448	-6288.534	36.08588	26.15327	7.403596
9300	-6273.479	-6297.403	23.92401	26.59608	7.872531
9310	-6295.339	-6313.548	18.2088	28.92346	8.055742
9320	-6274.055	-6306.403	32.34805	25.73828	7.53532
9330	-6275.399	-6304.327	28.92753	29.58487	7.676239
9340	-6281.45	-6310.862	29.41245	30.76942	7.636681
9350	-6283.302	-6307.587	24.28453	28.99983	7.844405
9360	-6270.537	-6299.469	28.93201	31.35808	7.637239
9370	-6289.863	-6306.202	16.33861	26.93989	8.15549
9380	-6284.009	-6302.464	18.45566	28.93101	8.047031
9390	-6285.841	-6304.461	18.61962	26.92819	8.07088
9400	-6276.062	-6302.906	26.84437	27.52121	7.76715
9410	-6293.207	-6304.297	11.09058	26.19397	8.359021
9420	-6320.897	-6328.125	7.227756	26.98648	8.492695
9430	-6310.894	-6323.501	12.60738	25.33613	8.301129
9440	-6321.129	-6335.068	13.9394	26.09224	8.250548
9450	-6292.93	-6315.876	22.94578	26.23095	7.906778
9460	-6270.16	-6304.617	34.45734	30.12537	7.482979
9470	-6284.235	-6312.229	27.99425	25.56439	7.70017
9480	-6278.329	-6303.945	25.6159	27.89117	7.810364
9490	-6266.432	-6310.846	44.41393	28.69518	7.147721
9500	-6274.45	-6304.822	30.37191	27.37654	7.638238
9510	-6282.752	-6307.841	25.08885	25.02562	7.799949
9520	-6266.478	-6298.974	32.49596	28.03119	7.564032
9530	-6292.54	-6323.651	31.1111	27.5238	7.61213
9540	-6293.153	-6316.519	23.36667	29.14218	7.873404
9550	-6336.533	-6345.24	8.707119	21.63234	8.336976
9560	-6304.877	-6329.454	24.57685	28.66129	7.8395
9570	-6296.075	-6317.57	21.49543	26.71418	7.964075
9580	-6288.558	-6318.15	29.5916	25.97398	7.648111
9590	-6296.805	-6316.963	20.15791	26.09919	8.012268
9600	-6292.694	-6303.408	10.71419	24.74698	8.371804
9610	-6287.382	-6305.758	18.37546	27.20426	8.078033
9620	-6292.617	-6310.04	17.42374	27.8591	8.104598
9630	-6290.819	-6306.332	15.51307	24.08288	8.161546
9640	-6289.863	-6312.386	22.5225	28.11587	7.91887
9650	-6295.307	-6309.945	14.63891	25.22275	8.219857
9660	-6302.101	-6325.505	23.40382	30.40969	7.842282
9670	-6305.077	-6324.544	19.46735	28.7674	8.015592
9680	-6265.156	-6303.01	37.85334	31.78684	7.344428
9690	-6310.641	-6319.038	8.39728	26.66261	8.45525
9700	-6284.585	-6309.825	25.23991	30.6158	7.776488
9710	-6305.516	-6331.321	25.80555	31.66693	7.727312
9720	-6279.963	-6309.076	29.11318	27.83334	7.685026
9730	-6291.316	-6302.713	11.3971	27.24595	8.3338
9740	-6283.414	-6308.006	24.59239	26.52915	7.846903
9750	-6268.188	-6301.403	33.21586	27.92226	7.538
9760	-6296.059	-6317.791	21.73172	26.44166	7.954356
9770	-6275.993	-6309.519	33.52601	29.47206	7.521969
9780	-6289.734	-6305.963	16.2285	28.98954	8.122474
9790	-6283.017	-6306.389	23.37201	23.75749	7.819872
9800	-6282.829	-6310.095	27.26583	26.5476	7.746341
9810	-6307.123	-6334.45	27.3274	26.2709	7.740351
9820	-6287.902	-6322.487	34.58445	29.20539	7.488078
9830	-6307.798	-6333.109	25.31093	26.42057	7.818781
9840	-6301.4	-6313.016	11.61631	22.28192	8.248327
9850	-6303.287	-6316.141	12.85388	25.37743	8.291636
9860	-6277.138	-6304.291	27.15262	27.1058	7.754996
9870	-6289.05	-6316.575	27.52468	26.65633	7.737798
9880	-6292.317	-6306.486	14.16955	24.01566	8.215404
9890	-6301.905	-6315.195	13.28975	29.08001	8.221106
9900	-6301.216	-6319.296	18.07936	24.24884	8.060511
9910	-6291.556	-6319.503	27.94714	24.25195	7.653724
9920	-6277.245	-6298.021	20.77578	26.42574	7.990453
9930	-6296.72	-6315.659	18.93966	27.06548	8.05825
9940	-6300.494	-6323.135	22.6408	28.01178	7.915818
9950	-6290.848	-6312.916	22.06759	25.34905	7.928003
9960	-6288.375	-6307.018	18.64294	24.89993	8.054919
9970	-6287.214	-6305.87	18.65589	27.08669	8.068593
9980	-6306.301	-6316.353	10.05168	25.44983	8.402101
9990	-6293.404	-6309.605	16.20131	26.48455	8.16337
10000	-6283.092	-6294.845	11.75367	25.02827	8.332833
