Iteration	Posterior	Likelihood	Prior	br_len_lambda	tree_length
0	-6301.693	-6322.614	20.92131	31.50668	7.88739
10	-6286.307	-6315.544	29.23632	28.17293	7.679879
20	-6305.911	-6316.088	10.17644	24.0942	8.383379
30	-6295.108	-6311.921	16.81223	25.90198	8.139831
40	-6280.269	-6310.693	30.424	28.06759	7.637909
50	-6297.915	-6320.47	22.55514	31.37398	7.840059
60	-6285.617	-6302.953	17.33569	23.47534	8.061941
70	-6298.655	-6311.587	12.93191	25.0749	8.286233
80	-6272.665	-6306.625	33.95952	30.31735	7.496636
90	-6270.938	-6307.247	36.30957	27.29684	7.420211
100	-6280.48	-6308.143	27.66351	23.98416	7.651853
110	-6298.164	-6315.813	17.64897	25.09197	8.098409
120	-6302.778	-6316.455	13.67736	29.94434	8.179299
130	-6283.313	-6308.031	24.71764	31.13488	7.778536
140	-6288.19	-6310.653	22.46227	25.59574	7.917109
150	-6299.183	-6319.284	20.1005	26.85127	8.016091
160	-6304.165	-6314.142	9.976972	25.24887	8.404764
170	-6303.983	-6321.177	17.19381	26.58884	8.125608
180	-6291.587	-6316.691	25.10392	26.44708	7.826875
190	-6309.962	-6326.94	16.97789	25.06252	8.124674
200	-6280.353	-6306.939	26.58595	30.69251	7.730552
210	-6286.999	-6316.982	29.98326	27.12734	7.650746
220	-6307.501	-6318.842	11.34047	29.10422	8.287338
230	-6324.182	-6337.999	13.81691	24.24274	8.236141
240	-6284.913	-6310.198	25.28514	27.42991	7.823983
250	-6271.036	-6299.462	28.42551	26.57144	7.702966
260	-6296.185	-6314.955	18.76946	23.21867	7.987827
270	-6301.587	-6323.123	21.53639	27.07573	7.96228
280	-6291.555	-6321.405	29.84976	27.58938	7.658169
290	-6282.907	-6304.43	21.52241	29.55216	7.927337
300	-6279.991	-6307.936	27.94497	29.52359	7.710487
310	-6324.209	-6334.448	10.23911	27.13313	8.37847
320	-6289.143	-6317.752	28.60881	30.47508	7.669667
330	-6276.4	-6307.284	30.88421	31.5814	7.569214
340	-6297.37	-6319.461	22.09149	25.6287	7.932134
350	-6286.251	-6312.044	25.79268	26.72111	7.803265
360	-6305.533	-6332.311	26.7776	27.5057	7.769582
370	-6317.933	-6330.632	12.69854	32.48025	8.103333
380	-6297.856	-6325.683	27.82626	24.17501	7.654934
390	-6314.186	-6329.976	15.78915	24.57072	8.16304
400	-6287.368	-6317.282	29.91358	31.01799	7.614532
410	-6290.406	-6317.313	26.90696	25.54789	7.742297
420	-6285.279	-6307.939	22.6599	30.30633	7.869654
430	-6305.66	-6321.724	16.06393	25.14277	8.1623
440	-6296.397	-6319.644	23.24645	30.2308	7.852337
450	-6290.384	-6310.696	20.31158	24.91687	7.988316
460	-6280.986	-6309.266	28.28017	24.4293	7.648394
470	-6302.35	-6328.315	25.96536	28.12054	7.796383
480	-6281.479	-6294.712	13.23262	23.3943	8.233577
490	-6287.934	-6314.757	26.82317	28.48024	7.763007
500	-6290.46	-6316.627	26.16735	30.77116	7.7421
510	-6286.106	-6304.461	18.35544	25.10671	8.070521
520	-6304.405	-6319.02	14.61502	24.19651	8.201998
530	-6295.787	-6325.788	30.00132	29.72516	7.637796
540	-6290.308	-6314.317	24.00905	25.61266	7.857006
550	-6316.605	-6333.645	17.04016	22.85442	8.042471
560	-6285.472	-6311.436	25.96374	23.35878	7.68713
570	-6292.879	-6319.631	26.75229	25.82681	7.754586
580	-6288.029	-6317.202	29.17356	25.84025	7.661157
590	-6299.107	-6322.293	23.1856	25.09516	7.877838
600	-6308.648	-6338.94	30.29162	28.00369	7.642696
610	-6319.225	-6334.174	14.94943	27.42122	8.200919
620	-6297.849	-6319.245	21.39547	29.0413	7.943175
630	-6303.479	-6324.739	21.25992	29.1485	7.94556
640	-6280.035	-6315.302	35.2675	24.68521	7.376425
650	-6275.461	-6296.117	20.65603	26.55019	7.995326
660	-6301.074	-6321.489	20.41541	30.14642	7.94848
670	-6260.739	-6301.668	40.92822	29.1515	7.270802
680	-6282.355	-6308.832	26.47659	26.79271	7.778224
690	-6312.96	-6330.252	17.29206	25.51353	8.118296
700	-6278.08	-6306.309	28.22932	28.46987	7.713715
710	-6308.976	-6340.954	31.97804	29.79565	7.57032
720	-6283.919	-6311.606	27.68669	26.61217	7.731238
730	-6288.062	-6319.431	31.36897	27.80304	7.603905
740	-6282.687	-6322.639	39.95113	30.32993	7.298891
750	-6306.106	-6312.007	5.901517	22.11601	8.496097
760	-6313.574	-6336.638	23.06397	25.81839	7.897271
770	-6311.707	-6326.223	14.51675	25.72255	8.228063
780	-6297.105	-6317.51	20.4046	28.44522	7.988984
790	-6285.058	-6308.226	23.16759	30.97307	7.83342
800	-6292.922	-6320.663	27.74072	29.75887	7.713222
810	-6287.533	-6304.975	17.44144	26.28997	8.116671
820	-6296.08	-6313.124	17.04388	26.96993	8.129082
830	-6299.787	-6310.874	11.08714	31.17215	8.214667
840	-6310.622	-6336.827	26.205	24.63269	7.741549
850	-6303.116	-6321.417	18.30121	24.70447	8.064202
860	-6276.953	-6300.618	23.66447	28.13858	7.878018
870	-6317.332	-6336.8	19.46772	29.84347	7.988835
880	-6281.331	-6319.263	37.93144	31.14556	7.353952
890	-6305.346	-6323.069	17.72323	26.71689	8.10527
900	-6294.118	-6314.846	20.72763	29.0761	7.965418
910	-6293.198	-6321.062	27.86403	28.0648	7.729129
920	-6292.179	-6316.902	24.72307	27.76371	7.843167
930	-6301.123	-6330.846	29.72372	28.83098	7.658503
940	-6295.273	-6319.196	23.92284	24.0364	7.810237
950	-6300.549	-6332.996	32.4465	29.35839	7.559811
960	-6303.366	-6321.774	18.40827	24.95263	8.065445
970	-6307.878	-6327.376	19.49773	27.13119	8.037253
980	-6285.311	-6319.995	34.6842	27.78205	7.484517
990	-6284.76	-6315.167	30.40655	33.74485	7.515285
1000	-6287.446	-6321.289	33.8423	29.22563	7.513339
1010	-6273.491	-6309.136	35.64504	26.02276	7.416568
1020	-6284.01	-6308.463	24.45264	28.70968	7.843144
1030	-6280.199	-6309.406	29.20694	27.71506	7.681643
1040	-6293.94	-6308.765	14.82472	27.45566	8.204935
1050	-6273.678	-6297.516	23.83741	25.18628	7.854249
1060	-6289.89	-6319.005	29.11465	27.26132	7.683603
1070	-6290.841	-6322.968	32.1269	27.27088	7.573199
1080	-6264.13	-6281.302	17.17158	28.63887	8.098384
1090	-6275.095	-6296.144	21.04895	28.5733	7.96416
1100	-6305.068	-6323.593	18.52482	25.19285	8.065293
1110	-6308.124	-6331.157	23.03358	29.42389	7.879032
1120	-6287.193	-6310.143	22.9501	27.23381	7.909805
1130	-6291.604	-6310.839	19.23504	28.04435	8.036909
1140	-6303.414	-6317.085	13.67082	27.65238	8.243413
1150	-6297.365	-6315.036	17.67065	28.03458	8.09286
1160	-6319.741	-6322.485	2.744499	23.63215	8.686245
1170	-6283.699	-6311.025	27.32613	26.92112	7.747508
1180	-6284.88	-6306.54	21.66005	29.52114	7.923423
1190	-6282.891	-6312.497	29.60578	24.33803	7.589679
1200	-6307.167	-6322.626	15.4594	25.36583	8.188855
1210	-6291.572	-6315.114	23.54196	26.6377	7.887116
1220	-6282.663	-6296.412	13.74945	28.24888	8.227794
1230	-6277.83	-6304.436	26.60599	28.65356	7.768791
1240	-6300.867	-6319.406	18.53894	25.61459	8.070598
1250	-6291.169	-6310.36	19.19144	27.44198	8.046022
1260	-6303.981	-6319.517	15.53653	28.52945	8.158137
1270	-6290.921	-6312.478	21.55727	27.69703	7.957819
1280	-6284.246	-6297.545	13.29936	27.27372	8.263544
1290	-6297.798	-6313.369	15.57071	25.6424	8.18665
1300	-6285.853	-6305.619	19.76631	25.46054	8.020545
1310	-6305.108	-6330.054	24.94665	28.19351	7.83195
1320	-6285.644	-6301.739	16.09487	25.64187	8.166206
1330	-6281.931	-6309.293	27.36154	26.65807	7.743936
1340	-6294.221	-6306.618	12.39696	23.00287	8.252772
1350	-6292.604	-6323.475	30.87154	29.01664	7.617111
1360	-6293.834	-6315.303	21.4693	25.4137	7.952818
1370	-6270.296	-6295.819	25.52273	27.97478	7.813186
1380	-6288.649	-6298.17	9.521111	32.14675	8.218004
1390	-6279.34	-6296.695	17.35532	28.30514	8.099044
1400	-6276.696	-6311.466	34.77005	29.61403	7.47848
1410	-6293.755	-6316.035	22.27963	30.03903	7.889534
1420	-6281.947	-6314.232	32.28487	28.3004	7.571599
1430	-6291.975	-6314.759	22.7833	26.13006	7.911999
1440	-6273.663	-6316.058	42.39546	31.32787	7.208299
1450	-6288.299	-6308.044	19.74533	26.94337	8.02902
1460	-6283.915	-6323.691	39.77642	30.05667	7.306937
1470	-6301.198	-6324.896	23.69786	30.11299	7.840452
1480	-6293.584	-6311.171	17.58629	25.01192	8.099496
1490	-6285.652	-6312.956	27.30403	25.90121	7.734758
1500	-6285.154	-6299.413	14.25953	28.32209	8.208013
1510	-6299.352	-6328.465	29.1131	25.98786	7.666833
1520	-6285.942	-6312.228	26.28587	29.82332	7.76079
1530	-6279.202	-6309.373	30.17086	25.76405	7.620595
1540	-6271.798	-6305.414	33.61628	26.04456	7.49513
1550	-6282.957	-6297.738	14.7807	26.94865	8.213226
1560	-6286.412	-6296.348	9.935535	21.96318	8.303793
1570	-6306.734	-6316.794	10.06024	25.68653	8.40143
1580	-6292.796	-6306.558	13.76186	25.45732	8.256361
1590	-6281.325	-6304.631	23.30688	25.88488	7.888848
1600	-6291.274	-6312.221	20.94785	27.59126	7.98081
1610	-6297.976	-6321.678	23.70253	27.84518	7.87933
1620	-6279.89	-6313.135	33.24509	30.52111	7.516724
1630	-6310.876	-6329.87	18.99458	26.60654	8.057865
1640	-6307.417	-6327.619	20.20212	26.589	8.012466
1650	-6292.588	-6331.406	38.81865	27.79153	7.335818
1660	-6294.177	-6320.173	25.99668	27.18645	7.797849
1670	-6303.79	-6324.186	20.39617	27.83116	7.998237
1680	-6288.142	-6306.019	17.87705	25.48582	8.095049
1690	-6273.023	-6306.286	33.26315	28.10764	7.536841
1700	-6321.079	-6335.497	14.41787	29.14843	8.180292
1710	-6293.235	-6316.035	22.79925	25.22331	7.896339
1720	-6297.318	-6320.298	22.98016	26.03349	7.903382
1730	-6297.469	-6312.288	14.81889	26.97565	8.211519
1740	-6287.996	-6309.072	21.07576	26.41336	7.979049
1750	-6291.835	-6304.454	12.61955	23.52868	8.264778
1760	-6285.639	-6311.536	25.89666	27.47809	7.801645
1770	-6282.717	-6316.931	34.21419	26.01565	7.471349
1780	-6264.967	-6304.196	39.22927	29.30091	7.3289
1790	-6279.481	-6304.507	25.02667	27.65461	7.83274
1800	-6275.429	-6312.087	36.65844	31.79865	7.381762
1810	-6289.359	-6319.508	30.14883	28.75217	7.644409
1820	-6285.078	-6299.858	14.77987	29.01257	8.171793
1830	-6271.824	-6302.749	30.92522	27.64633	7.619416
1840	-6310.012	-6329.24	19.22791	26.83135	8.048655
1850	-6294.786	-6318.654	23.8682	24.52294	7.832503
1860	-6305.897	-6331.482	25.58499	26.01119	7.802971
1870	-6263.804	-6289.021	25.21737	27.73307	7.82551
1880	-6277.213	-6301.592	24.3796	27.91278	7.854531
1890	-6284.749	-6315.177	30.42847	28.09819	7.637707
1900	-6287.955	-6329.187	41.23255	27.51163	7.244168
1910	-6279.524	-6305.791	26.26666	28.68359	7.780276
1920	-6312.913	-6329.81	16.89699	25.47528	8.133396
1930	-6292.554	-6315.476	22.92199	27.7092	7.908456
1940	-6302.147	-6330.1	27.95285	28.31591	7.724569
1950	-6303.641	-6325.514	21.87312	28.11495	7.941978
1960	-6275.058	-6305.745	30.68734	28.4508	7.627466
1970	-6323.306	-6326.797	3.490915	27.60066	8.613209
1980	-6261.855	-6288.677	26.82229	27.28812	7.767752
1990	-6283.204	-6305.682	22.47786	26.59379	7.926896
2000	-6274.994	-6303.941	28.94676	27.97264	7.690794
2010	-6298.133	-6318.588	20.45511	26.01807	8.000247
2020	-6294.127	-6317.468	23.34144	25.34791	7.877725
2030	-6282.856	-6300.854	17.99766	26.57021	8.095415
2040	-6304.119	-6319.143	15.02432	26.57503	8.207289
2050	-6289.328	-6303.242	13.91404	28.68352	8.210929
2060	-6285.603	-6302.278	16.67496	25.78076	8.144521
2070	-6259.084	-6302.101	43.01699	28.28406	7.192176
2080	-6287.865	-6308.299	20.43456	27.83443	7.99682
2090	-6300.893	-6321.912	21.01829	25.79005	7.976163
2100	-6287.077	-6303.749	16.67115	26.89165	8.143516
2110	-6291.585	-6314.234	22.64837	27.02528	7.921258
2120	-6290.137	-6316.561	26.42409	28.76977	7.773735
2130	-6273.48	-6302.388	28.90868	29.63065	7.676134
2140	-6286.905	-6309.3	22.39522	33.58188	7.759717
2150	-6304.058	-6323.026	18.96835	28.99283	8.027886
2160	-6289.808	-6322.314	32.50538	27.50846	7.561362
2170	-6272.301	-6300.956	28.6548	28.14676	7.700635
2180	-6294.914	-6318.911	23.99725	28.85026	7.856816
2190	-6295.462	-6319.366	23.90465	32.05055	7.774016
2200	-6280.438	-6320.573	40.13549	30.22449	7.293719
2210	-6290.451	-6316.553	26.10196	28.53699	7.787721
2220	-6287.195	-6316.175	28.9796	27.26722	7.688589
2230	-6291.4	-6314.036	22.63604	26.42269	7.920037
2240	-6274.147	-6302.729	28.58206	26.4095	7.694805
2250	-6289.423	-6314.555	25.13201	28.80365	7.818163
2260	-6293.159	-6315.457	22.29815	26.76244	7.934129
2270	-6286.568	-6315.019	28.45077	27.44387	7.708612
2280	-6283.719	-6311.981	28.26214	27.6059	7.715726
2290	-6304.178	-6325.619	21.44055	23.16821	7.869804
2300	-6298.269	-6315.308	17.03917	26.6029	8.131373
2310	-6300.962	-6321.008	20.04541	26.06675	8.016355
2320	-6287.22	-6314.862	27.64189	27.33032	7.737843
2330	-6269.991	-6301.286	31.29588	29.87025	7.592085
2340	-6301.28	-6324.445	23.16523	26.92219	7.902068
2350	-6310.519	-6327.114	16.59475	26.92444	8.146105
2360	-6288.441	-6318.263	29.82109	27.12066	7.656671
2370	-6282.894	-6322.049	39.15458	29.32932	7.331389
2380	-6305.438	-6319.322	13.8835	25.66181	8.252512
2390	-6313.768	-6337.178	23.41003	27.65187	7.891215
2400	-6293.287	-6315.781	22.49325	24.33471	7.881793
2410	-6310.228	-6321.85	11.62234	24.47888	8.331135
2420	-6283.171	-6300.712	17.54098	26.16681	8.112711
2430	-6276.573	-6299.557	22.98358	29.73346	7.873686
2440	-6292.089	-6327.882	35.79272	27.8388	7.445086
2450	-6287.386	-6308.747	21.36096	29.029	7.944618
2460	-6286.242	-6318.233	31.99148	27.00016	7.575232
2470	-6261.331	-6293.379	32.04827	26.45108	7.564378
2480	-6287.179	-6304.022	16.84209	32.21145	7.987487
2490	-6270.218	-6291.735	21.51753	27.10627	7.962887
2500	-6293.827	-6318.592	24.76453	28.06157	7.839596
2510	-6263.595	-6302.045	38.44992	26.47766	7.323115
2520	-6297.626	-6326.954	29.32855	26.07704	7.660438
2530	-6301.182	-6322.861	21.67952	29.70529	7.918254
2540	-6297.079	-6312.327	15.24822	24.32872	8.179364
2550	-6302.562	-6316.543	13.98068	29.73088	8.176561
2560	-6274.618	-6311.621	37.00292	27.56209	7.398557
2570	-6289.474	-6325.21	35.73582	26.38083	7.423196
2580	-6252.859	-6298.787	45.92799	28.43903	7.091613
2590	-6273.853	-6310.944	37.09137	30.28542	7.39372
2600	-6261.553	-6296.214	34.66168	27.97001	7.486476
2610	-6269.254	-6299.203	29.94924	29.83618	7.63774
2620	-6271.847	-6305.228	33.38015	29.12199	7.529944
2630	-6295.391	-6309.145	13.75448	28.87228	8.211219
2640	-6295.001	-6329.522	34.52135	27.98158	7.49155
2650	-6281.131	-6308.433	27.30224	28.66826	7.744337
2660	-6288.286	-6309.343	21.05628	22.50425	7.842007
2670	-6291.199	-6307.194	15.99492	27.26418	8.164827
2680	-6264.638	-6293.778	29.14035	28.77803	7.679245
2690	-6297.485	-6314.356	16.87068	26.03163	8.138054
2700	-6282.328	-6307.441	25.11325	24.59615	7.784516
2710	-6297.439	-6320.906	23.46675	27.16384	7.890934
2720	-6282.177	-6310.989	28.81194	27.19583	7.69435
2730	-6287.062	-6313.655	26.59251	28.26469	7.77303
2740	-6288.373	-6318.596	30.22261	28.37942	7.644144
2750	-6261.611	-6294.957	33.34647	29.30455	7.52964
2760	-6303.421	-6321.566	18.14492	26.07737	8.089308
2770	-6303.671	-6318.724	15.05361	25.71889	8.207176
2780	-6300.068	-6311.276	11.2082	24.26935	8.34428
2790	-6285.357	-6308.331	22.97387	25.56868	7.896631
2800	-6302.646	-6317.932	15.28602	22.9294	8.123303
2810	-6274.673	-6309.636	34.96382	29.18806	7.475192
2820	-6308.992	-6319.028	10.0361	23.56643	8.375741
2830	-6312.515	-6325.801	13.28605	22.62149	8.194121
2840	-6292.955	-6317.09	24.13462	26.53468	7.864197
2850	-6281.171	-6314.384	33.21325	25.64696	7.498778
2860	-6317.179	-6324.044	6.865122	23.11608	8.497193
2870	-6283.248	-6301.728	18.4799	24.2425	8.043787
2880	-6270.631	-6300.584	29.95298	28.33377	7.653855
2890	-6285.112	-6307.541	22.42878	26.09006	7.925165
2900	-6292.518	-6320.907	28.38929	29.94295	7.688017
2910	-6278.661	-6314.351	35.68994	28.57435	7.451759
2920	-6279.545	-6309.436	29.89076	29.20689	7.648774
2930	-6280.954	-6299.587	18.63259	24.34819	8.040859
2940	-6288.348	-6311.938	23.59034	25.04398	7.860332
2950	-6301.976	-6325.785	23.80921	26.7867	7.877759
2960	-6295.58	-6314.104	18.52392	25.93873	8.073996
2970	-6276.988	-6302.947	25.95936	27.28802	7.799375
2980	-6275.3	-6301.493	26.19261	26.57124	7.786998
2990	-6298.71	-6301.557	2.84709	25.30514	8.686652
3000	-6279.722	-6300.178	20.45581	29.37401	7.967858
3010	-6274.855	-6307.422	32.56672	27.96231	7.561358
3020	-6282.234	-6307.884	25.64954	31.49558	7.737667
3030	-6302.806	-6324.034	21.22885	25.80553	7.968191
3040	-6284.576	-6311.757	27.18113	25.31861	7.725414
3050	-6283.86	-6306.844	22.98354	27.97037	7.903996
3060	-6288.327	-6310.964	22.63688	24.74066	7.889827
3070	-6298.12	-6323.21	25.0906	26.97286	7.830733
3080	-6311.112	-6329.083	17.97024	27.06667	8.094059
3090	-6296.312	-6314.475	18.1635	28.18572	8.072682
3100	-6292.261	-6316.359	24.09856	26.12257	7.861572
3110	-6270.935	-6299.246	28.31104	28.08451	7.713122
3120	-6292.426	-6320.007	27.58109	31.73077	7.669306
3130	-6284.138	-6307.69	23.55179	25.47424	7.872149
3140	-6288.731	-6308.721	19.99044	27.73604	8.013949
3150	-6290.109	-6314.636	24.52785	27.19643	7.851878
3160	-6296.02	-6318.48	22.4602	25.55278	7.91644
3170	-6294.758	-6317.001	22.24286	28.01601	7.929977
3180	-6271.226	-6294.002	22.77632	24.8755	7.888221
3190	-6314.439	-6319.873	5.434294	25.73244	8.581052
3200	-6281.602	-6301.532	19.92982	25.22867	8.0102
3210	-6281.942	-6310.806	28.86435	25.3376	7.659523
3220	-6279.945	-6308.822	28.87676	26.73453	7.688001
3230	-6295.879	-6324.407	28.52806	26.44872	7.697428
3240	-6315.485	-6336.379	20.89388	25.96814	7.982918
3250	-6306.144	-6318.022	11.87809	28.82471	8.277669
3260	-6293.884	-6314.972	21.08758	28.4056	7.965616
3270	-6276.403	-6307.616	31.21277	28.10557	7.609789
3280	-6326.163	-6327.99	1.826718	24.95777	8.729934
3290	-6301.163	-6312.509	11.34658	26.50078	8.346502
3300	-6289.145	-6307.016	17.87086	27.69567	8.090935
3310	-6307.634	-6323.18	15.54618	27.66191	8.175437
3320	-6305.533	-6321.382	15.84897	29.64615	8.116399
3330	-6318.945	-6328.176	9.230765	24.99371	8.433466
3340	-6276.874	-6301.747	24.87247	28.38368	7.832619
3350	-6315.153	-6321.614	6.461053	26.12213	8.536761
3360	-6306.655	-6315.802	9.147556	22.71953	8.38174
3370	-6313.511	-6333.428	19.91667	26.30705	8.022588
3380	-6286.188	-6310.456	24.26776	25.50188	7.844637
3390	-6280.84	-6307.334	26.49396	25.94264	7.766803
3400	-6268.378	-6305.543	37.16406	27.16127	7.386641
3410	-6296.075	-6318.276	22.20127	25.70619	7.92907
3420	-6268.123	-6311.318	43.19546	31.35193	7.18246
3430	-6268.022	-6310.674	42.65122	26.36858	7.16062
3440	-6315.02	-6333.167	18.14767	26.6961	8.089453
3450	-6310.875	-6324.137	13.26221	26.1052	8.276459
3460	-6285.587	-6314.279	28.69191	29.81425	7.680277
3470	-6277.851	-6302.722	24.87067	26.31408	7.834351
3480	-6281.585	-6306.306	24.72102	31.97044	7.751319
3490	-6273.151	-6305.322	32.17114	28.66101	7.574535
3500	-6295.129	-6316.362	21.23305	30.97978	7.895657
3510	-6289.646	-6313.543	23.89643	26.61518	7.873681
3520	-6282.295	-6310.157	27.86116	24.86634	7.68347
3530	-6293.913	-6312.185	18.27193	29.17073	8.047507
3540	-6276.529	-6294.935	18.40598	25.71475	8.076791
3550	-6282.582	-6315.759	33.17695	26.898	7.529825
3560	-6281.977	-6306.485	24.50756	26.01993	7.844518
3570	-6265.782	-6294.367	28.5853	29.3271	7.691787
3580	-6278.814	-6312.445	33.63131	26.57597	7.50714
3590	-6289.565	-6312.351	22.78592	29.58606	7.883804
3600	-6264.475	-6288.608	24.13354	25.96934	7.85818
3610	-6300.447	-6325.16	24.7138	27.18496	7.845037
3620	-6287.886	-6310.238	22.3521	25.20948	7.913754
3630	-6292.679	-6321.934	29.25503	28.50113	7.677479
3640	-6283.363	-6310.919	27.55634	26.86129	7.7385
3650	-6279.488	-6310.074	30.58601	26.89538	7.626119
3660	-6284.683	-6315.805	31.12245	28.883	7.609591
3670	-6285.99	-6305.702	19.71195	31.01932	7.94338
3680	-6320.821	-6338.228	17.40668	26.01455	8.117399
3690	-6286.938	-6320.351	33.41349	30.41804	7.512981
3700	-6269.034	-6289.634	20.60007	28.05478	7.988094
3710	-6300.033	-6314.696	14.66291	24.46545	8.206625
3720	-6296.843	-6311.852	15.00871	24.42107	8.19146
3730	-6299.101	-6310.948	11.84702	26.4161	8.328421
3740	-6298.968	-6315.43	16.4619	24.33065	8.12953
3750	-6306.96	-6321.441	14.48072	23.81918	8.196227
3760	-6324.391	-6326.268	1.87653	27.00041	8.690586
3770	-6279.714	-6303.142	23.4279	25.6211	7.879851
3780	-6295.422	-6317.868	22.44572	25.1754	7.909251
3790	-6275.341	-6304.553	29.21179	27.8055	7.681492
3800	-6273.067	-6294.35	21.28282	29.3557	7.940129
3810	-6296.093	-6306.744	10.65071	28.71663	8.323668
3820	-6282.653	-6297.415	14.76129	26.02457	8.219087
3830	-6304.062	-6326.43	22.36776	26.32264	7.92953
3840	-6300.767	-6321.941	21.17394	26.43129	7.975409
3850	-6287.358	-6311.94	24.58247	29.29682	7.828852
3860	-6272.711	-6304.478	31.76628	27.83019	7.589696
3870	-6294.788	-6320.353	25.56469	29.3424	7.794509
3880	-6275.203	-6300.514	25.3104	27.53903	7.822844
3890	-6277.419	-6299.081	21.66179	26.05805	7.954263
3900	-6291.419	-6317.389	25.97054	26.58678	7.795498
3910	-6297.693	-6327.51	29.81705	30.15196	7.636509
3920	-6298.087	-6326.282	28.19524	27.99094	7.7176
3930	-6299.642	-6320.127	20.48559	23.49722	7.928877
3940	-6296.196	-6318.211	22.01553	23.63585	7.870974
3950	-6287.787	-6313.699	25.91227	26.5671	7.797511
3960	-6289.948	-6313.437	23.48866	29.47996	7.862372
3970	-6294.044	-6320.837	26.79303	31.98206	7.686131
3980	-6286.913	-6317.907	30.99457	27.50945	7.616289
3990	-6289.906	-6315.797	25.89081	28.96867	7.789482
4000	-6296.8	-6314.215	17.41549	31.97703	7.979554
4010	-6292.762	-6313.559	20.79693	26.25464	7.98884
4020	-6308.083	-6320.484	12.40146	26.20092	8.308936
4030	-6297.955	-6320.843	22.8878	27.81178	7.908876
4040	-6286.27	-6321.179	34.90874	30.37716	7.464442
4050	-6274.268	-6296.54	22.27198	27.60115	7.932748
4060	-6307.73	-6331.185	23.45438	25.49193	7.876332
4070	-6284.848	-6310.734	25.88583	28.61229	7.794423
4080	-6300.885	-6318.279	17.39395	25.87643	8.117232
4090	-6315.577	-6335.823	20.24557	28.24641	7.997873
4100	-6279.472	-6320.079	40.60777	30.03685	7.279403
4110	-6275.491	-6299.708	24.21788	25.38761	7.844071
4120	-6292.307	-6309.353	17.04563	27.29855	8.125912
4130	-6308.1	-6326.466	18.36561	29.41601	8.03789
4140	-6304.566	-6313.522	8.956425	24.90726	8.443981
4150	-6271.918	-6287.765	15.84689	23.88133	8.141066
4160	-6284.213	-6315.493	31.28032	24.54379	7.531267
4170	-6277.931	-6309.469	31.53815	27.66886	7.597344
4180	-6289.935	-6316.653	26.71787	29.01651	7.76026
4190	-6285.824	-6302.793	16.96895	25.39819	8.129724
4200	-6280.94	-6304.727	23.78709	25.06531	7.853062
4210	-6300.98	-6324.166	23.18625	25.5567	7.8881
4220	-6278.804	-6298.435	19.63117	24.79727	8.012755
4230	-6267.082	-6294.32	27.2381	28.18087	7.750755
4240	-6282.844	-6308.012	25.1673	29.14403	7.811585
4250	-6280.242	-6310.204	29.96206	25.08596	7.60747
4260	-6303.31	-6318.58	15.27021	26.54223	8.198225
4270	-6283.722	-6308.776	25.05414	30.34566	7.789656
4280	-6292.084	-6312.618	20.53347	28.51624	7.983221
4290	-6268.148	-6299.647	31.4981	27.55381	7.598237
4300	-6289.712	-6314.558	24.84621	27.19143	7.84017
4310	-6273.776	-6302.119	28.34323	24.12257	7.630864
4320	-6276.695	-6305.399	28.70404	29.05448	7.691354
4330	-6282.506	-6306.638	24.13289	27.9496	7.863076
4340	-6275.816	-6296.748	20.93191	27.80878	7.979235
4350	-6288.473	-6301.232	12.75897	26.28004	8.294841
4360	-6288.61	-6306.304	17.69437	27.2765	8.102371
4370	-6264.225	-6287.653	23.42774	26.36393	7.889612
4380	-6295.932	-6313.88	17.9482	25.61232	8.093638
4390	-6274.012	-6301.296	27.28323	30.3525	7.716042
4400	-6290.049	-6317.564	27.51508	27.09512	7.741569
4410	-6285.54	-6301.976	16.4353	25.22327	8.148643
4420	-6265.019	-6297.23	32.21132	26.64205	7.561737
4430	-6294.146	-6316.259	22.11259	27.67574	7.937944
4440	-6278.794	-6308.27	29.47616	27.38523	7.670998
4450	-6286.269	-6306.547	20.27886	27.71704	8.003759
4460	-6276.334	-6303.056	26.72185	28.29106	7.768245
4470	-6297.592	-6318.118	20.52585	26.27521	7.999274
4480	-6299.88	-6311.444	11.5645	27.1997	8.328477
4490	-6310.732	-6335.363	24.63102	25.96625	7.838976
4500	-6291.281	-6307.812	16.5311	26.04371	8.151126
4510	-6304.215	-6323.592	19.37701	25.24826	8.032458
4520	-6289.758	-6315.089	25.33133	25.55719	7.804177
4530	-6277.377	-6300.258	22.88121	23.80037	7.842638
4540	-6274.394	-6296.473	22.07907	25.95321	7.937105
4550	-6294.642	-6322.801	28.15886	27.69538	7.71947
4560	-6271.337	-6299.713	28.37689	26.31958	7.701194
4570	-6276.267	-6303.193	26.92553	27.06232	7.763178
4580	-6304.964	-6307.265	2.301542	24.96293	8.710881
4590	-6300.979	-6310.878	9.898982	27.89039	8.373893
4600	-6289.385	-6316.591	27.20631	26.35141	7.746116
4610	-6295.688	-6334.737	39.04888	27.95631	7.329475
4620	-6288.716	-6321.407	32.69036	28.31488	7.557261
4630	-6298.946	-6309.141	10.19539	26.59197	8.388775
4640	-6316.546	-6329.631	13.08569	26.02937	8.28346
4650	-6313.187	-6328.118	14.93109	27.6514	8.197855
4660	-6319.053	-6332.444	13.39109	23.86141	8.24329
4670	-6288.345	-6296.999	8.653781	24.57099	8.453444
4680	-6309.849	-6322.835	12.98658	24.78536	8.280541
4690	-6286.902	-6314.396	27.49351	27.00673	7.741863
4700	-6286.612	-6294.842	8.229897	25.31133	8.473931
4710	-6285.164	-6301.963	16.79843	26.30926	8.141119
4720	-6310.746	-6340.9	30.15387	27.20049	7.645042
4730	-6291.489	-6329.556	38.06737	27.79871	7.362932
4740	-6270.894	-6288.149	17.2554	25.9318	8.122868
4750	-6284.211	-6313.636	29.42499	27.37285	7.672809
4760	-6287.878	-6308.168	20.29035	24.70769	7.983774
4770	-6304.588	-6316.322	11.73406	25.53359	8.336176
4780	-6288.435	-6318.59	30.15546	26.2508	7.632313
4790	-6279.007	-6309.244	30.23719	29.32851	7.635443
4800	-6295.706	-6315.588	19.88161	31.21057	7.931173
4810	-6300.237	-6317.989	17.75181	27.21736	8.100836
4820	-6268.594	-6295.419	26.82492	28.51926	7.762564
4830	-6271.768	-6291.84	20.07201	29.12102	7.986945
4840	-6264.232	-6293.051	28.81936	24.50625	7.629853
4850	-6256.313	-6284.411	28.09842	26.65608	7.716272
4860	-6272.683	-6304.796	32.11261	27.99791	7.57766
4870	-6307.476	-6328.303	20.82699	27.96536	7.981161
4880	-6283.081	-6308.25	25.16871	26.02073	7.819121
4890	-6303.669	-6320.807	17.13809	28.21736	8.108453
4900	-6304.741	-6322.523	17.78232	25.23233	8.095378
4910	-6284.531	-6301.448	16.91658	23.04889	8.058796
4920	-6296.647	-6315.557	18.91016	26.2752	8.060764
4930	-6285.72	-6304.354	18.63372	31.14649	7.973516
4940	-6274.452	-6302.306	27.85471	29.75618	7.709442
4950	-6297.918	-6319.373	21.45467	27.37634	7.963965
4960	-6288.63	-6313.739	25.10893	26.49391	7.827122
4970	-6302.013	-6314.922	12.90826	23.46105	8.250003
4980	-6288.389	-6301.053	12.66408	26.28323	8.298432
4990	-6295.385	-6315.521	20.13586	26.70239	8.014975
5000	-6284.843	-6300.195	15.35222	26.44262	8.195619
5010	-6294.481	-6307.728	13.2474	23.47882	8.236226
5020	-6285.759	-6304.284	18.52435	27.31804	8.071564
5030	-6292.074	-6311.503	19.42877	26.2993	8.04111
5040	-6299.397	-6323.652	24.25499	26.39761	7.858544
5050	-6298.229	-6315.16	16.93133	28.77399	8.10359
5060	-6296.177	-6308.503	12.32596	24.75994	8.306853
5070	-6270.95	-6297.828	26.87854	26.19972	7.756377
5080	-6278.298	-6298.245	19.9478	25.48105	8.013727
5090	-6307.781	-6341.832	34.05065	23.39787	7.343978
5100	-6281.656	-6295.762	14.10592	25.07672	8.239435
5110	-6301.13	-6310.312	9.182013	25.22765	8.436214
5120	-6298.749	-6315.553	16.80406	27.10172	8.136819
5130	-6290.578	-6307.703	17.12472	26.72383	8.127638
5140	-6295.826	-6309.88	14.05357	28.70083	8.205598
5150	-6280.13	-6306.996	26.86653	27.23463	7.765999
5160	-6282.277	-6295.276	12.99902	28.45373	8.249105
5170	-6293.308	-6320.177	26.86959	27.79756	7.765753
5180	-6276.103	-6312.372	36.26875	30.46904	7.418402
5190	-6293.787	-6319.015	25.22875	27.75097	7.825015
5200	-6293.079	-6317.464	24.38497	29.64014	7.828599
5210	-6316.278	-6326.933	10.65469	23.06385	8.331102
5220	-6293.575	-6302.429	8.85422	24.62512	8.445853
5230	-6320.997	-6324.377	3.37944	21.61215	8.582003
5240	-6310.509	-6319.265	8.756182	26.80714	8.439362
5250	-6288.86	-6312.2	23.33914	28.37117	7.886803
5260	-6305.127	-6318.103	12.97652	25.57762	8.287657
5270	-6289.257	-6310.51	21.2529	24.3247	7.932406
5280	-6289.423	-6300.558	11.13506	24.79808	8.355386
5290	-6283.737	-6298.182	14.44519	24.3062	8.211821
5300	-6285.482	-6315.811	30.32891	29.56408	7.629169
5310	-6280.642	-6311.068	30.42528	28.17893	7.637663
5320	-6307.071	-6335.536	28.46506	30.94321	7.663146
5330	-6295.244	-6309.119	13.87464	27.7795	8.233597
5340	-6271.365	-6302.091	30.72649	27.97198	7.62717
5350	-6287.52	-6316.03	28.50976	30.51311	7.672056
5360	-6270.814	-6299.438	28.62385	27.49718	7.702441
5370	-6283.005	-6311.02	28.01519	27.29477	7.724062
5380	-6277.379	-6298.834	21.45494	29.36266	7.934106
5390	-6295.341	-6324.416	29.07507	29.15581	7.677353
5400	-6314.143	-6336.585	22.44194	27.78308	7.925162
5410	-6291.573	-6310.281	18.7077	32.43178	7.920372
5420	-6289.457	-6313.858	24.40127	25.85378	7.846064
5430	-6299.612	-6327.571	27.95846	30.03241	7.700619
5440	-6305.568	-6335.511	29.94248	28.25753	7.654535
5450	-6301.147	-6317.555	16.40862	23.57944	8.105878
5460	-6312.696	-6326.728	14.03218	23.88271	8.217098
5470	-6306.615	-6328.839	22.22488	24.8199	7.908814
5480	-6316.752	-6332.05	15.29723	27.64756	8.184678
5490	-6282.405	-6306.837	24.43244	25.01319	7.825817
5500	-6301.511	-6316.253	14.74239	27.16084	8.212148
5510	-6292.168	-6318.495	26.32732	27.69324	7.785607
5520	-6288.306	-6305.357	17.0506	27.25062	8.126251
5530	-6291.131	-6312.71	21.57905	28.54027	7.946159
5540	-6293.741	-6309.153	15.41118	26.16152	8.194109
5550	-6273.608	-6303.539	29.93123	28.95171	7.650175
5560	-6304.592	-6321.824	17.23158	26.62109	8.124075
5570	-6288.528	-6319.392	30.86393	27.20004	7.618934
5580	-6295.411	-6323.529	28.11798	26.79687	7.717002
5590	-6291.197	-6317.96	26.76305	28.18706	7.76757
5600	-6284.003	-6304.002	19.99843	22.36763	7.878801
5610	-6297.421	-6319.081	21.65981	29.17217	7.931336
5620	-6296.873	-6311.714	14.8418	26.64908	8.213644
5630	-6295.386	-6316.522	21.13593	30.86841	7.902461
5640	-6273.724	-6307.493	33.76914	30.33199	7.502683
5650	-6271.283	-6302.333	31.0502	28.57812	7.614114
5660	-6274.556	-6299.776	25.22039	27.81234	7.825002
5670	-6301.365	-6319.135	17.76982	28.33035	8.08391
5680	-6292.41	-6315.869	23.45822	28.29288	7.883582
5690	-6288.504	-6307.699	19.19533	27.35323	8.046699
5700	-6296.119	-6313.086	16.96761	26.41842	8.134574
5710	-6286.658	-6307.977	21.31875	25.61818	7.962127
5720	-6295.84	-6321.075	25.2353	28.58576	7.817492
5730	-6308.927	-6326.762	17.83461	26.96313	8.099808
5740	-6284.533	-6310.652	26.11807	30.18292	7.758469
5750	-6295.601	-6318.318	22.71679	28.4288	7.907933
5760	-6292.339	-6304.352	12.01351	25.55079	8.325264
5770	-6307.034	-6325.904	18.87006	26.29618	8.062346
5780	-6277.152	-6302.049	24.89711	25.19183	7.812325
5790	-6276.397	-6300.435	24.03787	29.55542	7.842147
5800	-6280.22	-6300.527	20.30686	29.03425	7.980815
5810	-6289.837	-6307.534	17.6968	29.72548	8.051729
5820	-6280.023	-6304.501	24.47829	27.74536	7.85209
5830	-6289.428	-6312.409	22.98113	27.15774	7.908822
5840	-6299.115	-6309.078	9.962516	26.07452	8.403105
5850	-6294.514	-6314.672	20.15779	25.6164	8.007422
5860	-6293.27	-6315.693	22.42236	24.9856	7.905456
5870	-6281.736	-6303.981	22.24453	25.77243	7.928366
5880	-6277.228	-6301.337	24.10902	26.71721	7.866255
5890	-6286.38	-6310.989	24.60865	28.26846	7.843179
5900	-6299.556	-6330.906	31.34983	29.87329	7.590232
5910	-6276.912	-6301.848	24.93611	28.73574	7.82594
5920	-6280.574	-6306.158	25.58416	30.48292	7.768716
5930	-6300.342	-6320.396	20.05438	27.33509	8.01543
5940	-6301.886	-6319.157	17.27106	24.26982	8.094479
5950	-6309.228	-6324.798	15.56919	24.94153	8.179046
5960	-6325.513	-6344.925	19.41181	25.10529	8.028417
5970	-6274.676	-6305.205	30.52926	27.89993	7.634208
5980	-6281.178	-6296.49	15.31289	25.70698	8.197039
5990	-6315.324	-6338.64	23.31605	28.091	7.89091
6000	-6273.88	-6308.381	34.50132	30.56378	7.47486
6010	-6300.215	-6320.242	20.02719	24.95979	8.00073
6020	-6270.894	-6315.046	44.15246	28.29497	7.152181
6030	-6296.926	-6320.709	23.78254	29.19787	7.858082
6040	-6264.266	-6290.617	26.35123	28.88822	7.774711
6050	-6317.555	-6328.195	10.63996	27.24659	8.361576
6060	-6293.063	-6311.025	17.96232	25.99109	8.095926
6070	-6283.01	-6314.011	31.00087	27.17938	7.613717
6080	-6279.251	-6311.915	32.66426	28.52251	7.557804
6090	-6315.688	-6333.905	18.21682	26.06809	8.086511
6100	-6293.479	-6310.754	17.27502	26.32529	8.123003
6110	-6279.661	-6302.379	22.71866	29.36407	7.891037
6120	-6306.539	-6318.053	11.51406	26.30145	8.342039
6130	-6300.178	-6317.534	17.35586	24.96386	8.107831
6140	-6282.763	-6301.053	18.29088	28.11263	8.069432
6150	-6280.829	-6312.646	31.81702	27.59664	7.586904
6160	-6289.538	-6309.535	19.99645	27.06768	8.019194
6170	-6267.398	-6296.202	28.80403	27.19808	7.694654
6180	-6280.309	-6299.416	19.10684	25.98758	8.051868
6190	-6289.422	-6320.964	31.5423	27.38173	7.595525
6200	-6287.932	-6313.148	25.21596	30.31259	7.785156
6210	-6307.762	-6333.648	25.88596	27.45144	7.802062
6220	-6268.185	-6310.396	42.21058	31.90366	7.20541
6230	-6277.301	-6307.884	30.5829	29.17628	7.625415
6240	-6297.842	-6330.958	33.11617	29.61613	7.534303
6250	-6294.573	-6313.844	19.27098	27.28708	8.044486
6260	-6284.969	-6299.805	14.83612	28.06368	8.19336
6270	-6289.995	-6318.205	28.20997	27.11685	7.716054
6280	-6295.913	-6318.004	22.09125	29.33696	7.913005
6290	-6292.347	-6307.662	15.31537	29.3002	8.145069
6300	-6279.046	-6307.207	28.16067	29.11817	7.709223
6310	-6294.372	-6328.073	33.7015	30.64356	7.499609
6320	-6267.009	-6300.584	33.57564	30.6427	7.503732
6330	-6289.625	-6303.606	13.98084	25.47693	8.247875
6340	-6265.171	-6296.582	31.4116	30.42929	7.578579
6350	-6288.096	-6315.41	27.31435	30.03945	7.721919
6360	-6315.139	-6331.475	16.33607	25.79155	8.157722
6370	-6285.487	-6305.061	19.5739	28.35608	8.019782
6380	-6310.917	-6326.047	15.12994	24.71278	8.192729
6390	-6292.109	-6309.365	17.25563	26.71244	8.122793
6400	-6304.572	-6315.319	10.74701	23.89437	8.354952
6410	-6292.909	-6317.422	24.51296	28.3508	7.845662
6420	-6301.107	-6315.46	14.35365	24.52945	8.220624
6430	-6289.518	-6310.612	21.09361	25.85604	7.974028
6440	-6299.607	-6324.598	24.99061	29.63895	7.808191
6450	-6306.728	-6322.335	15.60663	23.70017	8.144598
6460	-6312.661	-6332.907	20.24533	27.14521	8.009626
6470	-6294.796	-6328.867	34.07102	27.30679	7.502335
6480	-6274.115	-6294.931	20.81532	26.29429	7.988361
6490	-6280.719	-6304.369	23.64973	27.04777	7.884218
6500	-6295.2	-6305.956	10.75575	26.26781	8.371177
6510	-6278.558	-6302.38	23.82137	27.54076	7.876906
6520	-6281.05	-6295.284	14.23436	27.27096	8.229302
6530	-6308.189	-6327.702	19.51338	26.34617	8.038038
6540	-6292.789	-6316.569	23.77988	27.8797	7.876284
6550	-6303.276	-6320.233	16.95701	25.66172	8.132742
6560	-6291.951	-6308.577	16.62593	27.96038	8.131474
6570	-6278.824	-6300.686	21.8627	27.55153	7.947948
6580	-6260.695	-6295.397	34.70271	32.27662	7.431308
6590	-6296.749	-6323.317	26.56772	27.65513	7.777014
6600	-6306.625	-6330.72	24.09507	27.19672	7.867791
6610	-6299.425	-6318.194	18.76844	27.07414	8.06452
6620	-6304.59	-6315.709	11.1192	28.91343	8.30118
6630	-6293.092	-6312.968	19.87678	25.41528	8.015507
6640	-6294.798	-6328.105	33.30645	29.2125	7.53178
6650	-6297.182	-6315.246	18.06365	28.46191	8.070944
6660	-6286.93	-6315.422	28.49209	30.25479	7.678311
6670	-6267.258	-6295.725	28.46787	27.96728	7.707929
6680	-6272.172	-6303.539	31.36729	28.28229	7.604063
6690	-6278.008	-6305.718	27.71024	25.87616	7.718551
6700	-6289.856	-6317.31	27.4539	27.47204	7.744968
6710	-6298.8	-6315.477	16.67677	28.49567	8.118926
6720	-6281.444	-6308.056	26.61201	26.30387	7.768037
6730	-6314.781	-6331.783	17.00122	26.60257	8.1328
6740	-6306.376	-6324.271	17.89509	27.24195	8.095344
6750	-6287.509	-6315.109	27.60054	28.96057	7.730565
6760	-6283.652	-6300.656	17.00342	22.91379	8.047515
6770	-6291.913	-6310.765	18.85171	23.54305	8.000578
6780	-6292.649	-6313.556	20.90652	26.5161	7.985804
6790	-6273.585	-6307.435	33.84984	29.62435	7.509443
6800	-6289.71	-6315.855	26.14491	28.50704	7.786539
6810	-6310.164	-6324.169	14.00478	24.47014	8.233624
6820	-6298.629	-6317.12	18.4911	26.91325	8.075731
6830	-6313.884	-6327.21	13.32592	24.24515	8.256451
6840	-6308.812	-6332.367	23.5549	28.56984	7.876507
6850	-6306.694	-6319.286	12.59199	27.43415	8.286653
6860	-6300.664	-6321.835	21.17052	28.03904	7.967962
6870	-6272.03	-6308.232	36.202	28.77681	7.433862
6880	-6276.888	-6309.343	32.45505	29.93472	7.552353
6890	-6269.978	-6303.802	33.82433	29.943	7.506503
6900	-6312.196	-6327.186	14.98952	27.13449	8.203376
6910	-6263.242	-6283.972	20.73002	25.96802	7.989227
6920	-6298.028	-6311.618	13.59019	26.40049	8.262532
6930	-6290.061	-6311.997	21.93599	27.71591	7.943982
6940	-6291.809	-6323.668	31.85929	30.25308	7.567046
6950	-6275.196	-6319.89	44.69403	29.75867	7.143533
6960	-6292.146	-6316.704	24.55765	28.10925	7.846546
6970	-6279.733	-6307.789	28.05619	27.1407	7.721858
6980	-6310.44	-6317.442	7.002207	25.30765	8.522445
6990	-6293.95	-6314.023	20.07306	26.08639	8.015432
7000	-6294.165	-6314.358	20.19341	25.19997	7.999199
7010	-6287.468	-6309.067	21.59962	27.04167	7.960028
7020	-6284.436	-6319.875	35.43936	29.2539	7.45853
7030	-6293.023	-6307.968	14.94504	28.7906	8.17218
7040	-6288.237	-6321.961	33.72413	28.4046	7.520756
7050	-6288.121	-6310.06	21.93991	28.59626	7.9326
7060	-6283.311	-6315.115	31.80417	32.54796	7.513072
7070	-6295.38	-6318.505	23.12534	29.10173	7.882466
7080	-6296.076	-6307.25	11.17322	24.61034	8.351474
7090	-6292.126	-6320.443	28.31712	25.37903	7.682353
7100	-6293.86	-6319.877	26.01735	27.09886	7.796858
7110	-6308.694	-6325.26	16.56583	29.72046	8.089932
7120	-6315.727	-6313.371	-2.356455	22.03699	8.866441
7130	-6293.242	-6308.332	15.0898	26.45857	8.205468
7140	-6300.094	-6321.441	21.34636	25.12024	7.951699
7150	-6310.07	-6325.7	15.63086	27.6884	8.171936
7160	-6300.325	-6309.052	8.726427	26.00189	8.451181
7170	-6293.457	-6324.296	30.83893	28.61691	7.621284
7180	-6286.403	-6312.464	26.06142	24.20472	7.729318
7190	-6299.041	-6311.512	12.47134	23.9293	8.283774
7200	-6299.319	-6317.088	17.76873	28.84679	8.072789
7210	-6298.806	-6324.407	25.60142	28.61478	7.804332
7220	-6282.874	-6304.38	21.50562	25.78279	7.957173
7230	-6281.77	-6316.321	34.55114	28.87448	7.490913
7240	-6268.724	-6303.145	34.42089	29.8316	7.48792
7250	-6298.176	-6326.125	27.94917	26.3538	7.717961
7260	-6293.415	-6317.184	23.76946	25.60898	7.866291
7270	-6294.719	-6317.779	23.05959	26.93679	7.906006
7280	-6303.949	-6319.861	15.91134	27.98166	8.15663
7290	-6294.4	-6319.611	25.21194	26.73764	7.825103
7300	-6302.389	-6320.673	18.28392	29.52532	8.03767
7310	-6293.494	-6325.857	32.3635	30.06841	7.553385
7320	-6292.75	-6314.747	21.99726	27.58573	7.942817
7330	-6280.875	-6316.405	35.52973	29.5712	7.453192
7340	-6311.134	-6331.234	20.10027	24.9718	7.998078
7350	-6297.025	-6326.613	29.58861	24.25349	7.586119
7360	-6301.651	-6328.634	26.98303	27.08458	7.761158
7370	-6304.245	-6327.256	23.01092	30.85751	7.842053
7380	-6289.098	-6307.892	18.7945	25.70329	8.061568
7390	-6292.257	-6314.379	22.1225	26.0827	7.936832
7400	-6276.368	-6305.891	29.52325	24.90744	7.618252
7410	-6278.231	-6303.73	25.49972	25.25032	7.790013
7420	-6291.616	-6313.199	21.58334	27.7551	7.956338
7430	-6281.971	-6314.314	32.34299	27.28976	7.565456
7440	-6286.485	-6315.103	28.61816	27.93004	7.702644
7450	-6305.398	-6329.654	24.25629	26.93951	7.861587
7460	-6292.981	-6313.079	20.09789	27.93042	8.007697
7470	-6288.114	-6306.419	18.30472	26.17059	8.083536
7480	-6315.758	-6329.833	14.07494	29.49977	8.181056
7490	-6301.428	-6317.36	15.93166	25.25664	8.169017
7500	-6292.181	-6305.101	12.92003	24.83953	8.283974
7510	-6315.3	-6332.879	17.57843	30.96937	8.014009
7520	-6328.347	-6335.628	7.28072	25.00357	8.511507
7530	-6300.129	-6319.521	19.39267	28.5813	8.021969
7540	-6317.169	-6330.78	13.61133	23.90562	8.23542
7550	-6307.345	-6317.116	9.770264	23.41124	8.382138
7560	-6270.028	-6299.087	29.05981	30.70721	7.649607
7570	-6288.467	-6312.372	23.90533	26.26188	7.87052
7580	-6296.597	-6314.881	18.28421	28.9903	8.051543
7590	-6285.683	-6319.073	33.38923	24.92583	7.463869
7600	-6279.823	-6309.124	29.30062	27.35494	7.677271
7610	-6272.087	-6308.403	36.31639	30.57412	7.41532
7620	-6300.837	-6332.613	31.77618	29.24109	7.58388
7630	-6300.809	-6335.131	34.32143	32.67247	7.432226
7640	-6291.176	-6307.695	16.51902	27.1814	8.14652
7650	-6295.73	-6311.781	16.05103	24.62872	8.153677
7660	-6294.889	-6312.261	17.37248	25.95798	8.118477
7670	-6304.675	-6320.994	16.31829	25.65978	8.157618
7680	-6314.876	-6323.686	8.809172	24.83414	8.449435
7690	-6313.939	-6320.872	6.932998	22.58269	8.47322
7700	-6282.497	-6309.438	26.94117	24.26909	7.696003
7710	-6326.192	-6329.943	3.750366	21.8638	8.579916
7720	-6294.416	-6321.278	26.86188	26.87979	7.764481
7730	-6299.055	-6306.261	7.206199	22.41613	8.453153
7740	-6274.534	-6299.141	24.60746	23.79558	7.769859
7750	-6304.868	-6333.803	28.935	28.29236	7.69001
7760	-6306.095	-6324.103	18.00807	30.28334	8.023903
7770	-6253.241	-6285.877	32.63581	29.34451	7.553501
7780	-6298.103	-6316.727	18.62324	22.81718	7.97089
7790	-6282.85	-6304.643	21.79292	29.17092	7.9268
7800	-6271.958	-6305.771	33.81282	29.38147	7.51307
7810	-6280.697	-6294.038	13.34096	24.65229	8.26412
7820	-6319.471	-6329.294	9.823356	24.51606	8.405134
7830	-6292.399	-6313.977	21.5784	26.42653	7.960084
7840	-6291.792	-6304.468	12.67657	28.80717	8.250485
7850	-6303.172	-6317.484	14.31194	26.63653	8.233628
7860	-6289.019	-6314.678	25.65901	26.96754	7.809638
7870	-6315.762	-6331.96	16.19849	23.21969	8.098606
7880	-6285.063	-6322.262	37.19962	27.57419	7.391576
7890	-6280.477	-6315.17	34.69232	28.92893	7.485819
7900	-6278.962	-6308.045	29.08248	25.73836	7.662198
7910	-6311.978	-6333.727	21.74902	28.0642	7.947025
7920	-6323.979	-6341.897	17.91745	30.24581	8.028125
7930	-6297.427	-6313.161	15.73424	26.76725	8.179359
7940	-6288.676	-6312.875	24.19918	26.39277	7.860615
7950	-6286.716	-6318.751	32.03496	29.22488	7.575187
7960	-6269.848	-6299.991	30.14286	26.58453	7.638533
7970	-6284.751	-6314.914	30.16288	26.27181	7.632436
7980	-6288.39	-6318.995	30.60459	29.44933	7.621394
7990	-6294.041	-6321.34	27.29873	32.01075	7.6694
8000	-6302.891	-6322.002	19.11024	29.15441	8.019166
8010	-6271.117	-6306.245	35.12867	31.39089	7.43894
8020	-6280.422	-6308.155	27.73259	30.17436	7.705162
8030	-6321.232	-6332.856	11.62406	27.26704	8.32509
8040	-6315.036	-6325.412	10.37632	25.01402	8.387771
8050	-6296.044	-6326.255	30.21054	25.93935	7.623463
8060	-6287.843	-6315.533	27.68982	26.28621	7.726792
8070	-6300.655	-6318.192	17.53698	23.99449	8.074438
8080	-6268.252	-6307.406	39.15368	29.11369	7.331693
8090	-6290.47	-6310.184	19.71438	26.26276	8.030106
8100	-6281.517	-6307.737	26.21985	24.64132	7.741278
8110	-6284.924	-6307.38	22.45509	28.72971	7.912382
8120	-6296.038	-6325.584	29.54576	30.86239	7.630163
8130	-6283.863	-6304.245	20.3816	28.26524	7.992762
8140	-6269.343	-6307.042	37.6991	30.71569	7.368143
8150	-6291.08	-6312.942	21.86169	27.93585	7.944488
8160	-6304.639	-6313.169	8.530224	25.43556	8.461914
8170	-6305.228	-6317.681	12.45323	23.33935	8.264761
8180	-6281.936	-6313.934	31.99826	27.23769	7.577602
8190	-6298.334	-6324.45	26.11618	30.22598	7.757523
8200	-6294.848	-6322.596	27.74749	29.35943	7.719852
8210	-6304.192	-6325.459	21.26687	23.63838	7.902773
8220	-6306.468	-6328.468	22.00011	29.56317	7.91091
8230	-6309.87	-6319.454	9.584179	22.62418	8.357899
8240	-6286.227	-6303.114	16.88675	25.88204	8.13686
8250	-6289.901	-6307.08	17.17873	24.3556	8.100781
8260	-6281.63	-6312.547	30.91655	27.41517	7.618591
8270	-6258.524	-6286.147	27.62274	28.24799	7.736691
8280	-6278	-6300.473	22.47383	26.73577	7.927505
8290	-6281.818	-6313.624	31.8064	29.40251	7.581123
8300	-6285.713	-6304.834	19.12145	25.89549	8.050627
8310	-6269.997	-6304.538	34.54144	26.45438	7.470198
8320	-6272.708	-6304.019	31.31129	28.87738	7.603095
8330	-6283.31	-6303.461	20.15115	28.11706	8.003194
8340	-6303.779	-6329.131	25.35184	27.82069	7.820232
8350	-6272.972	-6299.94	26.96725	28.60132	7.756743
8360	-6303.164	-6333.234	30.06986	29.0916	7.643947
8370	-6278.389	-6312.888	34.49968	29.15224	7.491319
8380	-6284.842	-6311.053	26.21172	29.5957	7.767828
8390	-6284.252	-6312.934	28.68217	28.07237	7.699951
8400	-6279.234	-6308.055	28.82076	26.16473	7.681601
8410	-6282.63	-6299.759	17.12926	27.68716	8.117838
8420	-6268.324	-6288.185	19.86136	29.47156	7.98563
8430	-6303.766	-6322.011	18.2449	29.2444	8.046543
8440	-6281.696	-6311.009	29.31373	25.86689	7.656365
8450	-6293.168	-6316.264	23.09645	27.29505	7.904269
8460	-6290.673	-6318.606	27.93225	29.04876	7.717992
8470	-6301.007	-6316.172	15.16565	26.70331	8.201102
8480	-6313.569	-6334.55	20.98053	25.22913	7.968562
8490	-6274.605	-6300.178	25.57329	27.92986	7.811663
8500	-6310.612	-6320.568	9.955466	22.97802	8.357865
8510	-6292.048	-6313.331	21.28373	28.97055	7.94848
8520	-6306.947	-6315.806	8.858902	24.74673	8.446773
8530	-6293.312	-6323.777	30.46505	25.41555	7.598905
8540	-6298.662	-6319.613	20.95118	27.01952	7.984075
8550	-6271.206	-6299.956	28.7502	25.18389	7.659111
8560	-6302.541	-6322.085	19.54384	29.19258	8.003381
8570	-6279.128	-6306.64	27.51189	26.4635	7.736039
8580	-6286.015	-6310.232	24.21702	25.25306	7.840881
8590	-6269.551	-6303.845	34.29361	28.71195	7.500363
8600	-6293.015	-6315.168	22.1533	23.04634	7.831433
8610	-6279.726	-6312.972	33.24547	31.20693	7.503069
8620	-6275.372	-6309.64	34.26761	27.11069	7.492576
8630	-6285.911	-6303.378	17.46729	30.93338	8.018926
8640	-6291.898	-6313.027	21.12886	28.06158	7.969157
8650	-6276.354	-6309.62	33.26565	27.79379	7.535639
8660	-6285.712	-6311.728	26.01598	28.63797	7.78957
8670	-6268.143	-6297.826	29.6829	29.08859	7.657283
8680	-6294.643	-6330.843	36.19955	29.43532	7.431499
8690	-6294.102	-6306.906	12.80399	23.28758	8.247633
8700	-6306.185	-6320.265	14.07971	24.40852	8.229223
8710	-6293.201	-6300.289	7.087375	29.14429	8.43194
8720	-6284.682	-6312.074	27.39139	26.48048	7.740806
8730	-6309.21	-6327.572	18.36171	29.87051	8.025089
8740	-6302.8	-6313.393	10.59278	24.67781	8.375911
8750	-6310.418	-6323.919	13.50176	26.60777	8.264301
8760	-6293.391	-6311.036	17.64488	30.37688	8.032769
8770	-6284.366	-6304.318	19.95154	28.47824	8.00432
8780	-6310.997	-6326.409	15.41219	26.59996	8.192548
8790	-6301.872	-6320.904	19.03133	25.68131	8.052121
8800	-6286.913	-6313.397	26.48374	25.64731	7.761176
8810	-6297.474	-6327.297	29.8233	28.11989	7.659192
8820	-6297.894	-6325.277	27.38308	29.57801	7.728564
8830	-6296.988	-6318.086	21.09811	29.87964	7.933235
8840	-6294.079	-6311.816	17.73735	27.72832	8.095293
8850	-6301.769	-6317.195	15.42622	27.93241	8.17492
8860	-6310.86	-6328.694	17.8334	25.05188	8.090348
8870	-6275.217	-6302.052	26.83452	25.37904	7.740772
8880	-6291.236	-6311.486	20.24966	25.66931	8.004529
8890	-6280.437	-6302.019	21.58213	28.95857	7.938419
8900	-6305.238	-6322.95	17.71188	27.12893	8.103095
8910	-6292.383	-6312.971	20.58808	23.10267	7.902742
8920	-6298.891	-6314.012	15.12076	27.79058	8.188537
8930	-6303.819	-6318.681	14.86257	26.32113	8.214659
8940	-6276.013	-6306.9	30.88727	26.06221	7.600323
8950	-6283.78	-6299.092	15.31225	24.94946	8.189472
8960	-6273.477	-6305.012	31.53445	29.65971	7.587125
8970	-6318.833	-6328.751	9.918232	27.00868	8.392602
8980	-6298.667	-6329.637	30.97	29.14708	7.61245
8990	-6293.401	-6321.739	28.33809	28.45466	7.71001
9000	-6268.49	-6296.785	28.2944	26.65675	7.708927
9010	-6296.32	-6327.026	30.7064	27.54749	7.626942
9020	-6299.923	-6323.591	23.66867	25.99003	7.876362
9030	-6283.258	-6315.382	32.12398	30.72564	7.549449
9040	-6278.441	-6292.754	14.31323	26.3182	8.235542
9050	-6297.075	-6312.272	15.19727	24.19147	8.177794
9060	-6290.199	-6317.311	27.11149	26.25739	7.748369
9070	-6279.392	-6312.423	33.03041	30.4781	7.524525
9080	-6299.349	-6316.023	16.67392	23.8943	8.106903
9090	-6295.282	-6316.686	21.4036	24.9443	7.945193
9100	-6300.996	-6320.851	19.85536	27.83206	8.017658
9110	-6291.786	-6310.056	18.26992	26.17044	8.084866
9120	-6289.297	-6314.389	25.09232	26.84507	7.830155
9130	-6300.144	-6321.621	21.477	25.42281	7.952681
9140	-6272.786	-6298.725	25.93879	27.83882	7.79905
9150	-6275.893	-6301.175	25.28208	28.16074	7.820341
9160	-6282.067	-6302.666	20.599	27.26258	7.995967
9170	-6293.087	-6312.25	19.16281	27.41885	8.047287
9180	-6297.465	-6312.115	14.64999	27.68607	8.207404
9190	-6296.46	-6325.229	28.76859	26.86914	7.693446
9200	-6287.492	-6329.971	42.47831	28.31554	7.211586
9210	-6261.385	-6294.765	33.38037	27.62138	7.530435
9220	-6288.678	-6314.806	26.12768	28.03884	7.791168
9230	-6282.239	-6309.264	27.02584	27.12928	7.759774
9240	-6308.607	-6328.398	19.79119	28.78845	8.003901
9250	-6312.743	-6328.305	15.56223	24.89177	8.178506
9260	-6299.093	-6327.527	28.43403	26.06494	7.694506
9270	-6296.927	-6318.099	21.17205	27.29082	7.974796
9280	-6304.162	-6322.835	18.67383	27.77896	8.060844
9290	-6310.252	-6340.701	30.4495	28.32392	7.636368
9300	-6287.53	-6318.956	31.426	27.9704	7.602161
9310	-6314.114	-6319.106	4.992363	22.63421	8.561266
9320	-6299.449	-6314.659	15.21003	26.76983	8.198922
9330	-6291.976	-6316.748	24.77186	25.26409	7.819194
9340	-6321.944	-6326.327	4.382457	24.39811	8.62645
9350	-6297.826	-6314.876	17.0505	22.92271	8.045969
9360	-6288.392	-6313.339	24.94699	25.79256	7.823875
9370	-6301.856	-6320.475	18.61928	27.4617	8.066664
9380	-6281.905	-6308.955	27.05088	28.59886	7.753844
9390	-6293.815	-6323.465	29.65023	30.18905	7.641324
9400	-6297.278	-6320.959	23.68083	28.39573	7.874449
9410	-6287.579	-6308.576	20.99715	26.77583	7.982741
9420	-6302.736	-6316.471	13.73459	24.32513	8.241497
9430	-6313.747	-6323.4	9.653126	26.50149	8.410395
9440	-6291.316	-6308.415	17.09871	26.24887	8.129697
9450	-6294.719	-6317.472	22.75317	25.07274	7.894501
9460	-6290.841	-6306.085	15.24432	24.76526	8.189084
9470	-6286.115	-6313.396	27.28149	26.9977	7.74966
9480	-6296.238	-6318.85	22.61174	25.62168	7.911716
9490	-6308.212	-6332.39	24.17831	29.19665	7.84455
9500	-6282.027	-6307.522	25.49573	25.9816	7.805927
9510	-6298.836	-6320.818	21.9826	27.35299	7.944801
9520	-6287.485	-6308.546	21.06098	24.39001	7.942574
9530	-6308.288	-6324.133	15.84536	24.87311	8.166805
9540	-6271.557	-6306.739	35.18241	30.28821	7.456713
9550	-6291.32	-6303.702	12.3826	26.15138	8.309927
9560	-6290.844	-6304.886	14.04206	26.15072	8.246473
9570	-6282.958	-6312.342	29.38388	28.55978	7.672554
9580	-6298.671	-6319.947	21.27687	25.63581	7.964025
9590	-6297.272	-6327.998	30.726	25.6271	7.595179
9600	-6274.592	-6315.724	41.13241	29.67887	7.263469
9610	-6270.725	-6300.162	29.43701	26.9661	7.66953
9620	-6293.766	-6328.37	34.604	28.69443	7.489589
9630	-6299.129	-6325.868	26.73907	25.24224	7.740696
9640	-6293.049	-6317.751	24.70182	28.09379	7.841554
9650	-6297.814	-6324.554	26.74008	25.03331	7.734218
9660	-6305.918	-6319.974	14.05599	27.79782	8.226709
9670	-6307.134	-6319.799	12.6654	27.78006	8.277115
9680	-6299.945	-6318.037	18.09182	27.0784	8.08948
9690	-6280.798	-6307.925	27.12634	27.57492	7.756891
9700	-6303.35	-6313.278	9.928145	24.30663	8.397668
9710	-6309.583	-6328.222	18.63925	23.61727	8.01299
9720	-6286.93	-6318.332	31.40124	32.18685	7.536214
9730	-6296.668	-6316.338	19.66984	27.99961	8.022054
9740	-6292.333	-6309.848	17.5151	27.33592	8.108316
9750	-6276.923	-6306.884	29.96169	28.04913	7.654412
9760	-6269.616	-6316.876	47.2602	29.97636	7.057846
9770	-6257.071	-6295.805	38.73462	31.48887	7.32233
9780	-6277.709	-6291.859	14.14963	27.40846	8.230291
9790	-6302.871	-6320.98	18.10878	27.21128	8.087774
9800	-6282.612	-6313.055	30.44231	30.35017	7.612008
9810	-6290.878	-6305.662	14.78368	25.52065	8.216658
9820	-6300.567	-6316.307	15.74031	30.58668	8.087848
9830	-6288.524	-6306.626	18.1017	25.28778	8.083569
9840	-6297.22	-6320.291	23.07104	29.48159	7.876502
9850	-6294.378	-6309.004	14.62591	22.11798	8.101757
9860	-6276.823	-6302.853	26.03078	26.05712	7.786584
9870	-6265.934	-6299.443	33.50876	27.73421	7.526546
9880	-6278.162	-6299.025	20.86238	26.43958	7.987227
9890	-6283.131	-6315.101	31.96996	28.4415	7.582411
9900	-6274.631	-6293.354	18.72336	27.89519	8.057428
9910	-6283.208	-6304.565	21.35647	28.42941	7.955774
9920	-6275.215	-6297.775	22.56011	26.02745	7.919448
9930	-6282.112	-6299.74	17.62837	24.24723	8.07906
9940	-6287.125	-6310.578	23.45221	27.29368	7.891239
9950	-6272.605	-6296.89	24.28467	27.44436	7.860415
9960	-6278.775	-6303.972	25.19614	26.93921	7.826698
9970	-6298.692	-6321.583	22.89127	30.7755	7.848434
9980	-6292.651	-6310.767	18.11611	25.97054	8.089899
9990	-6295.189	-6312.417	17.22838	28.78094	8.093101
10000	-6281.6	-6316.864	35.26388	27.50688	7.461067
