Iteration	Posterior	Likelihood	Prior	br_len_lambda	tree_length
0	-14825.04	-15222.23	397.1941	72.4443	7.738919
10	-14772.87	-15172.11	399.246	73.42035	7.718263
20	-14804.3	-15210.03	405.7323	78.983	7.650828
30	-14745.32	-15152.99	407.6676	75.15602	7.615783
40	-14573.87	-14989.2	415.3244	74.56161	7.509478
50	-14556.6	-14969.31	412.711	80.8803	7.562049
60	-14481.35	-14913.91	432.5544	83.66053	7.316971
70	-14428.69	-14863.98	435.285	79.75777	7.279792
80	-14383.36	-14832.22	448.8609	78.93425	7.104447
90	-14375.13	-14812.16	437.0258	86.82612	7.256191
100	-14232.58	-14708.12	475.539	90.96022	6.810445
110	-14208.35	-14688.34	479.9934	93.59827	6.75434
120	-14200.9	-14671.54	470.6426	85.65698	6.867535
130	-14189.04	-14656.63	467.5904	86.51587	6.904035
140	-14239.34	-14685.59	446.2524	92.71317	7.121223
150	-14195.06	-14659.5	464.4373	85.02957	6.939144
160	-14173.71	-14641.29	467.5711	94.94388	6.879678
170	-14217.13	-14687.04	469.9062	89.57538	6.875692
180	-14210.72	-14655.75	445.0285	81.1897	7.163529
190	-14193.53	-14655.18	461.6441	83.09076	6.967511
200	-14185.01	-14633.18	448.1653	83.32715	7.130039
210	-14225.08	-14668.43	443.3478	91.45943	7.161195
220	-14217.06	-14673.4	456.3412	84.50668	7.033938
230	-14216.13	-14685.39	469.266	83.17579	6.87616
240	-14200.94	-14664.31	463.3645	86.69552	6.952869
250	-14184.22	-14666.49	482.2688	92.5668	6.733149
260	-14171.6	-14638.48	466.878	89.00267	6.910637
270	-14219.7	-14681.37	461.6709	93.08939	6.952932
280	-14192.41	-14646.74	454.331	80.8227	7.04717
290	-14212.51	-14656.65	444.1345	83.23962	7.178356
300	-14217.61	-14650.51	432.8948	91.56684	7.274651
310	-14195.59	-14662.31	466.7136	88.32229	6.913492
320	-14177.54	-14638.67	461.1297	85.74313	6.978637
330	-14161.63	-14638.24	476.6055	87.89338	6.801377
340	-14170.48	-14633.91	463.4293	89.40393	6.948442
350	-14167.46	-14638.17	470.7158	90.46799	6.864775
360	-14202.73	-14658.61	455.8756	84.22117	7.039116
370	-14147.12	-14633.16	486.0338	93.45594	6.690217
380	-14176.52	-14653.96	477.4483	90.86252	6.789648
390	-14189.63	-14638.75	449.1231	89.47685	7.108144
400	-14217.51	-14684.33	466.8237	87.3174	6.912979
410	-14165.1	-14642.2	477.1006	88.02684	6.795808
420	-14179.59	-14650.67	471.0854	81.37709	6.84391
430	-14215.22	-14655	439.7812	89.2714	7.213669
440	-14190.44	-14634.85	444.408	84.00167	7.175319
450	-14147.98	-14620.1	472.1178	89.89194	6.850464
460	-14175.68	-14650.53	474.8531	89.9655	6.819924
470	-14164.84	-14631.35	466.506	85.21733	6.91516
480	-14116.47	-14581.59	465.1243	92.5351	6.918508
490	-14091.7	-14572.85	481.1419	91.77023	6.747313
500	-14127.56	-14590.63	463.0739	86.12031	6.95617
510	-14151.8	-14603.05	451.2528	83.11976	7.092625
520	-14134.57	-14619.97	485.4046	89.31344	6.702619
530	-14148.12	-14643.05	494.9323	91.16342	6.597239
540	-14088.47	-14595.5	507.0268	90.97092	6.46429
550	-14150.99	-14615.58	464.5906	89.2816	6.935736
560	-14165.28	-14601.85	436.57	79.87074	7.264094
570	-14182.99	-14623.57	440.5765	81.43542	7.21895
580	-14125.29	-14597.62	472.3364	86.57037	6.849243
590	-14126.37	-14588.71	462.3379	87.14366	6.964489
600	-14165.11	-14622.26	457.1578	86.44461	7.024675
610	-14122.41	-14574.82	452.4113	82.53648	7.077311
620	-14104.17	-14571.87	467.6967	88.28974	6.902396
630	-14134.17	-14597.95	463.7778	89.48211	6.944349
640	-14158.05	-14611.44	453.3923	81.52467	7.061944
650	-14163.98	-14603.25	439.2736	87.26414	7.228701
660	-14169.04	-14614.96	445.9177	87.49844	7.151844
670	-14150.85	-14608.25	457.3984	81.26807	7.011565
680	-14138.88	-14603.1	464.2231	90.66559	6.935885
690	-14152.17	-14607.05	454.8754	91.51559	7.034867
700	-14162.94	-14599.51	436.5717	84.77285	7.267394
710	-14117.06	-14580.63	463.568	83.233	6.944868
720	-14136.68	-14591.02	454.3426	92.40663	7.035775
730	-14096.55	-14563.77	467.2211	84.12044	6.904106
740	-14136.35	-14599.91	463.5546	87.99282	6.949738
750	-14124.59	-14579.53	454.9455	83.13891	7.048244
760	-14149.68	-14594.76	445.0837	84.81639	7.16695
770	-14118.86	-14588.5	469.638	90.58553	6.876378
780	-14146.25	-14595.33	449.0723	83.20331	7.118983
790	-14152.6	-14604.74	452.1424	86.50179	7.082612
800	-14139.65	-14588.39	448.735	84.09967	7.123855
810	-14156.98	-14591.01	434.0291	84.47974	7.298021
820	-14146.03	-14600.23	454.2072	88.10903	7.055669
830	-14106.87	-14590.58	483.7146	92.51043	6.717669
840	-14151.71	-14595.17	443.4637	84.26699	7.186468
850	-14120.54	-14589.76	469.2268	84.64036	6.881834
860	-14111.9	-14588.63	476.7309	86.20953	6.797783
870	-14115.66	-14606.1	490.4406	94.39197	6.640559
880	-14174.47	-14636.33	461.8524	97.16046	6.924051
890	-14131.12	-14601.93	470.8058	90.07383	6.864684
900	-14128.04	-14599.31	471.2717	86.73004	6.861692
910	-14162.7	-14624.66	461.9648	80.87376	6.953036
920	-14127.5	-14589.91	462.4131	85.89315	6.963755
930	-14133.36	-14584.27	450.9069	84.47324	7.098234
940	-14153.37	-14606.98	453.6077	82.32091	7.06217
950	-14149.99	-14592.98	442.9848	91.85215	7.162549
960	-14128.05	-14593.81	465.7654	86.42926	6.925096
970	-14145.75	-14616.83	471.0854	86.71586	6.863829
980	-14120.44	-14586.58	466.1403	92.85403	6.906053
990	-14109.48	-14569.94	460.4629	83.89388	6.98395
1000	-14136.09	-14594.53	458.4406	83.49866	7.007166
1010	-14156.78	-14605.12	448.3406	87.60538	7.123843
1020	-14109.93	-14577.12	467.1897	88.42433	6.907983
1030	-14129.97	-14580.4	450.4316	86.75466	7.101933
1040	-14134.33	-14587.46	453.1282	83.77206	7.071215
1050	-14116.66	-14578.83	462.1755	86.23264	6.966623
1060	-14107.96	-14566.5	458.5379	95.97647	6.967394
1070	-14145.22	-14600.6	455.3777	90.3687	7.034743
1080	-14112.38	-14581.24	468.8575	90.87395	6.884161
1090	-14104.57	-14577.53	472.9568	84.25522	6.836428
1100	-14127.76	-14584.2	456.441	83.65243	7.031436
1110	-14144.66	-14613.52	468.8527	85.83594	6.888703
1120	-14125.6	-14600.12	474.523	94.11951	6.810472
1130	-14108.7	-14584.14	475.4316	87.97618	6.814756
1140	-14114.47	-14593.41	478.9418	88.08901	6.77493
1150	-14160.31	-14609.48	449.1703	82.99026	7.117468
1160	-14112.8	-14581.26	468.4643	89.80563	6.891302
1170	-14101.6	-14600.83	499.2321	90.32245	6.549408
1180	-14094.1	-14563.28	469.1772	86.57966	6.885742
1190	-14138.53	-14594.64	456.1138	83.7387	7.035513
1200	-14143.73	-14615.36	471.6254	87.83309	6.858047
1210	-14174.49	-14624.12	449.6317	82.80542	7.111563
1220	-14127.67	-14581.61	453.9377	87.70643	7.059725
1230	-14160.68	-14593.32	432.6405	88.84751	7.296249
1240	-14107.03	-14579.02	471.9938	91.57247	6.847634
1250	-14152.02	-14601.88	449.8549	83.04579	7.109318
1260	-14137.24	-14584.95	447.7117	85.05853	7.135827
1270	-14093.35	-14586.35	493.0043	94.20022	6.613906
1280	-14111.28	-14594.37	483.0949	94.21439	6.719048
1290	-14121.12	-14594.05	472.9265	88.63438	6.842984
1300	-14101.98	-14579.28	477.2967	84.95619	6.787654
1310	-14109.21	-14570.86	461.652	84.16494	6.970409
1320	-14111.12	-14586.99	475.8681	87.41599	6.809483
1330	-14109.29	-14587.38	478.0932	87.25095	6.783832
1340	-14162.16	-14610.21	448.0493	80.55497	7.123739
1350	-14144.67	-14603.95	459.2721	86.11393	7.000316
1360	-14173.87	-14609.67	435.8069	89.16939	7.258784
1370	-14118.06	-14569.79	451.7263	78.39382	7.064005
1380	-14176.61	-14637.7	461.0919	87.29267	6.978647
1390	-14137.67	-14581.69	444.0124	83.13419	7.179744
1400	-14152.76	-14619.57	466.8119	88.10805	6.912611
1410	-14114.2	-14576.32	462.1192	87.90464	6.966179
1420	-14105.16	-14581.82	476.6549	87.29032	6.800359
1430	-14171.03	-14609.63	438.6015	82.09672	7.244226
1440	-14105.27	-14582.05	476.7759	90.6909	6.797386
1450	-14121.05	-14567.76	446.713	86.70349	7.144918
1460	-14197.8	-14624.83	427.0326	87.4886	7.367733
1470	-14090.03	-14574.59	484.5663	94.88192	6.700923
1480	-14125.56	-14596.84	471.2818	94.3727	6.843629
1490	-14164.79	-14601.34	436.5564	79.50174	7.262854
1500	-14099.2	-14566.18	466.9854	87.5609	6.911038
1510	-14108.11	-14568.67	460.5606	90.64531	6.976358
1520	-14151.88	-14585.75	433.8739	81.80098	7.301626
1530	-14115.37	-14579.65	464.276	92.53144	6.927693
1540	-14109.89	-14581.1	471.2165	83.38771	6.853674
1550	-14098.38	-14583.96	485.5803	90.37548	6.700524
1560	-14099.29	-14578.63	479.3428	94.27449	6.758625
1570	-14126.58	-14592.6	466.0257	84.01207	6.918001
1580	-14143.76	-14611.23	467.4752	93.16486	6.890221
1590	-14153.67	-14613.28	459.6163	84.39691	6.995008
1600	-14126.49	-14598.54	472.0544	87.68158	6.853162
1610	-14098.55	-14560.45	461.9029	78.94484	6.939315
1620	-14049.75	-14529.86	480.1097	91.88574	6.758288
1630	-14143.14	-14585.99	442.8441	81.02472	7.189943
1640	-14051.8	-14535.03	483.2308	89.35561	6.726959
1650	-14090.61	-14570.6	479.993	87.68115	6.762622
1660	-14101.79	-14564.11	462.324	87.31735	6.964511
1670	-14057.05	-14540.51	483.4636	93.34755	6.718057
1680	-14132.21	-14590.64	458.4337	85.37757	7.009975
1690	-14098.15	-14566.57	468.4239	90.4559	6.890142
1700	-14127.95	-14576.49	448.5434	84.26603	7.126187
1710	-14080.75	-14549.2	468.4586	83.92082	6.888735
1720	-14127.12	-14573.44	446.3224	81.68894	7.14914
1730	-14076.61	-14558.97	482.3668	84.19413	6.724436
1740	-14046.87	-14519.57	472.6989	90.56822	6.842628
1750	-14045.68	-14530.33	484.6518	90.01887	6.710988
1760	-14023	-14500.96	477.9607	92.82576	6.778846
1770	-14055.56	-14525.21	469.65	90.58018	6.876261
1780	-14051.45	-14518.43	466.9746	87.28525	6.911258
1790	-14071.28	-14506.88	435.5972	80.65656	7.278572
1800	-14036.15	-14509.63	473.4801	88.22795	6.836907
1810	-14034.45	-14499.63	465.1741	90.11268	6.927097
1820	-14037.69	-14504.27	466.5756	90.26168	6.911135
1830	-14081.16	-14543	461.8447	86.54995	6.97044
1840	-14056.27	-14530.46	474.1896	84.74351	6.823547
1850	-14054.56	-14527	472.4434	96.39392	6.819966
1860	-14052.9	-14514.59	461.6944	81.29641	6.958863
1870	-14049.11	-14509.05	459.9419	89.27236	6.987831
1880	-14078.33	-14558.07	479.7438	84.66561	6.757684
1890	-14046.11	-14535.21	489.1019	84.93899	6.648609
1900	-14076.93	-14557.28	480.3492	83.00232	6.74185
1910	-14068.5	-14520.53	452.0274	84.05607	7.084666
1920	-14068.67	-14535.06	466.3861	90.32133	6.913064
1930	-14063.7	-14528.33	464.6311	91.42943	6.928605
1940	-14034.52	-14508.48	473.9552	90.89023	6.828026
1950	-14051.6	-14531.88	480.2791	88.70015	6.760045
1960	-14056.04	-14526.78	470.7403	88.61724	6.867665
1970	-14030.3	-14517.02	486.7188	91.56433	6.686844
1980	-14052.2	-14545.59	493.3864	91.80544	6.613861
1990	-14045.39	-14522.22	476.8256	90.21709	6.797643
2000	-14014.16	-14513.92	499.7518	94.9496	6.54072
2010	-14043.58	-14527.67	484.0914	91.64149	6.715406
2020	-14030.84	-14540.7	509.8663	93.01115	6.435185
2030	-14069.82	-14533.04	463.2204	88.44322	6.952839
2040	-14051.31	-14517.31	465.9992	88.6749	6.921076
2050	-14066.39	-14533.37	466.9767	90.81375	6.905051
2060	-14021.16	-14512.9	491.7454	90.25268	6.632278
2070	-14063.34	-14535.46	472.1216	89.8236	6.850545
2080	-14040.87	-14521.76	480.8856	90.61585	6.752172
2090	-14068.43	-14539.08	470.6493	84.01763	6.862987
2100	-14050.24	-14524.55	474.31	91.33125	6.82301
2110	-14050.06	-14510.44	460.3717	83.94242	6.985147
2120	-14041.73	-14499.95	458.215	83.71479	7.010368
2130	-14058.31	-14515.48	457.1649	86.94648	7.024105
2140	-14050.51	-14513.44	462.9297	77.4171	6.910691
2150	-14063.78	-14548.11	484.3279	92.95858	6.709902
2160	-14069.62	-14514.54	444.9181	81.21534	7.164971
2170	-14049.52	-14503.46	453.9327	85.20737	7.062704
2180	-14077.32	-14516.53	439.2131	78.69029	7.225348
2190	-14065.27	-14539.4	474.1279	95.54104	6.807422
2200	-14021.8	-14500.54	478.7431	82.93153	6.760773
2210	-14082.77	-14528.48	445.7124	79.6167	7.148312
2220	-14102.92	-14557.65	454.7291	91.58194	7.036121
2230	-14043.19	-14511.24	468.0453	81.06413	6.879182
2240	-14076.67	-14542.06	465.3903	93.43626	6.911211
2250	-14060.69	-14523.27	462.5759	86.26984	6.961987
2260	-14049.79	-14503.69	453.8996	84.65327	7.062927
2270	-14048.1	-14506.96	458.8648	87.81052	7.003369
2280	-14032.57	-14506.81	474.2435	85.12376	6.824096
2290	-14084.19	-14562.1	477.9176	91.11898	6.783972
2300	-14023.88	-14516.57	492.6875	90.45603	6.621905
2310	-14044.01	-14530.68	486.6667	92.2813	6.686221
2320	-14074.45	-14535.53	461.0825	83.33733	6.975053
2330	-14109.3	-14557.16	447.8579	82.84558	7.133051
2340	-14040.67	-14516.28	475.6103	93.05461	6.803322
2350	-14051.67	-14515.17	463.5017	77.63625	6.905789
2360	-14059.43	-14522.06	462.6334	81.83604	6.950225
2370	-14060.73	-14516.9	456.1765	92.18878	7.017133
2380	-14060.87	-14504.16	443.2923	82.18443	7.187247
2390	-14069.99	-14505.75	435.758	84.06497	7.278209
2400	-14065.01	-14521.15	456.1456	88.11679	7.03365
2410	-14056.59	-14535.28	478.6865	87.88161	6.777692
2420	-14067.34	-14530.85	463.5061	88.74349	6.949058
2430	-14035.39	-14508.04	472.6406	81.87648	6.828205
2440	-14082.3	-14522.86	440.5625	85.28948	7.219465
2450	-14115.52	-14547.1	431.5856	83.32511	7.329012
2460	-14023.52	-14493.7	470.1807	89.54664	6.872679
2470	-14080.49	-14542.62	462.1335	86.48631	6.967112
2480	-14064.39	-14544.2	479.8081	84.88012	6.757796
2490	-14052.56	-14507.33	454.7647	85.10878	7.052922
2500	-14002.93	-14490.88	487.9557	90.50739	6.674197
2510	-14079.68	-14523.47	443.7928	82.12839	7.181053
2520	-14087.47	-14536.57	449.0962	80.81525	7.111907
2530	-14045.99	-14518.49	472.4982	91.86573	6.84119
2540	-14052.45	-14506.59	454.1367	83.35432	7.058432
2550	-14061.01	-14525.35	464.3469	86.27212	6.941459
2560	-14073.45	-14530.48	457.0398	86.00189	7.026283
2570	-14053.19	-14507.8	454.609	91.58094	7.037437
2580	-14027.93	-14510.34	482.4106	87.86554	6.735296
2590	-14069.32	-14529.49	460.1631	87.18352	6.989404
2600	-14042.23	-14524.34	482.1021	91.35404	6.737654
2610	-14037.79	-14525.59	487.8015	93.02016	6.672392
2620	-14039.57	-14506.42	466.8541	86.35697	6.912456
2630	-14064.03	-14533.72	469.6885	89.38251	6.878468
2640	-14071.32	-14523.96	452.642	90.28817	7.065383
2650	-14046.64	-14525.51	478.8738	93.20761	6.767723
2660	-14060.75	-14521.68	460.9321	82.09852	6.972232
2670	-14081.11	-14539.3	458.1953	84.88584	7.012429
2680	-14058.8	-14528.02	469.2232	91.52737	6.878046
2690	-14026.89	-14511.99	485.0994	93.97205	6.698596
2700	-14060.61	-14537.83	477.224	92.14695	6.788948
2710	-14082.04	-14532.61	450.5765	84.91815	7.102178
2720	-14075.03	-14527.85	452.8191	81.44576	7.068657
2730	-14060.96	-14524.36	463.4047	85.22409	6.951563
2740	-14037.32	-14503.44	466.1235	85.076	6.9194
2750	-14013.22	-14473.32	460.0938	81.37302	6.978958
2760	-14080.42	-14539.09	458.672	84.92069	7.006847
2770	-14056.48	-14524.3	467.8162	91.33488	6.8941
2780	-14061.53	-14519.73	458.1913	88.37068	7.009872
2790	-14043.51	-14508.35	464.8385	89.46395	6.932538
2800	-14085.34	-14520.82	435.4789	79.18252	7.275096
2810	-14054.16	-14525.78	471.6159	82.31073	6.843355
2820	-14013.83	-14498.25	484.4173	87.17166	6.711182
2830	-14048.94	-14520.27	471.3344	85.6092	6.859364
2840	-14070.92	-14534.55	463.6357	84.8602	6.948295
2850	-14040.32	-14529.69	489.3684	97.27879	6.640273
2860	-14042.88	-14512.85	469.9691	87.80904	6.876912
2870	-14042.81	-14526.92	484.1143	93.13644	6.711703
2880	-14059.33	-14530.57	471.2397	86.74642	6.862075
2890	-14066.57	-14539.46	472.8916	86.90636	6.843192
2900	-14089.4	-14546.02	456.6147	80.53926	7.017318
2910	-14066.02	-14516.1	450.0797	80.73127	7.099359
2920	-14084.99	-14523.81	438.8231	80.80193	7.238988
2930	-14091.89	-14529.71	437.8274	84.83707	7.252465
2940	-14038.36	-14496.34	457.9742	83.32253	7.012312
2950	-14090.63	-14534.41	443.7788	82.92895	7.182375
2960	-14064.77	-14526.9	462.1337	88.76158	6.964484
2970	-14014.27	-14485.02	470.7527	80.78682	6.843714
2980	-14057.57	-14517.52	459.9525	85.09569	6.991954
2990	-14087.17	-14531.1	443.9248	82.45789	7.180016
3000	-14035.98	-14514.17	478.184	91.06132	6.781166
3010	-14099.81	-14537.57	437.7566	80.67585	7.251852
3020	-14051.9	-14518.01	466.1085	85.89777	6.920737
3030	-14031.46	-14506.41	474.9515	91.68755	6.81501
3040	-14060.36	-14513.47	453.1023	92.52977	7.048459
3050	-14078.22	-14553.74	475.5249	84.455	6.806735
3060	-14072.11	-14528.85	456.7438	85.79901	7.029781
3070	-14087.73	-14546.31	458.5879	86.92857	7.007757
3080	-14059.55	-14526.98	467.4233	85.93098	6.905469
3090	-14036.42	-14499.98	463.5586	86.57991	6.950638
3100	-14019.02	-14485.28	466.2619	85.4012	6.918321
3110	-13985.11	-14485.19	500.0751	91.95096	6.540997
3120	-14053.5	-14514.32	460.8246	87.40638	6.981585
3130	-14077.98	-14524.64	446.6671	83.47663	7.148151
3140	-14066.74	-14523.45	456.7153	85.50265	7.030124
3150	-14086.7	-14543.92	457.2224	81.91793	7.016688
3160	-14036.03	-14510.33	474.3081	87.02119	6.827013
3170	-14061.44	-14532.39	470.953	86.67305	6.865319
3180	-14071.23	-14529.92	458.6832	86.66483	7.006888
3190	-14077.45	-14532.23	454.7847	89.24874	7.045683
3200	-14095.58	-14559.08	463.5044	87.68048	6.950675
3210	-14087.12	-14541.57	454.4495	85.55519	7.056611
3220	-14072.98	-14520.01	447.0247	81.77349	7.140783
3230	-14079.21	-14537.65	458.4387	81.54774	7.000153
3240	-14055.88	-14530.37	474.4947	89.3806	6.824699
3250	-14013.97	-14514.3	500.3341	92.31806	6.538102
3260	-14043.02	-14502.85	459.8317	87.41235	6.992937
3270	-14048.47	-14526.31	477.8462	88.73275	6.787469
3280	-13993.74	-14495.63	501.8886	88.75306	6.516575
3290	-14064.64	-14520.36	455.716	78.69832	7.015695
3300	-14010.9	-14502.42	491.5245	89.17899	6.633944
3310	-14104.68	-14557.89	453.2064	83.17703	7.069242
3320	-14049.37	-14525.87	476.4994	92.10936	6.796925
3330	-14055.72	-14514.64	458.9216	83.36842	7.001066
3340	-14049.09	-14526.68	477.5956	85.21384	6.785016
3350	-14034.03	-14509.9	475.8782	87.5959	6.8095
3360	-14069.05	-14519.82	450.773	80.94825	7.091753
3370	-14093.27	-14532.79	439.5153	83.48104	7.233825
3380	-14110.37	-14540.34	429.9687	80.00422	7.347072
3390	-14082	-14519.47	437.4637	76.96403	7.236225
3400	-14098.27	-14538.16	439.8865	83.12541	7.229372
3410	-14078.15	-14532.42	454.2685	86.00133	7.058506
3420	-14049.97	-14517.75	467.7758	91.54892	6.893782
3430	-14088.78	-14554.18	465.391	90.16089	6.924552
3440	-14027.84	-14502.21	474.369	83.60059	6.816882
3450	-14079.89	-14548.75	468.8601	85.5367	6.888143
3460	-14055.01	-14515.1	460.081	87.05186	6.990474
3470	-14093.27	-14547.27	453.9976	91.02522	7.04695
3480	-14098.13	-14559.43	461.3065	86.52861	6.976664
3490	-14039.94	-14506.04	466.1023	83.79632	6.916419
3500	-14050.96	-14541.59	490.632	92.90464	6.64219
3510	-14071.1	-14525.65	454.5577	81.42884	7.047237
3520	-14062.65	-14516.18	453.5287	86.8007	7.066162
3530	-14025.5	-14503.88	478.3721	90.06079	6.780699
3540	-14018.2	-14501.68	483.4796	94.78985	6.712751
3550	-14011.57	-14509.34	497.7728	90.08464	6.56531
3560	-14052.79	-14518.92	466.1323	84.19962	6.917273
3570	-14043.6	-14538.93	495.3294	88.24886	6.589315
3580	-14062.67	-14520.06	457.3865	89.57444	7.015463
3590	-14084.74	-14532.55	447.8068	83.80638	7.134758
3600	-14031.22	-14522.09	490.8731	84.31121	6.624131
3610	-14056.07	-14522.96	466.8847	95.34626	6.884455
3620	-14071.15	-14516.54	445.3946	82.19953	7.161698
3630	-14047.66	-14525.43	477.7734	94.39932	6.774725
3640	-14026.63	-14501.84	475.2048	87.73316	6.817256
3650	-14039.62	-14503.24	463.6183	84.37324	6.947536
3660	-14078.51	-14521.93	443.4235	86.8441	7.182454
3670	-14059.64	-14522.3	462.662	93.73806	6.938715
3680	-14048.46	-14515.98	467.5208	83.40789	6.898072
3690	-14007.42	-14492.43	485.0076	90.98125	6.706324
3700	-14047.77	-14508.68	460.915	92.23534	6.965505
3710	-14050.01	-14513.9	463.8902	95.28995	6.91623
3720	-14084.63	-14534.02	449.3889	88.28045	7.109787
3730	-14041.78	-14514.87	473.0883	81.82164	6.822375
3740	-14091.14	-14537.35	446.2053	84.44115	7.153901
3750	-14071.23	-14532.54	461.3055	83.91588	6.973959
3760	-14128.48	-14566.63	438.1513	80.14628	7.245301
3770	-14036.94	-14527.44	490.5002	85.35861	6.634298
3780	-14065.61	-14527.7	462.0876	87.80121	6.96668
3790	-14024.86	-14512.22	487.3571	86.1015	6.674134
3800	-14048.96	-14513.16	464.2022	86.55093	6.943201
3810	-14069.95	-14528.39	458.4363	83.97129	7.00826
3820	-14035.33	-14507.16	471.8316	89.05105	6.854925
3830	-14080.7	-14521.63	440.9292	84.30244	7.216515
3840	-14054.28	-14519.85	465.5698	80.91669	6.908749
3850	-14111.36	-14555.78	444.4172	81.87642	7.172912
3860	-14109.72	-14552.59	442.8732	77.9381	7.173766
3870	-14057.37	-14509.78	452.4152	89.33982	7.071885
3880	-14038.75	-14504.2	465.4459	88.19376	6.928013
3890	-14016.87	-14499.91	483.0462	89.44708	6.72902
3900	-14062.73	-14513.38	450.6488	81.48416	7.095447
3910	-14045.28	-14501.8	456.5255	87.83649	7.029956
3920	-14053.38	-14498.59	445.2116	82.30672	7.164136
3930	-14035.8	-14519.14	483.3385	84.79473	6.715821
3940	-14067.1	-14512.18	445.0792	81.66491	7.164295
3950	-14056.1	-14526.15	470.0477	90.09348	6.873056
3960	-14101.13	-14545.87	444.7463	89.90488	7.15489
3970	-14049.28	-14529.28	479.9951	90.99058	6.761403
3980	-14040.74	-14523.43	482.691	95.14294	6.719574
3990	-14068.37	-14550.48	482.1094	88.30043	6.739162
4000	-14006.04	-14498.62	492.5785	95.74772	6.613566
4010	-14034.04	-14517.78	483.7441	91.23066	6.719868
4020	-14072.83	-14533.7	460.874	91.97609	6.967204
4030	-14036.03	-14516.34	480.3118	93.04801	6.752818
4040	-14068.58	-14529.79	461.2115	79.77033	6.954822
4050	-14072.3	-14528.45	456.1538	82.58376	7.032119
4060	-14065.14	-14527.37	462.227	88.89387	6.963143
4070	-14051.18	-14548.23	497.0449	90.2931	6.573597
4080	-14026.24	-14497.94	471.7006	87.67781	6.857197
4090	-14042.35	-14523.05	480.6979	93.08976	6.748536
4100	-14028.16	-14505.62	477.4535	90.25744	6.790625
4110	-14046.1	-14512.74	466.6413	82.7509	6.905901
4120	-14013.79	-14497.95	484.1647	92.46611	6.712909
4130	-14045.34	-14523.68	478.3366	91.14678	6.779317
4140	-14068.78	-14550.48	481.6958	90.65317	6.743185
4150	-14061.87	-14530.02	468.154	89.04156	6.896238
4160	-14036.85	-14507.14	470.2897	94.59496	6.85296
4170	-14025.08	-14501.46	476.3731	89.07169	6.803913
4180	-14057.39	-14503.66	446.2738	85.73824	7.151905
4190	-14025.09	-14482.38	457.2863	86.26293	7.023306
4200	-14088.24	-14519.58	431.3446	88.56117	7.312557
4210	-14110.61	-14567.77	457.1534	86.991	7.024182
4220	-14112.37	-14552.33	439.962	82.57025	7.228174
4230	-14078.42	-14537.55	459.1344	89.6382	6.995745
4240	-14054.91	-14512.03	457.1149	89.15141	7.019879
4250	-14068.44	-14515.57	447.1266	86.98815	7.139453
4260	-14036.15	-14496.82	460.6702	93.90776	6.958948
4270	-14047.17	-14527.52	480.3548	90.3973	6.758318
4280	-14053.13	-14505.21	452.0779	86.65375	7.083123
4290	-14084.1	-14521.52	437.4274	85.48277	7.255756
4300	-14043.11	-14515.24	472.126	88.83174	6.851846
4310	-14077.18	-14542.06	464.8736	85.94615	6.935152
4320	-14062.5	-14513.37	450.8653	81.32359	7.092175
4330	-14043.42	-14499.52	456.0958	91.96226	7.019228
4340	-14031	-14507.42	476.4243	84.92648	6.797822
4350	-14033.96	-14501.05	467.0847	91.87626	6.900077
4360	-14054.33	-14529.12	474.7909	92.8765	6.812805
4370	-14034.39	-14508.01	473.6137	92.89692	6.825401
4380	-14056.12	-14519.8	463.675	86.82704	6.949265
4390	-14060.74	-14531	470.2645	88.5825	6.873067
4400	-14036.76	-14508.16	471.4033	85.52731	6.858391
4410	-14046.4	-14502.8	456.395	86.90186	7.033017
4420	-14059	-14510.01	451.0089	78.27354	7.07219
4430	-14029.81	-14491.75	461.9432	80.93149	6.953658
4440	-14068.38	-14504.22	435.8474	84.94086	7.275579
4450	-14085.7	-14516.08	430.3836	87.42454	7.329761
4460	-14039.06	-14514.06	475.0038	97.26759	6.788009
4470	-14067.25	-14540.95	473.7064	82.04057	6.816262
4480	-14021.29	-14497.58	476.2923	84.675	6.798485
4490	-14058.96	-14518.31	459.3512	83.36964	6.995916
4500	-14114.4	-14531.12	416.7116	82.34315	7.510317
4510	-14061.74	-14528.54	466.7972	88.975	6.911593
4520	-14025.42	-14506.61	481.1923	86.56005	6.746921
4530	-14029.24	-14509.87	480.6353	90.54777	6.755027
4540	-14065.16	-14510.39	445.2357	82.97305	7.164859
4550	-14066.97	-14520.95	453.9808	83.55819	7.060684
4560	-14073.67	-14528.25	454.5853	86.65066	7.054192
4570	-14019.77	-14499.31	479.5359	88.85102	6.768431
4580	-14053.05	-14531.84	478.7837	90.13418	6.776042
4590	-14090.43	-14542.2	451.7725	84.65502	7.088055
4600	-14046.28	-14512.57	466.2969	90.434	6.913721
4610	-14034.51	-14497.71	463.1995	85.2779	6.954037
4620	-14066.41	-14523.11	456.6968	88.95515	7.025172
4630	-14046.69	-14522.16	475.4725	90.0059	6.812979
4640	-14012.66	-14505.4	492.7396	96.6694	6.608281
4650	-14054.68	-14535.17	480.4929	89.21538	6.757638
4660	-14075.29	-14543.58	468.2873	83.60321	6.889639
4670	-14043.32	-14508.16	464.8475	93.85593	6.914753
4680	-14026.01	-14509.73	483.7244	93.73435	6.714034
4690	-14034.86	-14511.15	476.2893	86.43742	6.803348
4700	-14045.48	-14527.88	482.3925	84.50078	6.725635
4710	-14048.34	-14500.16	451.82	87.73081	7.083806
4720	-14084.2	-14542.45	458.2558	92.80279	6.991254
4730	-14079.56	-14533.78	454.2227	86.93565	7.057962
4740	-14022.99	-14508.89	485.9047	93.68478	6.690925
4750	-14009.86	-14505.45	495.5876	94.19272	6.586499
4760	-14059.34	-14518.35	459.0113	86.48252	7.003216
4770	-14038.8	-14516.46	477.6619	87.41527	6.788962
4780	-14049.52	-14524.15	474.6338	85.26216	6.81991
4790	-14039.73	-14506.93	467.1987	88.24064	6.908089
4800	-14011.98	-14501.49	489.5117	93.2988	6.653381
4810	-14036.92	-14495.59	458.671	86.02997	7.007312
4820	-14059.2	-14513.4	454.2	81.65455	7.052567
4830	-14066.06	-14507.06	440.9931	80.84449	7.212262
4840	-14053.04	-14506.23	453.1974	83.66825	7.070236
4850	-14032.43	-14503.15	470.7146	84.13212	6.862618
4860	-14056.04	-14515.23	459.1845	91.77399	6.98656
4870	-14043.93	-14503.03	459.1001	94.0653	6.97468
4880	-14038.52	-14520.69	482.1628	94.82035	6.726514
4890	-14055.04	-14506.61	451.566	82.69867	7.087955
4900	-14056.79	-14524.49	467.698	87.50954	6.902918
4910	-14048.83	-14510.52	461.6803	85.78712	6.972239
4920	-14101	-14545.49	444.4918	89.30512	7.160741
4930	-14039.9	-14518.81	478.9075	87.7826	6.775096
4940	-14067.79	-14534.92	467.134	87.17166	6.909449
4950	-14053.36	-14516.11	462.7498	96.4053	6.920446
4960	-14055.9	-14521.46	465.5557	87.52551	6.927389
4970	-14057.02	-14526.15	469.1239	86.16276	6.885969
4980	-14076.78	-14535.33	458.5449	86.60998	7.008525
4990	-14068.63	-14535.6	466.9781	85.75797	6.910448
5000	-14068.27	-14525.52	457.2545	86.44689	7.023556
5010	-14034.54	-14499.44	464.9009	91.39866	6.925773
5020	-14031.71	-14503.21	471.4941	87.71079	6.859553
5030	-14018.3	-14509.04	490.7347	94.01694	6.638507
5040	-14035.21	-14512.07	476.8576	85.44622	6.794385
5050	-14056.21	-14511.61	455.401	81.42173	7.036849
5060	-14053.6	-14515.92	462.3165	91.11844	6.955192
5070	-14046.04	-14513.01	466.9757	90.47756	6.906088
5080	-14063.59	-14512.63	449.0428	87.09606	7.117169
5090	-14017.05	-14505.5	488.4517	90.52647	6.66871
5100	-14001.63	-14491.2	489.5684	88.30064	6.654688
5110	-14056.41	-14529.56	473.1504	83.8777	6.832649
5120	-14063.43	-14528.36	464.9296	85.70638	6.934284
5130	-14062.63	-14537.34	474.7116	85.56275	6.8198
5140	-14078.45	-14552.11	473.6657	90.84697	6.831315
5150	-14046.2	-14500.07	453.8681	81.26936	7.055012
5160	-14103.06	-14554.53	451.4715	87.87489	7.087389
5170	-14078.31	-14522.45	444.1407	92.33786	7.146658
5180	-14058.01	-14528.35	470.344	84.17929	6.867184
5190	-14042.39	-14517.4	475.0063	87.47318	6.819381
5200	-14051.99	-14516.33	464.3445	92.51599	6.927026
5210	-14052.71	-14507.6	454.8935	89.92074	7.041961
5220	-14077.63	-14539.78	462.1442	86.64729	6.966958
5230	-14063.94	-14511.37	447.4292	84.94554	7.139224
5240	-14057.45	-14523.55	466.0952	88.76614	6.919846
5250	-14045.4	-14515.62	470.2277	93.45563	6.859348
5260	-14052.13	-14534.27	482.1473	87.15297	6.737187
5270	-14028.62	-14519.51	490.8926	89.24244	6.641099
5280	-14002.23	-14491.3	489.0772	88.44541	6.660487
5290	-14046.61	-14521.32	474.7131	96.14416	6.797892
5300	-14033.53	-14518.69	485.1553	88.09963	6.704408
5310	-14069.41	-14524.53	455.1255	87.99177	7.045533
5320	-14037.18	-14519.98	482.8044	87.40616	6.730118
5330	-14053.75	-14524.93	471.1704	89.35216	6.861936
5340	-14042.9	-14506.45	463.5526	85.62678	6.95028
5350	-14028.16	-14501.9	473.7441	83.81157	6.82529
5360	-14066.25	-14516.02	449.7733	83.0626	7.110329
5370	-14010.56	-14501.13	490.5794	91.25596	6.644928
5380	-14045.36	-14503.66	458.3054	94.84043	6.977982
5390	-14018.6	-14509.63	491.0336	91.12556	6.640025
5400	-14033.55	-14520.66	487.1116	91.01867	6.683165
5410	-14034.66	-14508	473.3415	94.24094	6.822444
5420	-14017	-14508.54	491.5408	87.95765	6.631605
5430	-14009.75	-14495.69	485.9376	88.54379	6.696095
5440	-14047.63	-14515.47	467.8421	87.54787	6.901259
5450	-14058.32	-14524.82	466.4994	88.56266	6.915601
5460	-14049.88	-14521.91	472.0335	80.25893	6.823522
5470	-14056.79	-14514.44	457.659	85.26557	7.019002
5480	-14029.62	-14484.84	455.2181	87.50625	7.045536
5490	-14084.37	-14515.57	431.2016	82.33072	7.334348
5500	-14073.96	-14528	454.0441	89.61875	7.052607
5510	-14020.8	-14500.89	480.0913	87.74785	6.761574
5520	-14048.51	-14523.5	474.9825	91.1445	6.816121
5530	-14038.56	-14532.52	493.9561	95.93245	6.598522
5540	-14047.45	-14529.54	482.0916	89.74719	6.739589
5550	-14042.66	-14531.96	489.3015	89.2817	6.658961
5560	-14041.77	-14533.72	491.9588	98.56193	6.607237
5570	-14040.34	-14517.26	476.9163	91.0329	6.795149
5580	-14037.55	-14509.95	472.3977	91.35616	6.843876
5590	-14066.58	-14520.96	454.3817	88.27158	7.053256
5600	-14040.82	-14513.52	472.6997	90.64414	6.842442
5610	-14040.52	-14513	472.4749	81.98826	6.830945
5620	-14039.47	-14496.72	457.2469	88.23078	7.020892
5630	-14086.76	-14521.01	434.2549	84.18255	7.295896
5640	-14045.16	-14506.13	460.9713	81.52526	6.96898
5650	-14077.27	-14536.56	459.2849	82.53462	6.994025
5660	-14066.36	-14536.91	470.5556	91.09749	6.864831
5670	-14109.49	-14563.83	454.3388	91.04515	7.043104
5680	-14045.32	-14514.1	468.7785	85.61844	6.889235
5690	-14069.01	-14523.44	454.4339	80.96083	7.046589
5700	-14069.52	-14531.09	461.5671	89.88585	6.967854
5710	-14075	-14540.15	465.1509	89.65255	6.928589
5720	-14067.84	-14531.84	464.0024	82.57237	6.937032
5730	-14053.62	-14520.57	466.9502	85.97833	6.911024
5740	-14054.9	-14509.95	455.0552	87.55004	7.047311
5750	-14073.43	-14532.26	458.8275	86.6284	7.005249
5760	-14032.69	-14488.77	456.0833	83.34311	7.035053
5770	-14033.27	-14520.25	486.98	88.65013	6.684445
5780	-14033.94	-14527.23	493.2889	83.10394	6.58677
5790	-14039.05	-14492.3	453.2536	89.28575	7.062701
5800	-14041.22	-14520.8	479.5853	85.03491	6.761014
5810	-14038.02	-14502.31	464.2924	89.30782	6.939016
5820	-14091.79	-14544.31	452.5156	89.12239	7.071575
5830	-14076.9	-14543.69	466.7902	84.48783	6.910243
5840	-14062.57	-14537.07	474.5013	87.97089	6.825331
5850	-14034.71	-14507.3	472.5854	86.47735	6.846251
5860	-14094.5	-14541.57	447.0742	88.15026	7.136479
5870	-14047.09	-14532.54	485.4537	87.71606	6.700407
5880	-14033.13	-14527.05	493.9145	88.8632	6.606624
5890	-14054.43	-14535.44	481.009	88.36747	6.751666
5900	-14016.84	-14486.77	469.9325	92.7875	6.865497
5910	-14024.65	-14513.97	489.3226	85.14701	6.647068
5920	-14060.05	-14525.36	465.3063	87.95604	6.929869
5930	-14072.03	-14536.48	464.4404	88.15449	6.939466
5940	-14043.51	-14504.19	460.678	85.8709	6.98395
5950	-14033.3	-14493.89	460.5882	85.8474	6.984989
5960	-14045.33	-14500.43	455.1058	80.71727	7.037027
5970	-14002.33	-14489.28	486.946	84.72414	6.672919
5980	-14040.17	-14506.09	465.9218	88.8856	6.921594
5990	-14050.77	-14510.95	460.175	85.00256	6.989242
6000	-14034.62	-14497.47	462.8508	85.66154	6.958504
6010	-14064.91	-14535.73	470.8181	86.619	6.866827
6020	-14059.16	-14522.32	463.1562	84.71044	6.953685
6030	-14038.5	-14493.26	454.7548	80.55165	7.04048
6040	-14056.55	-14537.08	480.5341	87.61859	6.756376
6050	-14038.35	-14500.87	462.5149	86.28567	6.962696
6060	-14093.7	-14529.54	435.8412	78.97868	7.2696
6070	-14074.61	-14535.87	461.2572	90.91432	6.967638
6080	-14022.98	-14509.1	486.1203	93.54655	6.689032
6090	-14037.64	-14526.37	488.7243	92.74239	6.663064
6100	-14008.21	-14493.31	485.0984	98.3592	6.678059
6110	-14054.44	-14535.94	481.4966	91.38335	6.744228
6120	-14084.26	-14534.61	450.3508	81.44253	7.098951
6130	-14044.17	-14502.94	458.7723	85.01625	7.005756
6140	-14054.08	-14523.22	469.136	87.17727	6.886484
6150	-14083.38	-14527.92	444.5455	83.12587	7.173325
6160	-14025.75	-14498.31	472.5614	86.09435	6.845962
6170	-14047.42	-14508.95	461.5384	80.18391	6.953762
6180	-14072.72	-14525.73	453.0107	87.08304	7.071636
6190	-14063.44	-14537.32	473.8877	84.27568	6.825458
6200	-14018.99	-14504.69	485.7015	88.99735	6.69914
6210	-14081.86	-14537.98	456.1199	82.566	7.032474
6220	-14076.68	-14535.74	459.0611	88.63159	6.999424
6230	-14048.35	-14514.99	466.6375	84.16948	6.911187
6240	-14062.32	-14534.06	471.7388	82.85138	6.844824
6250	-14073.02	-14533.83	460.8054	88.44488	6.980141
6260	-14042.39	-14524.02	481.6232	86.17909	6.740949
6270	-14061.33	-14520.81	459.4811	83.26844	6.994073
6280	-14020.21	-14521.44	501.2301	89.06019	6.524817
6290	-14065.35	-14526.82	461.4728	85.12029	6.974117
6300	-14072.11	-14551.14	479.0352	83.09617	6.758241
6310	-14078.83	-14528.8	449.969	85.24632	7.109202
6320	-14050.42	-14512.37	461.9508	86.84531	6.969114
6330	-14041.04	-14514.05	473.0117	91.10171	6.83786
6340	-14037.83	-14507.66	469.8342	90.35023	6.874817
6350	-14014.52	-14516.49	501.9717	91.22508	6.520068
6360	-14036.93	-14537.72	500.788	94.99626	6.529703
6370	-14054.06	-14549.6	495.5377	91.77582	6.590443
6380	-14027.13	-14518.84	491.7121	90.41146	6.632682
6390	-14071.76	-14536.39	464.6214	89.48067	6.934924
6400	-14049.39	-14519.58	470.188	94.94334	6.852119
6410	-14018.31	-14501.73	483.425	95.44782	6.71053
6420	-14046.81	-14525.63	478.8189	84.7091	6.768783
6430	-14057.63	-14534.43	476.7966	83.02151	6.78476
6440	-14061.58	-14542.43	480.8555	90.25577	6.752935
6450	-14042.77	-14531.21	488.4379	89.04833	6.668441
6460	-14067.96	-14517.56	449.6062	87.41839	7.109902
6470	-14070.66	-14522.39	451.728	86.79831	7.086912
6480	-14060.15	-14530.58	470.4286	85.66186	6.870042
6490	-14078.13	-14527.95	449.82	79.09782	7.093417
6500	-14069.29	-14540.79	471.5012	86.93077	6.859208
6510	-14062.96	-14510.73	447.7697	83.68488	7.135119
6520	-14086.39	-14534.63	448.2396	79.64458	7.11673
6530	-14061.85	-14531.1	469.2549	80.79622	6.862324
6540	-14011.2	-14502.71	491.5153	91.64677	6.634391
6550	-14076.44	-14540.3	463.8633	83.10233	6.940845
6560	-14065.8	-14536.16	470.3562	86.99688	6.872414
6570	-14048.05	-14500.38	452.3257	77.6524	7.049892
6580	-14075.65	-14540.68	465.0388	89.11612	6.931071
6590	-14006.39	-14494.13	487.7438	91.04564	6.676197
6600	-14049.08	-14516.07	466.983	88.09535	6.910682
6610	-14088.46	-14540.6	452.1403	84.41543	7.083601
6620	-14068.91	-14535.46	466.5565	82.26305	6.90458
6630	-14056.65	-14513.3	456.6523	86.26735	7.030652
6640	-14050.24	-14533.54	483.3003	91.29382	6.724634
6650	-14048.11	-14512.06	463.9451	87.79245	6.945534
6660	-14035.13	-14503.93	468.7926	85.99891	6.889621
6670	-14088.81	-14545.09	456.2847	85.54722	7.035161
6680	-14040.04	-14510.16	470.1197	83.70658	6.868132
6690	-14052.57	-14494.37	441.798	89.80696	7.188227
6700	-14043.14	-14517.11	473.9692	87.82698	6.831361
6710	-14049.19	-14522.24	473.0547	87.46551	6.841688
6720	-14076.76	-14525.18	448.4225	81.81871	7.123825
6730	-14045.63	-14503.65	458.0267	91.33182	7.001297
6740	-14054.94	-14505.5	450.5538	80.69153	7.0933
6750	-13996.14	-14478.8	482.6595	90.1925	6.732998
6760	-14021.3	-14503.7	482.3909	88.84861	6.736297
6770	-14074.43	-14540.38	465.9537	88.63733	6.921648
6780	-14030.79	-14504.44	473.6476	85.99327	6.833157
6790	-14065.61	-14533.28	467.6677	89.72236	6.900362
6800	-14040.04	-14509.62	469.5791	87.82734	6.881347
6810	-14036.75	-14527.51	490.7579	92.05031	6.642202
6820	-14045.12	-14533.42	488.2993	98.04442	6.647256
6830	-14106.27	-14558.63	452.3596	84.51545	7.081059
6840	-14085.5	-14545.28	459.7819	84.71356	6.993523
6850	-14057.86	-14529.44	471.5757	88.07319	6.858557
6860	-14029.52	-14515.61	486.0904	96.21934	6.679209
6870	-14043.77	-14524.23	480.4633	95.83464	6.739665
6880	-14027.38	-14506.71	479.3343	87.887	6.770326
6890	-14019.55	-14502.37	482.82	90.01718	6.731338
6900	-14038.61	-14481.45	442.8368	88.06423	7.1849
6910	-14054.97	-14514.83	459.8566	84.78928	6.99274
6920	-14074.37	-14516.45	442.0798	84.51928	7.202688
6930	-14077.46	-14528.1	450.6353	77.91631	7.073986
6940	-14052.63	-14537.89	485.2539	86.13984	6.698689
6950	-14058.65	-14530.42	471.7737	89.67576	6.854678
6960	-14054.42	-14524.48	470.0653	92.19243	6.866463
6970	-14111.06	-14543.28	432.2138	85.6664	7.316139
6980	-14048.28	-14509.86	461.5806	83.28924	6.968925
6990	-14065.3	-14537.69	472.3904	89.29543	6.848356
7000	-14071.65	-14530.41	458.766	87.06688	7.005564
7010	-14069.91	-14535.01	465.1057	84.0562	6.929077
7020	-14063.57	-14533.46	469.8909	88.95872	6.876845
7030	-14102.95	-14546.58	443.6267	76.72769	7.153995
7040	-14085.63	-14550.27	464.6441	84.70111	6.936102
7050	-14073.95	-14525.9	451.9574	87.69913	7.082322
7060	-14008.17	-14495.79	487.6252	89.66198	6.677909
7070	-14040.15	-14504.35	464.1972	87.72763	6.942729
7080	-14045.46	-14524.08	478.6199	81.49343	6.752249
7090	-14025.31	-14512.73	487.4187	87.41068	6.677337
7100	-14014.99	-14485.27	470.2771	87.31212	6.873427
7110	-14072.11	-14555.47	483.3573	89.11994	6.725514
7120	-14054.41	-14498.93	444.5192	85.64221	7.172537
7130	-14065.11	-14529.23	464.1202	88.64025	6.942328
7140	-14080.58	-14522.54	441.9612	77.88986	7.185122
7150	-14068.96	-14532.6	463.6374	88.12191	6.948622
7160	-14048.19	-14510.5	462.3064	90.07166	6.959051
7170	-14071.8	-14544.43	472.6296	88.92906	6.846088
7180	-14080.85	-14534.57	453.7189	82.30874	7.060781
7190	-14041.58	-14517.13	475.5453	88.53237	6.813467
7200	-14086.98	-14546.74	459.7667	84.23727	6.992946
7210	-14078.14	-14513.49	435.3534	83.31336	7.283802
7220	-14077.64	-14525.57	447.9345	83.82536	7.133247
7230	-14085.96	-14540.21	454.2467	78.81023	7.035253
7240	-14060.71	-14522.71	461.9963	87.98421	6.96746
7250	-14076.78	-14522.76	445.9874	84.07004	7.156525
7260	-14098.2	-14528.05	429.8517	83.63936	7.349315
7270	-14073.64	-14520	446.3604	83.1568	7.151527
7280	-14068.94	-14501.23	432.2856	76.29184	7.298443
7290	-14131.18	-14540.12	408.9389	78.6084	7.610011
7300	-14098.95	-14536.87	437.9156	83.05401	7.253085
7310	-14050.77	-14518.48	467.7126	85.4997	6.901499
7320	-14059.51	-14523.46	463.9425	86.73572	6.946198
7330	-14059.67	-14522.9	463.2312	82.78116	6.947231
7340	-14052.4	-14509.98	457.5858	84.33759	7.018985
7350	-14035.14	-14510.47	475.3328	88.55068	6.815862
7360	-14036.1	-14513.16	477.0644	87.14452	6.795498
7370	-13996.52	-14493.77	497.2504	94.52616	6.56811
7380	-14022.53	-14496.88	474.3513	83.64519	6.817299
7390	-14041.98	-14500.06	458.0758	87.36345	7.013097
7400	-14071.91	-14520.94	449.0263	91.07508	7.101289
7410	-14041.25	-14503.12	461.8784	86.00448	6.970021
7420	-14074.93	-14536.71	461.7849	86.36627	6.971156
7430	-14077.68	-14523.72	446.0438	82.09168	7.153563
7440	-14041.82	-14520.62	478.8017	87.28678	6.775761
7450	-14023.4	-14487.71	464.3049	85.69204	6.941558
7460	-14100.44	-14535.9	435.4576	84.68548	7.280716
7470	-14034.28	-14513.55	479.2671	91.85628	6.767531
7480	-14032.66	-14493.9	461.2439	89.53127	6.972525
7490	-13994.25	-14488.41	494.1593	91.36531	6.605666
7500	-14070.84	-14529.97	459.1254	90.13651	6.994135
7510	-14049.8	-14513.8	463.9998	90.44447	6.939088
7520	-14058.1	-14514.67	456.5719	84.15111	7.030747
7530	-14103.55	-14543.85	440.2987	85.89169	7.221223
7540	-14048.67	-14529.33	480.6537	88.50399	6.755754
7550	-14039.8	-14501.59	461.7924	81.27094	6.957514
7560	-14061.17	-14520.71	459.5351	83.21753	6.993275
7570	-14042.6	-14506.29	463.6903	80.75699	6.930937
7580	-14044.72	-14526.86	482.1342	87.50684	6.737946
7590	-14075.47	-14544.67	469.1977	85.66648	6.884419
7600	-14044.18	-14524.7	480.519	82.66746	6.737645
7610	-14028.34	-14521.83	493.4881	94.71371	6.607385
7620	-14074.14	-14545.73	471.5883	94.20488	6.841229
7630	-14043.95	-14544.92	500.9686	91.50631	6.531199
7640	-14043.62	-14519.66	476.0427	85.88388	6.805053
7650	-14064.18	-14529.25	465.0653	90.21624	6.928002
7660	-14059.52	-14541.74	482.2242	88.01225	6.737587
7670	-14043.53	-14513.96	470.4317	89.76174	6.869479
7680	-14062.8	-14519.54	456.7348	85.32208	7.029859
7690	-14037.28	-14510.23	472.9542	92.74786	6.833085
7700	-14063.37	-14508.89	445.5206	83.08168	7.161549
7710	-14054.05	-14515.56	461.5104	85.50672	6.974045
7720	-14044.59	-14509.54	464.9493	85.76047	6.934107
7730	-14092.11	-14555.28	463.1734	85.51605	6.954606
7740	-14053.52	-14515.42	461.8979	84.72406	6.968562
7750	-14000.67	-14482.4	481.7307	84.57729	6.733818
7760	-14031.46	-14504.73	473.2685	80.94471	6.813826
7770	-14070.39	-14527.71	457.315	82.87064	7.018974
7780	-14072.07	-14544.01	471.9415	86.03083	6.853059
7790	-14042.77	-14519.11	476.335	86.05815	6.802052
7800	-14065.18	-14534.42	469.2362	81.72468	6.868861
7810	-14068.39	-14520.89	452.4942	85.76628	7.079334
7820	-14064.69	-14512.94	448.2504	87.79216	7.124305
7830	-14080.51	-14530.6	450.0977	74.9424	7.048381
7840	-14022.37	-14495.66	473.289	84.57234	6.833612
7850	-14021.22	-14505.16	483.9348	98.41047	6.689576
7860	-14020.12	-14511.56	491.4359	92.26809	6.634558
7870	-14032.35	-14493.59	461.2385	85.93268	6.977443
7880	-14071.48	-14530.08	458.5981	84.13089	7.006633
7890	-14062.82	-14521.83	459.0108	87.52183	7.002172
7900	-14062.32	-14533.65	471.3279	86.18279	6.860418
7910	-14070.88	-14521.18	450.2975	83.1103	7.104102
7920	-14042.37	-14512.04	469.6681	85.39325	6.878421
7930	-14050.17	-14511.88	461.7132	89.62684	6.967009
7940	-14072.21	-14532.39	460.1711	92.29032	6.973293
7950	-14094.97	-14545.21	450.2379	93.05653	7.07597
7960	-14058.84	-14516.49	457.649	88.62639	7.01537
7970	-14068.31	-14524.86	456.5485	85.22091	7.03201
7980	-14050.59	-14500.74	450.1554	78.38678	7.083988
7990	-14079.61	-14517.47	437.8551	83.90897	7.253416
8000	-14044.91	-14502.35	457.4352	90.51195	7.011393
8010	-14062.03	-14516.79	454.755	88.80233	7.047487
8020	-14092.45	-14537.53	445.0716	86.6146	7.164077
8030	-14064.61	-14515.85	451.2481	92.24752	7.070238
8040	-14056.41	-14513.62	457.2059	85.98784	7.024356
8050	-14057.67	-14525.96	468.2905	84.13596	6.891443
8060	-14052.31	-14504.13	451.8195	83.87604	7.086958
8070	-14056.47	-14510.06	453.593	82.08727	7.061587
8080	-14071.86	-14537.12	465.2601	87.43426	6.930823
8090	-14030.02	-14501.17	471.1474	93.46187	6.849479
8100	-14025.31	-14503.38	478.073	89.26679	6.784735
8110	-14025.47	-14513.7	488.2377	90.78255	6.670953
8120	-14065.35	-14531.99	466.6399	82.42745	6.904392
8130	-14102.49	-14546.28	443.7884	83.17232	7.182467
8140	-14065.26	-14545.59	480.3268	88.53617	6.75946
8150	-14029.37	-14511.04	481.6729	95.91418	6.726653
8160	-14058.69	-14524.71	466.028	86.58404	6.922117
8170	-14039.8	-14509.36	469.5536	87.32852	6.881715
8180	-14049.19	-14537.41	488.2191	95.40668	6.660464
8190	-14048.57	-14530.86	482.2959	94.01411	6.728276
8200	-14051.96	-14527.71	475.7572	84.75446	6.805088
8210	-14031.68	-14491.45	459.7735	86.10453	6.994495
8220	-14030.86	-14486.04	455.1845	82.20814	7.04263
8230	-14004.72	-14481.28	476.5573	85.90159	6.799104
8240	-14055.39	-14529.94	474.5544	90.37354	6.822528
8250	-14049.95	-14526.88	476.926	87.30271	6.797267
8260	-14095.27	-14539.92	444.6457	79.57207	7.161477
8270	-14080.48	-14545.04	464.5605	88.78807	6.937094
8280	-14051.21	-14508.36	457.1434	86.23759	7.024976
8290	-14052.71	-14517.33	464.6264	83.36147	6.932612
8300	-14048.65	-14510.59	461.9401	82.25322	6.960654
8310	-14085.16	-14523.3	438.1435	81.04541	7.248005
8320	-14015.88	-14480.56	464.6784	83.17308	6.931305
8330	-14073.73	-14520	446.2743	84.06003	7.15311
8340	-14013.57	-14483.25	469.6799	87.96872	6.880139
8350	-14053.16	-14515.43	462.269	85.13678	6.964783
8360	-14013.37	-14502.3	488.9231	87.33904	6.659942
8370	-14029.31	-14508.56	479.2469	89.79075	6.771248
8380	-14129.82	-14557.36	427.5345	80.38104	7.378161
8390	-14037.4	-14516.05	478.647	85.88897	6.774743
8400	-14042.66	-14521.39	478.7267	89.4017	6.777339
8410	-14040.07	-14518.34	478.2739	92.57966	6.776265
8420	-14049.08	-14499.88	450.7973	81.13929	7.092268
8430	-14052.86	-14505.87	453.0136	89.44215	7.064797
8440	-13997.51	-14497.81	500.3044	95.50501	6.533536
8450	-14017.48	-14514.09	496.6112	93.71114	6.576594
8460	-14060.29	-14532.52	472.2328	86.28166	6.850066
8470	-14046.72	-14521.59	474.8711	89.29473	6.820577
8480	-14027.63	-14501.76	474.1299	86.22189	6.827975
8490	-13999.26	-14503.56	504.2961	91.98458	6.495105
8500	-14030.98	-14513.89	482.9043	92.17838	6.727232
8510	-14037.05	-14506.28	469.2382	84.34087	6.880831
8520	-14056.69	-14514.9	458.2068	91.89757	6.996599
8530	-14030.33	-14511.68	481.3505	87.89444	6.747393
8540	-14045.92	-14520.61	474.6922	89.52399	6.822326
8550	-14042.42	-14511.8	469.3724	84.41818	6.879474
8560	-14050.58	-14516.81	466.229	82.64815	6.910418
8570	-14107.43	-14553.68	446.2502	80.96857	7.1477
8580	-14070.81	-14513.75	442.9393	86.61528	7.188693
8590	-14061.8	-14515.38	453.5831	91.39178	7.049639
8600	-14043.84	-14513.88	470.0444	84.46504	6.871657
8610	-14042.18	-14507.18	464.9978	91.17151	6.92557
8620	-14052.66	-14509.24	456.5813	81.38501	7.022179
8630	-14050.6	-14496.85	446.2472	84.19445	7.153441
8640	-14035.05	-14492.35	457.2997	83.6286	7.02112
8650	-14051.31	-14513.62	462.3101	88.57319	6.962883
8660	-14062.16	-14554.18	492.0281	97.90638	6.609917
8670	-14063.09	-14529.46	466.3687	86.38398	6.918092
8680	-14043.8	-14507.52	463.7154	85.92779	6.948617
8690	-14071.46	-14535.78	464.3166	81.1638	6.925801
8700	-14028.67	-14493.68	465.016	84.21267	6.930566
8710	-14034.45	-14499.12	464.6726	87.59636	6.937423
8720	-14012.47	-14492.6	480.1349	86.50175	6.759006
8730	-14068.08	-14522.84	454.7543	91.46175	7.036466
8740	-14056.99	-14521.12	464.1268	86.98018	6.944024
8750	-14077.27	-14525.79	448.5202	81.04552	7.11997
8760	-14047.33	-14491.76	444.431	80.35158	7.167834
8770	-14038.84	-14495.14	456.3029	85.55974	7.034948
8780	-14051.73	-14506.33	454.5912	87.80972	7.05204
8790	-14021.69	-14514.49	492.7962	89.79753	6.620355
8800	-14010.62	-14487.88	477.2641	84.43215	6.786048
8810	-14064.41	-14516.14	451.7332	88.99284	7.080834
8820	-14024.64	-14507.48	482.8345	89.29117	6.731395
8830	-14081.58	-14554.33	472.7496	88.69976	6.844933
8840	-14036.58	-14526.59	490.0112	93.57943	6.647357
8850	-14032.18	-14496.21	464.0313	81.02231	6.928437
8860	-14063.52	-14515.75	452.2317	84.04826	7.082228
8870	-14059.14	-14524.28	465.1404	87.79933	6.931913
8880	-14004.4	-14491.2	486.797	91.81986	6.685614
8890	-14042.89	-14525.57	482.6846	90.29016	6.732641
8900	-14064.03	-14529.87	465.8439	97.9457	6.877055
8910	-13992.05	-14496.25	504.1949	92.22547	6.496269
8920	-14048.93	-14515.48	466.5446	86.51163	6.916121
8930	-14052.11	-14520.66	468.5505	92.6054	6.881183
8940	-14072.63	-14515.47	442.839	85.76309	7.191917
8950	-14074.55	-14526.65	452.1025	84.27371	7.083956
8960	-14068.39	-14525.25	456.8566	84.9178	7.028224
8970	-14071.08	-14536.13	465.0526	85.10763	6.932041
8980	-14025.75	-14499.81	474.0602	78.72517	6.782901
8990	-14082.26	-14523.92	441.6626	81.6801	7.206164
9000	-14061.93	-14510.17	448.2334	78.4669	7.109105
9010	-14010.38	-14491.18	480.7986	88.11724	6.753874
9020	-14023.89	-14488.75	464.8628	92.67694	6.920665
9030	-14044.47	-14489.58	445.1143	85.79054	7.165339
9040	-14077.8	-14524.71	446.9147	88.68697	7.136246
9050	-14035.54	-14512.54	477.0025	86.24279	6.794703
9060	-14036.37	-14527.43	491.0586	86.00315	6.63073
9070	-14085.52	-14525.73	440.2161	75.1052	7.182124
9080	-14060.68	-14508.01	447.3391	92.76917	7.109119
9090	-14075.64	-14523.07	447.4221	81.81802	7.13605
9100	-14027.78	-14503.02	475.2407	94.26476	6.802182
9110	-14047.96	-14507.24	459.2843	85.08417	6.999796
9120	-14036.54	-14499.59	463.0519	85.25889	6.955745
9130	-14042.19	-14487.38	445.1925	81.96657	7.163654
9140	-14022.95	-14502.01	479.0562	82.70084	6.755554
9150	-14052.33	-14526.69	474.3554	82.78652	6.81288
9160	-14041.08	-14502.44	461.3633	88.36997	6.973979
9170	-14039.89	-14497.69	457.8027	83.58505	7.015007
9180	-14063.46	-14520.04	456.5816	88.10872	7.02872
9190	-14040.04	-14507.16	467.1195	85.5632	6.908532
9200	-14028.29	-14507.36	479.0704	87.60695	6.773069
9210	-14023.31	-14508.81	485.4994	90.82748	6.701074
9220	-14034.04	-14512.28	478.239	92.79016	6.775966
9230	-14039.54	-14522.21	482.6693	86.99139	6.730867
9240	-14086.52	-14539.35	452.8296	82.38285	7.071806
9250	-14094.39	-14547.28	452.8936	86.24555	7.074247
9260	-14136.53	-14554.84	418.3063	83.73508	7.487019
9270	-14040.18	-14511.88	471.6981	86.49553	6.856532
9280	-14063.58	-14529.56	465.9871	86.21482	6.922411
9290	-14053.34	-14525.12	471.7748	89.75478	6.854529
9300	-14065.9	-14532.22	466.3207	86.20288	6.918533
9310	-14051.88	-14519.67	467.7932	86.90437	6.901856
9320	-14068.76	-14541.46	472.6995	86.58312	6.845063
9330	-14003.27	-14495.53	492.2588	89.39483	6.625968
9340	-14025.56	-14512.31	486.7447	88.15307	6.686451
9350	-14087.64	-14542.39	454.7505	87.38422	7.05112
9360	-14076.11	-14510.05	433.9429	81.69739	7.300692
9370	-14058.84	-14509.51	450.6726	85.18556	7.100974
9380	-14061.02	-14540.79	479.7625	83.52117	6.751934
9390	-14042.5	-14523.62	481.1163	93.07933	6.744074
9400	-14087.92	-14534.83	446.9091	86.82336	7.142369
9410	-14063.68	-14535.71	472.0283	88.17311	6.853385
9420	-14071.5	-14532.24	460.7331	85.39481	6.983056
9430	-14056.57	-14523.22	466.6535	80.6479	6.893466
9440	-14061.53	-14521.3	459.7764	86.8804	6.994124
9450	-14051.32	-14518.65	467.3263	87.95547	6.906904
9460	-14049.79	-14531.49	481.692	82.8862	6.72492
9470	-14054.85	-14538.87	484.0157	89.78555	6.71814
9480	-14036.4	-14515.51	479.107	98.82702	6.735845
9490	-14003.31	-14500.74	497.4261	92.58776	6.569386
9500	-14042.96	-14513	470.042	91.05347	6.870602
9510	-14052.04	-14505.74	453.6987	86.84224	7.064139
9520	-14044.37	-14516.41	472.0419	87.94466	6.853292
9530	-14058.29	-14523.93	465.642	83.54051	6.921066
9540	-14076.25	-14509.88	433.6263	82.66436	7.30489
9550	-14074.71	-14557.32	482.6056	94.56222	6.722895
9560	-14075.55	-14524.82	449.2673	85.4692	7.117262
9570	-14092.6	-14533.38	440.7817	82.7164	7.218374
9580	-14045.1	-14512.65	467.5503	86.11526	6.904187
9590	-14082.07	-14534.07	451.9971	81.94743	7.080574
9600	-14094.6	-14534.96	440.3619	87.14561	7.216662
9610	-14096.42	-14543.59	447.1674	88.17971	7.135317
9620	-14114.74	-14567.98	453.2375	84.58467	7.070712
9630	-14066.72	-14528.64	461.9208	83.89073	6.966564
9640	-14064.59	-14528.5	463.9045	84.44421	6.944303
9650	-14045.72	-14499.32	453.5996	86.61927	7.065611
9660	-14064.57	-14541.48	476.9109	91.88655	6.793098
9670	-14048.71	-14532.52	483.811	90.51013	6.719988
9680	-14056.49	-14533.3	476.8068	89.82579	6.798382
9690	-14043.47	-14531.21	487.7368	86.92955	6.672439
9700	-14068.71	-14548.63	479.9198	88.47973	6.764038
9710	-14023	-14529.43	506.4295	92.46121	6.472119
9720	-14058.39	-14537.97	479.5778	84.76008	6.760032
9730	-14017.14	-14518.15	501.0129	95.11153	6.527075
9740	-14037.68	-14520.83	483.1512	90.56556	6.727223
9750	-14042.12	-14518.75	476.6356	85.19044	6.796208
9760	-14054.7	-14520.64	465.9416	89.40979	6.920329
9770	-14008.95	-14507.4	498.455	87.57214	6.551676
9780	-14039.26	-14513.68	474.4174	88.39969	6.826251
9790	-14036.02	-14512.68	476.6637	88.8286	6.800765
9800	-14061.55	-14519.84	458.2903	81.82096	7.003229
9810	-14076.48	-14526.65	450.1794	79.77392	7.093142
9820	-14092.32	-14535.51	443.1859	82.36876	7.188845
9830	-14064.75	-14515.08	450.3281	83.87457	7.104737
9840	-14046.95	-14499.39	452.4436	81.62409	7.073963
9850	-14053.13	-14509.64	456.5112	81.12716	7.021786
9860	-14025.92	-14516.08	490.1578	87.80972	6.646998
9870	-14063.56	-14535.73	472.1639	84.02984	6.845006
9880	-14053.54	-14525.91	472.3773	93.74321	6.835049
9890	-14091.31	-14537.24	445.9259	77.22796	7.128677
9900	-14093.02	-14556.99	463.9666	81.74345	6.933442
9910	-14046.21	-14518.54	472.3221	88.39353	6.849957
9920	-14030.55	-14499.62	469.0679	80.36494	6.861326
9930	-14042	-14503.33	461.3239	97.29562	6.92843
9940	-14084.46	-14530.77	446.3099	83.65463	7.152547
9950	-14081.52	-14516.34	434.8165	85.82679	7.285259
9960	-14087.18	-14536.56	449.3884	79.34732	7.100492
9970	-14078.02	-14530.1	452.0774	86.38598	7.083529
9980	-14037.38	-14523.79	486.4116	96.15347	6.676173
9990	-14031.89	-14503.49	471.6032	89.37291	6.857061
10000	-14036.12	-14518.4	482.2766	89.09043	6.737637
