Iteration	Posterior	Likelihood	Prior	br_len_lambda	tree_length
0	-14509.43	-14923.75	414.3218	81.23746	7.541668
10	-14429.85	-14856.8	426.9522	83.28188	7.384699
20	-14380.59	-14796.1	415.5098	74.99109	7.510262
30	-14354.58	-14771.25	416.6676	79.65026	7.513145
40	-14300.78	-14726.77	425.994	80.3584	7.397297
50	-14264.21	-14686.58	422.37	81.27639	7.442585
60	-14220.1	-14672.65	452.5481	81.27639	7.071283
70	-14234.21	-14658.95	424.7311	87.10212	7.396272
80	-14174.87	-14638.54	463.6691	87.10212	6.949234
90	-14176.24	-14619.1	442.8547	81.862	7.191966
100	-14176.66	-14618.47	441.8123	84.98472	7.205292
110	-14214.26	-14638.65	424.3844	87.93067	7.395284
120	-14192.19	-14631.13	438.9438	88.75241	7.225791
130	-14177.64	-14610.66	433.013	83.81689	7.311266
140	-14168.32	-14617.57	449.246	86.95792	7.115158
150	-14172.11	-14625.39	453.2785	83.12243	7.06826
160	-14163.75	-14625.1	461.3437	87.71298	6.975275
170	-14166.24	-14612.75	446.5048	83.07553	7.149695
180	-14208.38	-14638.82	430.4428	83.07553	7.343036
190	-14193.02	-14623.43	430.4133	87.29565	7.330077
200	-14204.28	-14623.18	418.8945	77.36462	7.479278
210	-14134.49	-14583.63	449.1396	83.35982	7.118389
220	-14138.35	-14601.78	463.4217	84.81382	6.950737
230	-14182.04	-14608.5	426.4575	82.34851	7.391955
240	-14167.99	-14614.74	446.7556	81.91622	7.144456
250	-14185.28	-14638.74	453.4651	81.56638	7.061218
260	-14148.72	-14598.25	449.528	84.04946	7.114398
270	-14128.62	-14567.08	438.4554	83.93899	7.246238
280	-14141.38	-14597.52	456.1416	79.96402	7.019667
290	-14158.8	-14629.58	470.779	89.4196	6.866209
300	-14097.13	-14564.76	467.6276	80.54176	6.880598
310	-14115.23	-14565.29	450.0562	76.33563	7.065998
320	-14127.9	-14565.57	437.6628	81.74018	7.255221
330	-14141.12	-14574.05	432.9239	81.15152	7.312566
340	-14144.12	-14573.66	429.546	81.15152	7.35419
350	-14103.93	-14564.84	460.9074	91.93924	6.967015
360	-14128.7	-14582.29	453.5936	91.01002	7.051463
370	-14113.53	-14566.22	452.6958	83.83059	7.076453
380	-14137.24	-14596.55	459.3097	89.1119	6.995371
390	-14125.77	-14576.44	450.6708	91.17562	7.082692
400	-14147.66	-14576.27	428.6052	81.11564	7.365756
410	-14114.4	-14570.45	456.0502	85.6279	7.037897
420	-14124.64	-14577.2	452.555	80.53295	7.067693
430	-14118.39	-14597.09	478.6983	93.05902	6.770122
440	-14171.28	-14624.13	452.8535	84.35566	7.075109
450	-14167.56	-14589.81	422.2532	80.30357	7.443806
460	-14073.49	-14576.11	502.6206	96.61983	6.506221
470	-14132.51	-14576.83	444.3225	81.1711	7.172167
480	-14127.38	-14568.28	440.9016	81.55439	7.215221
490	-14108.83	-14570.73	461.8923	82.76782	6.963354
500	-14149.3	-14595.07	445.7692	80.14463	7.150243
510	-14147.99	-14595.36	447.3707	87.5191	7.135176
520	-14128.71	-14562.32	433.6116	89.12693	7.28366
530	-14128.63	-14587.39	458.7584	93.0376	6.984516
540	-14118.48	-14588.74	470.2598	83.74676	6.866614
550	-14135.84	-14561.81	425.9612	83.35382	7.396454
560	-14106.35	-14578.28	471.9257	91.39316	6.848932
570	-14114.11	-14573.95	459.8372	82.43473	6.986949
580	-14086.22	-14556.03	469.812	86.80029	6.878567
590	-14088.78	-14559.73	470.958	89.89274	6.863365
600	-14082.12	-14546.71	464.5873	84.46426	6.936263
610	-14131.43	-14578.2	446.7733	85.84046	7.145924
620	-14166.53	-14603.58	437.0565	83.12073	7.263418
630	-14108.56	-14570.42	461.8624	90.14832	6.963731
640	-14097.18	-14567.96	470.7788	90.37281	6.864309
650	-14121.48	-14555.25	433.7724	78.19666	7.291986
660	-14113.14	-14563.57	450.4267	85.10528	7.103893
670	-14118.71	-14574.19	455.4857	82.3479	7.039448
680	-14116.89	-14568.74	451.8465	82.91309	7.085056
690	-14092.26	-14559.28	467.0224	84.37454	6.907194
700	-14092.87	-14544.2	451.3294	91.2865	7.074871
710	-14144.32	-14587.89	443.5697	78.03801	7.165563
720	-14114.61	-14576.99	462.3714	89.81708	6.959113
730	-14129.13	-14571.15	442.0138	84.20343	7.203716
740	-14124.11	-14586.41	462.2908	83.87251	6.962106
750	-14089.69	-14556.92	467.228	88.09549	6.907901
760	-14146.89	-14571.71	424.8225	82.2115	7.411957
770	-14140.22	-14589.2	448.9793	91.14508	7.101414
780	-14118.66	-14586.81	468.1534	91.6754	6.889198
790	-14091.3	-14572.72	481.4179	87.60838	6.746275
800	-14130.86	-14585.13	454.2682	88.05398	7.055119
810	-14125.33	-14568.67	443.3338	83.59002	7.188112
820	-14136.64	-14587.67	451.0229	84.66866	7.096913
830	-14149.73	-14574.5	424.7668	80.02334	7.412123
840	-14092.41	-14558.48	466.0704	85.4593	6.920649
850	-14133.64	-14591.49	457.8433	87.86839	7.014891
860	-14145.86	-14587.29	441.4329	81.65229	7.208918
870	-14126.12	-14570.88	444.762	82.20724	7.16941
880	-14131.06	-14579.1	448.0374	81.09534	7.126117
890	-14185.04	-14595.46	410.422	80.80533	7.590473
900	-14138.9	-14580.45	441.5508	81.35585	7.206792
910	-14144.15	-14588.04	443.8926	84.99081	7.180807
920	-14138.55	-14572.74	434.1881	82.49769	7.298099
930	-14114.7	-14570.12	455.4198	86.63647	7.044577
940	-14145.26	-14599.03	453.7695	89.83323	7.054818
950	-14160.14	-14596.28	436.1449	83.56037	7.274138
960	-14114.71	-14573.62	458.9139	81.17657	6.992435
970	-14124.53	-14577.78	453.2567	96.65685	7.016818
980	-14094.19	-14549.18	454.9873	80.47994	7.037193
990	-14122.8	-14582.47	459.6771	81.65866	6.985511
1000	-14100.38	-14561.51	461.1238	91.97224	6.964507
1010	-14134.59	-14584.54	449.9469	87.45484	7.10591
1020	-14132.73	-14595.66	462.9336	88.11029	6.956626
1030	-14159.99	-14617.15	457.1593	87.36647	7.023583
1040	-14135.23	-14573.27	438.0351	79.78754	7.245429
1050	-14092.97	-14552.2	459.2303	90.4175	6.991925
1060	-14127.17	-14562.82	435.6493	88.13552	7.26616
1070	-14117.89	-14580.55	462.6672	82.95677	6.954713
1080	-14152.28	-14586.43	434.153	78.66515	7.289532
1090	-14170.29	-14616.11	445.8229	85.39561	7.157658
1100	-14115.12	-14582.82	467.6962	83.60363	6.896711
1110	-14099.98	-14568.54	468.5624	86.13985	6.892462
1120	-14161.77	-14586.79	425.0266	79.54503	7.407977
1130	-14114.14	-14584.57	470.4315	89.60129	6.869781
1140	-14096.14	-14559.31	463.1688	89.65824	6.950682
1150	-14138.57	-14567.42	428.8578	81.7235	7.362939
1160	-14177.79	-14593.22	415.4297	74.15699	7.504703
1170	-14108.09	-14564.48	456.3872	84.2428	7.033072
1180	-14157.32	-14569.99	412.6628	81.16027	7.562221
1190	-14162.99	-14567.47	404.4821	75.24981	7.658632
1200	-14144.98	-14602.81	457.8324	78.0645	6.98305
1210	-14083.8	-14547.25	463.4486	83.13774	6.945964
1220	-14136.11	-14593.2	457.0895	84.28892	7.024801
1230	-14112.9	-14563.31	450.4073	78.84224	7.084201
1240	-14160.32	-14607.79	447.4653	83.52703	7.138633
1250	-14138.95	-14566.55	427.6059	83.03258	7.377249
1260	-14127.02	-14563.63	436.6123	83.56665	7.26854
1270	-14167.4	-14602.59	435.1995	82.38458	7.285809
1280	-14123.47	-14572.72	449.2511	80.23836	7.10728
1290	-14088.91	-14558	469.0935	90.38976	6.882913
1300	-14119.44	-14560.32	440.8753	85.63963	7.21509
1310	-14143.98	-14578.54	434.5544	83.10668	7.293528
1320	-14136.81	-14570.76	433.941	84.52962	7.298961
1330	-14106.56	-14575.41	468.8535	85.79632	6.888636
1340	-14108.95	-14568.56	459.6113	81.13619	6.983622
1350	-14118.02	-14560.77	442.7521	81.39328	7.192124
1360	-14149.88	-14568.13	418.246	84.99725	7.482534
1370	-14105.97	-14549.27	443.3002	91.60947	7.160734
1380	-14092.05	-14543.12	451.0686	85.5885	7.096104
1390	-14089.73	-14539.09	449.3661	85.15056	7.116331
1400	-14106.9	-14553.6	446.702	86.17236	7.146178
1410	-14100.01	-14543.11	443.0984	82.3311	7.189849
1420	-14169.75	-14588.86	419.1088	82.8204	7.480134
1430	-14186.92	-14603.88	416.9633	83.64904	7.503374
1440	-14099.6	-14555.15	455.5533	84.3614	7.043111
1450	-14088.08	-14536.52	448.4357	82.60898	7.125629
1460	-14108.23	-14562.21	453.9765	85.28764	7.062189
1470	-14064.31	-14525.07	460.762	84.2815	6.981216
1480	-14123.05	-14557.77	434.7229	85.74936	7.286594
1490	-14091.42	-14528.91	437.4885	83.91618	7.257779
1500	-14135.06	-14553.22	418.1577	76.58059	7.485188
1510	-14118.48	-14534.09	415.6087	77.46946	7.522121
1520	-14081.64	-14521.78	440.148	88.55729	7.213172
1530	-14100.5	-14531.86	431.3624	86.99996	7.32062
1540	-14089.42	-14538.89	449.4688	86.81232	7.112911
1550	-14094.46	-14545.88	451.419	87.88274	7.087965
1560	-14125.21	-14582.06	456.8502	86.0459	7.028471
1570	-14070.8	-14506.83	436.0321	79.78111	7.270511
1580	-14059.92	-14517.96	458.037	88.14208	7.012131
1590	-14069.12	-14535.13	466.0147	88.84188	6.920625
1600	-14108.03	-14563.06	455.0313	88.1612	7.046184
1610	-14113.5	-14570.29	456.7912	86.13182	7.029118
1620	-14114.18	-14549.46	435.2762	80.19715	7.281326
1630	-14101.6	-14533.19	431.5881	82.8571	7.329431
1640	-14094.66	-14550	455.3411	90.09189	7.0363
1650	-14051.52	-14511.2	459.6763	85.75961	6.995593
1660	-14064.13	-14508.53	444.3965	83.72693	7.175438
1670	-14074.71	-14531.5	456.7945	81.24722	7.018895
1680	-14086.39	-14542.24	455.8426	85.86784	7.040261
1690	-14126.9	-14569.46	442.5583	80.77784	7.192682
1700	-14105.22	-14549.37	444.1545	79.02596	7.164622
1710	-14034.26	-14491.67	457.4094	93.3254	6.9973
1720	-14085.35	-14525.31	439.962	80.98236	7.2254
1730	-14089	-14545.61	456.6116	82.36967	7.025853
1740	-14090.52	-14532.61	442.0912	82.31984	7.202066
1750	-14085.02	-14527.1	442.0803	82.72354	7.202681
1760	-14044.56	-14508.4	463.8399	91.00811	6.938886
1770	-14080.11	-14525.87	445.7601	92.17532	7.130213
1780	-14090.71	-14523.02	432.3073	83.59622	7.320016
1790	-14070.47	-14515.51	445.044	87.11707	7.16302
1800	-14076.41	-14528.43	452.0243	83.91136	7.084555
1810	-14034.1	-14512.59	478.4937	89.26976	6.78002
1820	-14065.43	-14513.69	448.2599	82.53773	7.127612
1830	-14051.96	-14519.47	467.5112	84.95144	6.902827
1840	-14062.53	-14517.47	454.945	84.91659	7.050734
1850	-14080.18	-14538.62	458.4441	85.60919	7.009936
1860	-14080.38	-14530.4	450.0155	87.83159	7.104086
1870	-14087.18	-14522.25	435.07	86.10529	7.281393
1880	-14125.57	-14573.55	447.9866	85.28189	7.132426
1890	-14082.87	-14522.69	439.8183	86.5863	7.224818
1900	-14069.44	-14513.89	444.4481	82.70977	7.174039
1910	-14061.16	-14526.75	465.5924	97.58144	6.882414
1920	-14086.36	-14533.65	447.2893	82.65509	7.139591
1930	-14087.03	-14517.01	429.9811	85.86529	7.341449
1940	-14101.85	-14527.97	426.1183	81.20124	7.396446
1950	-14052.69	-14501.24	448.5458	88.19073	7.119647
1960	-14038.13	-14495.95	457.8197	79.40301	6.994658
1970	-14071.53	-14541.72	470.1958	85.985	6.873284
1980	-14122.1	-14543.38	421.2764	82.15022	7.455182
1990	-14055.86	-14500.47	444.6067	89.28474	7.159551
2000	-14069.53	-14528.75	459.2254	91.016	6.989556
2010	-14076.3	-14528.2	451.8959	90.00179	7.074942
2020	-14058.1	-14531.72	473.6279	83.72019	6.826281
2030	-14111.61	-14538.26	426.6514	82.84187	7.389033
2040	-14105.48	-14531.65	426.1709	83.14511	7.394336
2050	-14083.32	-14538.98	455.6546	85.02669	7.042433
2060	-14103.68	-14534.29	430.611	81.79726	7.341513
2070	-14076.89	-14514.1	437.2044	81.3944	7.260286
2080	-14061.59	-14515.13	453.5432	85.30908	7.067267
2090	-14070.16	-14526.22	456.0554	82.65666	7.03354
2100	-14096.31	-14527.42	431.1058	78.21754	7.326191
2110	-14072.79	-14514.28	441.4984	84.27147	7.209787
2120	-14095.84	-14535.62	439.7822	78.92712	7.219426
2130	-14079.44	-14511.68	432.2378	84.48872	7.319204
2140	-14057.03	-14497.88	440.8525	88.07433	7.207389
2150	-14031.28	-14493.7	462.4216	86.44134	6.963784
2160	-14107.79	-14530.8	423.0069	78.88269	7.431847
2170	-14080.01	-14539.16	459.1539	83.13539	6.997614
2180	-14080.3	-14537.73	457.4352	80.01125	7.003806
2190	-14082.29	-14542.4	460.108	87.79699	6.989234
2200	-14117.79	-14577.69	459.9034	84.74984	6.992137
2210	-14072.28	-14513.3	441.0181	78.90202	7.203627
2220	-14092.63	-14519.03	426.4045	88.9731	7.365585
2230	-14031.05	-14487.83	456.7825	83.58952	7.027222
2240	-14062.04	-14509	446.9664	89.31118	7.133003
2250	-14056.5	-14509.99	453.4951	82.97519	7.065321
2260	-14063.78	-14504.25	440.4698	86.30674	7.218126
2270	-14057.39	-14511.9	454.5089	92.79027	7.031705
2280	-14019.13	-14501.75	482.6248	89.63931	6.733686
2290	-14078.79	-14533.51	454.7205	89.08147	7.046972
2300	-14078.78	-14526.1	447.3156	78.77712	7.122976
2310	-14079.1	-14540.62	461.5166	83.98459	6.971609
2320	-14077.41	-14523.95	446.5312	84.82668	7.149877
2330	-14096.82	-14545.11	448.2889	85.20473	7.128942
2340	-14079.01	-14529.49	450.4803	86.93922	7.101002
2350	-14072.6	-14511.88	439.277	82.73722	7.236576
2360	-14091.23	-14516.83	425.6058	80.10493	7.401769
2370	-14084.63	-14547.72	463.0954	87.44667	6.95557
2380	-14101.96	-14530.98	429.0261	82.89229	7.360313
2390	-14114.51	-14534.51	419.9999	77.80538	7.466766
2400	-14074.22	-14512.22	438.0067	81.30247	7.25025
2410	-14088.58	-14526.7	438.1205	79.06085	7.241149
2420	-14104.72	-14534.44	429.7215	80.92065	7.351781
2430	-14125.38	-14559.68	434.3047	90.17039	7.269276
2440	-14075.92	-14545.51	469.5957	85.70374	6.879836
2450	-14056.67	-14510.95	454.2728	91.26642	7.04273
2460	-14093.79	-14527.51	433.7243	81.57243	7.303247
2470	-14107.15	-14539.99	432.8391	75.92341	7.288071
2480	-14062.66	-14532.86	470.2059	82.19336	6.859821
2490	-14118.5	-14516.12	397.6202	74.88283	7.748368
2500	-14084.12	-14513.83	429.7011	82.63223	7.352399
2510	-14060.92	-14528.25	467.3266	83.27948	6.899897
2520	-14074.87	-14524.87	450.0005	86.5472	7.107293
2530	-14101.57	-14546.88	445.3119	80.17334	7.156081
2540	-14114.76	-14565.37	450.6063	86.8291	7.099775
2550	-14030.84	-14483.72	452.8787	85.35631	7.075045
2560	-14062.13	-14513.47	451.3407	82.83913	7.090998
2570	-14029.74	-14490.24	460.497	90.30066	6.978339
2580	-14069.73	-14531.31	461.5799	86.23307	6.973531
2590	-14063.12	-14513.62	450.5012	89.65503	7.091984
2600	-14026.56	-14493.82	467.2607	86.07381	6.907511
2610	-14078.36	-14514.01	435.6551	82.17207	7.280168
2620	-14045.46	-14503.75	458.2888	81.32723	7.000909
2630	-14095.68	-14522.48	426.8084	76.89146	7.374224
2640	-14065.06	-14489.26	424.2029	82.2287	7.419475
2650	-14097.66	-14545.13	447.4691	82.52504	7.137168
2660	-14025.29	-14480.24	454.9501	86.67623	7.04995
2670	-14055.14	-14520.83	465.6883	87.94579	6.925536
2680	-14075.1	-14531.37	456.2704	84.76717	7.035018
2690	-14087.73	-14539.32	451.5956	86.72999	7.088558
2700	-14103.08	-14534.9	431.8271	78.35915	7.317673
2710	-14066.87	-14500.92	434.0414	88.65897	7.281559
2720	-14067.27	-14512.96	445.6876	83.77828	7.160036
2730	-14090.56	-14537.02	446.4576	88.09949	7.143657
2740	-14074.53	-14552.06	477.528	86.09382	6.788272
2750	-14055.27	-14524.75	469.4809	88.51325	6.881986
2760	-14032.43	-14501.59	469.1519	82.66056	6.875114
2770	-14046.35	-14524.51	478.1514	86.80757	6.782504
2780	-14075.05	-14515.32	440.2629	81.12227	7.222055
2790	-14097.8	-14517.62	419.815	84.73949	7.465202
2800	-14084.73	-14518.28	433.5477	83.25348	7.305529
2810	-14052.37	-14529.05	476.6785	89.43596	6.800219
2820	-14082.52	-14538.8	456.2851	83.50713	7.032999
2830	-14069.77	-14529.41	459.6379	88.11676	6.994017
2840	-14065.89	-14525.59	459.6976	85.35359	6.995155
2850	-14050.32	-14509.33	459.0049	89.69703	6.996996
2860	-14043.22	-14497.21	453.9961	89.14208	7.054894
2870	-14078.95	-14518.52	439.5689	90.98281	7.205744
2880	-14057.96	-14518.54	460.5717	84.71693	6.984205
2890	-14104.22	-14536.06	431.8356	87.78149	7.311335
2900	-14059.56	-14504.91	445.3455	86.76323	7.160536
2910	-14091.51	-14520.01	428.5024	80.92586	7.366851
2920	-14060.56	-14512.38	451.8163	83.93283	7.087057
2930	-14049.77	-14518.83	469.0565	86.18548	6.886777
2940	-14071.17	-14511.93	440.7533	80.53754	7.214253
2950	-14084.51	-14540.41	455.8977	85.75018	7.039655
2960	-14082.58	-14521.53	438.9519	84.73126	7.239382
2970	-14089.64	-14540.61	450.9732	79.85927	7.083696
2980	-14090.15	-14549.03	458.8865	83.53964	7.001929
2990	-14013.21	-14496.69	483.482	84.11535	6.710775
3000	-14027.03	-14502.64	475.6091	85.09534	6.807965
3010	-14041.24	-14493.22	451.9806	82.53093	7.082515
3020	-14044.99	-14494.43	449.44	81.68913	7.110975
3030	-14035.94	-14487.49	451.5595	82.16328	7.086592
3040	-14116.23	-14558.69	442.4609	79.44993	7.188325
3050	-14082.72	-14531.97	449.2498	83.46721	7.117201
3060	-14084.15	-14521.22	437.0691	88.14443	7.250008
3070	-14048.44	-14500.73	452.292	82.71125	7.079207
3080	-14044.52	-14516.15	471.6309	87.18827	6.857871
3090	-14044.26	-14500.83	456.566	84.26186	7.030975
3100	-14055.79	-14516.47	460.6728	86.21358	6.984051
3110	-14085.16	-14530.35	445.1845	89.02018	7.154298
3120	-14043.65	-14500.98	457.332	86.66072	7.022483
3130	-14085.57	-14525.56	439.9893	86.92182	7.221733
3140	-14086.2	-14561.68	475.4855	81.34509	6.789596
3150	-14093.17	-14545.52	452.3535	85.25589	7.081227
3160	-14068.88	-14510.78	441.8986	80.66073	7.20046
3170	-14075.98	-14510.83	434.8529	82.74459	7.290047
3180	-14096.74	-14533.83	437.0913	84.03228	7.262386
3190	-14078.99	-14509.65	430.6581	84.96953	7.336587
3200	-14047.6	-14510.71	463.1114	85.16542	6.954927
3210	-14063.07	-14490.41	427.3431	73.7945	7.340006
3220	-14060.88	-14513.02	452.1394	85.06047	7.083773
3230	-14058.09	-14506.55	448.4619	81.08326	7.120836
3240	-14038.49	-14508.63	470.1349	92.6411	6.863927
3250	-14091.63	-14539.34	447.7075	84.26945	7.136107
3260	-14081.9	-14526.9	444.9987	88.71096	7.157747
3270	-14074.68	-14508.33	433.6519	83.05215	7.304423
3280	-14059.96	-14524.84	464.8831	83.54526	6.930166
3290	-14063.23	-14518.27	455.0396	86.1206	7.049461
3300	-14087.73	-14522.47	434.7413	84.81036	7.288901
3310	-14074.3	-14515.03	440.7299	86.65554	7.214075
3320	-14049.07	-14503.47	454.4023	81.73047	7.050394
3330	-14037.1	-14483.82	446.7179	86.80849	7.144607
3340	-14081.54	-14519.51	437.9693	77.41565	7.233095
3350	-14049.53	-14504.77	455.237	85.61049	7.047398
3360	-14041.89	-14493.81	451.9141	85.20584	7.086395
3370	-14015.97	-14499.96	483.9856	87.92014	6.717449
3380	-14081.78	-14542.93	461.1421	86.12734	6.978602
3390	-14085.97	-14539.78	453.81	89.25252	7.05659
3400	-14088.32	-14525.19	436.8691	84.23226	7.264775
3410	-14079.13	-14526.81	447.6738	89.12365	7.125897
3420	-14041.56	-14513.67	472.1092	92.59115	6.842809
3430	-14029.96	-14513.02	483.0635	91.46001	6.72695
3440	-14048.86	-14511.22	462.3555	86.02175	6.964481
3450	-14063.46	-14516.71	453.2477	87.89621	7.067122
3460	-14064.49	-14525.19	460.7017	90.01281	6.977064
3470	-14083.25	-14522.71	439.4582	77.02089	7.210775
3480	-14051.55	-14515.66	464.1086	90.42473	6.937949
3490	-14070.28	-14524.37	454.091	80.49996	7.048439
3500	-14077.47	-14526.19	448.726	86.04956	7.122882
3510	-14090.11	-14518.72	428.6042	82.23167	7.365948
3520	-14080.13	-14500.09	419.9646	77.65658	7.466653
3530	-14052.69	-14527.67	474.9792	85.07503	6.815305
3540	-14077.96	-14525.42	447.4588	88.45476	7.131007
3550	-14079.28	-14525.31	446.033	79.5172	7.14374
3560	-14036.78	-14494.57	457.7962	87.78235	7.015592
3570	-14039.04	-14495.88	456.832	80.64721	7.015244
3580	-14079.54	-14527.47	447.9297	90.45695	7.116702
3590	-14112.21	-14552.13	439.9254	87.07402	7.221931
3600	-14058.15	-14527.97	469.815	85.98415	6.877712
3610	-14121.99	-14555.84	433.8526	83.83619	7.301222
3620	-14037.9	-14523.83	485.9245	89.373	6.696819
3630	-14059.92	-14505.36	445.4374	86.43771	7.160275
3640	-14073.36	-14508.16	434.7962	77.31778	7.273415
3650	-14064.08	-14519.08	455.0032	88.13643	7.046566
3660	-14050	-14516.68	466.6752	85.4932	6.913624
3670	-14044	-14508.84	464.8385	88.65547	6.934199
3680	-14075.81	-14516.14	440.3292	76.34248	7.193486
3690	-14075.67	-14518.61	442.9371	79.63284	7.183249
3700	-14095.07	-14550.02	454.9548	81.52663	7.042785
3710	-14084.55	-14532.03	447.479	79.69999	7.126588
3720	-14100.29	-14542.55	442.2601	81.31811	7.197975
3730	-14095.09	-14536.44	441.3505	84.795	7.210993
3740	-14046.03	-14516.33	470.3015	83.97859	6.866985
3750	-14061.61	-14509.51	447.8928	78.61478	7.114514
3760	-14045.8	-14485.42	439.6217	83.64704	7.2325
3770	-14018.57	-14481.62	463.0462	87.43949	6.956139
3780	-14016.68	-14481.67	464.9947	86.96001	6.93405
3790	-14042.48	-14481.44	438.9648	80.64148	7.236774
3800	-14105.08	-14519.85	414.7757	79.73712	7.53693
3810	-14052.73	-14499.69	446.9567	86.56717	7.142419
3820	-14057.25	-14510.06	452.8074	80.451	7.064125
3830	-14040.58	-14524.91	484.3362	89.94961	6.714522
3840	-14099.94	-14520.45	420.5083	78.94621	7.463668
3850	-14057.26	-14492.85	435.586	84.45396	7.279638
3860	-14055	-14521.13	466.1274	90.71433	6.914726
3870	-14070.13	-14517.07	446.9412	88.67456	7.135997
3880	-14068.76	-14510.42	441.6609	90.24011	7.187288
3890	-14053.41	-14528.18	474.7695	89.53042	6.821455
3900	-14055.1	-14510.83	455.7317	83.57631	7.039767
3910	-14103.45	-14526.93	423.4801	79.02735	7.426241
3920	-14055.95	-14512.85	456.8919	89.43327	7.021466
3930	-14051.03	-14505.87	454.8413	82.5081	7.047783
3940	-14097.3	-14524.57	427.2673	78.16045	7.375016
3950	-14077.22	-14505.26	428.0413	91.09472	7.331544
3960	-14046.04	-14489.9	443.8639	85.55204	7.180345
3970	-14046.3	-14499.23	452.9351	83.54709	7.073181
3980	-14047.53	-14511.76	464.2314	85.87486	6.942573
3990	-14116.69	-14535.02	418.3261	78.57764	7.490522
4000	-14056.11	-14508.05	451.9387	84.16981	7.085821
4010	-14077.93	-14513.13	435.1943	83.72915	7.285343
4020	-14057.81	-14503.82	446.0071	91.31677	7.132992
4030	-14065.14	-14503.22	438.0791	80.5694	7.247551
4040	-14078.62	-14519.11	440.485	81.19827	7.219512
4050	-14035.08	-14487.48	452.3999	90.57537	7.066723
4060	-14083.39	-14546.72	463.323	79.6373	6.927287
4070	-14050.57	-14502.53	451.9591	82.10856	7.081558
4080	-14054.04	-14491.49	437.4449	83.74788	7.258448
4090	-14058.34	-14498.32	439.9789	79.17409	7.218224
4100	-14091.01	-14529.94	438.9294	87.51104	7.23166
4110	-14060.93	-14522.23	461.3013	88.12983	6.975118
4120	-14054.08	-14489.36	435.2855	80.16318	7.281109
4130	-14084.04	-14526.77	442.7304	82.96333	7.195045
4140	-14102.91	-14557.16	454.2432	82.73559	7.055684
4150	-14050.24	-14507.63	457.3924	79.93963	7.003861
4160	-14070.68	-14507.15	436.4722	81.14378	7.268826
4170	-14055.94	-14488.83	432.8915	87.16263	7.302308
4180	-14055.73	-14502.63	446.9029	79.49259	7.132661
4190	-14100.25	-14519.44	419.1931	77.60189	7.476377
4200	-14061.06	-14526.29	465.227	84.58326	6.928964
4210	-14099.68	-14536.25	436.5608	81.09765	7.267641
4220	-14072.39	-14496.46	424.0644	74.724	7.393782
4230	-14073.58	-14503.43	429.8509	86.00636	7.342407
4240	-14074.44	-14520.64	446.1964	84.50678	7.153986
4250	-14052.93	-14506.11	453.1863	82.36163	7.067413
4260	-14060.8	-14523.1	462.3006	86.82416	6.965096
4270	-14063.79	-14541.4	477.608	88.48878	6.790167
4280	-14099.32	-14533.79	434.476	84.72886	7.292213
4290	-14122.62	-14547.78	425.1587	76.72913	7.3947
4300	-14062.74	-14525.68	462.9435	85.47338	6.957252
4310	-14075.32	-14518.9	443.5817	82.7782	7.184594
4320	-14098.14	-14524.76	426.6172	88.41779	7.366863
4330	-14079.92	-14529.31	449.3962	82.25396	7.11316
4340	-14064.98	-14505.15	440.164	85.27647	7.224162
4350	-14053.17	-14516.1	462.9359	85.1357	6.956949
4360	-14083.6	-14520.54	436.9389	76.69758	7.240911
4370	-14058.36	-14506.02	447.6608	80.21936	7.127007
4380	-14084.66	-14518.54	433.8751	81.27063	7.301023
4390	-14057.68	-14506.22	448.5446	76.27847	7.08518
4400	-14072.88	-14520.72	447.8344	89.31357	7.123274
4410	-14091.63	-14531.86	440.2263	74.61261	7.176132
4420	-14072.3	-14512.07	439.7694	82.03055	7.22991
4430	-14082.62	-14521.49	438.8721	84.40537	7.24079
4440	-14013.08	-14478.89	465.8087	89.01188	6.922634
4450	-14031.05	-14509.77	478.7198	92.02099	6.773058
4460	-14067.05	-14518.75	451.7038	85.08467	7.088891
4470	-14027.49	-14489.67	462.1732	83.91384	6.963614
4480	-14040.02	-14511.71	471.6966	87.79561	6.857241
4490	-14087.78	-14534.17	446.3885	87.74404	7.145674
4500	-14073.14	-14532.88	459.7382	86.09186	6.994906
4510	-14042.54	-14506.43	463.8889	89.15378	6.943891
4520	-14049.85	-14518.97	469.1208	82.22434	6.873195
4530	-13998.64	-14479.35	480.7133	85.73527	6.750214
4540	-14025.45	-14478.88	453.4315	82.47908	7.064786
4550	-14048.67	-14496.56	447.891	82.01955	7.130873
4560	-14042.41	-14492.43	450.0249	85.13024	7.108603
4570	-14067.85	-14509.89	442.0405	84.51303	7.203158
4580	-14076.38	-14529.61	453.2234	82.78554	7.068137
4590	-14026.42	-14522.09	495.674	84.81902	6.570497
4600	-14055.57	-14524.82	469.2418	87.05957	6.885244
4610	-14019.13	-14496.88	477.7533	86.45488	6.786445
4620	-14074.88	-14521.2	446.3207	82.36852	7.150786
4630	-14037.06	-14501.29	464.2323	87.8927	6.942154
4640	-14030.25	-14491.37	461.1113	82.91252	6.973313
4650	-14088.32	-14528.48	440.1594	77.46134	7.205152
4660	-14122.12	-14546.93	424.8037	80.4984	7.412256
4670	-14062.79	-14530.66	467.8784	91.91891	6.891273
4680	-14052.21	-14516.89	464.6809	88.13197	6.936768
4690	-14067.57	-14520.63	453.0612	81.91455	7.067474
4700	-14058.56	-14510.41	451.8536	93.4017	7.056319
4710	-14092.58	-14526.97	434.389	83.11226	7.295515
4720	-14109.59	-14545.51	435.9168	79.11967	7.269287
4730	-14032.75	-14491.92	459.1662	83.80407	6.99921
4740	-14046.75	-14504.53	457.7784	79.61735	6.996765
4750	-14039.8	-14500.83	461.033	92.32844	6.963764
4760	-14079.58	-14535.44	455.8667	84.5787	7.039624
4770	-14082.93	-14531.79	448.8595	80.9436	7.115372
4780	-14027.46	-14490.9	463.4411	82.14824	6.941909
4790	-14053.67	-14509.39	455.715	88.39865	7.037819
4800	-14056.12	-14510.14	454.0132	90.03477	7.05128
4810	-14015.22	-14466.63	451.4059	85.18742	7.092365
4820	-14060.58	-14510.45	449.874	84.55786	7.110474
4830	-14065.89	-14509.1	443.2034	83.3307	7.189588
4840	-14056.04	-14500.27	444.2285	85.8976	7.175458
4850	-14047.71	-14511.96	464.2557	88.35242	6.941275
4860	-14065.91	-14512.85	446.9342	80.20382	7.135991
4870	-14030.49	-14504.27	473.7842	83.13735	6.821643
4880	-14054.02	-14524.35	470.326	85.73811	6.871374
4890	-14057.98	-14516.36	458.3779	85.62494	7.010713
4900	-14057.2	-14507.93	450.7212	83.00144	7.098802
4910	-14031.07	-14492.97	461.9063	84.89066	6.968719
4920	-14035.08	-14488.18	453.1018	94.92902	7.032188
4930	-14085.79	-14529.53	443.7413	83.74072	7.183264
4940	-14075.81	-14532.96	457.1447	90.47564	7.014753
4950	-14053.02	-14509.95	456.9337	84.58516	7.027015
4960	-14068.37	-14510.18	441.8095	85.49369	7.204472
4970	-14009.64	-14492.69	483.0445	88.94787	6.728979
4980	-14044.19	-14502.54	458.3572	84.36166	7.009875
4990	-14046.7	-14503.74	457.0395	80.66824	7.012792
5000	-14035.13	-14507.98	472.8517	82.45491	6.82919
5010	-14074.91	-14506.9	431.9879	82.06495	7.324779
5020	-14026.3	-14487.31	461.0107	82.64725	6.973553
5030	-14043	-14487.71	444.7174	83.87622	7.171632
5040	-14050.08	-14502.82	452.7425	82.67479	7.073667
5050	-14100.24	-14529.16	428.9166	83.9307	7.359895
5060	-14065.13	-14522.78	457.6497	82.10571	7.012241
5070	-14090.38	-14537.88	447.4988	86.73047	7.135793
5080	-14052.25	-14517.8	465.5449	81.04096	6.909877
5090	-14081.23	-14539.2	457.9718	82.02117	7.007973
5100	-14105.23	-14543.59	438.3651	83.86531	7.247374
5110	-14052.88	-14507.96	455.0781	88.7904	7.043886
5120	-14070.6	-14524.66	454.0565	82.28627	7.056607
5130	-14071.99	-14518.18	446.1837	84.50113	7.154138
5140	-14084.94	-14541.58	456.6334	83.00036	7.027568
5150	-14061.97	-14514.83	452.8623	82.38812	7.071425
5160	-14055.29	-14504.53	449.2362	86.55851	7.116103
5170	-14021.89	-14476.86	454.9677	84.51968	7.050203
5180	-14061.26	-14506.83	445.5711	85.36021	7.160653
5190	-14072.16	-14534.32	462.1688	88.31745	6.964958
5200	-14004	-14473.82	469.8243	83.5208	6.870922
5210	-14084.86	-14521.65	436.7852	82.34607	7.266539
5220	-14072.01	-14516.39	444.3844	87.60691	7.168997
5230	-14055.69	-14507.26	451.5717	80.72612	7.080852
5240	-14060.54	-14517.46	456.9197	92.38776	7.00799
5250	-14049.69	-14501.72	452.0261	82.24736	7.081167
5260	-14050.84	-14516.64	465.8018	84.56925	6.922136
5270	-14066.87	-14511.23	444.3656	82.71116	7.175039
5280	-14116.35	-14531.43	415.0795	81.66835	7.531639
5290	-14055.29	-14501.79	446.5037	87.29405	7.145761
5300	-14052.77	-14513.34	460.567	82.37699	6.977862
5310	-14038.74	-14503.1	464.3625	88.04694	6.940489
5320	-14022.41	-14495.24	472.8297	85.08727	6.840604
5330	-14037.88	-14509.1	471.2179	86.24962	6.861786
5340	-14059.27	-14519.88	460.6141	84.79877	6.983819
5350	-14043.32	-14509.52	466.1965	80.0342	6.894489
5360	-14071.74	-14520.8	449.0624	84.362	7.120052
5370	-14040.69	-14522.94	482.2427	89.77491	6.737892
5380	-14097.18	-14544.41	447.2309	73.92862	7.072518
5390	-14066.4	-14510.08	443.6809	84.1874	7.183923
5400	-14082.6	-14516.34	433.7435	84.6668	7.300999
5410	-14044.96	-14494.81	449.8535	83.39867	7.109878
5420	-14077.76	-14534.42	456.6611	81.31904	7.020885
5430	-13992.75	-14475.49	482.7422	89.60885	6.732385
5440	-14065.72	-14492.09	426.3716	78.85922	7.389115
5450	-14054.66	-14507.55	452.8865	82.87947	7.072434
5460	-14079.27	-14521.64	442.367	90.22296	7.179562
5470	-14100.71	-14550	449.2815	80.49019	7.108139
5480	-14066.23	-14522.09	455.8561	79.86823	7.022612
5490	-14107.89	-14526.38	418.4938	83.08462	7.486844
5500	-14032.88	-14500.68	467.8062	89.48443	6.899324
5510	-14054.28	-14511.05	456.7753	84.78931	7.029081
5520	-14064.24	-14500.11	435.8694	81.37732	7.276661
5530	-14085.64	-14515.06	429.4237	78.09725	7.347122
5540	-14086.61	-14519.3	432.6918	78.99932	7.309561
5550	-14005.97	-14481.81	475.8451	91.34945	6.806157
5560	-14048.18	-14501.87	453.6934	87.81174	7.062259
5570	-14064.44	-14517.64	453.1936	91.7434	7.052007
5580	-14038.27	-14500.98	462.7024	81.40332	6.947071
5590	-14084.76	-14523.49	438.738	79.91569	7.237125
5600	-14052.98	-14502.54	449.563	88.38395	7.107465
5610	-14048.57	-14523.51	474.9493	86.42636	6.818832
5620	-14051.98	-14511.33	459.348	86.98116	6.998965
5630	-14091.03	-14526.15	435.115	83.33268	7.28665
5640	-14106.4	-14517.62	411.2173	82.44288	7.576721
5650	-14058.46	-14515.05	456.5903	84.45808	7.030936
5660	-14042.94	-14510.66	467.7261	90.94216	6.896395
5670	-14054.12	-14509.05	454.9379	90.67872	7.038237
5680	-14075.62	-14525.02	449.4047	88.88255	7.10743
5690	-14064.28	-14515.78	451.5004	84.44091	7.091193
5700	-14070.49	-14512.52	442.0399	86.17754	7.200268
5710	-14045.47	-14493.16	447.6918	91.34991	7.114348
5720	-14056.08	-14527.55	471.4699	85.11215	6.856649
5730	-14002.86	-14480.7	477.8324	85.83067	6.784074
5740	-14046.23	-14520.46	474.2307	97.0595	6.797297
5750	-14053.6	-14537.17	483.5669	87.81935	6.72207
5760	-14049.38	-14496.24	446.8593	84.21779	7.146171
5770	-14059.89	-14522.11	462.2202	80.44487	6.947083
5780	-14075.38	-14519.25	443.8679	80.40702	7.175066
5790	-14065.25	-14489.44	424.1977	75.90118	7.401727
5800	-14082.36	-14514.25	431.8879	77.33715	7.311154
5810	-14101.82	-14526.81	424.9996	84.72857	7.404057
5820	-14049.18	-14522.16	472.9824	93.55816	6.829422
5830	-14086.65	-14533.92	447.2729	88.17652	7.134131
5840	-14053.65	-14486.14	432.4889	84.75234	7.315606
5850	-14038.85	-14492.93	454.0829	85.40392	7.06093
5860	-14066.69	-14517.47	450.7778	86.16113	7.098895
5870	-14092.28	-14538.98	446.6983	82.20921	7.14586
5880	-14072.56	-14534.39	461.8289	85.26129	6.970092
5890	-14053.53	-14514.17	460.6377	86.13223	6.98446
5900	-14050.72	-14500.47	449.7541	83.89619	7.111598
5910	-14061.85	-14495.62	433.765	84.19183	7.301699
5920	-14080.89	-14537.79	456.8975	89.205	7.022149
5930	-14090.09	-14549.24	459.1475	90.36427	6.993044
5940	-14062.03	-14515.62	453.584	84.16001	7.066264
5950	-14040.03	-14509.33	469.296	83.36885	6.876627
5960	-14029.88	-14502.88	473.001	84.31655	6.836129
5970	-14087.42	-14533.23	445.8131	88.24599	7.150424
5980	-14047.39	-14516.43	469.0458	84.62584	6.883933
5990	-14011.38	-14492.69	481.3164	93.92744	6.739019
6000	-14068.16	-14516.12	447.9618	90.67096	7.11521
6010	-14061.65	-14520.35	458.7009	82.75961	7.001885
6020	-14074.34	-14507.17	432.8281	82.92973	7.314424
6030	-14085.61	-14536.74	451.1219	81.85091	7.090939
6040	-14093.55	-14528.94	435.3915	79.73514	7.278377
6050	-14095.08	-14543.18	448.1002	84.43684	7.13146
6060	-14102.85	-14541.88	439.026	89.59162	7.220339
6070	-14108.69	-14537.06	428.3658	83.09045	7.368016
6080	-14068.35	-14516.59	448.2447	82.56394	7.127851
6090	-14064.61	-14509.1	444.4872	84.46999	7.174232
6100	-14018.17	-14481.39	463.2246	91.18635	6.944961
6110	-14082.45	-14531.09	448.641	82.63936	7.123206
6120	-14069.89	-14519.63	449.7314	83.81412	7.1118
6130	-14029.47	-14492.96	463.4971	93.31707	6.932114
6140	-14076.31	-14509.94	433.631	81.99884	7.304723
6150	-14042.71	-14517.37	474.6632	92.12931	6.816796
6160	-14088.76	-14511.3	422.5413	77.96873	7.434758
6170	-14075.32	-14515.64	440.3198	77.85377	7.205943
6180	-14028.36	-14482.62	454.2592	87.37716	7.056757
6190	-14054.03	-14495.97	441.9391	87.52908	7.197201
6200	-14076.32	-14514.36	438.0354	83.08541	7.251642
6210	-14073.91	-14507.22	433.3129	81.99579	7.308601
6220	-14077.07	-14511.35	434.2781	82.02544	7.296849
6230	-14043.48	-14492.45	448.9693	84.41983	7.121165
6240	-14026.25	-14472.28	446.032	90.68487	7.136416
6250	-14069	-14526.38	457.3873	84.10415	7.020981
6260	-14050.03	-14505.77	455.7414	88.24019	7.037932
6270	-14055.48	-14498.23	442.7472	83.74904	7.195135
6280	-14102.7	-14524.07	421.3691	81.20225	7.454933
6290	-14085.97	-14527.33	441.3634	78.97472	7.199658
6300	-14069.71	-14527.92	458.2159	83.45873	7.009759
6310	-14073.21	-14508.13	434.9195	80.88552	7.287474
6320	-14026.21	-14483.43	457.2215	89.74456	7.016711
6330	-14045.28	-14502.05	456.7755	84.12021	7.028281
6340	-14052.57	-14501.17	448.6026	84.30348	7.125493
6350	-14048.43	-14508.85	460.415	84.15598	6.985089
6360	-14061.58	-14509.33	447.7509	83.66599	7.13533
6370	-14078.15	-14521.47	443.3144	83.72072	7.188361
6380	-14079.71	-14522.34	442.6273	81.16918	7.193046
6390	-14056.14	-14519.13	462.9929	87.33848	6.956834
6400	-14098.4	-14521.28	422.8794	77.68643	7.429248
6410	-14022.98	-14482.41	459.4255	80.26285	6.980641
6420	-14084.72	-14538.63	453.9093	81.72316	7.056397
6430	-14086.27	-14517.18	430.9103	82.47897	7.337839
6440	-14098.16	-14515.87	417.7078	81.06553	7.50014
6450	-14072.93	-14514.33	441.4038	88.45779	7.199446
6460	-14078.68	-14528.38	449.6978	87.28551	7.109193
6470	-14081.36	-14529.92	448.5661	85.82948	7.125053
6480	-14076.45	-14518.66	442.2108	80.78412	7.197005
6490	-14043.52	-14506.27	462.7466	86.9151	6.959922
6500	-14071.17	-14513.61	442.4355	85.38359	7.197347
6510	-14036.07	-14495.82	459.745	81.23852	6.982532
6520	-14032.09	-14498.81	466.7177	95.08731	6.887801
6530	-14059.7	-14516.45	456.7495	83.04276	7.026287
6540	-14082.61	-14513.05	430.4428	84.06032	7.341445
6550	-14027.03	-14487.71	460.6823	88.6728	6.981039
6560	-14081.17	-14521.31	440.1393	85.93185	7.222977
6570	-14057.36	-14504.83	447.4615	88.80976	7.129589
6580	-14052.75	-14502.76	450.0174	88.1071	7.103227
6590	-14072.56	-14543.18	470.6264	86.18401	6.86856
6600	-14060.91	-14513.31	452.3999	81.02533	7.072008
6610	-14081.81	-14518.18	436.3726	82.88106	7.271685
6620	-14055.8	-14510.45	454.647	85.16095	7.054315
6630	-14053.46	-14521.06	467.6016	79.98469	6.876525
6640	-14054.82	-14518.08	463.2587	90.37869	6.947501
6650	-14076.79	-14516.92	440.1302	83.95163	7.226277
6660	-14058.83	-14492.91	434.088	87.67107	7.286216
6670	-14085.92	-14534.78	448.8607	93.12881	7.090272
6680	-14063.77	-14526.46	462.6849	88.03572	6.95956
6690	-14051.85	-14497.16	445.3112	85.74137	7.163127
6700	-14072.05	-14517.17	445.1236	78.97652	7.152056
6710	-14075.57	-14509.6	434.0318	82.43728	7.29999
6720	-14119.91	-14542.66	422.7576	77.16688	7.428366
6730	-14137.55	-14541.63	404.0845	76.21233	7.667829
6740	-14087.64	-14523.87	436.2293	79.03779	7.264963
6750	-14109.68	-14545.51	435.8222	81.48673	7.277407
6760	-14060.35	-14491.57	431.2197	80.97282	7.33334
6770	-14061.7	-14501.93	440.2288	83.76771	7.225198
6780	-14021.86	-14491.81	469.9587	85.61363	6.875441
6790	-14053.02	-14514.53	461.5069	88.454	6.972191
6800	-14057.05	-14513.87	456.825	86.79234	7.028196
6810	-14073.73	-14534.44	460.7079	86.55436	6.983573
6820	-14096.68	-14562.04	465.3694	83.56697	6.924419
6830	-14114.15	-14550.01	435.8564	85.61733	7.273759
6840	-14068.74	-14515.84	447.0982	88.15735	7.136181
6850	-14053.51	-14515.36	461.8433	85.16764	6.96982
6860	-14065.77	-14516.36	450.5924	81.29982	7.095438
6870	-14078.91	-14507.4	428.4894	86.52938	7.355923
6880	-14043.99	-14504.2	460.2054	85.34719	6.989202
6890	-14096.06	-14537.32	441.2533	89.07873	7.198165
6900	-14074.7	-14532.88	458.1818	84.60381	7.012283
6910	-14096.93	-14533.22	436.2915	74.57706	7.228454
6920	-14093.4	-14552.73	459.3263	86.53566	6.999546
6930	-14041.32	-14509.83	468.5071	89.61679	6.891227
6940	-14060.42	-14542.5	482.082	88.60326	6.739672
6950	-14049.71	-14524.63	474.9203	87.01624	6.819971
6960	-14062.1	-14535.63	473.5314	84.8683	6.831708
6970	-14070.76	-14519.35	448.5903	95.33925	7.076386
6980	-14072.57	-14525.53	452.9647	85.30854	7.074048
6990	-14049.06	-14513.3	464.2368	86.30009	6.942745
7000	-14071.4	-14526.57	455.1686	90.15468	7.037957
7010	-14091.48	-14534.56	443.0738	81.63901	7.18879
7020	-14129.34	-14565.64	436.2985	83.74219	7.272142
7030	-14089.42	-14523.53	434.1054	81.49298	7.298483
7040	-14065.1	-14514.52	449.4178	83.20123	7.114827
7050	-14077.26	-14518.39	441.1276	82.77748	7.214241
7060	-14044.37	-14495.71	451.3419	90.34203	7.079529
7070	-14058.49	-14514.83	456.3427	86.70886	7.033848
7080	-14035.93	-14496.64	460.7053	92.94878	6.964075
7090	-14041.86	-14518.53	476.6697	90.19256	6.799409
7100	-14045.07	-14517.88	472.8033	86.96955	6.844263
7110	-14061.43	-14523.74	462.3089	88.04179	6.963822
7120	-14013.41	-14489.04	475.6313	89.61072	6.811738
7130	-14055.31	-14498.46	443.1448	83.8686	7.190382
7140	-14042.07	-14521.41	479.3322	90.31946	6.769732
7150	-14031.24	-14499.88	468.6362	86.30698	6.891774
7160	-14097.28	-14535.73	438.4539	81.67349	7.245437
7170	-14095.64	-14527.85	432.2154	77.77807	7.309608
7180	-14059.15	-14501.89	442.7416	80.6951	7.190129
7190	-14035.51	-14520.56	485.0423	89.57673	6.706716
7200	-14090.98	-14523.62	432.6461	86.30757	7.308772
7210	-14062.37	-14526.25	463.8811	88.79564	6.944732
7220	-14086.99	-14532.29	445.2975	85.15634	7.164106
7230	-14112.63	-14556.18	443.5526	81.08212	7.181379
7240	-14078.3	-14518.59	440.2947	84.01821	7.224274
7250	-14035.8	-14518.72	482.9156	91.10375	6.729143
7260	-14029.78	-14478.33	448.5498	83.49209	7.125613
7270	-14099.56	-14544.01	444.4563	83.39719	7.174593
7280	-14098.78	-14537.77	438.9907	86.68625	7.234043
7290	-14091.63	-14563.68	472.0559	84.66186	6.848476
7300	-14035.5	-14508.26	472.7645	89.02412	6.844476
7310	-14071.56	-14517.97	446.4163	82.77474	7.150346
7320	-14049.52	-14532.59	483.0665	86.75143	6.725751
7330	-14034.22	-14498.21	463.9884	90.58864	6.938735
7340	-14096.65	-14533.38	436.7255	89.39499	7.247181
7350	-14070.41	-14517.68	447.2675	82.20191	7.13892
7360	-14034.37	-14488.73	454.3537	83.5825	7.056266
7370	-14062.06	-14531.58	469.52	84.97636	6.879241
7380	-14117.88	-14542.71	424.8352	80.46184	7.411829
7390	-14060.11	-14537.42	477.3142	90.25351	6.792174
7400	-14080.01	-14531.86	451.8499	84.04379	7.086766
7410	-14070.63	-14518.21	447.5845	84.7975	7.137473
7420	-14033.67	-14507.03	473.3603	89.67669	6.836983
7430	-14060.62	-14530.68	470.0634	87.66397	6.875873
7440	-14036.36	-14495.66	459.3008	85.92629	6.999992
7450	-14050.79	-14498.61	447.8147	88.20976	7.12787
7460	-14066.09	-14538.38	472.2962	86.88149	6.850021
7470	-14052.9	-14493.57	440.67	75.26356	7.177883
7480	-14061.12	-14505.01	443.8911	90.55869	7.160762
7490	-14080.42	-14512.57	432.1462	78.51354	7.314344
7500	-14067.52	-14525.12	457.6022	81.98938	7.012349
7510	-14037.32	-14518.57	481.252	90.76489	6.747928
7520	-14046.98	-14496.4	449.4237	86.38982	7.11424
7530	-14067.18	-14525.05	457.8771	89.28313	7.010926
7540	-14038.15	-14520.32	482.1665	92.58927	6.734194
7550	-14051.76	-14503.58	451.8182	88.27011	7.082301
7560	-14057.91	-14519.71	461.799	84.7904	6.969833
7570	-14065.75	-14513.31	447.5555	85.28144	7.137481
7580	-14069.07	-14522.9	453.8237	88.67862	7.058369
7590	-14084.34	-14517.21	432.8746	86.58803	7.305005
7600	-14059.79	-14522.8	463.0107	85.58313	6.95657
7610	-14046.42	-14515.12	468.6963	88.13729	6.891202
7620	-14073.48	-14538.65	465.1627	87.47454	6.931912
7630	-14048.58	-14509.98	461.3972	85.33329	6.975224
7640	-14087.3	-14524.37	437.067	88.15579	7.249976
7650	-14123.02	-14559.44	436.4164	83.09008	7.271127
7660	-14083.26	-14527.17	443.9062	87.03039	7.176347
7670	-14057.82	-14502.94	445.1162	78.91748	7.151784
7680	-14042.54	-14501.99	459.4568	84.95685	6.997644
7690	-14037.01	-14502.51	465.5027	87.78022	6.927803
7700	-14046.41	-14512.46	466.0442	88.57912	6.920716
7710	-14058.67	-14514.34	455.6704	83.70108	7.040739
7720	-14090.24	-14526.2	435.9581	88.31195	7.261765
7730	-14074.75	-14518.89	444.1399	86.73052	7.174521
7740	-14053.17	-14511.88	458.7043	84.25355	7.005585
7750	-14058.66	-14513.55	454.8903	86.09652	7.051213
7760	-14035.75	-14489.78	454.0308	88.12916	7.057617
7770	-14069.24	-14530.61	461.3727	88.58573	6.97344
7780	-14047.36	-14503.67	456.307	88.78702	7.030055
7790	-14040.14	-14495.15	455.0061	84.76755	7.049934
7800	-14055.94	-14495.44	439.4921	81.84436	7.233014
7810	-14100.56	-14551.12	450.5625	82.77902	7.100265
7820	-14082.42	-14526.04	443.6108	76.53384	7.15237
7830	-14014.59	-14494.86	480.277	92.07285	6.756005
7840	-14077.24	-14515.26	438.0181	87.26961	7.243066
7850	-14018.77	-14489.53	470.7646	87.79741	6.867856
7860	-14036.14	-14509.07	472.929	85.59297	6.840701
7870	-14064.63	-14535.49	470.8646	86.42589	6.866094
7880	-14102.34	-14536.61	434.2735	80.95495	7.295592
7890	-14083.04	-14536.81	453.7631	83.04282	7.062249
7900	-14063.54	-14507.6	444.0598	82.75522	7.178791
7910	-14050.23	-14499.71	449.4799	84.54808	7.115135
7920	-14050.32	-14511.99	461.676	82.88609	6.966407
7930	-14088.65	-14542.32	453.6678	84.70908	7.065695
7940	-14055.38	-14513.29	457.9112	85.45869	7.016124
7950	-14054.04	-14506.53	452.4879	90.08899	7.067983
7960	-14052.46	-14510.79	458.3225	86.39923	7.011228
7970	-14064.82	-14517.11	452.299	82.33789	7.078117
7980	-14063.51	-14535.65	472.1466	85.55992	6.849772
7990	-14073.62	-14545.72	472.1085	90.72451	6.848767
8000	-14059.79	-14510.48	450.6888	93.42365	7.068639
8010	-14070.35	-14523.67	453.3196	84.58872	7.069745
8020	-14068.28	-14511.35	443.0748	88.23977	7.181481
8030	-14049.67	-14515.1	465.43	92.33443	6.916114
8040	-14087.27	-14522.01	434.7392	82.66868	7.291428
8050	-14042.06	-14493.73	451.6687	98.21842	7.019251
8060	-14066.21	-14527.8	461.5842	84.55191	6.971977
8070	-14077.34	-14521.09	443.751	80.32775	7.1762
8080	-14072.84	-14532.68	459.8415	79.25207	6.967988
8090	-14091.53	-14546.29	454.7609	88.03133	7.049579
8100	-14066.95	-14510.94	443.9827	82.6713	7.179617
8110	-14070.72	-14514.2	443.4828	80.31952	7.179504
8120	-14063.57	-14505.7	442.129	84.37896	7.202226
8130	-14041.4	-14504.02	462.6211	84.72362	6.960025
8140	-14072.42	-14533.97	461.5424	89.0401	6.970494
8150	-14067.55	-14519.11	451.5606	84.38001	7.090449
8160	-14065.5	-14503.73	438.231	84.58573	7.248125
8170	-14101.59	-14519.68	418.0832	81.86184	7.494567
8180	-14069.94	-14522.7	452.7576	86.48713	7.07552
8190	-14041.88	-14505.64	463.7633	90.56011	6.941317
8200	-14049.27	-14505.56	456.2976	83.83135	7.033489
8210	-14039.68	-14498.94	459.2551	86.37174	7.000444
8220	-14029.89	-14511.6	481.7176	92.28744	6.739835
8230	-14110.12	-14536.61	426.4894	77.8962	7.383788
8240	-14047	-14492.1	445.1001	85.34592	7.166189
8250	-14070.33	-14512.7	442.3681	83.26753	7.199588
8260	-14079.19	-14523.39	444.2001	92.11633	7.14754
8270	-14030.76	-14492.19	461.4312	80.40008	6.956589
8280	-14090.75	-14534.03	443.2725	91.23826	7.163438
8290	-14051.82	-14500.65	448.832	82.98969	7.121544
8300	-14097.99	-14515.72	417.7329	80.41186	7.500101
8310	-14075.12	-14513.58	438.4562	90.71818	7.219737
8320	-14084.99	-14529.52	444.5336	83.28671	7.173595
8330	-14088.05	-14533.75	445.6984	87.81559	7.153293
8340	-14075.24	-14526.01	450.7775	80.55947	7.089894
8350	-14080.2	-14517.47	437.2697	78.87721	7.251009
8360	-14050.18	-14502.88	452.7028	97.7023	7.013423
8370	-14078.03	-14541.22	463.1876	83.2462	6.949484
8380	-14048.99	-14500.22	451.2279	87.604	7.090888
8390	-14126.44	-14543.81	417.3772	88.4686	7.470981
8400	-14064.29	-14512.74	448.445	88.03187	7.121323
8410	-14039.26	-14486.2	446.9325	88.87725	7.135266
8420	-14105.93	-14541.15	435.2209	82.20719	7.285472
8430	-14078.9	-14517.24	438.3338	84.40229	7.247173
8440	-14084.61	-14528.69	444.0732	78.94224	7.16515
8450	-14064.35	-14512.03	447.6719	82.71768	7.135077
8460	-14084.6	-14522.89	438.2932	91.20598	7.218237
8470	-14031.2	-14491.05	459.8448	85.28999	6.993385
8480	-14026.97	-14494.52	467.5413	86.95943	6.904765
8490	-14086.62	-14528.68	442.0534	82.12058	7.20222
8500	-14071.82	-14532.5	460.6791	87.45698	6.98319
8510	-14054.99	-14531.5	476.5144	86.33548	6.800549
8520	-14042.3	-14513.75	471.4495	88.16871	6.85995
8530	-14042.46	-14486.33	443.8704	86.53593	7.178152
8540	-14058.92	-14508.03	449.1089	82.44175	7.117108
8550	-14065.28	-14501.67	436.3932	80.34997	7.267862
8560	-14037.35	-14501.27	463.9207	90.8553	6.938554
8570	-14080.38	-14504.2	423.8142	81.06727	7.424815
8580	-14068.83	-14524.26	455.4318	82.59009	7.040882
8590	-14083.11	-14518.58	435.4701	82.85616	7.28258
8600	-14101.41	-14526.36	424.9544	74.20593	7.37677
8610	-14070.49	-14496.4	425.9046	81.71268	7.399078
8620	-14054.75	-14491.05	436.299	85.86597	7.267868
8630	-14071.8	-14527.1	455.3044	82.20727	7.041168
8640	-14096.12	-14541.12	444.992	83.89799	7.16836
8650	-14051.03	-14535.64	484.6046	90.51649	6.711216
8660	-14089.12	-14524.31	435.1922	81.06856	7.284464
8670	-14099.48	-14542.49	443.0011	82.24322	7.19089
8680	-14045.85	-14507.9	462.0454	74.8674	6.887779
8690	-14102.98	-14522.43	419.4476	82.89152	7.475869
8700	-14081.7	-14532.5	450.8032	83.86957	7.099068
8710	-14046.25	-14502.88	456.6336	88.29711	7.027682
8720	-14041.45	-14503.62	462.1664	92.2707	6.951768
8730	-14077.13	-14512.63	435.5018	85.29028	7.278799
8740	-14070.08	-14522.72	452.6454	86.28442	7.077079
8750	-14045.54	-14508.17	462.6291	81.31884	6.947494
8760	-13993.17	-14464.2	471.0296	95.21889	6.841712
8770	-14009.77	-14475.99	466.2197	90.04644	6.915673
8780	-14047.25	-14495.58	448.3294	79.52821	7.114927
8790	-14086.07	-14535.24	449.1637	87.78032	7.113937
8800	-14089.54	-14518.31	428.7672	80.43764	7.362921
8810	-14078.7	-14534.57	455.8702	89.50615	7.032634
8820	-14054.78	-14500.11	445.3343	84.66452	7.164102
8830	-14053.11	-14498.93	445.8169	80.23159	7.150049
8840	-14070.16	-14530.19	460.0338	92.68171	6.972746
8850	-14039.71	-14513.33	473.6296	87.72418	6.835209
8860	-14060.32	-14504.49	444.1722	88.38001	7.168473
8870	-14059.41	-14507.67	448.2684	84.00339	7.129363
8880	-14042.68	-14492.38	449.7	81.30004	7.106416
8890	-14089.28	-14547.77	458.4847	82.22958	7.00257
8900	-14011.88	-14482.48	470.6013	84.828	6.866124
8910	-14077.41	-14514.4	436.9879	79.61374	7.257882
8920	-14068.21	-14516.94	448.7364	92.36753	7.096697
8930	-14065.41	-14509.42	444.009	82.46734	7.179009
8940	-14085.23	-14533.89	448.6607	84.53147	7.124825
8950	-14055.02	-14514.94	459.9206	90.74979	6.983006
8960	-14075.29	-14520.4	445.1125	83.79631	7.166905
8970	-14058.68	-14511.16	452.4758	87.95917	7.075735
8980	-14092.78	-14518.15	425.3762	79.66919	7.40385
8990	-14083.33	-14522.04	438.7166	85.09621	7.241506
9000	-14046.38	-14486.81	440.4229	84.05127	7.222727
9010	-14098.61	-14535.77	437.1579	86.209	7.256818
9020	-14094.58	-14530.34	435.7658	82.99348	7.278986
9030	-14099.14	-14536.46	437.3224	84.87715	7.25834
9040	-14102.5	-14534.53	432.0364	86.9189	7.31324
9050	-14024.96	-14494.78	469.8141	79.39961	6.843568
9060	-14045.75	-14514.1	468.3518	85.62844	6.894234
9070	-14057.03	-14508.42	451.391	92.252	7.068661
9080	-14032.69	-14486.73	454.0384	87.06865	7.059859
9090	-14083.58	-14522.72	439.1364	81.45982	7.236682
9100	-14056.67	-14505.52	448.8537	82.44753	7.120218
9110	-14023.94	-14491.32	467.3779	94.25031	6.885674
9120	-14038.11	-14504.12	466.0126	85.31926	6.921116
9130	-14074.88	-14508.9	434.0262	79.65991	7.295243
9140	-14027.6	-14495.11	467.5122	91.95832	6.895102
9150	-14097.18	-14555.27	458.0899	80.70435	6.999981
9160	-14055.41	-14493.61	438.2079	88.01891	7.237672
9170	-14046.57	-14509.43	462.8588	89.23455	6.955249
9180	-14059.41	-14519.03	459.6278	83.67257	6.99339
9190	-14065.59	-14514.74	449.1536	85.31467	7.118718
9200	-14076.45	-14521.46	445.0095	83.65328	7.168091
9210	-14102.2	-14530.29	428.092	77.54753	7.361411
9220	-14057.04	-14507.25	450.2072	87.72706	7.102201
9230	-14046.62	-14522.05	475.4296	87.28629	6.814393
9240	-14034.67	-14518.6	483.9297	93.53405	6.712488
9250	-14044.52	-14505.15	460.6267	82.05412	6.975753
9260	-14031.49	-14484.18	452.6897	85.62016	7.077146
9270	-14084.06	-14528.78	444.7258	80.59285	7.165146
9280	-14072.74	-14524.24	451.5012	83.20467	7.089794
9290	-14085	-14528.14	443.135	85.33646	7.18923
9300	-14066.3	-14521.47	455.167	91.03032	7.034078
9310	-14029.78	-14487.26	457.4822	84.82103	7.020774
9320	-14098.79	-14534.44	435.6506	89.72533	7.257189
9330	-14065.33	-14510.23	444.9018	81.83129	7.166885
9340	-14075.64	-14514.63	438.9889	86.09947	7.235898
9350	-14067.64	-14512.76	445.1188	80.77352	7.160967
9360	-14062.42	-14514.11	451.6889	83.40576	7.087881
9370	-14085.14	-14535.13	449.9895	83.91607	7.108808
9380	-14037.53	-14506.68	469.1512	89.72906	6.883814
9390	-14076.35	-14521.06	444.7138	81.75494	7.168997
9400	-14046.14	-14520.5	474.3574	90.65854	6.824123
9410	-14056.62	-14509.96	453.339	91.11252	7.053747
9420	-14041.48	-14495.12	453.6324	83.38271	7.064537
9430	-14046.44	-14507.53	461.0864	83.29581	6.974878
9440	-14041.48	-14484.62	443.1404	86.72918	7.18605
9450	-13998.34	-14489.85	491.5169	88.90481	6.633666
9460	-14052.87	-14527.93	475.0601	86.22659	6.817195
9470	-14075.13	-14515.04	439.9088	87.06204	7.222165
9480	-14046.2	-14500.87	454.6716	81.10448	7.044354
9490	-14056.21	-14533.3	477.0966	91.24412	6.792702
9500	-14070.58	-14559.88	489.2969	84.14357	6.641817
9510	-14078.2	-14526.97	448.7704	79.4963	7.10919
9520	-14015.54	-14494.82	479.2798	83.63435	6.758321
9530	-14077.97	-14521.69	443.7225	75.62875	7.141513
9540	-14070.81	-14524.18	453.3653	86.30233	7.068716
9550	-14054.97	-14508.66	453.6866	90.38901	7.053365
9560	-14017.49	-14497.52	480.0321	91.24358	6.760531
9570	-14032.21	-14499.48	467.2678	88.42099	6.907104
9580	-14088.21	-14513.82	425.6074	85.45924	7.394127
9590	-14066.54	-14507.76	441.2282	87.99638	7.203452
9600	-14011.96	-14492.96	481.0045	96.35641	6.731351
9610	-14059.13	-14511.76	452.6313	94.39474	7.041095
9620	-14065.07	-14494.04	428.9724	86.47634	7.350583
9630	-14059.64	-14492.62	432.9802	82.29236	7.312741
9640	-14069.22	-14517.32	448.0997	83.33711	7.130838
9650	-14071.77	-14532.15	460.3774	91.22195	6.976033
9660	-14074.74	-14514.74	439.997	82.19561	7.227358
9670	-14086.27	-14522.93	436.6548	84.76085	7.266437
9680	-14100.39	-14551.62	451.2293	82.24546	7.090849
9690	-14070.8	-14523.93	453.132	87.64455	7.069058
9700	-14059.73	-14520.33	460.5986	84.64648	6.983783
9710	-14039.07	-14497.3	458.2287	87.27915	7.011465
9720	-14053.53	-14527.64	474.1041	86.65944	6.828944
9730	-14072.37	-14524.26	451.8952	85.58327	7.086449
9740	-14065.85	-14507.92	442.0706	77.53782	7.181078
9750	-14057.65	-14500.79	443.1369	79.31416	7.179101
9760	-14074.82	-14532.88	458.0597	77.60081	6.975521
9770	-14069.53	-14500.65	431.1162	85.99935	7.327723
9780	-14073.31	-14527.15	453.8439	91.09064	7.048314
9790	-14094.45	-14537.7	443.2502	85.26483	7.18799
9800	-14078.67	-14537.44	458.7666	82.36012	6.999653
9810	-14058.27	-14512.28	454.0092	86.43152	7.061114
9820	-14069.51	-14516.76	447.2478	83.6527	7.141334
9830	-14054.38	-14503.51	449.125	82.93623	7.117921
9840	-14025.48	-14498.47	472.994	90.06514	6.840407
9850	-14089.34	-14541.08	451.7451	84.40626	7.088277
9860	-14077.13	-14523.84	446.7068	81.28192	7.143172
9870	-14087.72	-14515.6	427.875	78.00173	7.366508
9880	-14062.16	-14486.73	424.5644	84.12805	7.411175
9890	-14050.68	-14494.65	443.9647	85.93862	7.178447
9900	-14009.71	-14480.6	470.8887	91.16872	6.860965
9910	-14075.1	-14522.05	446.954	85.86214	7.143785
9920	-14078.52	-14519.37	440.8519	87.46752	7.209857
9930	-14052.93	-14502.31	449.3786	81.35192	7.110561
9940	-14053.28	-14511.61	458.3302	81.47394	7.001128
9950	-14087.74	-14535.74	447.995	88.15481	7.126018
9960	-14064.46	-14507.83	443.366	89.11219	7.174287
9970	-14075.28	-14517.31	442.0311	83.71558	7.20369
9980	-14079.38	-14531.61	452.2319	80.90611	7.073535
9990	-14035.05	-14502.2	467.1494	84.27286	6.905406
10000	-14056.6	-14510.78	454.1793	84.58459	7.059578
