Iteration	Posterior	Likelihood	Prior	br_len_lambda	tree_length
0	-1042.619	-1075.138	32.51907	22.04213	4.085147
10	-1038.521	-1073.124	34.60314	27.50257	3.939181
20	-1039.876	-1065.018	25.14269	17.77088	4.354467
30	-1033.895	-1062.36	28.4648	21.44814	4.269302
40	-1035.399	-1074.191	38.79161	30.00796	3.735836
50	-1024.994	-1062.489	37.49565	23.63911	3.872152
60	-1028.514	-1061.947	33.43235	23.59798	4.044279
70	-1039.608	-1069.792	30.18404	21.22504	4.187493
80	-1034.489	-1065.318	30.82987	24.98995	4.134471
90	-1029.026	-1063.747	34.72012	26.11186	3.962393
100	-1026.66	-1064.231	37.57104	21.89413	3.853521
110	-1018.025	-1064.587	46.56293	22.82619	3.471237
120	-1031.388	-1074.482	43.09409	26.57265	3.638934
130	-1022.687	-1061.132	38.44532	28.56975	3.779336
140	-1037.216	-1075.555	38.33926	26.92334	3.812773
150	-1039.35	-1069.718	30.36859	22.19614	4.182728
160	-1036.411	-1062.452	26.04107	19.68211	4.369986
170	-1032.92	-1065.212	32.29196	22.0065	4.095274
180	-1048.136	-1077.72	29.58393	22.6787	4.216062
190	-1039.816	-1068.53	28.71422	21.62131	4.258047
200	-1035.461	-1062.779	27.31736	22.40598	4.318597
210	-1044.868	-1078.762	33.89469	19.94666	3.980572
220	-1041.867	-1075.964	34.09631	26.32892	3.982269
230	-1054.012	-1082.461	28.44901	20.4801	4.262583
240	-1044.811	-1077.571	32.75992	25.35902	4.051358
250	-1044.435	-1070.318	25.88364	24.58395	4.342622
260	-1023.655	-1064.275	40.61958	26.16849	3.735974
270	-1024.183	-1068.519	44.33651	21.80752	3.541753
280	-1036.614	-1072.528	35.91435	24.6545	3.934047
290	-1038.369	-1073.916	35.54692	30.68275	3.82533
300	-1039.346	-1063.701	24.35582	19.27053	4.448668
310	-1035.606	-1057.421	21.81539	20.79744	4.585168
320	-1030.06	-1063.517	33.45643	24.52078	4.035315
330	-1069.38	-1096.858	27.47845	29.11002	4.144645
340	-1029.496	-1072.924	43.42769	25.88643	3.629775
350	-1042.533	-1067.138	24.60591	22.19118	4.442414
360	-1049.884	-1075.679	25.79464	21.37208	4.394021
370	-1055.933	-1090.612	34.67866	24.08678	3.98897
380	-1054.259	-1079.792	25.53347	24.21809	4.365652
390	-1053.674	-1083.752	30.07804	20.82048	4.18818
400	-1049.717	-1082.045	32.32783	22.26618	4.094675
410	-1059.741	-1084.853	25.11219	23.15836	4.405355
420	-1049.817	-1075.967	26.14934	19.02854	4.349113
430	-1055.374	-1074.318	18.94466	21.48756	4.712446
440	-1056.922	-1086.729	29.80786	23.71232	4.196439
450	-1036.003	-1070.371	34.36847	21.58132	3.99599
460	-1039.669	-1079.018	39.34933	20.4616	3.729612
470	-1026.731	-1064.294	37.56281	21.97693	3.855284
480	-1021.585	-1065.992	44.407	23.81271	3.582032
490	-1024.56	-1052.131	27.57065	20.55198	4.306249
500	-1040.644	-1071.324	30.67952	20.04575	4.144277
510	-1056.64	-1075.876	19.23599	23.8042	4.639347
520	-1038.423	-1066.219	27.79579	21.15147	4.299743
530	-1037.04	-1072.993	35.95326	24.53332	3.933399
540	-1025.674	-1061.194	35.51971	18.78669	3.842854
550	-1029.183	-1065.711	36.52708	18.96007	3.799752
560	-1019.431	-1060.788	41.3569	26.15142	3.707929
570	-1019.703	-1057.852	38.14892	22.43175	3.835509
580	-1026.724	-1066.732	40.00773	24.37698	3.768146
590	-1035.885	-1067.534	31.64923	18.85335	4.052078
600	-1033.191	-1067.048	33.85756	25.30081	4.008945
610	-1055.898	-1075.566	19.66802	20.82423	4.688128
620	-1042.819	-1069.831	27.01173	20.22306	4.329794
630	-1064.952	-1076.518	11.56524	19.93775	5.100225
640	-1035.125	-1061.827	26.70212	20.35816	4.346666
650	-1015.466	-1065.758	50.29178	26.73809	3.368505
660	-1017.546	-1068.82	51.27479	24.18705	3.302107
670	-1019.578	-1061.847	42.2691	24.20466	3.67454
680	-1036.732	-1064.166	27.43337	24.63486	4.278472
690	-1058.947	-1081.697	22.74992	21.04053	4.539041
700	-1035.349	-1066.444	31.09488	27.11776	4.076886
710	-1037.28	-1068.027	30.74753	18.41389	4.078282
720	-1034.593	-1067.4	32.80672	26.59588	4.025571
730	-1041.354	-1076.734	35.38014	25.76992	3.942394
740	-1023.678	-1072.604	48.92555	31.49227	3.377245
750	-1040.022	-1074.75	34.72807	29.12231	3.89528
760	-1030.765	-1070.133	39.3677	27.5115	3.765797
770	-1027.363	-1061.641	34.27789	22.59424	4.008802
780	-1044.014	-1073.529	29.51504	21.76797	4.221347
790	-1035.964	-1073.779	37.8151	28.27532	3.807524
800	-1025.08	-1061.417	36.33723	18.70597	3.794268
810	-1051.618	-1077	25.38231	18.49892	4.372804
820	-1037.531	-1063.346	25.81485	22.2534	4.387312
830	-1035.663	-1066.887	31.22367	19.7489	4.108744
840	-1043.232	-1075.595	32.3633	22.21761	4.092933
850	-1042.565	-1064.787	22.22154	24.59794	4.49116
860	-1042.387	-1076.705	34.31768	24.3128	4.002138
870	-1026.618	-1063.944	37.32634	24.16	3.878872
880	-1022.084	-1066.557	44.47333	25.91002	3.589341
890	-1021.529	-1062.211	40.68171	29.58545	3.681667
900	-1058.162	-1074.502	16.33989	18.25121	4.858662
910	-1058.131	-1077.069	18.93829	25.39834	4.594887
920	-1047.159	-1078.616	31.45722	25.17657	4.106089
930	-1044.258	-1073.069	28.81172	16.54066	4.050684
940	-1031.519	-1066.179	34.66005	24.00316	3.990285
950	-1050.151	-1075.744	25.59302	21.74315	4.401684
960	-1026.71	-1067.293	40.58298	24.11616	3.743942
970	-1037.714	-1067.131	29.41689	23.71505	4.21289
980	-1037.379	-1071.742	34.36327	21.15751	3.989358
990	-1032.744	-1070.338	37.59381	27.07541	3.837946
1000	-1029.626	-1061.776	32.14992	21.73499	4.100062
1010	-1044.293	-1079.769	35.4761	22.50775	3.95521
1020	-1040.207	-1072.997	32.79	23.4229	4.072589
1030	-1043.768	-1070.595	26.82755	21.47359	4.345607
1040	-1031.77	-1064.47	32.69961	21.47359	4.072152
1050	-1029.605	-1064.522	34.91667	20.22388	3.938934
1060	-1026.897	-1064.364	37.46699	23.35784	3.872706
1070	-1027.187	-1057.893	30.70533	23.59881	4.159832
1080	-1046.518	-1076.945	30.42701	22.98729	4.177134
1090	-1048.702	-1078.616	29.91377	23.74502	4.191554
1100	-1021.513	-1058.797	37.28356	21.26986	3.854085
1110	-1044.643	-1076.566	31.92359	21.94007	4.111703
1120	-1042.676	-1075.942	33.26584	25.83837	4.023207
1130	-1065.245	-1090.449	25.20372	25.25543	4.352265
1140	-1035.295	-1079.166	43.87045	25.11074	3.612925
1150	-1031.771	-1067.045	35.27405	28.57212	3.890279
1160	-1030.276	-1060.185	29.9091	20.86993	4.196903
1170	-1028.258	-1065.988	37.72936	23.10212	3.860209
1180	-1022.082	-1066.078	43.99544	25.40771	3.608325
1190	-1031.662	-1074.654	42.99196	28.45699	3.621851
1200	-1044.977	-1078.44	33.46302	21.6007	4.038173
1210	-1038.351	-1073.694	35.34367	20.39214	3.923254
1220	-1038.5	-1061.436	22.93599	21.95184	4.521185
1230	-1029.263	-1070.127	40.86446	24.83854	3.733167
1240	-1044.694	-1078.319	33.62472	23.30947	4.037368
1250	-1027.366	-1058.696	31.3302	20.16658	4.114888
1260	-1018.083	-1061.386	43.30257	21.37123	3.574794
1270	-1046.927	-1077.073	30.14651	21.46963	4.191023
1280	-1050	-1075.784	25.78324	19.09233	4.370092
1290	-1030.798	-1060.107	29.30945	22.78088	4.227445
1300	-1036.706	-1062.21	25.5037	19.74816	4.398367
1310	-1032.508	-1065.847	33.33892	22.6869	4.050498
1320	-1018.454	-1062.208	43.75434	24.26835	3.613675
1330	-1038.707	-1073.25	34.5439	22.3949	3.996003
1340	-1057.204	-1083.021	25.8162	20.67687	4.392304
1350	-1036.43	-1069.61	33.18061	19.57814	4.003344
1360	-1035.254	-1066.222	30.96722	20.13882	4.132225
1370	-1063.063	-1076.823	13.76013	17.25742	4.984756
1380	-1042.735	-1071.866	29.13122	28.14809	4.118604
1390	-1057.221	-1077.518	20.29678	15.95025	4.520828
1400	-1034.808	-1080.396	45.5885	26.5559	3.545122
1410	-1026.081	-1072.67	46.58861	24.36442	3.498038
1420	-1008.676	-1054.595	45.91887	30.02196	3.498106
1430	-1027.342	-1061.712	34.3698	25.26244	3.989233
1440	-1025.796	-1063.915	38.11842	22.67555	3.839707
1450	-1032.687	-1068.206	35.51881	25.60341	3.939359
1460	-1029.332	-1067.495	38.16296	21.15841	3.809792
1470	-1042.027	-1077.103	35.07601	21.31215	3.958662
1480	-1042.124	-1078.703	36.57969	20.04338	3.849849
1490	-1055.806	-1082.37	26.5639	21.53694	4.357746
1500	-1027.04	-1065.113	38.07305	20.86724	3.805638
1510	-1046.629	-1086.162	39.53297	21.40687	3.752153
1520	-1045.787	-1081.019	35.23255	22.77052	3.9674
1530	-1053.876	-1080.962	27.0852	27.75513	4.20433
1540	-1042.977	-1063.847	20.87029	17.33616	4.576543
1550	-1043.434	-1068.365	24.93156	19.00993	4.412634
1560	-1049.194	-1070.136	20.942	18.85509	4.620029
1570	-1022.637	-1057.447	34.81031	24.92955	3.97589
1580	-1045.409	-1078.639	33.22985	26.13085	4.019098
1590	-1028.955	-1067.382	38.42719	21.26944	3.800306
1600	-1036.504	-1065.497	28.9931	21.63583	4.245176
1610	-1057	-1082.265	25.26522	18.07168	4.361972
1620	-1045.838	-1076.697	30.85986	23.82828	4.150754
1630	-1025.299	-1067.395	42.09596	28.82482	3.647384
1640	-1032.051	-1064.206	32.15498	21.28222	4.095358
1650	-1049.632	-1063.931	14.29892	19.37534	4.969733
1660	-1059.039	-1075.475	16.43561	17.50829	4.837611
1670	-1043.478	-1063.373	19.89412	18.2351	4.663522
1680	-1026.118	-1057.971	31.85277	22.47438	4.116197
1690	-1019.384	-1052.712	33.32814	23.28926	4.050167
1700	-1032.081	-1062.36	30.27805	24.73764	4.161197
1710	-1050.683	-1072.806	22.12311	22.35906	4.551296
1720	-1043.157	-1078.508	35.35106	28.08729	3.899037
1730	-1023.212	-1064.641	41.42817	25.59636	3.708588
1740	-1022.868	-1061.371	38.50312	24.77512	3.828537
1750	-1019.511	-1057.838	38.32668	24.23615	3.837376
1760	-1038.277	-1062.223	23.94531	23.33586	4.452067
1770	-1007.897	-1057.962	50.0653	29.36912	3.366515
1780	-1034.643	-1073.341	38.6983	23.88716	3.821907
1790	-1041.795	-1076.64	34.84505	26.50769	3.95058
1800	-1039.686	-1075.495	35.80877	24.05842	3.942185
1810	-1047.484	-1072.926	25.44193	21.12641	4.411055
1820	-1048.274	-1071.006	22.7322	23.61378	4.497321
1830	-1041.82	-1064.275	22.45538	19.7071	4.552385
1840	-1063.401	-1078.699	15.29733	21.38947	4.884745
1850	-1057.793	-1075.578	17.78465	22.44379	4.743009
1860	-1046.855	-1068.939	22.08349	20.4323	4.573471
1870	-1040.321	-1074.741	34.41978	24.98124	3.990925
1880	-1058.023	-1091.241	33.21743	24.36908	4.046786
1890	-1061.74	-1085.493	23.7531	24.48103	4.432125
1900	-1039.396	-1078.958	39.56233	24.19065	3.786356
1910	-1022.592	-1057.559	34.96703	26.30433	3.949631
1920	-1046.067	-1068.361	22.29392	20.83111	4.561995
1930	-1034.729	-1069.954	35.22477	24.84297	3.960176
1940	-1047.603	-1072.173	24.56964	23.77248	4.416
1950	-1057.852	-1075.291	17.4393	18.0408	4.794375
1960	-1031.935	-1070.592	38.6575	26.83422	3.802255
1970	-1025.948	-1056.534	30.586	24.55089	4.151887
1980	-1033.447	-1067.19	33.74258	22.60037	4.03251
1990	-1027.81	-1068.4	40.58927	23.6997	3.741684
2000	-1043.506	-1080.36	36.8536	22.92144	3.897194
2010	-1052.384	-1082.574	30.18974	22.88533	4.188161
2020	-1051.467	-1077.218	25.75176	20.77197	4.395809
2030	-1025.882	-1062.991	37.10962	22.13786	3.878243
2040	-1040.593	-1076.012	35.41912	22.43718	3.957243
2050	-1040.357	-1073.97	33.61353	21.13783	4.024457
2060	-1028.826	-1070.648	41.82172	30.26457	3.629635
2070	-1040.541	-1071.85	31.30981	20.77282	4.128249
2080	-1055.646	-1079.765	24.1198	23.01233	4.45104
2090	-1025.154	-1056.291	31.13679	26.24029	4.096716
2100	-1033.044	-1071.751	38.70756	23.84827	3.82145
2110	-1065.567	-1085.66	20.09331	20.26352	4.671739
2120	-1024.717	-1058.904	34.18733	22.42045	4.012058
2130	-1044.515	-1070.342	25.8262	26.04328	4.305064
2140	-1032.987	-1064.286	31.29978	24.9449	4.116445
2150	-1017.242	-1059.007	41.76509	29.65086	3.643791
2160	-1032.663	-1070.619	37.95578	26.36934	3.835139
2170	-1012.776	-1059.828	47.05195	25.90319	3.489804
2180	-1034.222	-1068.244	34.02187	21.41505	4.009721
2190	-1046.327	-1081.819	35.49126	25.81651	3.937401
2200	-1049.113	-1077.169	28.05647	24.38742	4.258209
2210	-1042.049	-1069.844	27.795	21.03158	4.299214
2220	-1033.092	-1066.344	33.252	19.56967	3.99937
2230	-1038.989	-1071.911	32.92184	25.39347	4.044399
2240	-1031.084	-1064.315	33.23119	19.84194	4.010342
2250	-1021.441	-1062.31	40.86862	27.4892	3.711553
2260	-1028.35	-1058.653	30.30292	23.54339	4.1775
2270	-1024.066	-1073.707	49.64103	29.40354	3.380632
2280	-1030.736	-1071.774	41.03882	23.10124	3.716945
2290	-1059.275	-1084.111	24.83658	21.26577	4.439293
2300	-1039.673	-1076.567	36.89313	21.59008	3.879175
2310	-1026.406	-1070.568	44.16131	22.18421	3.560998
2320	-1046.935	-1073.269	26.33355	21.85004	4.367051
2330	-1032.331	-1069.457	37.12559	23.46841	3.887585
2340	-1039.682	-1070.309	30.62783	26.44904	4.111107
2350	-1038.18	-1065.929	27.74961	21.32599	4.302459
2360	-1032.762	-1069.105	36.34241	24.08667	3.919898
2370	-1035.734	-1068.797	33.06261	23.17713	4.061987
2380	-1063.035	-1084.361	21.3257	17.4939	4.557665
2390	-1019.931	-1061.877	41.94613	24.61889	3.689325
2400	-1027.439	-1067.685	40.24675	28.04058	3.725515
2410	-1032.083	-1071.243	39.15989	24.04836	3.802882
2420	-1048.744	-1079.956	31.21219	20.13464	4.119958
2430	-1024.088	-1061.167	37.07937	24.66356	3.886737
2440	-1036.526	-1071.673	35.14709	22.76956	3.971149
2450	-1036.741	-1068.272	31.53113	22.49777	4.130491
2460	-1039.918	-1074.248	34.32999	26.38552	3.972336
2470	-1015.645	-1057.18	41.53562	22.17365	3.679121
2480	-1041.856	-1077.839	35.98268	24.21045	3.934229
2490	-1049.48	-1085.137	35.65748	26.77112	3.91522
2500	-1039.159	-1075.11	35.95056	23.58722	3.937578
2510	-1061.774	-1074.099	12.32422	14.90001	4.945233
2520	-1029.701	-1067.733	38.03148	24.53621	3.848678
2530	-1035.67	-1067.455	31.78489	22.94354	4.118243
2540	-1033.479	-1065.891	32.41273	22.59396	4.091352
2550	-1027.566	-1057.692	30.12644	25.33754	4.155654
2560	-1035.996	-1059.409	23.41301	20.26553	4.507921
2570	-1049.478	-1078.539	29.06069	20.84576	4.237308
2580	-1036.903	-1063.933	27.03093	18.82942	4.296209
2590	-1038.573	-1071.485	32.91117	23.72652	4.065461
2600	-1054.229	-1081.957	27.72762	21.96882	4.302839
2610	-1049.397	-1083.256	33.85921	21.3992	4.017084
2620	-1030.593	-1069.296	38.703	22.19582	3.807233
2630	-1025.4	-1060.963	35.56348	22.54208	3.951564
2640	-1038.282	-1069.33	31.04808	22.64836	4.151597
2650	-1033.259	-1068.858	35.59831	25.24471	3.940814
2660	-1051.342	-1075.495	24.15308	23.82358	4.432327
2670	-1038.455	-1066.764	28.3088	22.58649	4.273049
2680	-1034.705	-1063.735	29.02949	23.49828	4.232179
2690	-1030.865	-1067.93	37.06456	25.61492	3.878855
2700	-1038.196	-1075.778	37.5826	28.11359	3.819056
2710	-1052.969	-1076.464	23.49462	20.02073	4.502528
2720	-1045.224	-1074.793	29.5683	24.24588	4.198594
2730	-1019.321	-1068.381	49.05963	28.56751	3.40783
2740	-1033.36	-1073.743	40.38275	24.63331	3.752821
2750	-1016.771	-1057.008	40.23624	26.00195	3.752109
2760	-1026.194	-1062.981	36.78694	22.22552	3.893924
2770	-1027.95	-1061.715	33.7654	19.36811	3.964715
2780	-1042.779	-1070.083	27.30437	21.27312	4.323261
2790	-1034.018	-1071.342	37.32342	25.57378	3.869198
2800	-1053.801	-1071.667	17.86624	19.91943	4.784298
2810	-1048.254	-1071.743	23.48824	21.45948	4.501235
2820	-1062.202	-1083.82	21.61772	23.09053	4.557899
2830	-1024.963	-1071.812	46.84976	25.31181	3.495496
2840	-1034.96	-1065.158	30.19818	21.17196	4.186353
2850	-1019.659	-1065.949	46.28976	27.56427	3.513825
2860	-1017.267	-1054.645	37.3773	23.07925	3.875325
2870	-1037.532	-1071.599	34.06758	21.65263	4.010845
2880	-1037.131	-1067.75	30.61973	25.43459	4.134219
2890	-1030.358	-1069.839	39.48135	27.27429	3.765324
2900	-1046.412	-1074.664	28.25227	21.42501	4.279162
2910	-1048.96	-1077.56	28.60081	20.80918	4.259021
2920	-1048.99	-1075.313	26.32335	19.39835	4.349667
2930	-1045.474	-1082.225	36.75019	23.53615	3.903649
2940	-1028.075	-1062.924	34.84936	22.84526	3.984453
2950	-1051.5	-1073.841	22.34112	19.78072	4.558759
2960	-1030.965	-1063.91	32.94453	21.53156	4.06142
2970	-1035.042	-1064.786	29.74443	20.15802	4.193345
2980	-1033.181	-1070.429	37.24855	22.6113	3.877484
2990	-1037.437	-1071.998	34.56138	23.00383	3.997295
3000	-1042.49	-1064.901	22.41106	22.94581	4.526755
3010	-1033.984	-1063.827	29.84265	21.93677	4.206548
3020	-1037.424	-1073.645	36.22154	25.05768	3.918063
3030	-1048.996	-1087	38.00344	20.27822	3.788457
3040	-1037.011	-1071.143	34.13144	24.78593	4.004865
3050	-1031.562	-1067.517	35.95535	24.63535	3.932537
3060	-1038.118	-1066.109	27.99106	19.94749	4.276559
3070	-1036.329	-1073.331	37.00171	25.83629	3.878647
3080	-1025.469	-1063.514	38.04541	22.25348	3.837709
3090	-1039.207	-1067.853	28.64614	18.39133	4.191325
3100	-1041.321	-1072.872	31.5504	23.12133	4.127564
3110	-1032.007	-1067.615	35.60814	26.0829	3.928841
3120	-1031.067	-1066.012	34.94477	21.96102	3.974236
3130	-1046.709	-1065.547	18.83779	28.43447	4.471645
3140	-1048.69	-1070.594	21.90427	17.99196	4.545153
3150	-1057.113	-1077.715	20.60249	20.40069	4.646102
3160	-1040.127	-1069.018	28.89134	21.95826	4.249884
3170	-1048.346	-1078.698	30.35224	26.31953	4.124701
3180	-1058.945	-1078.532	19.58706	22.02585	4.672189
3190	-1021.213	-1062.356	41.14263	20.40803	3.639595
3200	-1038.547	-1071.123	32.57665	25.06348	4.063432
3210	-1039.468	-1065.843	26.37498	19.29683	4.344551
3220	-1041.601	-1072.512	30.91093	24.12991	4.144818
3230	-1050.973	-1076.153	25.18032	18.91977	4.397093
3240	-1034.907	-1069.419	34.51246	20.02025	3.95219
3250	-1042.413	-1071.003	28.58973	22.86656	4.258255
3260	-1064.698	-1083.616	18.91812	21.48727	4.713686
3270	-1059.024	-1082.264	23.24033	19.07317	4.502901
3280	-1019.319	-1061.54	42.22095	23.34403	3.66901
3290	-1032.088	-1067.446	35.35809	25.59312	3.94578
3300	-1037.799	-1070.564	32.76493	23.64426	4.072237
3310	-1048.583	-1075.578	26.99477	19.46294	4.316638
3320	-1028.14	-1070.421	42.28086	24.61968	3.675731
3330	-1033.442	-1066.412	32.96913	28.50245	3.972836
3340	-1021.562	-1062.306	40.7449	26.80768	3.724772
3350	-1038.149	-1065.355	27.20628	22.84768	4.318983
3360	-1047.908	-1071.827	23.91864	19.77372	4.478929
3370	-1027.603	-1063.597	35.99334	20.91616	3.906559
3380	-1038.865	-1073.982	35.11667	22.94851	3.973038
3390	-1044.944	-1069.824	24.88029	22.01319	4.432001
3400	-1043.629	-1080.146	36.51684	23.76901	3.913441
3410	-1039.361	-1066.717	27.35567	23.70427	4.299992
3420	-1030.258	-1060.399	30.14163	25.26741	4.156501
3430	-1047.472	-1076.719	29.24618	21.61626	4.233432
3440	-1047.735	-1074.991	27.2561	21.02715	4.324819
3450	-1036.291	-1074.442	38.15193	23.10548	3.841941
3460	-1038.669	-1070.425	31.756	22.88772	4.119714
3470	-1036.461	-1082.115	45.65424	24.02342	3.532513
3480	-1037.285	-1073.279	35.99412	21.24827	3.914252
3490	-1049.433	-1077.468	28.03512	20.0762	4.27674
3500	-1045.517	-1078.445	32.92844	24.13768	4.06113
3510	-1043.943	-1080.745	36.80256	23.79873	3.901392
3520	-1031.951	-1076.704	44.75346	22.073	3.531035
3530	-1030.29	-1062.874	32.58451	25.15886	4.061601
3540	-1042.363	-1068.672	26.30855	21.60194	4.369384
3550	-1025.237	-1068.126	42.88908	23.69137	3.644556
3560	-1038.172	-1077.536	39.36448	33.37907	3.630568
3570	-1041.681	-1071.111	29.4304	21.37632	4.223926
3580	-1034.693	-1064.766	30.07286	19.13543	4.147058
3590	-1045.816	-1063.818	18.00209	17.55074	4.749556
3600	-1048.323	-1075.371	27.0483	22.54515	4.329279
3610	-1038.203	-1067.572	29.36899	21.88158	4.228142
3620	-1033.687	-1063.362	29.67459	24.53428	4.189306
3630	-1031.244	-1075.157	43.91303	20.64468	3.515558
3640	-1029.161	-1067.368	38.20731	26.08452	3.829172
3650	-1055.19	-1078.25	23.05963	20.24892	4.525307
3660	-1023.393	-1056.68	33.28663	27.06896	3.997173
3670	-1032.823	-1072.783	39.96053	23.46479	3.766761
3680	-1028.242	-1072.829	44.58681	27.85225	3.572764
3690	-1029.528	-1070.454	40.9264	26.25303	3.723529
3700	-1041.867	-1073.917	32.04969	25.00699	4.085383
3710	-1027.102	-1064.448	37.34589	27.08588	3.846923
3720	-1050.074	-1079.583	29.50932	20.47668	4.210756
3730	-1039.089	-1067.979	28.88999	27.76905	4.138881
3740	-1044.612	-1071.934	27.32227	23.98441	4.29634
3750	-1040.153	-1068.061	27.90723	24.57387	4.26052
3760	-1026.412	-1072.504	46.09231	30.49124	3.484844
3770	-1029.897	-1083.429	53.5313	32.47183	3.218995
3780	-1042.772	-1076.719	33.94635	20.95949	4.005311
3790	-1018.029	-1063.07	45.0411	27.89033	3.556076
3800	-1026.239	-1064.51	38.27098	20.63582	3.788546
3810	-1036.886	-1067.523	30.63753	23.53488	4.163376
3820	-1022.161	-1056.814	34.65293	23.61513	3.992495
3830	-1040.176	-1071.606	31.4297	23.55674	4.129521
3840	-1016.939	-1060.047	43.10719	28.54316	3.616551
3850	-1021.104	-1068.565	47.46157	26.40563	3.474654
3860	-1048.173	-1077.799	29.62594	23.90672	4.201427
3870	-1054.005	-1074.073	20.06863	21.04948	4.666366
3880	-1033.212	-1070.429	37.21693	21.45893	3.861474
3890	-1033.437	-1067.271	33.83395	25.21614	4.011119
3900	-1038.195	-1074.955	36.75981	25.4145	3.893032
3910	-1032.68	-1067.472	34.79155	21.92268	3.980794
3920	-1053.866	-1076.821	22.95411	20.95103	4.529803
3930	-1030.177	-1070.235	40.05811	24.6718	3.765951
3940	-1026.779	-1064.267	37.48745	22.1881	3.861891
3950	-1030.725	-1064.493	33.76717	21.93084	4.027594
3960	-1037.228	-1067.355	30.12645	25.31798	4.15606
3970	-1015.934	-1053.918	37.98427	22.16347	3.839127
3980	-1032.175	-1070.629	38.45339	28.28718	3.784717
3990	-1047.446	-1069.942	22.49582	19.64247	4.549741
4000	-1055.38	-1074.671	19.29142	18.82167	4.707141
4010	-1036.464	-1071.39	34.92642	27.09098	3.936144
4020	-1031.686	-1071.638	39.9529	24.11972	3.770076
4030	-1049.939	-1075.007	25.06846	22.01449	4.42344
4040	-1023.201	-1060.731	37.52951	24.26369	3.870189
4050	-1019.932	-1067.435	47.50277	25.14291	3.468519
4060	-1032.174	-1064.375	32.20053	21.05014	4.090024
4070	-1025.378	-1069.113	43.73553	31.67122	3.538259
4080	-1031.01	-1058.23	27.22044	18.96627	4.290811
4090	-1027.501	-1061.036	33.53505	28.53266	3.952185
4100	-1024.448	-1063.961	39.513	26.49702	3.774608
4110	-1035.974	-1064.75	28.7757	21.06293	4.252817
4120	-1028.404	-1058.124	29.7196	23.60352	4.201544
4130	-1049.056	-1074.333	25.27743	18.94083	4.392552
4140	-1023.422	-1062.691	39.26913	23.67649	3.797291
4150	-1050.403	-1079.808	29.40509	24.242	4.20539
4160	-1028.542	-1069.737	41.19498	27.12473	3.704349
4170	-1029.449	-1060.806	31.35687	24.0336	4.127533
4180	-1041.256	-1070.927	29.67105	19.23383	4.171576
4190	-1055.589	-1080.339	24.7504	26.27614	4.338942
4200	-1036.362	-1072.296	35.93362	24.44117	3.934852
4210	-1061.93	-1089.094	27.16322	22.29368	4.32641
4220	-1040.296	-1069.864	29.56825	21.91292	4.219051
4230	-1037.934	-1070.082	32.14838	23.29847	4.10077
4240	-1054.52	-1076.615	22.0951	24.44239	4.501012
4250	-1046.472	-1072.098	25.62553	20.10375	4.397079
4260	-1050.446	-1084.063	33.61688	19.48409	3.977269
4270	-1047.696	-1078.792	31.0959	24.67999	4.129076
4280	-1040.734	-1075.83	35.09561	21.8732	3.96633
4290	-1040.413	-1076.938	36.52539	27.81984	3.862872
4300	-1046.604	-1080.6	33.99672	26.43351	3.984037
4310	-1019.31	-1070.304	50.99461	27.26788	3.343193
4320	-1014.766	-1058.772	44.00564	24.96684	3.607158
4330	-1030.804	-1072.285	41.48097	27.71612	3.686206
4340	-1024.535	-1057.612	33.07733	29.92968	3.928588
4350	-1046.221	-1072.827	26.60654	18.97447	4.323434
4360	-1021.522	-1068.48	46.9572	26.45007	3.493716
4370	-1039.684	-1073.486	33.80229	26.51236	3.989824
4380	-1032.675	-1073.847	41.17162	27.24243	3.703755
4390	-1036.796	-1067.526	30.73006	23.12687	4.163003
4400	-1037.594	-1065.631	28.03747	22.62181	4.284759
4410	-1018.495	-1054.969	36.4735	25.39409	3.904528
4420	-1007.319	-1050.297	42.97801	24.41373	3.646494
4430	-1038.226	-1070.875	32.64855	20.63596	4.061009
4440	-1033.252	-1066.595	33.34331	20.71388	4.029088
4450	-1054.162	-1078.88	24.71752	21.07897	4.445454
4460	-1047.406	-1075.231	27.82473	24.57452	4.263863
4470	-1039.425	-1067.883	28.45875	22.81789	4.264446
4480	-1035.281	-1065.152	29.87055	21.85922	4.205189
4490	-1025.289	-1055.351	30.06241	20.04732	4.175098
4500	-1033.749	-1061.717	27.96792	21.38199	4.292354
4510	-1027.43	-1058.103	30.67237	23.30085	4.164102
4520	-1025.936	-1062.97	37.03396	23.79533	3.891671
4530	-1037.911	-1065.992	28.08073	19.00411	4.246774
4540	-1030.221	-1063.662	33.44061	25.58137	4.020899
4550	-1044.727	-1077.203	32.47577	25.362	4.062511
4560	-1028.226	-1063.294	35.06806	24.21161	3.971999
4570	-1020.892	-1063.921	43.02966	22.18452	3.612018
4580	-1030.627	-1073.841	43.21409	28.22888	3.61721
4590	-1025.699	-1069.96	44.26044	25.20518	3.597613
4600	-1036.429	-1068.409	31.9796	22.33995	4.110442
4610	-1020.948	-1063.794	42.84642	25.10979	3.653705
4620	-1043.628	-1073.136	29.50751	23.90218	4.206447
4630	-1039.036	-1069.041	30.00508	25.14454	4.164415
4640	-1030.688	-1082.65	51.96234	30.79972	3.289053
4650	-1037.981	-1076.124	38.14324	22.99162	3.841494
4660	-1014.574	-1058.685	44.11022	23.98769	3.596421
4670	-1030.608	-1071.06	40.45251	30.59123	3.667541
4680	-1036.226	-1074.47	38.24401	23.5686	3.840288
4690	-1023.158	-1062.548	39.38948	25.86118	3.786003
4700	-1036.196	-1069.111	32.91495	21.40633	4.0613
4710	-1036.154	-1065.327	29.1722	20.00457	4.218597
4720	-1025.177	-1057.196	32.01934	21.5581	4.104633
4730	-1019.356	-1063.925	44.56881	28.96524	3.559634
4740	-1039.617	-1079.239	39.62141	24.11132	3.783807
4750	-1021.755	-1070.983	49.22881	26.21201	3.407142
4760	-1021.926	-1068.26	46.33351	29.29547	3.494552
4770	-1047.047	-1081.583	34.53637	20.58216	3.968123
4780	-1014.379	-1065.784	51.4057	25.64632	3.319306
4790	-1032.789	-1071.963	39.17398	28.90641	3.747094
4800	-1042.402	-1080.606	38.20444	24.86948	3.840089
4810	-1037.568	-1067.734	30.1661	20.14622	4.172168
4820	-1030.512	-1061.937	31.42499	25.18127	4.107285
4830	-1036.675	-1068.845	32.16958	24.45963	4.088613
4840	-1045.183	-1072.935	27.75253	19.26031	4.272105
4850	-1032.143	-1078.914	46.77096	26.43529	3.500775
4860	-1029.487	-1067.699	38.2123	24.7489	3.840406
4870	-1066.759	-1086.336	19.57781	17.56738	4.660405
4880	-1041.491	-1073.505	32.01409	24.77599	4.090441
4890	-1026.242	-1066.447	40.20486	25.59046	3.756419
4900	-1019.986	-1053.02	33.03439	22.62026	4.063868
4910	-1048.946	-1070.732	21.78615	20.3559	4.588143
4920	-1052.428	-1069.714	17.28635	18.89424	4.81417
4930	-1039.695	-1066.782	27.08706	24.3157	4.299477
4940	-1044.251	-1073.274	29.02282	23.09746	4.237129
4950	-1032.565	-1073.088	40.52295	24.82409	3.746941
4960	-1041.488	-1071.258	29.76954	23.42704	4.201496
4970	-1042.931	-1070.582	27.65145	19.05638	4.271085
4980	-1034.009	-1067.289	33.2806	25.01368	4.036065
4990	-1034.583	-1063.313	28.73057	20.95063	4.254088
5000	-1024.026	-1059.003	34.97776	26.17698	3.951425
5010	-1026.582	-1062.708	36.12582	24.7151	3.924989
5020	-1054.972	-1081.23	26.25754	23.91573	4.342142
5030	-1068	-1091.368	23.36714	20.77671	4.5106
5040	-1044.692	-1068.371	23.67872	23.9394	4.449382
5050	-1035.902	-1067.917	32.01521	23.34447	4.106196
5060	-1028.03	-1068.905	40.87531	26.04034	3.727237
5070	-1029.561	-1066.834	37.27388	20.33487	3.82653
5080	-1035.618	-1074.176	38.5578	26.21086	3.81426
5090	-1037.414	-1071.121	33.70788	21.55617	4.026284
5100	-1035.21	-1071.979	36.76866	24.26212	3.901553
5110	-1040.645	-1077.332	36.68663	24.32126	3.904662
5120	-1038.19	-1063.847	25.65726	17.60823	4.316662
5130	-1022.161	-1064.253	42.09136	27.98178	3.660565
5140	-1033.242	-1070.675	37.43291	24.40064	3.873677
5150	-1046.902	-1075.066	28.16447	24.89123	4.243319
5160	-1040.045	-1069.475	29.43042	23.29418	4.217475
5170	-1035.741	-1063.678	27.93709	20.64101	4.289374
5180	-1032.985	-1067.86	34.87546	24.18882	3.980116
5190	-1042.744	-1067.027	24.28219	20.53996	4.466224
5200	-1024.304	-1062.747	38.44342	23.06879	3.829051
5210	-1063.245	-1076.588	13.34259	18.59716	5.023669
5220	-1054.892	-1080.888	25.9964	25.30756	4.31947
5230	-1044.224	-1068.955	24.73083	19.93175	4.439822
5240	-1038.261	-1070.941	32.67999	22.5217	4.079457
5250	-1034.837	-1077.583	42.7459	24.38237	3.655847
5260	-1034.182	-1063.753	29.57137	23.5864	4.20804
5270	-1048.097	-1080.148	32.05116	21.61654	4.103671
5280	-1045.347	-1071.647	26.29979	22.77912	4.359582
5290	-1025.482	-1054.592	29.11016	20.47484	4.230221
5300	-1027.97	-1058.29	30.31925	18.98201	4.128077
5310	-1026.278	-1059.944	33.66639	26.11395	4.002708
5320	-1018.718	-1054.516	35.79759	24.70846	3.938327
5330	-1037.715	-1068.312	30.59685	23.72302	4.163042
5340	-1036.443	-1063.102	26.65809	19.33504	4.330851
5350	-1048.74	-1071.529	22.78892	16.82134	4.434834
5360	-1047.34	-1063.095	15.75478	17.83614	4.88408
5370	-1045.752	-1065.054	19.30273	19.67014	4.712333
5380	-1057.459	-1071.194	13.73475	23.83067	4.869342
5390	-1034.387	-1063.891	29.50378	23.59424	4.210806
5400	-1023.334	-1068.564	45.23039	29.39416	3.530774
5410	-1035.533	-1070.866	35.33371	21.75324	3.953837
5420	-1060.633	-1077.534	16.90166	23.12238	4.761089
5430	-1035.191	-1069.206	34.01465	24.88547	4.008361
5440	-1047.294	-1073.372	26.07849	24.88131	4.327374
5450	-1032.036	-1062.165	30.12902	24.04527	4.178455
5460	-1031.547	-1070.769	39.22283	27.56362	3.770215
5470	-1048.972	-1065.947	16.97538	20.69506	4.819583
5480	-1032.984	-1067.345	34.36029	19.43615	3.93703
5490	-1040.505	-1072.432	31.92677	21.77761	4.110619
5500	-1045.351	-1067.488	22.13645	20.79027	4.569767
5510	-1026.154	-1064.65	38.49572	28.56947	3.777577
5520	-1025.015	-1063.579	38.56452	26.11957	3.815076
5530	-1037.921	-1065.106	27.18553	19.95496	4.31707
5540	-1030.374	-1065.389	35.01469	24.32397	3.973385
5550	-1032.474	-1071.169	38.69486	26.6703	3.803168
5560	-1024.498	-1072.901	48.4037	28.21135	3.433492
5570	-1029.1	-1067.133	38.03343	21.36694	3.821243
5580	-1060.05	-1086.829	26.77874	23.68656	4.324653
5590	-1034.034	-1067.094	33.06015	24.04519	4.056556
5600	-1022.276	-1055.865	33.58886	19.23005	3.96771
5610	-1033.56	-1053.655	20.09474	20.79092	4.667966
5620	-1047.494	-1059.502	12.00782	17.5575	5.091186
5630	-1052.634	-1072.82	20.18638	21.51009	4.654299
5640	-1069.722	-1084.808	15.08655	18.85834	4.930582
5650	-1058.413	-1077.202	18.78935	18.98724	4.735536
5660	-1050.266	-1075.098	24.83275	25.57406	4.357607
5670	-1042.688	-1070.654	27.96644	20.72537	4.288773
5680	-1042.037	-1069.386	27.34859	20.44666	4.315948
5690	-1047.402	-1071.045	23.64247	17.93461	4.44614
5700	-1053.041	-1078.834	25.79319	18.14459	4.336067
5710	-1069.094	-1098.989	29.89499	21.97082	4.204184
5720	-1060.58	-1076.942	16.36115	19.69117	4.861737
5730	-1047.689	-1072.002	24.31354	23.79359	4.426287
5740	-1060.805	-1073.504	12.69864	20.08275	5.040519
5750	-1027.812	-1068.595	40.78309	28.70559	3.695094
5760	-1033.779	-1074.312	40.53362	25.60908	3.74346
5770	-1055.461	-1080.069	24.60858	24.68664	4.391755
5780	-1035.049	-1065.916	30.86684	25.0776	4.13139
5790	-1039.43	-1075.547	36.11686	23.93919	3.929815
5800	-1049.128	-1076.483	27.3545	18.21298	4.253345
5810	-1028.729	-1074.594	45.86468	21.97174	3.477356
5820	-1026.781	-1064.473	37.69182	22.17164	3.852442
5830	-1031.108	-1068.237	37.12942	25.348	3.879162
5840	-1037.363	-1066.798	29.43545	19.95178	4.204247
5850	-1020.992	-1058.715	37.72281	26.55306	3.841357
5860	-1043.176	-1068.252	25.07617	20.62145	4.427907
5870	-1048.447	-1074.218	25.77013	20.46598	4.393287
5880	-1024.992	-1067.414	42.42166	22.74639	3.651245
5890	-1040.222	-1068.084	27.86247	19.5163	4.273436
5900	-1032.69	-1068.871	36.18116	22.47798	3.923635
5910	-1040.269	-1070.675	30.40618	19.28597	4.135256
5920	-1026.439	-1068.57	42.13081	25.14424	3.682175
5930	-1020.675	-1060.269	39.59327	29.28149	3.724922
5940	-1041.436	-1070.757	29.32048	23.41181	4.220846
5950	-1033.948	-1065.094	31.14536	26.58171	4.088379
5960	-1050.868	-1072.689	21.82093	20.99077	4.58359
5970	-1043.422	-1064.587	21.1646	20.17502	4.618966
5980	-1038.963	-1062.345	23.38188	25.12463	4.42843
5990	-1052.532	-1075.861	23.32922	20.97876	4.511787
6000	-1035.083	-1064.194	29.11197	19.53561	4.209965
6010	-1017.289	-1068.354	51.06479	26.16458	3.336796
6020	-1016.791	-1061.088	44.29658	23.61828	3.584171
6030	-1013.197	-1064.009	50.81125	34.06629	3.275307
6040	-1032.718	-1072.81	40.09238	23.04241	3.757285
6050	-1035.449	-1063.356	27.90757	28.78207	4.141056
6060	-1031.301	-1065.352	34.05102	21.95903	4.014914
6070	-1051.599	-1075.939	24.34017	22.51363	4.449881
6080	-1027.492	-1062.211	34.71969	23.4465	3.990152
6090	-1039.43	-1062.561	23.13089	21.23935	4.519695
6100	-1042.445	-1073.175	30.73053	20.76261	4.155981
6110	-1023.773	-1062.127	38.35385	21.92335	3.818312
6120	-1030.274	-1061.531	31.25711	20.50542	4.125973
6130	-1030.327	-1062.243	31.91608	21.92285	4.111959
6140	-1036.726	-1064.461	27.73573	20.36862	4.296033
6150	-1039.021	-1065.461	26.43982	18.84833	4.328225
6160	-1024.503	-1070.729	46.22601	27.56883	3.516104
6170	-1040.176	-1075.099	34.92273	26.36715	3.9502
6180	-1026.066	-1071.55	45.48349	24.79112	3.546896
6190	-1036.297	-1061.907	25.61016	18.69494	4.36736
6200	-1035.331	-1077.981	42.64956	23.15478	3.648022
6210	-1025.436	-1061.571	36.13498	26.6419	3.899641
6220	-1022.961	-1058.435	35.47365	25.39278	3.943918
6230	-1051.197	-1072.09	20.89219	22.97988	4.592105
6240	-1019.489	-1061.824	42.33506	24.30212	3.672327
6250	-1027.289	-1058.524	31.23525	28.71509	4.027426
6260	-1036.451	-1072.906	36.45516	24.54175	3.912886
6270	-1009.349	-1060.014	50.66498	25.14662	3.342796
6280	-1032.875	-1067.277	34.40187	21.86218	3.997926
6290	-1035.999	-1065.282	29.2833	21.77858	4.232004
6300	-1039.341	-1072.964	33.62272	26.09864	4.004667
6310	-1028.664	-1070.247	41.5832	28.84104	3.664891
6320	-1041.207	-1067.097	25.89029	18.15554	4.331207
6330	-1025.666	-1061.752	36.08657	21.58514	3.916446
6340	-1047.984	-1073.45	25.46625	20.75812	4.409513
6350	-1046.166	-1079.683	33.5176	27.62504	3.975727
6360	-1031.148	-1067.906	36.75825	24.97116	3.897402
6370	-1041.656	-1079.022	37.3667	23.57402	3.87752
6380	-1030.713	-1064.92	34.20708	23.16561	4.012621
6390	-1035.337	-1065.513	30.17538	24.13495	4.175227
6400	-1038.999	-1078.419	39.41996	25.03917	3.790508
6410	-1031.109	-1062.753	31.64363	21.29638	4.119542
6420	-1050.652	-1083.333	32.68094	21.52517	4.073594
6430	-1050.244	-1066.658	16.41434	22.4413	4.804139
6440	-1037.496	-1062.549	25.05284	18.61285	4.394512
6450	-1029.024	-1063.05	34.02595	25.15923	4.004302
6460	-1039.869	-1066.624	26.75516	23.17214	4.334204
6470	-1019.118	-1058.743	39.62456	21.13995	3.740149
6480	-1042.674	-1070.192	27.51794	21.25925	4.31319
6490	-1037.85	-1071.192	33.34199	21.32621	4.04023
6500	-1034.882	-1066.538	31.65614	21.00955	4.115313
6510	-1035.993	-1068.742	32.74864	19.23525	4.011629
6520	-1024.654	-1080.059	55.40471	33.11312	3.153493
6530	-1019.169	-1067.049	47.8802	28.98537	3.445104
6540	-1027.767	-1064.998	37.23139	24.84568	3.879385
6550	-1049.142	-1079.699	30.55694	20.50235	4.160063
6560	-1045.318	-1075.691	30.37325	22.07911	4.182522
6570	-1033.146	-1072.351	39.20456	24.20076	3.801149
6580	-1046.533	-1076.675	30.1423	21.42305	4.190933
6590	-1024.994	-1069.991	44.9962	25.28245	3.568648
6600	-1037.012	-1074.494	37.48107	20.50462	3.822417
6610	-1060.826	-1077.613	16.78741	25.74416	4.664983
6620	-1040.02	-1072.296	32.27552	21.40192	4.091122
6630	-1026.028	-1063.447	37.41842	25.03332	3.87049
6640	-1034.482	-1070.981	36.49856	27.2376	3.875382
6650	-1039.084	-1071.245	32.16077	18.90736	4.027552
6660	-1030.346	-1063.231	32.88456	25.61844	4.041979
6670	-1040.774	-1063.116	22.34126	23.08509	4.526688
6680	-1047.047	-1077.388	30.34114	23.43505	4.177016
6690	-1031.906	-1073.288	41.38161	26.80025	3.701099
6700	-1023.467	-1074.332	50.86501	27.71982	3.347622
6710	-1026.597	-1065.02	38.42215	24.77217	3.831819
6720	-1032.347	-1080.408	48.06081	26.7623	3.45192
6730	-1041.732	-1077.36	35.62759	22.24978	3.946323
6740	-1028.18	-1060.556	32.37633	20.10044	4.061188
6750	-1032.38	-1069.265	36.88453	25.26692	3.889645
6760	-1029.737	-1064.271	34.53391	24.45034	3.992036
6770	-1043.857	-1081.559	37.70247	23.73859	3.863534
6780	-1016.076	-1055.048	38.97184	26.46531	3.79543
6790	-1032.526	-1067.511	34.98439	24.80046	3.970301
6800	-1051.802	-1080.229	28.42759	17.8789	4.176098
6810	-1024.065	-1066.819	42.75402	23.83209	3.651627
6820	-1046.436	-1073.272	26.83574	20.33053	4.339793
6830	-1023.941	-1071.234	47.29353	26.32017	3.481024
6840	-1048.099	-1081.804	33.70466	23.9245	4.030687
6850	-1033.145	-1073.069	39.92411	27.8005	3.741018
6860	-1019.81	-1068.979	49.16897	26.50994	3.410215
6870	-1020.097	-1064.131	44.03312	25.38167	3.606828
6880	-1040.801	-1074.464	33.66289	24.11006	4.030943
6890	-1027.102	-1062.983	35.88081	23.89259	3.939838
6900	-1054.238	-1076.681	22.44314	16.74999	4.450605
6910	-1046.724	-1071.076	24.3524	19.84672	4.457873
6920	-1035.532	-1067.937	32.40482	20.65302	4.073171
6930	-1029.872	-1065.328	35.45567	20.85888	3.93086
6940	-1047.64	-1077.978	30.3384	22.38569	4.183813
6950	-1034.467	-1073.088	38.62118	24.38188	3.825016
6960	-1044.408	-1073.863	29.45489	26.36581	4.157608
6970	-1032.934	-1071.046	38.11155	26.5868	3.82624
6980	-1031.029	-1061.801	30.7727	23.6508	4.156425
6990	-1033.831	-1056.738	22.90613	23.18471	4.50003
7000	-1028.796	-1070.658	41.8613	21.45836	3.645025
7010	-1035.032	-1069.76	34.7279	26.91976	3.94698
7020	-1034.655	-1072.982	38.32692	20.15079	3.767281
7030	-1030.008	-1063.916	33.90809	25.88393	3.997563
7040	-1034.865	-1067.992	33.1272	24.66994	4.046899
7050	-1039.584	-1073.731	34.14763	20.74261	3.990936
7060	-1013.582	-1057.522	43.93952	25.20295	3.610341
7070	-1022.067	-1061.561	39.49387	22.70777	3.779469
7080	-1032.151	-1066.768	34.6166	25.13639	3.98112
7090	-1042.256	-1068.173	25.91694	22.63623	4.378312
7100	-1036.544	-1073.936	37.39201	21.69647	3.858155
7110	-1042.448	-1077.378	34.92987	25.35778	3.965806
7120	-1032.264	-1066.81	34.54547	20.37498	3.961895
7130	-1029.91	-1059.441	29.53109	27.34621	4.1281
7140	-1039.457	-1066.141	26.6837	24.25877	4.317291
7150	-1034.555	-1068.316	33.76103	24.95299	4.017671
7160	-1033.095	-1066.785	33.69085	25.44185	4.013359
7170	-1029.347	-1062.472	33.125	19.28953	3.994436
7180	-1026.777	-1064.61	37.83309	22.09665	3.844929
7190	-1021.387	-1059.25	37.86324	23.72527	3.856744
7200	-1026.607	-1061.897	35.28933	25.5473	3.949103
7210	-1025.534	-1062.35	36.816	23.85908	3.900751
7220	-1035.346	-1063.476	28.13011	23.72574	4.26698
7230	-1035.911	-1067.586	31.67504	28.59541	4.015571
7240	-1030.637	-1067.981	37.34389	22.44764	3.871575
7250	-1024.672	-1063.364	38.69189	21.99794	3.804297
7260	-1020.361	-1068.353	47.99125	25.77683	3.453051
7270	-1027.491	-1058.943	31.45218	23.00943	4.132426
7280	-1036.315	-1066.461	30.1457	23.36639	4.186061
7290	-1026.084	-1068.57	42.48577	26.2105	3.664402
7300	-1024.329	-1063.748	39.41867	22.60125	3.781372
7310	-1024.125	-1074.075	49.95011	26.60419	3.381004
7320	-1015.365	-1071.825	56.45998	28.22312	3.147961
7330	-1033.64	-1065.152	31.5125	20.73603	4.117861
7340	-1031.455	-1068.553	37.0986	23.31747	3.88836
7350	-1052.375	-1076.471	24.09588	20.33973	4.474602
7360	-1042.093	-1077.924	35.83123	25.64474	3.926606
7370	-1036.001	-1069.966	33.96481	29.37994	3.914427
7380	-1054.703	-1080.21	25.50762	20.98715	4.407954
7390	-1051.638	-1073.485	21.84742	20.46203	4.584966
7400	-1039.821	-1078.3	38.4788	22.21937	3.817706
7410	-1050.22	-1075.852	25.63144	23.3045	4.380378
7420	-1044.675	-1074.158	29.48272	20.30673	4.209169
7430	-1036.412	-1063.707	27.2944	24.2764	4.291758
7440	-1062.043	-1085.705	23.66201	23.3735	4.463384
7450	-1042.616	-1070.738	28.12223	23.65861	4.268371
7460	-1038.423	-1065.512	27.08912	21.07478	4.33293
7470	-1040.791	-1067.088	26.29706	24.29798	4.332361
7480	-1029.559	-1065.918	36.35868	23.21114	3.919867
7490	-1042.599	-1063.735	21.13598	15.24756	4.396726
7500	-1056.108	-1071.839	15.73104	23.98815	4.779476
7510	-1051.206	-1076.829	25.62317	21.79617	4.399946
7520	-1025.068	-1069.755	44.68722	22.74441	3.551599
7530	-1027.281	-1064.849	37.5685	27.70928	3.827498
7540	-1034.163	-1066.912	32.74846	21.08056	4.064487
7550	-1027.031	-1064.456	37.42545	24.67493	3.87264
7560	-1035.92	-1060.824	24.90379	23.76133	4.402189
7570	-1041.218	-1066.43	25.21162	18.47097	4.381024
7580	-1047.373	-1073.352	25.97813	16.9506	4.255148
7590	-1036.397	-1068.549	32.15228	19.23788	4.042741
7600	-1036.877	-1069.766	32.88975	24.83829	4.054233
7610	-1021.45	-1061.158	39.70807	23.26705	3.776042
7620	-1034.354	-1068.047	33.69354	24.20093	4.028868
7630	-1027.678	-1067.248	39.56914	23.15215	3.781034
7640	-1042.162	-1067.29	25.12766	18.91798	4.399826
7650	-1043.87	-1067.881	24.0115	20.4267	4.479092
7660	-1044.582	-1071.534	26.95235	20.3338	4.334096
7670	-1035.302	-1078.098	42.79559	22.8704	3.637072
7680	-1020.225	-1061.879	41.65406	27.73718	3.679671
7690	-1045.471	-1068.904	23.43319	23.2742	4.475368
7700	-1032.854	-1074.04	41.18629	25.9159	3.716166
7710	-1030.48	-1065.833	35.35315	25.38021	3.948825
7720	-1041.766	-1074.823	33.05673	21.92111	4.059915
7730	-1059.939	-1086.037	26.09737	24.69922	4.33114
7740	-1049.885	-1077.797	27.9116	21.49265	4.295142
7750	-1032.843	-1071.863	39.01958	28.50971	3.760416
7760	-1035.688	-1065.06	29.37214	21.37423	4.226641
7770	-1029.08	-1061.754	32.67473	25.97948	4.043356
7780	-1029.837	-1061.483	31.64596	21.41048	4.120622
7790	-1044.331	-1074.812	30.48085	22.0864	4.177654
7800	-1037.574	-1076.045	38.47146	22.98506	3.827163
7810	-1033.514	-1067.392	33.87812	24.45394	4.018821
7820	-1040.448	-1076.5	36.05127	21.23953	3.911376
7830	-1033.928	-1061.589	27.66071	19.97161	4.293562
7840	-1027.028	-1062.912	35.88399	24.0644	3.939032
7850	-1041.275	-1064.876	23.60058	21.76476	4.493087
7860	-1035.307	-1071.804	36.49716	23.23317	3.91396
7870	-1052.737	-1075.904	23.16738	25.67284	4.419506
7880	-1026.036	-1067.279	41.24286	24.38191	3.717491
7890	-1021.679	-1057.881	36.20203	22.73328	3.924597
7900	-1022.665	-1063.259	40.59372	28.21512	3.710267
7910	-1027.657	-1065.786	38.12982	26.27344	3.829792
7920	-1027.586	-1058.859	31.27231	21.41913	4.138151
7930	-1044.502	-1076.474	31.97195	22.72625	4.110685
7940	-1053.429	-1086.71	33.28054	29.70774	3.928289
7950	-1036.888	-1066.937	30.0495	19.63487	4.16496
7960	-1040.261	-1068.073	27.81222	19.13313	4.265124
7970	-1031.194	-1066.972	35.77869	27.13813	3.903769
7980	-1027.59	-1063.658	36.068	22.38253	3.927834
7990	-1021.443	-1066.702	45.25851	22.48098	3.519882
8000	-1034.352	-1066.864	32.51285	22.36442	4.086631
8010	-1045.228	-1070.584	25.35546	20.75279	4.414835
8020	-1033.823	-1061.771	27.94832	21.01018	4.291799
8030	-1033.869	-1065.302	31.43262	21.87475	4.133802
8040	-1031.312	-1063.984	32.67137	21.57624	4.074575
8050	-1033.894	-1065.185	31.29135	20.85176	4.130393
8060	-1054.75	-1080.299	25.54887	20.98646	4.405988
8070	-1033.046	-1067.741	34.69538	28.59663	3.909917
8080	-1038.28	-1073.462	35.18251	30.40979	3.844941
8090	-1038.547	-1072.985	34.43806	23.00006	4.002653
8100	-1048.715	-1083.004	34.28902	23.66762	4.007672
8110	-1050.87	-1076.337	25.46685	18.21412	4.357037
8120	-1029.809	-1062.395	32.58574	25.81943	4.04989
8130	-1038.461	-1069.787	31.32621	21.31142	4.134602
8140	-1045.079	-1074.59	29.51062	21.31142	4.219795
8150	-1041.865	-1073.399	31.5347	22.7377	4.129893
8160	-1056.216	-1076.84	20.62351	22.95003	4.604552
8170	-1044.659	-1073.138	28.4799	22.05839	4.268344
8180	-1050.311	-1070.26	19.94893	21.33812	4.66806
8190	-1045.58	-1077.548	31.96854	27.50481	4.034918
8200	-1036.348	-1071.68	35.33198	22.75914	3.962984
8210	-1027.123	-1060.156	33.03283	22.33706	4.063287
8220	-1044.95	-1075.527	30.57696	22.618	4.172515
8230	-1057.656	-1076.001	18.3453	21.63398	4.737352
8240	-1045.144	-1070.202	25.05824	21.89762	4.425003
8250	-1042.089	-1072.484	30.39496	27.39707	4.095112
8260	-1032.963	-1067.179	34.2165	27.22821	3.959371
8270	-1021.877	-1060.322	38.44427	22.42563	3.82226
8280	-1044.886	-1075.953	31.06714	22.31429	4.151295
8290	-1028.016	-1073.417	45.40105	25.06051	3.551741
8300	-1043.979	-1079.204	35.2254	24.41138	3.964063
8310	-1028.11	-1067.967	39.85671	27.14186	3.753448
8320	-1037.769	-1066.37	28.60065	23.12035	4.255152
8330	-1017.423	-1059.138	41.71525	22.69868	3.681488
8340	-1046.551	-1071.661	25.10994	18.53464	4.388782
8350	-1033.42	-1066.299	32.87955	20.86489	4.054476
8360	-1036.458	-1072.576	36.11825	23.22602	3.930256
8370	-1053.226	-1074.661	21.43456	21.04777	4.60149
8380	-1023.079	-1061.65	38.5709	20.75779	3.7782
8390	-1041.532	-1064.272	22.73975	19.91011	4.539576
8400	-1027.025	-1061.105	34.08082	28.55147	3.932573
8410	-1044.006	-1068.952	24.9458	23.96814	4.395797
8420	-1046.209	-1075.801	29.59129	22.73987	4.215349
8430	-1036.352	-1060.973	24.62194	24.46063	4.397163
8440	-1031.103	-1065.368	34.26484	25.48628	3.990133
8450	-1040.071	-1070.69	30.6192	20.94713	4.163896
8460	-1040.739	-1072.721	31.98252	22.78552	4.110096
8470	-1030.939	-1067.39	36.45137	23.34529	3.916167
8480	-1039.045	-1079.997	40.95246	25.54936	3.72742
8490	-1025.943	-1068.278	42.33525	23.75427	3.668519
8500	-1021.258	-1056.801	35.54337	22.38744	3.951313
8510	-1037.56	-1067.169	29.6088	17.39063	4.076596
8520	-1039.249	-1071.512	32.26289	20.99981	4.086279
8530	-1058.237	-1077.692	19.45533	20.70002	4.6997
8540	-1029.293	-1067.701	38.40755	19.39515	3.72654
8550	-1043.799	-1080.95	37.15121	20.92151	3.851351
8560	-1053.108	-1081.715	28.60748	29.06839	4.107251
8570	-1043.349	-1070.999	27.64976	21.05555	4.306237
8580	-1051.501	-1078.579	27.07783	24.44819	4.297031
8590	-1052.474	-1082.046	29.57165	22.15578	4.218713
8600	-1042.037	-1079.855	37.81779	25.24321	3.852908
8610	-1025.419	-1064.848	39.42982	24.99301	3.790322
8620	-1025.13	-1067.134	42.00487	28.23982	3.659882
8630	-1043.945	-1074.294	30.34906	21.00054	4.177423
8640	-1043.487	-1072.63	29.14343	22.56299	4.236242
8650	-1031.193	-1061.717	30.52341	23.48037	4.168786
8660	-1040.344	-1066.066	25.72249	21.5434	4.396786
8670	-1040.44	-1071.161	30.72091	21.73813	4.165822
8680	-1038.382	-1072.064	33.68284	26.11841	4.001995
8690	-1043.414	-1068.265	24.85069	22.20758	4.43119
8700	-1035.294	-1068.511	33.21738	21.77815	4.05136
8710	-1042.313	-1073.762	31.44887	21.41086	4.129831
8720	-1033.695	-1069.686	35.99074	22.85712	3.934549
8730	-1055.038	-1085.612	30.57401	18.22681	4.07737
8740	-1039.278	-1077.068	37.78989	25.83645	3.848138
8750	-1035.372	-1071.931	36.55925	22.74802	3.908985
8760	-1033.689	-1065.531	31.84137	24.08285	4.106811
8770	-1040.436	-1081.565	41.12973	22.09408	3.69568
8780	-1047.428	-1073.538	26.1102	19.2131	4.356183
8790	-1045.806	-1069.653	23.84733	21.7376	4.482027
8800	-1035.901	-1072.79	36.88973	28.8269	3.827952
8810	-1040.782	-1067.712	26.92978	22.01428	4.338891
8820	-1006.468	-1062.935	56.46734	30.39262	3.145094
8830	-1036.039	-1075.674	39.63569	25.16679	3.781294
8840	-1023.642	-1061.802	38.15914	23.05238	3.841257
8850	-1032.938	-1066.728	33.78937	26.34587	3.993598
8860	-1017.471	-1060.102	42.63069	24.75297	3.661887
8870	-1020.867	-1061.938	41.07041	24.63593	3.724906
8880	-1027.298	-1065.522	38.22369	22.25818	3.829767
8890	-1035.762	-1064.986	29.22427	20.63045	4.226873
8900	-1037.08	-1063.559	26.4793	20.62445	4.359886
8910	-1037.899	-1062.849	24.95008	17.75064	4.364284
8920	-1024.549	-1057.327	32.77856	19.23907	4.010238
8930	-1045.38	-1078.777	33.39629	20.74473	4.027204
8940	-1035.896	-1072.556	36.65983	26.23664	3.88629
8950	-1041.944	-1075.408	33.46305	22.69667	4.04504
8960	-1045.867	-1083.283	37.41555	20.17327	3.813398
8970	-1034.872	-1069.098	34.22588	25.7415	3.98765
8980	-1031.873	-1064.792	32.91952	19.2323	4.002616
8990	-1027.485	-1062.315	34.82936	24.22478	3.981762
9000	-1047.604	-1078.714	31.10928	19.08359	4.090768
9010	-1040.382	-1068.715	28.33364	19.03606	4.234584
9020	-1044.414	-1069.891	25.47629	22.98267	4.392577
9030	-1044.27	-1067.564	23.29388	20.8127	4.514041
9040	-1031.273	-1067.417	36.14385	20.61674	3.89106
9050	-1040.997	-1074.205	33.20767	22.12883	4.054448
9060	-1025.878	-1063.605	37.72738	20.68634	3.816549
9070	-1033.298	-1062.916	29.61761	22.30087	4.216295
9080	-1034.449	-1070.398	35.94912	19.98085	3.878912
9090	-1031.528	-1069.506	37.97715	22.53243	3.844379
9100	-1029.83	-1063.647	33.81634	29.79381	3.907798
9110	-1024.048	-1065.661	41.61294	26.012	3.699098
9120	-1026.609	-1062.191	35.58219	22.93204	3.952699
9130	-1031.101	-1067.996	36.89515	23.14421	3.896498
9140	-1021.306	-1064.396	43.09013	21.97059	3.603602
9150	-1036.543	-1070.938	34.39436	23.49521	4.00388
9160	-1038.848	-1069.568	30.72037	22.78847	4.165474
9170	-1037.079	-1060.941	23.86222	21.79717	4.480727
9180	-1032.527	-1073.138	40.61162	24.53209	3.74352
9190	-1026.692	-1076.455	49.76213	28.5566	3.38331
9200	-1047.141	-1077.062	29.92169	24.40333	4.181462
9210	-1040.646	-1076.705	36.05936	22.14451	3.925762
9220	-1040.131	-1073.768	33.63676	26.75979	3.990942
9230	-1027.7	-1066.22	38.51971	25.03729	3.826473
9240	-1044.202	-1070.203	26.00085	19.73808	4.373019
9250	-1032.805	-1064.713	31.90745	23.46532	4.109955
9260	-1055.739	-1078.649	22.90983	21.58106	4.526944
9270	-1030.22	-1064.597	34.37699	22.26258	4.002619
9280	-1030.887	-1067.612	36.72489	21.36777	3.882503
9290	-1027.421	-1069.632	42.21097	25.36358	3.678658
9300	-1031.443	-1068.637	37.19418	24.91626	3.880366
9310	-1038.158	-1078.452	40.29405	28.88323	3.708788
9320	-1034.246	-1060.483	26.2369	24.1991	4.337021
9330	-1043.145	-1073.167	30.02157	25.5869	4.154431
9340	-1041.8	-1072.063	30.26252	21.09647	4.182576
9350	-1029.333	-1063.677	34.34439	23.0797	4.006737
9360	-1044.261	-1068.994	24.7326	23.93722	4.405409
9370	-1035.044	-1062.852	27.80833	21.15882	4.299179
9380	-1023.534	-1069.638	46.10417	28.80807	3.508529
9390	-1028.46	-1076.043	47.58375	26.19298	3.469879
9400	-1032.387	-1067.322	34.93461	22.5486	3.979497
9410	-1036.869	-1067.666	30.79642	21.53627	4.161217
9420	-1039.679	-1070.169	30.49026	22.88115	4.175055
9430	-1023.301	-1063.988	40.68655	26.40863	3.7312
9440	-1029.373	-1072.927	43.55446	30.23758	3.572887
9450	-1025.269	-1073.84	48.57116	27.34257	3.431851
9460	-1046.463	-1076.866	30.40237	22.08676	4.181207
9470	-1054.125	-1074.607	20.48141	23.52919	4.595073
9480	-1020.97	-1062.958	41.98875	22.81688	3.671474
9490	-1050.182	-1071.878	21.69553	22.11442	4.574935
9500	-1025.51	-1068.504	42.9939	28.90438	3.614978
9510	-1029.99	-1069.748	39.75825	26.81148	3.761528
9520	-1024.5	-1059.09	34.58993	22.59965	3.995014
9530	-1042.045	-1074.521	32.47633	21.35734	4.081206
9540	-1033.285	-1061.258	27.97281	20.08696	4.280031
9550	-1026.516	-1066.654	40.13767	23.1023	3.755965
9560	-1042.124	-1071.376	29.25223	22.23798	4.232897
9570	-1028.676	-1063.675	34.99831	21.53605	3.966107
9580	-1038.552	-1068.227	29.67484	19.85319	4.189857
9590	-1029.782	-1062.69	32.90799	24.86186	4.053167
9600	-1033.378	-1065.88	32.50175	20.7258	4.069953
9610	-1025.125	-1062.274	37.14833	22.82431	3.88367
9620	-1051.59	-1080.335	28.74454	20.09794	4.241823
9630	-1054.183	-1072.816	18.63323	18.35092	4.735003
9640	-1025.856	-1059.744	33.88882	25.19168	4.009293
9650	-1040.879	-1072.469	31.59012	27.00382	4.061468
9660	-1054.648	-1076.108	21.46021	17.92517	4.567481
9670	-1038.24	-1066.672	28.43231	19.28749	4.23765
9680	-1043.886	-1074.987	31.10103	24.53717	4.131121
9690	-1046.438	-1072.544	26.10635	21.94914	4.376781
9700	-1038.573	-1072.225	33.65122	22.70031	4.036755
9710	-1025.247	-1067.225	41.97838	22.90918	3.673422
9720	-1036.1	-1062.622	26.52174	27.44233	4.235003
9730	-1034.943	-1064.103	29.15989	20.704	4.23093
9740	-1052.643	-1073.169	20.52617	18.58865	4.637222
9750	-1032.979	-1067.786	34.80666	21.84397	3.979194
9760	-1038.271	-1072.579	34.30772	22.28793	4.005901
9770	-1024.689	-1060.835	36.14603	22.76937	3.927277
9780	-1033.696	-1062.19	28.49311	22.98666	4.26127
9790	-1033.461	-1071.882	38.4203	23.05509	3.829949
9800	-1033.251	-1071.109	37.85782	25.55704	3.848468
9810	-1033.006	-1068.221	35.21493	22.98056	3.968833
9820	-1033.584	-1069.248	35.66384	22.66035	3.947867
9830	-1036.761	-1071.337	34.57542	22.42967	3.994802
9840	-1042.104	-1069.545	27.44136	23.63238	4.297588
9850	-1034.466	-1068.143	33.6771	24.33223	4.028294
9860	-1044.317	-1070.139	25.82195	21.19203	4.39304
9870	-1015.067	-1055.896	40.82837	23.84893	3.732524
9880	-1020.457	-1065.961	45.5042	31.45349	3.486631
9890	-1039.225	-1076.689	37.46352	22.59314	3.867797
9900	-1027.243	-1057.097	29.854	22.73216	4.203843
9910	-1041.465	-1061.763	20.29819	17.70043	4.62452
9920	-1030.501	-1067.393	36.89132	20.13644	3.83797
9930	-1049.223	-1072.906	23.68237	23.85413	4.451339
9940	-1044.605	-1073.31	28.70518	23.35045	4.247912
9950	-1046.344	-1075.347	29.0037	21.60833	4.244633
9960	-1029.321	-1074.209	44.88785	27.89625	3.561511
9970	-1029.675	-1075.297	45.6221	29.00371	3.52277
9980	-1049.321	-1079.868	30.54725	18.95467	4.114914
9990	-1024.141	-1067.632	43.49123	27.69416	3.613923
10000	-1034.741	-1075.405	40.66397	25.6259	3.73827
