Iteration	Posterior	Likelihood	Prior	br_len_lambda	tree_length
0	-1047.963	-1070.945	22.98186	26.29535	4.405579
10	-1041.267	-1074.092	32.82514	22.50585	4.072987
20	-1029.529	-1070.165	40.63583	22.91429	3.732093
30	-1042.086	-1078.663	36.57696	21.86411	3.898465
40	-1044.029	-1072.405	28.37585	20.67954	4.26854
50	-1051.174	-1080.12	28.94685	22.13055	4.246989
60	-1027.05	-1065.312	38.26136	21.78614	3.819912
70	-1036.018	-1065.501	29.48313	25.1577	4.184897
80	-1021.859	-1056.973	35.11424	21.21986	3.95511
90	-1048.275	-1071.064	22.78949	19.84538	4.536612
100	-1026.354	-1058.427	32.07265	19.47392	4.056147
110	-1047.908	-1068.378	20.46963	17.21672	4.594001
120	-1045.904	-1074.083	28.1786	23.00155	4.274786
130	-1025.285	-1067.502	42.21759	22.44098	3.654322
140	-1027.401	-1061.639	34.23873	25.29407	3.993975
150	-1031.069	-1057.645	26.57581	16.56037	4.187616
160	-1030.258	-1061.927	31.66919	25.71338	4.087537
170	-1037.366	-1072.685	35.31848	23.00584	3.964387
180	-1041.612	-1078.351	36.73903	23.42502	3.903995
190	-1024.555	-1066.266	41.71051	25.87869	3.696154
200	-1031.769	-1067.793	36.0238	22.6751	3.932078
210	-1030.961	-1066.369	35.40823	27.7292	3.905025
220	-1038.779	-1070.925	32.14584	20.42501	4.080832
230	-1049.973	-1080.79	30.81724	23.40167	4.157006
240	-1040.352	-1073.919	33.56699	21.84434	4.035949
250	-1043.215	-1077.198	33.98276	22.37428	4.020956
260	-1036.276	-1072.963	36.68629	21.07908	3.87765
270	-1040.618	-1078.25	37.63277	26.25888	3.848908
280	-1025.754	-1060.653	34.89859	21.37213	3.968048
290	-1045.886	-1071.751	25.86516	19.91466	4.382666
300	-1045.063	-1069.826	24.7631	23.68014	4.409889
310	-1045.477	-1070.395	24.91774	18.59654	4.401234
320	-1025.142	-1073.215	48.07244	22.17853	3.384494
330	-1025.656	-1065.28	39.62415	21.58307	3.752505
340	-1027.611	-1068.032	40.42069	25.80838	3.74652
350	-1036.29	-1068.359	32.06902	24.58303	4.091033
360	-1059.543	-1076.991	17.44845	21.47178	4.78242
370	-1035.983	-1075.164	39.18098	22.24945	3.786613
380	-1034.75	-1069.79	35.03976	23.92985	3.974855
390	-1027.963	-1062.311	34.34746	21.60367	3.997269
400	-1043.004	-1089.401	46.39777	27.32673	3.511432
410	-1028.147	-1074.546	46.39839	29.96328	3.483011
420	-1055.165	-1075.958	20.79288	23.38425	4.585843
430	-1056.22	-1077.871	21.65165	18.54196	4.575547
440	-1035.209	-1065.423	30.21397	19.5395	4.153677
450	-1035.333	-1059.598	24.26442	24.79338	4.402747
460	-1028.25	-1074.31	46.05989	25.68493	3.527827
470	-1026.673	-1058.011	31.33858	23.89696	4.129899
480	-1019.523	-1063.499	43.97583	28.06879	3.592189
490	-1038.661	-1066.49	27.82853	26.34003	4.220015
500	-1033.941	-1063.172	29.23112	25.02408	4.197738
510	-1021.104	-1067.444	46.34011	23.9925	3.50353
520	-1030.212	-1066.022	35.81001	24.01963	3.942306
530	-1036.168	-1068.79	32.62188	22.71034	4.082095
540	-1038.348	-1069.834	31.48555	25.14802	4.105475
550	-1044.262	-1077.87	33.60791	25.71503	4.012111
560	-1036.66	-1070.699	34.03896	24.76869	4.008801
570	-1025.67	-1071.69	46.02041	24.38369	3.521563
580	-1044.97	-1068.203	23.23321	20.18123	4.51646
590	-1050.785	-1082.042	31.25704	19.59969	4.10231
600	-1034.267	-1068.86	34.59291	23.93938	3.993473
610	-1015.214	-1057.993	42.77937	26.35404	3.652315
620	-1028.976	-1059.703	30.72623	19.90422	4.138291
630	-1029.042	-1064.854	35.81121	25.25078	3.93231
640	-1051.741	-1069.463	17.72179	20.9314	4.779869
650	-1038.051	-1072.269	34.21853	25.89266	3.985421
660	-1037.035	-1070.977	33.94185	20.10155	3.983339
670	-1038.511	-1062.544	24.03308	23.72996	4.439565
680	-1028.207	-1065.327	37.11917	29.40503	3.806459
690	-1040.027	-1065.939	25.91172	22.1383	4.384065
700	-1034.803	-1063.014	28.21098	26.983	4.187216
710	-1039.322	-1073.204	33.88199	21.58977	4.01864
720	-1042.867	-1064.042	21.17497	19.12136	4.611863
730	-1032.303	-1068.219	35.91578	22.30749	3.933941
740	-1035.555	-1070.192	34.63647	19.07973	3.905742
750	-1027.101	-1076.399	49.2979	26.3793	3.405041
760	-1042.848	-1077.148	34.29919	23.54323	4.00776
770	-1035.769	-1066.601	30.83259	26.35813	4.105537
780	-1027.182	-1059.009	31.82653	23.34851	4.114251
790	-1030.717	-1065.214	34.49782	22.84585	3.999842
800	-1041.37	-1072.44	31.0694	19.22621	4.098578
810	-1033.476	-1070.811	37.33559	21.49083	3.856628
820	-1044.996	-1076.718	31.72275	22.9294	4.121008
830	-1022.216	-1066.367	44.15081	24.24042	3.597105
840	-1029.633	-1058.252	28.61942	21.21094	4.261136
850	-1035.09	-1064.492	29.4028	20.5831	4.217555
860	-1044.943	-1074.299	29.35569	27.51535	4.129606
870	-1036.337	-1068.793	32.45546	19.37869	4.032772
880	-1030.707	-1057.978	27.2707	23.28853	4.310274
890	-1054.957	-1079.129	24.17231	19.33013	4.459324
900	-1048.147	-1081.956	33.80951	26.24564	3.994759
910	-1050.106	-1086.172	36.06529	25.79418	3.915475
920	-1027.504	-1062.209	34.70547	22.41645	3.988924
930	-1040.82	-1068.843	28.02309	22.45726	4.286728
940	-1051.132	-1077.018	25.88608	23.48993	4.366107
950	-1049.155	-1070.147	20.99161	26.95482	4.455875
960	-1030.894	-1060.619	29.7256	20.50354	4.200631
970	-1043.214	-1067.492	24.2774	19.79341	4.461026
980	-1036.601	-1067.737	31.13645	23.00943	4.146148
990	-1031.571	-1064.073	32.50214	22.61611	4.087398
1000	-1023.44	-1067.692	44.25191	28.50849	3.576904
1010	-1057.725	-1083.552	25.82663	19.0454	4.366541
1020	-1036.869	-1074.874	38.00491	29.38558	3.776785
1030	-1028.111	-1060.696	32.58555	20.6256	4.063842
1040	-1032.939	-1073.523	40.58374	22.17985	3.722176
1050	-1014.923	-1058.988	44.06528	25.66121	3.605509
1060	-1027.422	-1062.752	35.33085	19.02113	3.866198
1070	-1038.763	-1075.588	36.82462	26.97922	3.868057
1080	-1045.756	-1074.766	29.00924	26.02284	4.183359
1090	-1047.285	-1073.813	26.52775	18.48926	4.310501
1100	-1046.935	-1065.808	18.87364	19.6457	4.734147
1110	-1039.419	-1067.726	28.30681	22.97331	4.269519
1120	-1031.153	-1058.987	27.83448	22.84642	4.291501
1130	-1035.194	-1070.951	35.7576	22.85377	3.944734
1140	-1042.183	-1066.298	24.11579	21.00935	4.474214
1150	-1057.812	-1079.207	21.39514	22.36867	4.583662
1160	-1030.785	-1055.899	25.11418	22.34647	4.417678
1170	-1035.373	-1064.796	29.42331	23.2525	4.218229
1180	-1024.832	-1061.609	36.77717	22.45737	3.896918
1190	-1037.48	-1074.357	36.87721	28.0048	3.846428
1200	-1036.468	-1078.01	41.54202	23.05092	3.69449
1210	-1033.656	-1068.729	35.073	20.79742	3.947704
1220	-1050.886	-1081.277	30.39064	21.43997	4.179457
1230	-1056.148	-1077.535	21.3869	23.6496	4.553308
1240	-1019.929	-1057.09	37.16111	24.65702	3.883462
1250	-1031.834	-1069.428	37.59452	19.46833	3.772306
1260	-1043.647	-1076.519	32.87116	19.58162	4.01928
1270	-1032.574	-1064.512	31.93828	24.27662	4.100463
1280	-1041.285	-1069.532	28.24686	22.19555	4.27832
1290	-1034.707	-1067.496	32.78948	23.31944	4.073153
1300	-1027.8	-1073.64	45.84055	26.15417	3.536476
1310	-1039.24	-1074.476	35.23595	25.31943	3.954228
1320	-1038.875	-1076.15	37.27571	24.16536	3.880953
1330	-1030.835	-1064.531	33.69609	23.43241	4.033867
1340	-1050.041	-1075.568	25.52731	22.11219	4.401686
1350	-1040.673	-1071.314	30.64145	26.0316	4.120437
1360	-1046.017	-1074.779	28.76266	21.37478	4.255158
1370	-1034.146	-1059.354	25.20736	20.69143	4.421797
1380	-1031.866	-1067.44	35.57398	20.15909	3.90419
1390	-1021.467	-1059.898	38.43109	21.76805	3.811754
1400	-1019.557	-1062.256	42.69928	25.09603	3.659563
1410	-1033.19	-1069.05	35.85917	21.88727	3.931615
1420	-1020.672	-1061.579	40.9074	25.34239	3.73014
1430	-1022.784	-1066.81	44.02591	25.37588	3.607109
1440	-1037.188	-1065.37	28.18201	22.61438	4.278433
1450	-1033.005	-1065.4	32.39574	20.95459	4.079211
1460	-1025.204	-1059.573	34.36877	23.8136	4.003577
1470	-1047.205	-1070.214	23.00878	22.66505	4.506246
1480	-1038.638	-1064.548	25.90973	23.46496	4.365561
1490	-1029.862	-1073.825	43.96358	28.21299	3.590859
1500	-1023.553	-1063.934	40.38125	23.62948	3.75002
1510	-1037.621	-1071.21	33.58894	24.96946	4.024344
1520	-1037.021	-1065.416	28.39507	25.15413	4.228228
1530	-1051.504	-1079.275	27.77065	19.23843	4.270518
1540	-1053.63	-1069.565	15.93422	19.72882	4.883109
1550	-1029.483	-1063.157	33.67398	22.73187	4.0358
1560	-1046.991	-1072.201	25.20987	18.64216	4.387053
1570	-1035.849	-1074.146	38.29638	23.49664	3.837808
1580	-1041.356	-1072.331	30.97544	20.31667	4.135875
1590	-1048.596	-1082.357	33.76107	24.20831	4.026011
1600	-1036.994	-1072.174	35.18043	20.00748	3.918361
1610	-1020.65	-1062.563	41.91285	23.91652	3.687544
1620	-1014.414	-1059.445	45.03119	24.57922	3.563724
1630	-1027.23	-1068.558	41.32784	22.61856	3.697201
1640	-1027.923	-1068.627	40.7046	21.66768	3.704721
1650	-1032.598	-1073.064	40.46597	27.31368	3.728682
1660	-1031.923	-1069.637	37.7138	27.02659	3.834323
1670	-1023.184	-1068.265	45.0805	24.95962	3.564072
1680	-1029.833	-1068.643	38.80973	23.85604	3.817182
1690	-1033.864	-1066.239	32.37478	28.64256	3.989781
1700	-1031.873	-1064.64	32.76758	27.35069	4.009638
1710	-1013.678	-1056.033	42.3546	25.64339	3.672236
1720	-1018.545	-1057.695	39.15015	22.97463	3.797535
1730	-1010.548	-1055.511	44.96277	30.07863	3.529007
1740	-1023.481	-1068.431	44.95002	24.78353	3.56837
1750	-1042.513	-1063.657	21.1437	17.63491	4.574101
1760	-1040.882	-1065.758	24.87617	20.14688	4.434751
1770	-1023.359	-1058.594	35.23566	25.50294	3.951814
1780	-1032.396	-1066.833	34.43729	20.6691	3.975166
1790	-1027.723	-1059.396	31.6724	19.44551	4.075667
1800	-1035.022	-1070.131	35.10929	19.63522	3.907281
1810	-1046.203	-1076.54	30.33755	24.8695	4.156416
1820	-1045.075	-1069.974	24.89886	21.51289	4.4352
1830	-1023.952	-1062.38	38.42797	25.33865	3.828007
1840	-1032.203	-1072.565	40.36227	24.08784	3.75301
1850	-1032.975	-1067.504	34.52896	22.66093	3.997952
1860	-1027.672	-1060.248	32.5761	21.92811	4.081886
1870	-1031.825	-1064.379	32.55368	24.39126	4.073755
1880	-1033.768	-1066.17	32.40184	21.65596	4.087805
1890	-1026.745	-1068.944	42.19914	25.21441	3.679382
1900	-1042.738	-1073.957	31.21947	21.66134	4.142437
1910	-1055.354	-1078.415	23.06074	18.22452	4.4895
1920	-1037.456	-1063.608	26.15191	21.21278	4.377467
1930	-1037.242	-1077.146	39.90326	27.5835	3.745221
1940	-1030.02	-1067.782	37.7617	28.32367	3.808419
1950	-1018.465	-1057.846	39.38147	22.10082	3.774934
1960	-1035.023	-1069.488	34.46466	21.57284	3.991413
1970	-1041.727	-1060.126	18.399	20.32116	4.754856
1980	-1028.348	-1063.817	35.46937	22.53974	3.955724
1990	-1025.391	-1061.562	36.17119	23.09438	3.927633
2000	-1045.078	-1071.863	26.78496	20.69114	4.345551
2010	-1046.652	-1079.948	33.29544	22.19536	4.050861
2020	-1047.212	-1077.811	30.5982	21.99375	4.172219
2030	-1040.032	-1076.29	36.2585	21.98966	3.914805
2040	-1032.013	-1068.416	36.40327	22.28923	3.911893
2050	-1040.19	-1071.229	31.03906	21.90801	4.151913
2060	-1037.771	-1071.752	33.98043	22.96483	4.022553
2070	-1044.668	-1082.386	37.71712	25.93024	3.849858
2080	-1039.426	-1068.75	29.32331	18.87748	4.176426
2090	-1034.09	-1067.907	33.81758	21.14907	4.015002
2100	-1031.504	-1075.778	44.27373	25.56357	3.597425
2110	-1018.737	-1057.852	39.11457	24.83984	3.803613
2120	-1037.421	-1065.135	27.71429	23.82004	4.282906
2130	-1027.15	-1057.652	30.50226	21.48418	4.17455
2140	-1041.674	-1071.607	29.93333	21.71616	4.20199
2150	-1048.639	-1075.461	26.82174	20.76473	4.344255
2160	-1032.179	-1061.404	29.22482	24.91588	4.200219
2170	-1027.476	-1062.727	35.25109	30.18489	3.848952
2180	-1040.076	-1077.516	37.44006	21.16176	3.844043
2190	-1030.739	-1064.088	33.34883	22.78138	4.05013
2200	-1030.482	-1062.939	32.45764	21.04337	4.077704
2210	-1029.904	-1060.093	30.1888	21.64104	4.189933
2220	-1031.819	-1070.517	38.69759	25.74058	3.813943
2230	-1027.064	-1064.765	37.70141	21.42181	3.838056
2240	-1030.755	-1068.549	37.79377	21.86745	3.842872
2250	-1035.393	-1068.358	32.96508	19.55137	4.013335
2260	-1050.338	-1084.345	34.00733	21.80716	4.015401
2270	-1020.535	-1051.057	30.52204	23.1229	4.172029
2280	-1043.118	-1067.46	24.34148	22.32822	4.452509
2290	-1024.826	-1063.291	38.46488	25.92943	3.821029
2300	-1034.505	-1055.997	21.49187	19.56423	4.600263
2310	-1039.496	-1068.495	28.99885	20.74726	4.239211
2320	-1032.988	-1065.306	32.31802	21.6279	4.091428
2330	-1022.178	-1068.74	46.56226	30.16762	3.474486
2340	-1038.36	-1066.833	28.47357	22.30424	4.267577
2350	-1043.406	-1068.683	25.27689	18.1887	4.366401
2360	-1064.623	-1084.665	20.04181	20.18692	4.674578
2370	-1043.666	-1070.973	27.30776	20.43191	4.31778
2380	-1036.799	-1068.263	31.46411	25.27577	4.104008
2390	-1022.69	-1068.139	45.44828	24.6699	3.547462
2400	-1042.151	-1072.448	30.29659	20.47414	4.172263
2410	-1032.949	-1067.989	35.04047	21.92645	3.969483
2420	-1029.25	-1061.545	32.29436	24.66192	4.080771
2430	-1030.004	-1059.72	29.71557	21.00448	4.207628
2440	-1041.871	-1064.857	22.98512	18.19968	4.492786
2450	-1019.007	-1057.859	38.8519	22.704	3.807696
2460	-1011.911	-1060.177	48.26625	28.78781	3.433664
2470	-1025.31	-1070.305	44.9949	21.07225	3.483188
2480	-1040.503	-1075.384	34.8806	24.4205	3.978111
2490	-1039.391	-1072.397	33.00605	23.82348	4.060723
2500	-1046.827	-1072.912	26.08446	18.36971	4.329734
2510	-1047.393	-1075.134	27.74135	18.63886	4.251126
2520	-1035.676	-1071.147	35.47087	23.16576	3.958067
2530	-1029.391	-1065.298	35.9074	24.92193	3.931956
2540	-1028.706	-1069.477	40.77092	25.25078	3.735893
2550	-1015.806	-1060.604	44.79879	24.64718	3.573641
2560	-1046.953	-1072.504	25.5504	19.88855	4.39811
2570	-1022.837	-1058.148	35.31122	23.20201	3.964988
2580	-1030.331	-1064.186	33.8554	23.05608	4.027948
2590	-1029.869	-1060.607	30.73741	20.37899	4.148874
2600	-1047.357	-1071.475	24.11747	22.86368	4.453887
2610	-1038.211	-1074.06	35.84906	29.74011	3.840982
2620	-1016.033	-1058.06	42.02783	21.89268	3.649921
2630	-1025.024	-1065.433	40.40903	28.67121	3.708756
2640	-1055.847	-1077.75	21.9027	20.15055	4.582346
2650	-1032.069	-1071.679	39.60985	27.78762	3.752536
2660	-1040.411	-1069.511	29.10065	24.91013	4.205321
2670	-1054.675	-1079.815	25.13997	23.31264	4.401313
2680	-1049.546	-1077.22	27.6731	19.91777	4.29194
2690	-1016.501	-1054.76	38.25978	25.79969	3.83034
2700	-1035.3	-1072.283	36.98321	24.44377	3.891895
2710	-1041.263	-1079.597	38.33384	26.14779	3.823571
2720	-1034.237	-1075.664	41.42721	20.75501	3.640487
2730	-1057.079	-1087.829	30.74984	21.85488	4.16495
2740	-1069.672	-1083.494	13.82128	19.49061	4.993185
2750	-1039.807	-1073.324	33.51718	20.36423	4.012073
2760	-1032.53	-1073.375	40.84593	24.51572	3.733954
2770	-1048.945	-1085.868	36.92326	22.79044	3.893294
2780	-1042.349	-1069.148	26.7989	19.85225	4.334701
2790	-1043.409	-1071.43	28.02032	19.05355	4.251633
2800	-1051.121	-1074.919	23.7981	19.9326	4.486626
2810	-1070.264	-1087.432	17.16806	20.51471	4.812933
2820	-1048.226	-1076.098	27.87173	27.21051	4.192932
2830	-1039.173	-1076.297	37.12347	23.32919	3.88733
2840	-1043.963	-1080.673	36.70987	21.33191	3.882432
2850	-1034.633	-1073.651	39.01735	25.9503	3.799513
2860	-1036.884	-1073.35	36.46602	22.42906	3.910507
2870	-1040.346	-1066.021	25.67445	20.54586	4.398477
2880	-1026.774	-1063.04	36.26581	22.60754	3.920918
2890	-1022.872	-1067.776	44.90402	28.42552	3.555041
2900	-1047.86	-1086.162	38.30183	25.31178	3.833201
2910	-1040.062	-1064.892	24.82991	21.57501	4.438014
2920	-1034.775	-1065.094	30.31865	21.09055	4.179854
2930	-1032.864	-1059.91	27.0465	22.17362	4.33256
2940	-1031.646	-1061.504	29.85871	20.18831	4.188307
2950	-1031.421	-1069.944	38.52271	24.23075	3.829294
2960	-1042.77	-1079.838	37.06775	23.48033	3.890071
2970	-1047.019	-1082.619	35.59963	21.03974	3.92831
2980	-1044.638	-1079.584	34.94592	26.88337	3.939603
2990	-1040.968	-1078.482	37.5145	20.42046	3.817822
3000	-1057.411	-1079.275	21.86404	21.93447	4.570293
3010	-1047.179	-1071.301	24.12244	19.7114	4.467849
3020	-1021.642	-1059.573	37.93055	23.17126	3.851922
3030	-1028.4	-1060.987	32.58717	26.96854	4.02537
3040	-1038.557	-1068.99	30.43274	23.46322	4.172823
3050	-1045.02	-1075.001	29.98147	25.1339	4.165569
3060	-1033.591	-1069.505	35.91327	21.50408	3.923051
3070	-1042.661	-1077.502	34.84032	20.9377	3.962172
3080	-1046.653	-1078.885	32.23241	21.06318	4.088707
3090	-1041.754	-1062.834	21.07971	18.2361	4.598534
3100	-1036.964	-1082.616	45.65271	25.99807	3.543801
3110	-1022.041	-1070.858	48.81725	30.62993	3.393568
3120	-1020.742	-1065.312	44.57014	25.5901	3.585837
3130	-1034.005	-1063.359	29.35401	26.70407	4.152493
3140	-1021.32	-1067.852	46.5328	26.04216	3.509979
3150	-1043.116	-1079.533	36.41658	26.61315	3.889553
3160	-1034.604	-1063.801	29.19743	21.4788	4.235264
3170	-1054.137	-1079.166	25.02922	19.03972	4.408265
3180	-1042.002	-1070.267	28.26564	20.74622	4.274541
3190	-1051.16	-1065.036	13.87602	18.06513	4.992131
3200	-1038.455	-1068.799	30.34372	25.95777	4.133581
3210	-1023.445	-1061.567	38.12166	23.81704	3.845986
3220	-1032.639	-1077.566	44.9271	25.41498	3.571669
3230	-1036.642	-1087.519	50.87698	26.24872	3.344479
3240	-1040.834	-1074.075	33.24074	23.5186	4.052855
3250	-1060.25	-1080.329	20.07957	19.20601	4.669998
3260	-1058.906	-1081.445	22.53888	19.34852	4.544084
3270	-1035.417	-1072.119	36.70272	21.58044	3.887813
3280	-1021.81	-1061.466	39.6555	24.28913	3.782582
3290	-1038.242	-1067.792	29.54956	21.03821	4.215851
3300	-1049.082	-1075.781	26.69878	21.7271	4.350893
3310	-1033.9	-1075.398	41.49829	25.76225	3.705022
3320	-1032.727	-1071.516	38.78927	28.78775	3.762867
3330	-1032.646	-1065.626	32.98014	24.42526	4.055878
3340	-1059.511	-1094.094	34.58249	21.17589	3.979347
3350	-1051.494	-1069.735	18.24112	18.06205	4.750429
3360	-1043.598	-1067.635	24.03705	18.39562	4.442084
3370	-1038.801	-1072.409	33.60858	24.57771	4.028467
3380	-1032.179	-1073.808	41.62899	27.74404	3.68048
3390	-1031.499	-1081.888	50.38989	27.57081	3.365065
3400	-1030.88	-1068.529	37.64855	27.08463	3.83577
3410	-1028.592	-1069.698	41.10551	28.32152	3.690397
3420	-1024.056	-1064.115	40.05847	22.7262	3.754861
3430	-1035.672	-1065.382	29.71014	20.37722	4.199251
3440	-1029.163	-1066.814	37.65101	24.35421	3.864902
3450	-1046.012	-1077.93	31.91791	22.70079	4.11311
3460	-1045.337	-1071.621	26.28372	18.83607	4.336109
3470	-1029.909	-1072.873	42.96348	24.92605	3.648836
3480	-1038.681	-1068.225	29.54388	27.32244	4.128309
3490	-1042.339	-1078.833	36.49368	22.30327	3.907989
3500	-1057.273	-1086.711	29.43778	20.41949	4.213326
3510	-1058.199	-1088.781	30.58259	22.82288	4.171342
3520	-1031.466	-1065.564	34.09772	23.73248	4.015419
3530	-1046.244	-1071.971	25.72726	27.06607	4.276532
3540	-1027.244	-1064.648	37.40439	25.90239	3.862261
3550	-1030.689	-1070.1	39.41192	23.46453	3.790139
3560	-1044	-1073.494	29.49379	19.75315	4.196449
3570	-1053.463	-1073.235	19.77214	21.5451	4.67296
3580	-1025.523	-1070.711	45.18759	27.34545	3.555576
3590	-1011.624	-1060.935	49.31048	25.25863	3.397778
3600	-1028.36	-1062.838	34.47722	23.45591	4.000468
3610	-1030.888	-1060.542	29.65338	22.51943	4.213854
3620	-1039.068	-1066.027	26.95894	21.67105	4.339097
3630	-1034.402	-1059.119	24.71724	19.16431	4.427598
3640	-1042.873	-1066.953	24.07977	21.36874	4.474281
3650	-1044.216	-1067.746	23.52956	19.68337	4.497604
3660	-1023.15	-1060.037	36.88715	23.20688	3.897083
3670	-1033.729	-1071.529	37.7991	23.64265	3.859321
3680	-1023.535	-1064.319	40.78416	24.64593	3.736525
3690	-1027.792	-1073.255	45.46364	21.15796	3.464723
3700	-1021.356	-1068.72	47.36351	25.34946	3.475428
3710	-1035.26	-1068.763	33.50348	25.78055	4.015032
3720	-1036.091	-1072.585	36.49451	22.22945	3.907127
3730	-1040.245	-1070.81	30.56424	23.97554	4.161287
3740	-1041.032	-1070.469	29.43753	20.88054	4.219614
3750	-1031.118	-1067.346	36.22871	26.05433	3.90547
3760	-1027.957	-1075.728	47.77057	25.27424	3.458855
3770	-1030.542	-1074.281	43.73891	27.37027	3.608315
3780	-1032.973	-1071.26	38.28729	22.28883	3.827361
3790	-1039.466	-1076.368	36.9015	22.92542	3.895129
3800	-1028.886	-1067.514	38.6279	22.61769	3.816559
3810	-1047.469	-1074.245	26.77588	21.25515	4.348093
3820	-1016.675	-1056.827	40.15238	22.21747	3.742349
3830	-1037.231	-1071.167	33.93577	19.70119	3.969608
3840	-1049.888	-1079.553	29.66498	21.26573	4.212242
3850	-1022.691	-1062.561	39.86958	25.21375	3.771775
3860	-1024.261	-1058.556	34.29573	22.45963	4.007424
3870	-1023.179	-1061.797	38.61733	23.92458	3.825347
3880	-1054.916	-1079.641	24.72524	19.4796	4.433544
3890	-1023.182	-1063.701	40.5187	26.13815	3.740097
3900	-1028.529	-1064.803	36.27404	22.84637	3.922097
3910	-1032.13	-1061.6	29.46975	25.53691	4.177135
3920	-1039.858	-1067.438	27.5801	20.31725	4.303004
3930	-1043.256	-1072.427	29.17108	21.56018	4.236759
3940	-1041.255	-1070.069	28.8137	23.25111	4.244462
3950	-1039.353	-1069.327	29.97396	22.95907	4.197058
3960	-1039.154	-1066.8	27.64613	20.66465	4.303691
3970	-1031.617	-1065.257	33.64035	22.38458	4.036305
3980	-1038.539	-1066.524	27.98497	21.46315	4.291695
3990	-1019.644	-1058.07	38.42596	26.91933	3.809613
4000	-1021.52	-1065.449	43.92848	28.63919	3.586453
4010	-1044.968	-1081.958	36.98954	23.23286	3.892766
4020	-1028.962	-1065.357	36.39536	26.11826	3.898142
4030	-1022.355	-1057.92	35.56547	25.2026	3.94261
4040	-1054.921	-1077.993	23.07244	22.68079	4.503142
4050	-1058.389	-1083.18	24.7907	21.49396	4.440342
4060	-1037.64	-1071.889	34.24863	21.87826	4.005105
4070	-1031.538	-1069.711	38.17289	22.56861	3.836118
4080	-1003.216	-1055.945	52.72948	27.94291	3.280401
4090	-1023.185	-1065.77	42.58498	21.45899	3.611321
4100	-1015.403	-1065.455	50.0515	27.38217	3.377663
4110	-1025.939	-1064.533	38.5941	24.11517	3.826413
4120	-1043.632	-1073.659	30.02777	23.13919	4.193264
4130	-1031.65	-1060.477	28.8264	23.48904	4.240945
4140	-1023.386	-1069.809	46.42306	24.47632	3.506054
4150	-1040.976	-1077.97	36.99357	25.89632	3.8782
4160	-1025.87	-1061.237	35.36675	21.63681	3.950603
4170	-1031.548	-1064.976	33.42798	24.73251	4.033928
4180	-1032.676	-1064.648	31.97161	20.54978	4.092066
4190	-1021.673	-1058.535	36.86136	20.34645	3.847227
4200	-1025.384	-1064.821	39.43684	23.41135	3.788738
4210	-1029.935	-1067.535	37.59989	27.20344	3.83554
4220	-1038.239	-1072.845	34.60582	23.23176	3.995368
4230	-1024.17	-1066.727	42.55762	24.32328	3.663279
4240	-1055.953	-1080.466	24.51342	20.40253	4.454405
4250	-1040.726	-1076.995	36.26915	24.54471	3.920446
4260	-1042.197	-1076.159	33.96181	20.71287	3.999205
4270	-1037.559	-1065.432	27.87319	21.218	4.296342
4280	-1033.894	-1066.074	32.1798	19.25034	4.041828
4290	-1040.385	-1072.279	31.89345	20.21583	4.088218
4300	-1034.554	-1072.605	38.05083	20.22514	3.78401
4310	-1028.397	-1070.962	42.56477	29.56628	3.618367
4320	-1040.664	-1080.483	39.81932	29.74129	3.707458
4330	-1036.165	-1074.565	38.40079	24.74944	3.832787
4340	-1027.334	-1076.971	49.63678	26.80735	3.39308
4350	-1037.882	-1069.104	31.22131	26.28978	4.092365
4360	-1025.872	-1058.42	32.54893	21.41936	4.078552
4370	-1037.957	-1064.101	26.14465	20.11305	4.371374
4380	-1035.015	-1059.308	24.29231	22.71688	4.448761
4390	-1027.695	-1067.5	39.80511	28.02832	3.741475
4400	-1013.103	-1058.144	45.04132	24.77643	3.564643
4410	-1042.813	-1079.319	36.50598	24.80195	3.908936
4420	-1037.272	-1075.141	37.8688	21.35632	3.828694
4430	-1042.722	-1074.353	31.63044	25.39884	4.095154
4440	-1028.141	-1065.747	37.60646	23.74118	3.86758
4450	-1037.834	-1071.883	34.04879	21.9957	4.015347
4460	-1041.707	-1069.706	27.9995	28.32707	4.152973
4470	-1027.471	-1058.243	30.77214	19.96456	4.137586
4480	-1020.961	-1061.269	40.30766	22.26906	3.736345
4490	-1030.754	-1063.625	32.87092	21.09078	4.058843
4500	-1042.356	-1071.55	29.19389	23.95452	4.218769
4510	-1044.385	-1078.337	33.95197	22.57351	4.02316
4520	-1030.607	-1069.28	38.67356	22.82472	3.81685
4530	-1026.076	-1068.529	42.45369	26.26886	3.66525
4540	-1036.938	-1070.629	33.69112	19.33283	3.967009
4550	-1031.223	-1065.259	34.03628	23.93351	4.016765
4560	-1035.668	-1066.955	31.28679	21.92115	4.140657
4570	-1033.657	-1066.417	32.75963	23.93564	4.070087
4580	-1040.697	-1066.336	25.63878	20.26258	4.398063
4590	-1039.495	-1065.584	26.0894	24.2222	4.342605
4600	-1030.286	-1064.058	33.77284	22.284	4.029877
4610	-1040.412	-1078.98	38.56849	27.67341	3.792043
4620	-1037.713	-1069.341	31.62783	22.4569	4.126212
4630	-1047.655	-1074.644	26.98837	19.27311	4.312127
4640	-1032.492	-1063.945	31.45292	23.92405	4.124811
4650	-1045.932	-1071.29	25.35805	20.27493	4.412024
4660	-1037.048	-1062.209	25.16102	19.66488	4.414422
4670	-1035.717	-1068.399	32.68195	25.37415	4.054176
4680	-1016.513	-1066.529	50.01573	25.47861	3.372048
4690	-1021.409	-1057.643	36.23373	25.90751	3.907384
4700	-1026.129	-1065.322	39.19359	26.16408	3.790514
4710	-1049.053	-1078.63	29.57736	21.63989	4.218183
4720	-1032.993	-1078.925	45.93176	23.14581	3.506084
4730	-1044.154	-1073.629	29.47475	26.43467	4.155076
4740	-1019.749	-1063.615	43.86529	24.16848	3.608292
4750	-1019.598	-1066.005	46.40653	26.2306	3.514803
4760	-1034.409	-1062.924	28.51426	24.98427	4.227257
4770	-1036.381	-1073.093	36.71211	24.52733	3.902504
4780	-1035.767	-1070.724	34.95654	26.21927	3.951511
4790	-1048.77	-1075.799	27.02869	19.63656	4.318846
4800	-1041.225	-1068.822	27.59657	19.52974	4.287392
4810	-1020.5	-1056.571	36.07044	26.13198	3.910374
4820	-1030.519	-1065.592	35.07326	23.61754	3.974689
4830	-1030.483	-1070.416	39.93328	27.04162	3.751999
4840	-1028.869	-1061.311	32.44192	21.37967	4.083085
4850	-1025.201	-1059.261	34.06062	22.93321	4.01905
4860	-1036.171	-1070.724	34.55297	25.41906	3.979801
4870	-1049.588	-1066.74	17.152	17.45013	4.794852
4880	-1028.804	-1058.646	29.84269	26.72561	4.133627
4890	-1027.046	-1066.523	39.47716	28.74239	3.739866
4900	-1022.718	-1061.181	38.46381	28.39883	3.782139
4910	-1036.184	-1071.022	34.83794	22.29862	3.982192
4920	-1038.481	-1073.165	34.68398	22.41183	3.989854
4930	-1021.265	-1063.911	42.64581	24.61114	3.66088
4940	-1034.374	-1065.836	31.46155	20.73808	4.120354
4950	-1071.371	-1088.897	17.52674	20.26815	4.79835
4960	-1041.71	-1083.048	41.33804	25.97083	3.709947
4970	-1032.659	-1065.152	32.49225	20.24303	4.059319
4980	-1031.07	-1063.203	32.13326	24.06375	4.094901
4990	-1034.647	-1062.523	27.87588	23.24298	4.284905
5000	-1028.112	-1064.815	36.70256	24.25077	3.904327
5010	-1038.787	-1071.17	32.38256	21.63991	4.088553
5020	-1034.358	-1064.126	29.76768	21.49611	4.2088
5030	-1037.104	-1071.693	34.58956	20.63935	3.967037
5040	-1020.878	-1059.778	38.89978	24.35905	3.813621
5050	-1041.185	-1072.806	31.62121	23.33388	4.123149
5060	-1025.118	-1066.443	41.32484	26.27052	3.70821
5070	-1031.59	-1061.317	29.72677	29.40213	4.057953
5080	-1041.665	-1071.747	30.08274	24.14435	4.178925
5090	-1020.485	-1061.657	41.17184	24.75791	3.720823
5100	-1025.526	-1074.635	49.10884	25.85067	3.410117
5110	-1028.041	-1070.122	42.08138	23.49562	3.676711
5120	-1036.766	-1071.099	34.33285	25.50022	3.987256
5130	-1057.501	-1079.975	22.47376	18.62009	4.533263
5140	-1030.225	-1067.162	36.93737	22.33407	3.888452
5150	-1028.764	-1067.808	39.04467	20.6284	3.750783
5160	-1028.547	-1069.976	41.4292	25.85356	3.707177
5170	-1035.669	-1067.184	31.51454	25.0316	4.106361
5180	-1029.528	-1054.162	24.63398	27.55224	4.299899
5190	-1035.794	-1056.795	21.00139	21.68144	4.613843
5200	-1050.396	-1071.756	21.35968	20.67509	4.607845
5210	-1041.388	-1071.14	29.75164	21.61791	4.210054
5220	-1027.159	-1059.721	32.56201	23.97661	4.077951
5230	-1038.953	-1062.873	23.92076	21.92138	4.476678
5240	-1028.223	-1055.269	27.04618	20.91601	4.334321
5250	-1038.004	-1067.509	29.50521	22.97582	4.217333
5260	-1032.32	-1063.313	30.99287	21.78844	4.153551
5270	-1028.913	-1066.789	37.87568	26.37065	3.838159
5280	-1035.095	-1060.246	25.15118	17.80348	4.355636
5290	-1060.648	-1097.672	37.02318	20.60048	3.847889
5300	-1041.301	-1075.208	33.90645	24.23037	4.01981
5310	-1033.682	-1064.2	30.51795	21.61775	4.174605
5320	-1031.343	-1062.207	30.86425	21.85425	4.159712
5330	-1031.778	-1067.14	35.36144	23.91177	3.961493
5340	-1029.067	-1066.5	37.43333	28.06488	3.825357
5350	-1042.572	-1066.428	23.8564	22.45377	4.472321
5360	-1047.409	-1075.491	28.08242	21.28344	4.286722
5370	-1046.179	-1064.289	18.11044	18.38515	4.764082
5380	-1041.224	-1066.78	25.55592	22.51048	4.395921
5390	-1043.789	-1077.531	33.74217	25.17614	4.015339
5400	-1048.764	-1071.861	23.0963	17.29907	4.446097
5410	-1026.716	-1065.745	39.02868	23.50447	3.806682
5420	-1033.727	-1067.449	33.72174	22.54625	4.033279
5430	-1039.118	-1065.923	26.80494	19.21184	4.319989
5440	-1039.215	-1071.396	32.18158	24.89597	4.081859
5450	-1037.536	-1075.38	37.84368	26.71111	3.834471
5460	-1030.213	-1062.209	31.99618	24.89544	4.089315
5470	-1041.048	-1068.997	27.94888	23.76531	4.27397
5480	-1031.728	-1067.142	35.41447	20.95665	3.935199
5490	-1048.611	-1083.02	34.40843	24.56802	3.996021
5500	-1054.964	-1081.199	26.23416	24.84863	4.321933
5510	-1023.597	-1071.106	47.50951	26.3835	3.472837
5520	-1060.88	-1081.337	20.45644	19.92672	4.65427
5530	-1043.759	-1075.505	31.74577	26.75856	4.061636
5540	-1039.314	-1072.351	33.03698	20.08078	4.027734
5550	-1042.725	-1067.824	25.09841	18.17677	4.375716
5560	-1040.364	-1069.798	29.43378	22.78649	4.221947
5570	-1042.343	-1074.395	32.05168	29.30881	3.981665
5580	-1014.078	-1057.344	43.26606	23.85855	3.630406
5590	-1041.4	-1069.849	28.44902	22.35064	4.26842
5600	-1036.393	-1070.24	33.84719	23.44362	4.027376
5610	-1035.579	-1064.213	28.63414	22.52518	4.259076
5620	-1035.373	-1065.498	30.12502	22.76746	4.191722
5630	-1038.753	-1066.847	28.09375	17.9546	4.199067
5640	-1032.94	-1063.517	30.57769	22.35874	4.173168
5650	-1038.462	-1067.152	28.68953	26.836	4.17367
5660	-1033.278	-1063.909	30.6312	22.90439	4.168761
5670	-1030.678	-1069.051	38.37316	23.02771	3.831783
5680	-1039.195	-1072.213	33.01734	22.03653	4.062506
5690	-1039.294	-1072.647	33.35321	24.00062	4.044751
5700	-1029.678	-1068.093	38.41451	20.46528	3.775436
5710	-1047.767	-1073.896	26.12957	19.79879	4.367542
5720	-1052.327	-1070.876	18.54841	23.87328	4.665919
5730	-1036.229	-1075.86	39.63025	25.13532	3.781667
5740	-1039.961	-1082.047	42.08583	25.06205	3.684029
5750	-1052.388	-1083.65	31.26272	21.58995	4.139961
5760	-1038.55	-1061.223	22.67267	19.24022	4.535536
5770	-1042.174	-1071.496	29.32206	24.72996	4.199991
5780	-1039.165	-1077.088	37.92325	27.79867	3.813025
5790	-1053.428	-1083.255	29.82745	17.78436	4.09173
5800	-1028.92	-1064.999	36.07926	22.58448	3.929003
5810	-1043.068	-1072.402	29.33425	28.24555	4.108384
5820	-1043.195	-1069.817	26.62146	23.02807	4.342106
5830	-1038.069	-1069.423	31.35334	22.69866	4.137986
5840	-1044.845	-1071.743	26.89871	22.72896	4.333885
5850	-1051.95	-1083.275	31.32465	20.59655	4.124437
5860	-1031.238	-1057.557	26.31934	21.56981	4.368996
5870	-1029.037	-1067.505	38.46814	27.14154	3.804612
5880	-1060.286	-1088.849	28.56276	19.93749	4.24769
5890	-1018.01	-1063.111	45.10124	25.49855	3.564967
5900	-1010.815	-1052.914	42.09838	23.95176	3.680041
5910	-1019.075	-1056.463	37.38797	22.97815	3.874258
5920	-1023.743	-1057.084	33.34077	22.3257	4.049453
5930	-1042.336	-1080.681	38.34532	25.37419	3.830981
5940	-1054.623	-1082.158	27.53551	24.88633	4.2687
5950	-1050.255	-1088.764	38.50908	20.63522	3.776987
5960	-1040.495	-1069.523	29.02887	22.48866	4.241766
5970	-1032.359	-1071.291	38.93161	25.37652	3.807858
5980	-1043.907	-1085.414	41.5075	28.17261	3.678541
5990	-1038.1	-1073.347	35.24697	25.46802	3.951844
6000	-1041.271	-1071.861	30.59023	22.48749	4.17234
6010	-1018.288	-1056.122	37.83381	24.18453	3.857822
6020	-1027.743	-1073.377	45.63391	31.27304	3.48591
6030	-1036.873	-1073.089	36.21663	23.78822	3.926033
6040	-1071.88	-1088.469	16.58901	16.53736	4.789458
6050	-1031.144	-1071.119	39.97471	26.08442	3.761416
6060	-1039.802	-1079.155	39.35313	24.73402	3.794354
6070	-1031.17	-1071.936	40.76689	23.92604	3.735507
6080	-1033.648	-1068.639	34.99108	25.92806	3.955022
6090	-1031.439	-1071.528	40.08926	25.89773	3.758646
6100	-1024.222	-1065.368	41.14667	27.84759	3.696347
6110	-1022.392	-1063.778	41.38649	25.01209	3.712008
6120	-1046.654	-1079.5	32.8455	21.35729	4.06392
6130	-1038.845	-1077.676	38.83132	25.00486	3.814205
6140	-1014.777	-1067.482	52.70488	25.71245	3.269443
6150	-1038.659	-1070.09	31.43103	25.78338	4.095361
6160	-1030.257	-1072.132	41.87534	23.75597	3.687894
6170	-1049.182	-1072.278	23.09573	20.84242	4.523467
6180	-1044.899	-1075.599	30.69968	18.55904	4.088438
6190	-1043.613	-1074.83	31.21645	20.41991	4.126229
6200	-1026.711	-1076.45	49.7389	28.50561	3.384454
6210	-1017.168	-1062.936	45.7679	28.19704	3.527068
6220	-1030.469	-1067.917	37.44776	23.12704	3.872533
6230	-1039.644	-1068.759	29.11575	20.95502	4.235743
6240	-1028.175	-1064.557	36.38238	26.305	3.895814
6250	-1020.009	-1068.893	48.88354	24.48486	3.405654
6260	-1047.183	-1069.232	22.04859	24.04064	4.514637
6270	-1041.285	-1077.718	36.43279	25.41835	3.905856
6280	-1035.185	-1074.637	39.45221	26.03464	3.781943
6290	-1033.992	-1075.323	41.3305	25.16356	3.713959
6300	-1045.718	-1068.246	22.52846	20.74903	4.551072
6310	-1037.15	-1072.358	35.20885	23.41512	3.969329
6320	-1033.368	-1073.614	40.2466	22.75126	3.746934
6330	-1048.682	-1077.209	28.52707	19.32209	4.233797
6340	-1033.096	-1079.063	45.96682	24.39768	3.523906
6350	-1037.595	-1072.508	34.91391	21.2717	3.965528
6360	-1028.919	-1073.672	44.75334	30.37035	3.530912
6370	-1042.547	-1077.598	35.05087	23.31914	3.976179
6380	-1052.112	-1079.661	27.54952	21.83743	4.311442
6390	-1045.13	-1072.506	27.37664	26.6811	4.227223
6400	-1028.485	-1056.969	28.48335	21.29661	4.267938
6410	-1030.18	-1068.091	37.91109	23.99946	3.854845
6420	-1031.917	-1058.671	26.75438	25.72926	4.278239
6430	-1062.993	-1076.38	13.38682	20.47302	4.998197
6440	-1054.015	-1082.738	28.72331	20.72255	4.252223
6450	-1041.731	-1062.936	21.20477	20.22135	4.616941
6460	-1033.188	-1060.477	27.28925	23.11301	4.311973
6470	-1024.579	-1053.863	29.28418	21.16136	4.229447
6480	-1030.597	-1065.394	34.79684	22.75167	3.986473
6490	-1028.059	-1060.858	32.79885	25.71733	4.043532
6500	-1058.85	-1077.547	18.69644	16.87723	4.681035
6510	-1036.217	-1068.668	32.45063	21.51695	4.084208
6520	-1042.165	-1071.077	28.91192	18.563	4.184946
6530	-1039.669	-1068.411	28.7429	22.9556	4.250711
6540	-1045.584	-1061.156	15.57222	20.00738	4.898406
6550	-1050.391	-1082.011	31.62025	23.06569	4.124843
6560	-1037.977	-1073.094	35.11752	22.49257	3.971047
6570	-1023.819	-1063.144	39.32572	24.30935	3.796156
6580	-1023.969	-1070.046	46.07782	24.08796	3.515732
6590	-1025.458	-1071.001	45.54384	25.06967	3.546088
6600	-1047.434	-1078.292	30.85781	22.80093	4.159386
6610	-1017.966	-1062.72	44.75432	24.43462	3.573904
6620	-1022.586	-1064.503	41.91695	22.92806	3.676397
6630	-1036.801	-1068.169	31.36765	27.43246	4.058678
6640	-1031.445	-1067.863	36.41775	22.60881	3.914208
6650	-1045.92	-1065.952	20.03135	22.46092	4.642507
6660	-1026.797	-1055.153	28.35632	21.58554	4.274575
6670	-1043.564	-1065.358	21.79398	18.97942	4.577155
6680	-1049.552	-1076.61	27.05804	20.08933	4.325607
6690	-1058.606	-1078.523	19.91707	22.09452	4.655776
6700	-1016.571	-1051.928	35.35715	23.24295	3.963033
6710	-1021.949	-1059.176	37.22649	24.52529	3.881543
6720	-1031	-1069.26	38.26009	22.97933	3.836313
6730	-1041.14	-1073.825	32.68456	23.45881	4.076877
6740	-1039.524	-1077.95	38.42643	22.40794	3.822815
6750	-1058.428	-1079.261	20.83226	23.69972	4.575323
6760	-1030.897	-1071.179	40.28165	25.13045	3.75577
6770	-1035.827	-1069.843	34.01635	18.69997	3.917997
6780	-1030.472	-1066.404	35.93162	26.89175	3.902783
6790	-1032.21	-1067.389	35.17888	22.81994	3.969942
6800	-1028.24	-1065.065	36.82566	24.13791	3.899671
6810	-1030.398	-1064.964	34.56566	20.67316	3.969058
6820	-1037.781	-1077.527	39.74587	23.32228	3.774867
6830	-1033.46	-1065.89	32.42962	26.04458	4.051482
6840	-1029.032	-1064.772	35.73985	21.53027	3.931574
6850	-1021.077	-1063.169	42.09271	24.69051	3.683519
6860	-1047.741	-1069.402	21.66061	24.94519	4.502854
6870	-1033.51	-1061.79	28.27943	22.3457	4.276038
6880	-1043.378	-1067.885	24.50734	19.91357	4.450836
6890	-1062.495	-1085.144	22.64951	18.64681	4.524514
6900	-1035.693	-1066.217	30.52343	22.68783	4.174596
6910	-1044.446	-1068.564	24.11806	19.77457	4.468853
6920	-1045.607	-1069.231	23.62453	20.87287	4.498026
6930	-1030.15	-1061.905	31.75496	20.59543	4.103523
6940	-1031.975	-1073.519	41.54397	24.21915	3.704559
6950	-1031.279	-1060.45	29.17077	21.66637	4.237025
6960	-1047.178	-1064.508	17.33029	16.58306	4.747149
6970	-1045.344	-1070.769	25.42495	23.70155	4.381499
6980	-1031.911	-1066.857	34.94557	23.61334	3.980108
6990	-1027.605	-1065.872	38.26679	27.09337	3.812804
7000	-1030.227	-1068.243	38.01578	21.91883	3.833652
7010	-1036.813	-1065.931	29.11749	25.22652	4.197933
7020	-1015.583	-1061.094	45.51063	22.71148	3.514595
7030	-1029.735	-1064.418	34.68301	20.5616	3.960444
7040	-1014.027	-1058.191	44.16358	24.4312	3.598056
7050	-1027.236	-1061.548	34.31223	27.91623	3.94014
7060	-1035.62	-1068.745	33.12449	24.4298	4.049916
7070	-1037.722	-1071.008	33.2856	24.48528	4.042694
7080	-1021.385	-1067.972	46.58773	24.45631	3.49911
7090	-1024.875	-1063.608	38.73369	26.92978	3.798029
7100	-1023.016	-1065.111	42.09434	30.33994	3.619088
7110	-1027.291	-1064.874	37.58282	22.64247	3.86301
7120	-1016.673	-1058.009	41.33672	22.1994	3.688653
7130	-1044.036	-1073.623	29.58734	18.75211	4.157137
7140	-1049.527	-1074.205	24.67784	21.88074	4.442538
7150	-1055.782	-1081.271	25.48876	21.01616	4.408867
7160	-1049.696	-1067.968	18.27219	17.52828	4.733403
7170	-1052.159	-1074.444	22.28499	18.72663	4.545967
7180	-1051.973	-1073.077	21.10375	16.91396	4.540576
7190	-1026.398	-1053.903	27.50486	23.32385	4.299707
7200	-1028.789	-1064.327	35.53832	28.87438	3.873661
7210	-1024.006	-1064.175	40.16947	22.73508	3.750101
7220	-1033.871	-1060.841	26.97002	19.68954	4.322941
7230	-1055.785	-1078.431	22.64613	20.39726	4.545925
7240	-1052.794	-1078.081	25.28688	24.24941	4.375094
7250	-1043.169	-1070.172	27.00315	21.58802	4.337259
7260	-1033.096	-1067.943	34.84772	28.74446	3.90088
7270	-1017.192	-1056.684	39.49135	21.96275	3.767241
7280	-1042.56	-1066.68	24.11976	23.91965	4.431435
7290	-1042.811	-1074.514	31.70296	25.76915	4.085102
7300	-1049.375	-1076.269	26.89403	17.37505	4.231673
7310	-1041.865	-1078.9	37.03514	27.99401	3.84101
7320	-1027.02	-1067.022	40.00235	24.44396	3.768382
7330	-1027.177	-1073.396	46.21838	24.92172	3.518223
7340	-1040.478	-1068.239	27.76104	25.1391	4.25379
7350	-1047.427	-1073.344	25.91707	18.12219	4.328226
7360	-1032.398	-1074.883	42.48445	20.27167	3.567152
7370	-1041.808	-1072.594	30.78637	22.66876	4.163079
7380	-1054	-1074.033	20.03326	18.74746	4.666555
7390	-1041.295	-1068.786	27.49003	20.75583	4.312002
7400	-1045.549	-1072.95	27.40093	19.29807	4.291418
7410	-1038.406	-1068.042	29.63566	25.19476	4.17806
7420	-1028.853	-1065.987	37.13427	22.60834	3.882511
7430	-1058.743	-1077.027	18.28389	20.48951	4.758822
7440	-1026.07	-1065.714	39.64422	25.159	3.780995
7450	-1037.407	-1062.252	24.84473	21.48318	4.43789
7460	-1041.372	-1075.161	33.78928	31.15742	3.86821
7470	-1052.435	-1081.34	28.90449	21.31279	4.248243
7480	-1027.866	-1062.761	34.89463	22.9302	3.982678
7490	-1020.205	-1070.73	50.52477	23.52052	3.317995
7500	-1024.335	-1067.252	42.91691	21.67849	3.602955
7510	-1056.531	-1084.62	28.08886	21.73629	4.286904
7520	-1043.245	-1069.616	26.37081	20.32746	4.36263
7530	-1051.122	-1068.784	17.66229	24.16541	4.692585
7540	-1025.184	-1062.369	37.18464	24.0815	3.884943
7550	-1028.577	-1074.712	46.13462	29.60197	3.497122
7560	-1032.578	-1065.265	32.68754	25.74451	4.047355
7570	-1025.554	-1069.937	44.38296	28.06484	3.57773
7580	-1035.962	-1065.965	30.0031	25.76849	4.151082
7590	-1044.594	-1078.701	34.10774	21.17165	4.00169
7600	-1031.227	-1073.414	42.18725	24.84544	3.679919
7610	-1024.675	-1068.342	43.66731	25.92272	3.620411
7620	-1021.37	-1062.998	41.62773	28.69887	3.665783
7630	-1042.843	-1076.496	33.65305	23.77779	4.033868
7640	-1027.656	-1063.955	36.29938	21.46655	3.904379
7650	-1018.393	-1057.761	39.3682	24.8858	3.793233
7660	-1039.384	-1065.427	26.04328	18.65536	4.342813
7670	-1022.75	-1059.441	36.69112	27.60065	3.861333
7680	-1018.79	-1063.003	44.21323	25.57143	3.59979
7690	-1036.21	-1074.342	38.13248	21.90413	3.82806
7700	-1030.118	-1066.118	36.00034	25.21702	3.925196
7710	-1042.42	-1077.846	35.42569	20.84346	3.931913
7720	-1047.067	-1077.852	30.7846	20.15984	4.141786
7730	-1043.456	-1074.042	30.58526	21.68447	4.171826
7740	-1034.563	-1067.365	32.80145	22.90873	4.074001
7750	-1030.714	-1068.978	38.26356	27.07762	3.813174
7760	-1043.479	-1079.513	36.03435	23.34857	3.934033
7770	-1025.44	-1068.716	43.27588	24.20149	3.632923
7780	-1039.159	-1069.415	30.25633	24.7273	4.162258
7790	-1030.654	-1064.256	33.60237	25.663	4.013212
7800	-1031.101	-1063.583	32.48209	23.79762	4.082943
7810	-1038.675	-1065.759	27.0839	21.08752	4.333218
7820	-1060.278	-1089.048	28.76939	23.41569	4.244335
7830	-1030.78	-1071.845	41.06453	27.11455	3.709283
7840	-1030.749	-1068.357	37.60774	28.4935	3.810282
7850	-1019.38	-1059.647	40.2666	20.30207	3.677913
7860	-1038.7	-1071.366	32.66548	22.44807	4.07999
7870	-1040.572	-1071.112	30.54045	24.74565	4.15045
7880	-1023.041	-1062.64	39.59949	26.60726	3.770026
7890	-1049.972	-1078.59	28.61834	21.14016	4.260786
7900	-1042.623	-1070.056	27.43308	22.9979	4.307244
7910	-1037.044	-1070.173	33.12818	20.57561	4.036389
7920	-1022.18	-1066.779	44.59901	26.32119	3.583394
7930	-1022.091	-1062.125	40.03398	24.27515	3.766984
7940	-1028.665	-1069.907	41.24271	25.35362	3.716869
7950	-1046.894	-1068.454	21.55957	22.65235	4.570461
7960	-1042.075	-1078.356	36.28151	22.35345	3.918011
7970	-1030.321	-1066.184	35.8631	23.10446	3.940999
7980	-1037.334	-1068.589	31.25497	23.61163	4.136418
7990	-1044.631	-1072.327	27.69547	19.93303	4.291106
8000	-1018.28	-1054.597	36.31677	29.64876	3.827593
8010	-1046.201	-1074.607	28.40549	27.00751	4.179293
8020	-1061.734	-1084.666	22.93212	18.52651	4.50605
8030	-1048.935	-1081.874	32.93907	22.52482	4.067959
8040	-1033.919	-1069.43	35.51173	20.95384	3.93049
8050	-1035.029	-1076.985	41.95555	25.80083	3.687086
8060	-1029.531	-1064.358	34.8276	29.54288	3.880688
8070	-1026.668	-1069.123	42.45499	25.88746	3.667345
8080	-1041.796	-1066.643	24.84679	26.1052	4.34072
8090	-1051.591	-1074.04	22.44897	23.19856	4.519428
8100	-1044.574	-1073.423	28.84897	22.21133	4.251135
8110	-1026.919	-1069.662	42.74287	26.84397	3.649925
8120	-1028.458	-1075.37	46.91179	26.12044	3.495497
8130	-1017.279	-1059.449	42.17058	23.36972	3.671478
8140	-1027.84	-1060.845	33.00459	21.79158	4.061249
8150	-1041.362	-1078.352	36.99037	21.73125	3.877292
8160	-1025.193	-1059.713	34.52001	23.34475	3.998898
8170	-1044.35	-1074.126	29.77633	23.42255	4.201256
8180	-1052.173	-1075.638	23.46454	19.64404	4.500442
8190	-1040.562	-1073.005	32.44313	22.3395	4.089693
8200	-1029.375	-1071.939	42.5645	26.73891	3.657497
8210	-1023.8	-1060.768	36.9676	25.78745	3.880577
8220	-1040.093	-1069.565	29.47131	23.16106	4.217097
8230	-1034.829	-1077.141	42.31251	22.35006	3.648135
8240	-1036.963	-1070.472	33.50937	21.13463	4.02933
8250	-1032.208	-1066.046	33.83726	25.49218	4.006817
8260	-1026.382	-1060.9	34.5174	20.29586	3.960907
8270	-1055.02	-1078.098	23.07783	23.30618	4.489916
8280	-1018.728	-1065.571	46.84221	25.15243	3.494853
8290	-1038.631	-1064.458	25.82733	20.98456	4.392717
8300	-1039.508	-1069.735	30.22712	21.7853	4.188687
8310	-1027.31	-1058.897	31.58652	20.54562	4.110722
8320	-1040.03	-1061.405	21.37509	24.03549	4.542804
8330	-1035.994	-1065.512	29.51826	20.32403	4.207731
8340	-1029.899	-1068.617	38.71815	22.84771	3.81513
8350	-1035.652	-1073.027	37.37511	23.81289	3.877332
8360	-1048.224	-1076.567	28.34313	23.21044	4.265207
8370	-1062.172	-1082.316	20.14427	22.9032	4.626649
8380	-1040.7	-1072.811	32.11158	20.40893	4.08214
8390	-1024.264	-1064.101	39.83743	24.81035	3.774592
8400	-1044.167	-1079.83	35.66384	21.97036	3.941609
8410	-1015.668	-1058.76	43.09124	26.06175	3.642043
8420	-1029.738	-1064.612	34.87434	21.60165	3.972851
8430	-1029.69	-1060.278	30.58873	25.37272	4.136699
8440	-1047.871	-1064.9	17.02918	15.04702	4.645572
8450	-1060.703	-1075.136	14.43265	22.7264	4.882443
8460	-1046.177	-1061.438	15.26088	16.64781	4.874919
8470	-1037.481	-1065.086	27.6046	22.74902	4.30262
8480	-1039.338	-1075.656	36.31834	25.45197	3.909966
8490	-1042.733	-1070.405	27.6718	19.69833	4.287493
8500	-1049.717	-1074.676	24.95909	22.50371	4.422528
8510	-1034.908	-1063.497	28.58867	19.01063	4.22028
8520	-1031.519	-1064.058	32.53903	22.63354	4.085768
8530	-1023.789	-1059.753	35.96401	25.14406	3.927434
8540	-1028.291	-1067.2	38.90908	25.66556	3.806404
8550	-1009.63	-1056.512	46.88131	24.9327	3.491711
8560	-1033.904	-1069.917	36.01279	18.67916	3.809922
8570	-1021.149	-1055.426	34.27723	24.28354	4.004057
8580	-1044.799	-1078.967	34.1677	22.26773	4.012054
8590	-1022.112	-1061.019	38.9064	24.32351	3.813391
8600	-1024.295	-1065.512	41.21703	25.21774	3.718323
8610	-1034.313	-1068.068	33.75523	18.55339	3.923462
8620	-1045.426	-1080.325	34.89892	18.73092	3.872638
8630	-1036.043	-1080.42	44.37685	22.84549	3.567414
8640	-1045.272	-1080.79	35.51791	24.06757	3.954228
8650	-1029.683	-1066.899	37.21643	22.92447	3.881385
8660	-1020.077	-1060.303	40.22621	25.6255	3.755356
8670	-1028.419	-1068.387	39.9676	25.67117	3.765121
8680	-1032.737	-1072.015	39.27707	23.61921	3.796701
8690	-1033.004	-1067.868	34.86368	30.60011	3.849979
8700	-1042.315	-1080.493	38.1777	24.51937	3.842779
8710	-1041.052	-1067.838	26.78603	20.59717	4.3448
8720	-1023.505	-1068.407	44.90237	23.947	3.562916
8730	-1034.429	-1064.241	29.81192	24.43754	4.18538
8740	-1032.806	-1068.571	35.76521	21.08237	3.921422
8750	-1031.518	-1062.568	31.0495	21.40276	4.148414
8760	-1046.387	-1076.809	30.42172	22.82307	4.17839
8770	-1044.959	-1078.761	33.80203	22.89859	4.030323
8780	-1020.145	-1059.71	39.56449	22.65045	3.775598
8790	-1045	-1070.206	25.20659	18.49003	4.381984
8800	-1017.36	-1061.447	44.08638	23.95409	3.597066
8810	-1039.012	-1069.374	30.36265	20.54881	4.170345
8820	-1043.297	-1076.274	32.97716	23.50217	4.064159
8830	-1031.8	-1064.939	33.13891	19.85764	4.015523
8840	-1039.295	-1062.995	23.70016	23.90214	4.449411
8850	-1039.251	-1067.069	27.81815	22.7401	4.293322
8860	-1032.349	-1066.682	34.33348	24.42265	4.000495
8870	-1046.253	-1079.794	33.54133	19.69767	3.989498
8880	-1041.083	-1068.804	27.72085	21.42656	4.303967
8890	-1034.52	-1068.796	34.27547	21.57857	4.000262
8900	-1024.185	-1058.221	34.03561	21.92592	4.015306
8910	-1029.304	-1071.954	42.65024	24.39058	3.65981
8920	-1020.436	-1057.467	37.03064	22.23825	3.88312
8930	-1038.025	-1065.873	27.84821	29.36593	4.123103
8940	-1035.727	-1072.649	36.92129	29.17667	3.818679
8950	-1016.937	-1056.809	39.87212	22.28485	3.756186
8960	-1052.599	-1086.489	33.89001	20.56881	3.999192
8970	-1077.999	-1090.332	12.3332	22.06071	5.000257
8980	-1040.652	-1077.528	36.87599	24.22712	3.897268
8990	-1038.648	-1069.543	30.89493	20.81679	4.14889
9000	-1019.468	-1055.978	36.51038	23.21583	3.913344
9010	-1051.517	-1084.085	32.56803	20.47982	4.061453
9020	-1024.748	-1062.823	38.07419	27.16019	3.81882
9030	-1040.073	-1066.265	26.19195	23.63954	4.350321
9040	-1035.562	-1064.294	28.73248	20.20611	4.244408
9050	-1034.397	-1073.927	39.53033	21.31053	3.749613
9060	-1041.705	-1073.865	32.1603	20.30845	4.077354
9070	-1045.918	-1078.006	32.08839	26.57072	4.053152
9080	-1037.563	-1070.867	33.30303	24.43584	4.042541
9090	-1031.224	-1071.8	40.57649	23.54435	3.74114
9100	-1039.958	-1069.869	29.91128	24.66058	4.177425
9110	-1055.131	-1070.861	15.73004	24.75252	4.74867
9120	-1027.226	-1066.328	39.10198	21.88884	3.783487
9130	-1040.815	-1075.224	34.40864	25.52437	3.983922
9140	-1028.456	-1061.618	33.16197	24.93081	4.041992
9150	-1030.997	-1072.924	41.92705	25.53296	3.689334
9160	-1043.392	-1083.585	40.19346	24.10509	3.760065
9170	-1034.152	-1078.31	44.1581	21.81742	3.550251
9180	-1026.942	-1056.119	29.17737	24.92548	4.201928
9190	-1042.305	-1077.695	35.39034	25.06406	3.951163
9200	-1047.665	-1074.628	26.96292	23.23354	4.324327
9210	-1027.932	-1064.971	37.03897	26.90699	3.861347
9220	-1019.385	-1060.755	41.36958	27.39667	3.694541
9230	-1035.294	-1071.104	35.8102	28.12902	3.881753
9240	-1022.256	-1066.327	44.07051	27.73927	3.592529
9250	-1041.798	-1082.685	40.88724	28.9137	3.68769
9260	-1039.632	-1072.316	32.68368	19.56524	4.028246
9270	-1028.972	-1062.596	33.62411	23.7157	4.035479
9280	-1033.168	-1067.017	33.84881	21.92075	4.023779
9290	-1031.497	-1071.437	39.94017	24.23829	3.770805
9300	-1024.493	-1061.284	36.79034	25.1739	3.894286
9310	-1033.167	-1071.569	38.40165	25.08439	3.830887
9320	-1034.89	-1079.382	44.49197	27.14122	3.582674
9330	-1047.345	-1069.484	22.13921	23.79947	4.517511
9340	-1033.792	-1066.845	33.0527	20.52204	4.038803
9350	-1033.582	-1073.468	39.88649	24.24772	3.773031
9360	-1056.246	-1079.829	23.58327	21.58961	4.495659
9370	-1041.63	-1080.572	38.94137	23.6302	3.810959
9380	-1030.145	-1063.05	32.90463	24.54922	4.057466
9390	-1028.042	-1065.74	37.69838	27.93722	3.818434
9400	-1043.272	-1062.479	19.20751	20.10162	4.716334
9410	-1032.431	-1068.447	36.01534	20.5708	3.895925
9420	-1034.855	-1070.452	35.59684	20.7037	3.920018
9430	-1042.561	-1070.329	27.76882	22.76204	4.295268
9440	-1034.621	-1073.579	38.95819	26.88431	3.790343
9450	-1033.476	-1075.743	42.2674	20.46874	3.587333
9460	-1032.183	-1070.32	38.13708	21.41933	3.817659
9470	-1027.756	-1068.593	40.83785	23.39233	3.728719
9480	-1046.818	-1083.386	36.56782	21.49206	3.892378
9490	-1035.439	-1077.738	42.29907	24.63049	3.675019
9500	-1037.947	-1067.4	29.4526	20.61752	4.215625
9510	-1042.527	-1072.982	30.45582	20.78935	4.169597
9520	-1048.615	-1072.403	23.788	20.24448	4.489314
9530	-1033.954	-1063.396	29.44193	19.72891	4.198442
9540	-1042.361	-1070.843	28.48204	20.84982	4.265103
9550	-1041.277	-1073.036	31.75952	24.34985	4.106869
9560	-1034.574	-1063.497	28.92255	20.37135	4.237809
9570	-1055.124	-1087.345	32.2212	21.34248	4.092977
9580	-1033.414	-1070.51	37.09595	22.70838	3.885073
9590	-1018.075	-1064.898	46.82289	25.38229	3.496919
9600	-1035.978	-1075.288	39.31025	27.08642	3.774392
9610	-1035.259	-1063.46	28.20105	21.73068	4.281748
9620	-1027.809	-1059.182	31.37359	22.36622	4.137571
9630	-1035.285	-1068.682	33.39696	23.0737	4.047799
9640	-1023.378	-1059.523	36.14476	21.95669	3.919535
9650	-1036.678	-1068.033	31.35474	21.35019	4.133652
9660	-1031.218	-1060.799	29.5814	21.56935	4.217762
9670	-1011.389	-1051.065	39.67571	21.47587	3.747344
9680	-1032.787	-1070.175	37.38799	29.56553	3.793476
9690	-1017.48	-1053.283	35.80388	23.93875	3.94289
9700	-1024.109	-1079.438	55.32925	32.97994	3.157469
9710	-1018.572	-1061.984	43.41223	26.49591	3.627458
9720	-1033.948	-1060.383	26.43415	20.55577	4.361577
9730	-1048.271	-1072.963	24.69159	18.94379	4.42356
9740	-1054.243	-1075.545	21.30245	16.49014	4.501092
9750	-1046.335	-1062.743	16.40768	21.88043	4.820512
9760	-1049.381	-1069.652	20.27094	18.93128	4.65674
9770	-1043.747	-1066.145	22.39764	19.6484	4.554794
9780	-1034.48	-1066.385	31.90567	21.05454	4.104095
9790	-1044.737	-1077.653	32.9165	21.26017	4.059264
9800	-1017.985	-1072.284	54.29892	24.86966	3.192935
9810	-1045.137	-1073.566	28.42886	20.89315	4.268027
9820	-1029.599	-1071.996	42.39672	23.91081	3.667267
9830	-1047.584	-1077.165	29.58097	22.59547	4.216676
9840	-1030.904	-1069.219	38.31519	22.88614	3.833118
9850	-1049.059	-1076.321	27.26143	21.31895	4.325343
9860	-1046.594	-1089.542	42.94779	28.76697	3.618736
9870	-1027.414	-1070.879	43.46523	25.86542	3.628389
9880	-1051.929	-1078.803	26.87412	21.54639	4.343324
9890	-1044.061	-1068.585	24.5241	23.0722	4.432371
9900	-1041.496	-1071.457	29.96044	21.3032	4.198628
9910	-1031.071	-1070.525	39.4539	23.15053	3.785998
9920	-1039.333	-1071.921	32.58789	25.73636	4.051379
9930	-1042.47	-1070.811	28.34048	20.89414	4.272265
9940	-1043.283	-1067.588	24.3045	23.38837	4.435586
9950	-1036.462	-1067.055	30.59302	21.31127	4.169004
9960	-1025.988	-1067.294	41.30656	25.03348	3.715171
9970	-1045.221	-1079.946	34.72488	24.74955	3.981311
9980	-1030.816	-1071.272	40.45668	23.60766	3.74668
9990	-1021.426	-1062.894	41.46835	26.27117	3.702742
10000	-1053.038	-1081.899	28.86132	21.87249	4.25135
